Log file open, 10/21/18 15:43:12
LogInit:Display: Running engine for game: Bio
LogPlatformFile: Not using cached read wrapper
LogInit:Display: RandInit(414584220) SRandInit(414584220).
LogTaskGraph: Started task graph with 5 named threads and 8 total threads with 1 sets of task threads.
LogStats: Stats thread started at 0.163095
LogInit: Using libcurl 7.47.1
LogInit:  - built for x86_64-pc-win32
LogInit:  - supports SSL with OpenSSL/1.0.2g
LogInit:  - supports HTTP deflate (compression) using libz 1.2.8
LogInit:  - other features:
LogInit:      CURL_VERSION_SSL
LogInit:      CURL_VERSION_LIBZ
LogInit:      CURL_VERSION_IPV6
LogInit:      CURL_VERSION_ASYNCHDNS
LogInit:      CURL_VERSION_LARGEFILE
LogInit:      CURL_VERSION_IDN
LogInit:  CurlRequestOptions (configurable via config and command line):
LogInit:  - bVerifyPeer = false  - Libcurl will NOT verify peer certificate
LogInit:  - bUseHttpProxy = false  - Libcurl will NOT use HTTP proxy
LogInit:  - bDontReuseConnections = false  - Libcurl will reuse connections
LogInit:  - CertBundlePath = nullptr  - Libcurl will use whatever was configured at build time.
LogInit: Build: ++UE4+Release-4.16-CL-3561208
LogInit: Engine Version: 4.16.3-3561208+++UE4+Release-4.16
LogInit: Compatible Engine Version: 4.16.0-3452394+++UE4+Release-4.16
LogInit: Net CL: 3452394
LogDevObjectVersion: Number of dev versions registered: 16
LogDevObjectVersion:   Dev-Blueprints (B0D832E4-1F89-4F0D-ACCF-7EB736FD4AA2): 9
LogDevObjectVersion:   Dev-Build (E1C64328-A22C-4D53-A36C-8E866417BD8C): 0
LogDevObjectVersion:   Dev-Core (375EC13C-06E4-48FB-B500-84F0262A717E): 2
LogDevObjectVersion:   Dev-Editor (E4B068ED-F494-42E9-A231-DA0B2E46BB41): 17
LogDevObjectVersion:   Dev-Framework (CFFC743F-43B0-4480-9391-14DF171D2073): 23
LogDevObjectVersion:   Dev-Mobile (B02B49B5-BB20-44E9-A304-32B752E40360): 0
LogDevObjectVersion:   Dev-Networking (A4E4105C-59A1-49B5-A7C5-40C4547EDFEE): 0
LogDevObjectVersion:   Dev-Online (39C831C9-5AE6-47DC-9A44-9C173E1C8E7C): 0
LogDevObjectVersion:   Dev-Physics (78F01B33-EBEA-4F98-B9B4-84EACCB95AA2): 0
LogDevObjectVersion:   Dev-Platform (6631380F-2D4D-43E0-8009-CF276956A95A): 0
LogDevObjectVersion:   Dev-Rendering (12F88B9F-8875-4AFC-A67C-D90C383ABD29): 15
LogDevObjectVersion:   Dev-Sequencer (7B5AE74C-D270-4C10-A958-57980B212A5A): 4
LogDevObjectVersion:   Dev-VR (D7296918-1DD6-4BDD-9DE2-64A83CC13884): 0
LogDevObjectVersion:   Dev-LoadTimes (C2A15278-BFE7-4AFE-6C17-90FF531DF755): 1
LogDevObjectVersion:   Private-Geometry (6EACA3D4-40EC-4CC1-B786-8BED09428FC5): 1
LogDevObjectVersion:   Dev-AnimPhys (29E575DD-E0A3-4627-9D10-D276232CDCEA): 3
LogInit: Compiled (64-bit): Jul 28 2017 11:49:47
LogInit: Compiled with Visual C++: 19.00.24215.01
LogInit: Build Configuration: Development
LogInit: Branch Name: ++UE4+Release-4.16
LogInit: Command line:  
LogInit: Base directory: C:/Program Files/Epic Games/UE_4.16/Engine/Binaries/Win64/
LogInit: Installed Engine Build: 1
LogInit: Presizing for max 8388607 objects, including 0 objects not considered by GC, pre-allocating 0 bytes for permanent pool.
LogInit: Object subsystem initialized
[2018.10.21-13.43.15:074][  0]LogInit: Selected Device Profile: [Windows]
[2018.10.21-13.43.15:074][  0]LogInit: Applying CVar settings loaded from the selected device profile: [Windows]
[2018.10.21-13.43.15:139][  0]LogInit: Computer: DESKTOP-KR2EHTK
[2018.10.21-13.43.15:139][  0]LogInit: User: Ferran
[2018.10.21-13.43.15:139][  0]LogInit: CPU Page size=4096, Cores=4
[2018.10.21-13.43.15:139][  0]LogInit: High frequency timer resolution =3.349781 MHz
[2018.10.21-13.43.15:139][  0]LogMemory: Memory total: Physical=8.0GB (8GB approx)
[2018.10.21-13.43.15:139][  0]LogMemory: Platform Memory Stats for Windows
[2018.10.21-13.43.15:139][  0]LogMemory: Process Physical Memory: 272.25 MB used, 272.25 MB peak
[2018.10.21-13.43.15:139][  0]LogMemory: Process Virtual Memory: 266.74 MB used, 266.74 MB peak
[2018.10.21-13.43.15:139][  0]LogMemory: Physical Memory: 5332.92 MB used,  2821.32 MB free, 8154.25 MB total
[2018.10.21-13.43.15:139][  0]LogMemory: Virtual Memory: 4774.37 MB used,  2821.32 MB free, 134217728.00 MB total
[2018.10.21-13.43.15:810][  0]LogInit: Overriding language with editor language configuration option (en).
[2018.10.21-13.43.15:810][  0]LogInit: Overriding locale with editor locale configuration option (en).
[2018.10.21-13.43.19:949][  0]LogD3D11RHI: D3D11 adapters:
[2018.10.21-13.43.19:978][  0]LogD3D11RHI:    0. 'AMD Radeon HD 7900 Series' (Feature Level 11_0)
[2018.10.21-13.43.19:978][  0]LogD3D11RHI:       3052/0/4077 MB DedicatedVideo/DedicatedSystem/SharedSystem, Outputs:2, VendorId:0x1002
[2018.10.21-13.43.19:981][  0]LogD3D11RHI:    1. 'Microsoft Basic Render Driver' (Feature Level 11_0)
[2018.10.21-13.43.19:981][  0]LogD3D11RHI:       0/0/4077 MB DedicatedVideo/DedicatedSystem/SharedSystem, Outputs:0, VendorId:0x1414
[2018.10.21-13.43.19:981][  0]LogD3D11RHI: Chosen D3D11 Adapter: 0
[2018.10.21-13.43.19:989][  0]LogD3D11RHI: Creating new Direct3DDevice
[2018.10.21-13.43.19:989][  0]LogD3D11RHI:     GPU DeviceId: 0x679a (for the marketing name, search the web for "GPU Device Id")
[2018.10.21-13.43.19:989][  0]LogWindows: EnumDisplayDevices:
[2018.10.21-13.43.19:990][  0]LogWindows:    0. 'AMD Radeon HD 7900 Series' (P:0 D:1)
[2018.10.21-13.43.19:990][  0]LogWindows:    1. 'AMD Radeon HD 7900 Series' (P:1 D:1)
[2018.10.21-13.43.19:991][  0]LogWindows:    2. 'AMD Radeon HD 7900 Series' (P:0 D:0)
[2018.10.21-13.43.19:992][  0]LogWindows:    3. 'AMD Radeon HD 7900 Series' (P:0 D:0)
[2018.10.21-13.43.19:993][  0]LogWindows:    4. 'AMD Radeon HD 7900 Series' (P:0 D:0)
[2018.10.21-13.43.19:994][  0]LogWindows:    5. 'AMD Radeon HD 7900 Series' (P:0 D:0)
[2018.10.21-13.43.19:994][  0]LogWindows: DebugString: GetVideoDriverDetailsInvalid PrimaryIsNotTheChoosenAdapter GetVideoDriverDetailsInvalid PrimaryIsNotTheChoosenAdapter GetVideoDriverDetailsInvalid PrimaryIsNotTheChoosenAdapter GetVideoDriverDetailsInvalid PrimaryIsNotTheChoosenAdapter GetVideoDriverDetailsInvalid PrimaryIsNotTheChoosenAdapter GetVideoDriverDetailsInvalid PrimaryIsNotTheChoosenAdapter FoundDriverCount:0 
[2018.10.21-13.43.19:994][  0]LogD3D11RHI:     Adapter Name: AMD Radeon HD 7900 Series
[2018.10.21-13.43.19:994][  0]LogD3D11RHI:   Driver Version: Unknown (internal:Unknown, unified:Unknown)
[2018.10.21-13.43.19:994][  0]LogD3D11RHI:      Driver Date: Unknown
[2018.10.21-13.43.19:994][  0]LogRHI: Texture pool is 1361 MB (70% of 1945 MB)
[2018.10.21-13.43.20:205][  0]LogD3D11RHI: Async texture creation enabled
[2018.10.21-13.43.20:249][  0]LogD3D11RHI: GPU Timing Frequency: 27.000000 (Debug: 2 1)
[2018.10.21-13.43.20:260][  0]LogShaderCompilers: Guid format shader working directory is 13 characters bigger than the processId version (E:/Project2/GITHUB DESKTOP/Bio/Bio/Intermediate/Shaders/WorkingDirectory/1476/).
[2018.10.21-13.43.20:261][  0]LogShaderCompilers: Cleaned the shader compiler working directory 'C:/Users/Ferran/AppData/Local/Temp/UnrealShaderWorkingDir/8265EF8E4BBCB9B698792AB970F12DAA/'.
[2018.10.21-13.43.20:261][  0]LogShaderCompilers:Display: Using Local Shader Compiler.
[2018.10.21-13.43.23:897][  0]LogTemp:Display: Loaded TP AllDesktopTargetPlatform
[2018.10.21-13.43.24:233][  0]LogTemp:Display: Loaded TP MacClientTargetPlatform
[2018.10.21-13.43.24:569][  0]LogTemp:Display: Loaded TP MacNoEditorTargetPlatform
[2018.10.21-13.43.24:906][  0]LogTemp:Display: Loaded TP MacServerTargetPlatform
[2018.10.21-13.43.25:246][  0]LogTemp:Display: Loaded TP MacTargetPlatform
[2018.10.21-13.43.25:581][  0]LogTemp:Display: Loaded TP WindowsClientTargetPlatform
[2018.10.21-13.43.25:913][  0]LogTemp:Display: Loaded TP WindowsNoEditorTargetPlatform
[2018.10.21-13.43.26:263][  0]LogTemp:Display: Loaded TP WindowsServerTargetPlatform
[2018.10.21-13.43.26:591][  0]LogTemp:Display: Loaded TP WindowsTargetPlatform
[2018.10.21-13.43.26:932][  0]LogTemp:Display: Loaded TP AndroidTargetPlatform
[2018.10.21-13.43.27:268][  0]LogTemp:Display: Loaded TP Android_ASTCTargetPlatform
[2018.10.21-13.43.27:604][  0]LogTemp:Display: Loaded TP Android_ATCTargetPlatform
[2018.10.21-13.43.27:936][  0]LogTemp:Display: Loaded TP Android_DXTTargetPlatform
[2018.10.21-13.43.28:275][  0]LogTemp:Display: Loaded TP Android_ETC1TargetPlatform
[2018.10.21-13.43.28:611][  0]LogTemp:Display: Loaded TP Android_ETC2TargetPlatform
[2018.10.21-13.43.29:282][  0]LogTemp:Display: Loaded TP Android_MultiTargetPlatform
[2018.10.21-13.43.29:282][  0]LogTemp:Display: Loaded TP Android_PVRTCTargetPlatform
[2018.10.21-13.43.29:614][  0]LogTemp:Display: Loaded TP HTML5TargetPlatform
[2018.10.21-13.43.30:169][  0]LogTemp:Display: Loaded TP IOSTargetPlatform
[2018.10.21-13.43.30:369][  0]LogTemp:Display: Loaded TP TVOSTargetPlatform
[2018.10.21-13.43.30:704][  0]LogTemp:Display: Loaded TP LinuxClientTargetPlatform
[2018.10.21-13.43.31:039][  0]LogTemp:Display: Loaded TP LinuxNoEditorTargetPlatform
[2018.10.21-13.43.31:374][  0]LogTemp:Display: Loaded TP LinuxServerTargetPlatform
[2018.10.21-13.43.31:714][  0]LogTemp:Display: Loaded TP LinuxTargetPlatform
[2018.10.21-13.43.31:714][  0]LogTargetPlatformManager:Display: Building Assets For Windows
[2018.10.21-13.43.35:738][  0]LogDerivedDataCache:Display: Max Cache Size: 512 MB
[2018.10.21-13.43.36:324][  0]LogDerivedDataCache: Loaded boot cache 0.58s 90MB C:/Users/Ferran/AppData/Local/UnrealEngine/4.16/DerivedDataCache/Boot.ddc.
[2018.10.21-13.43.36:325][  0]LogDerivedDataCache:Display: Loaded Boot cache: C:/Users/Ferran/AppData/Local/UnrealEngine/4.16/DerivedDataCache/Boot.ddc
[2018.10.21-13.43.36:325][  0]LogDerivedDataCache: FDerivedDataBackendGraph:  Pak pak cache file E:/Project2/GITHUB DESKTOP/Bio/Bio/DerivedDataCache/DDC.ddp not found, will not use a pak cache.
[2018.10.21-13.43.36:325][  0]LogDerivedDataCache: Unable to find inner node Pak for hierarchical cache Hierarchy.
[2018.10.21-13.43.36:325][  0]LogDerivedDataCache: FDerivedDataBackendGraph:  CompressedPak pak cache file E:/Project2/GITHUB DESKTOP/Bio/Bio/DerivedDataCache/Compressed.ddp not found, will not use a pak cache.
[2018.10.21-13.43.36:325][  0]LogDerivedDataCache: Unable to find inner node CompressedPak for hierarchical cache Hierarchy.
[2018.10.21-13.43.36:346][  0]LogDerivedDataCache:Display: Pak cache opened for reading ../../../Engine/DerivedDataCache/Compressed.ddp.
[2018.10.21-13.43.36:361][  0]LogDerivedDataCache: Using Local data cache path C:/Users/Ferran/AppData/Local/UnrealEngine/Common/DerivedDataCache: Writable
[2018.10.21-13.43.36:376][  0]LogMaterial: Verifying Global Shaders for PCD3D_SM5
[2018.10.21-13.43.36:383][  0]LogSlate: Using Freetype 2.6.0
[2018.10.21-13.43.36:398][  0]LogSlate: SlateFontCache - WITH_FREETYPE: 1, WITH_HARFBUZZ: 1
[2018.10.21-13.43.36:398][  0]LogSlate: SlateFontCache - WITH_FREETYPE: 1, WITH_HARFBUZZ: 1
[2018.10.21-13.43.37:725][  0]LogInit: Selected Device Profile: [Windows]
[2018.10.21-13.43.37:977][  0]LogContentStreaming: Texture pool size is 0.00 MB
[2018.10.21-13.43.38:700][  0]LogMeshUtilities: Using QuadricMeshReduction for automatic static mesh reduction
[2018.10.21-13.43.39:104][  0]LogSimplygon: Simplygon DLL not present - disabling.
[2018.10.21-13.43.39:490][  0]LogMeshUtilities: Using SimplygonSwarm for distributed automatic mesh merging
[2018.10.21-13.43.39:490][  0]LogMeshUtilities: No automatic skeletal mesh reduction module available
[2018.10.21-13.43.39:490][  0]LogMeshUtilities: No automatic mesh merging module available
[2018.10.21-13.43.42:875][  0]LogNetVersion: Bio , NetCL: 3452394, EngineNetVer: 2, GameNetVer: 0 (Checksum: 343922727)
[2018.10.21-13.43.43:160][  0]LogAssetRegistry: FAssetRegistry took 0.0309 seconds to start up
[2018.10.21-13.43.43:398][  0]LogPackageLocalizationCache: Processed 4 localized package path(s) for 1 prioritized culture(s) in 0.036286 seconds
[2018.10.21-13.43.43:405][  0]LogUObjectArray: 34194 objects as part of root set at end of initial load.
[2018.10.21-13.43.43:405][  0]LogUObjectAllocator: 7260416 out of 0 bytes used by permanent object pool.
[2018.10.21-13.43.43:405][  0]LogUObjectArray: CloseDisregardForGC: 0/0 objects in disregard for GC pool
[2018.10.21-13.43.44:057][  0]LogInit: WinSock: version 1.1 (2.2), MaxSocks=32767, MaxUdp=65467
[2018.10.21-13.44.00:145][  0]LogTcpMessaging: Initializing TcpMessaging bridge
[2018.10.21-13.44.00:402][  0]LogUdpMessaging: Initializing bridge on interface 0.0.0.0:0 to multicast group 230.0.0.1:6666.
[2018.10.21-13.44.04:271][  0]LogMaterial: Uniform references updated for custom material expression Custom.
[2018.10.21-13.44.07:253][  0]SourceControl: Info Source control is disabled
[2018.10.21-13.44.07:390][  0]SourceControl: Info Source control is disabled
[2018.10.21-13.44.07:779][  0]SourceControl: Info Source control is disabled
[2018.10.21-13.44.08:146][  0]SourceControl: Info Source control is disabled
[2018.10.21-13.44.13:811][  0]LogAndroidPermission: UAndroidPermissionCallbackProxy::GetInstance
[2018.10.21-13.44.18:038][  0]LogEngine: Initializing Engine...
[2018.10.21-13.44.18:563][  0]LogHMD: Failed to initialize OpenVR with code 108
[2018.10.21-13.44.18:994][  0]LogStats: UGameplayTagsManager::ConstructGameplayTagTree: Construct from data asset -  0.000 s
[2018.10.21-13.44.18:994][  0]LogStats: UGameplayTagsManager::ConstructGameplayTagTree: GameplayTagTreeChangedEvent.Broadcast -  0.000 s
[2018.10.21-13.44.20:027][  0]LogAIModule: Creating AISystem for world Untitled
[2018.10.21-13.44.20:184][  0]LogInit: XAudio2 using 'Altavoces (VIA HD Audio)' : 2 channels at 48 kHz using 32 bits per sample (channel mask 0x3)
[2018.10.21-13.44.20:237][  0]LogInit: FAudioDevice initialized.
[2018.10.21-13.44.20:286][  0]LogDerivedDataCache: Saved boot cache 0.05s 90MB C:/Users/Ferran/AppData/Local/UnrealEngine/4.16/DerivedDataCache/Boot.ddc.
[2018.10.21-13.44.20:295][  0]LogInit: Texture streaming: Enabled
[2018.10.21-13.44.21:099][  0]LogEngineSessionManager: EngineSessionManager initialized
[2018.10.21-13.44.21:100][  0]LogEngineSessionManager: EngineSessionManager sent abnormal shutdown report. Type=Crashed, SessionId={E2AAA0A4-4CF5-9BB3-0C41-7FB102BE193F}
[2018.10.21-13.44.22:813][  0]LogInit: Transaction tracking system initialized
[2018.10.21-13.44.25:360][  0]BlueprintLog: New page: Editor Load
[2018.10.21-13.44.35:084][  0]LocalizationService: Info Localization service is disabled
[2018.10.21-13.44.40:394][  0]LogConsoleResponse:Display: 
[2018.10.21-13.44.41:059][  0]LogCook:Display: Max memory allowance for cook 16384mb min free memory 0mb
[2018.10.21-13.44.41:059][  0]LogCook:Display: Mobile HDR setting 1
[2018.10.21-13.44.41:495][  0]LogFileCache: Scanning file cache for directory 'E:/Project2/GITHUB DESKTOP/Bio/Bio/Content/' took 0.02s
[2018.10.21-13.44.49:089][  0]SourceControl: Info Source control is disabled
[2018.10.21-13.44.49:092][  0]Cmd: MAP LOAD FILE="../../../Engine/Content/Maps/Templates/Template_Default.umap" TEMPLATE=1 SHOWPROGRESS=1 FEATURELEVEL=3
[2018.10.21-13.44.49:101][  0]LightingResults: New page: Lighting Build
[2018.10.21-13.44.49:435][  0]MapCheck: New page: Map Check
[2018.10.21-13.44.49:435][  0]LightingResults: New page: Lighting Build
[2018.10.21-13.44.49:710][  0]LogAIModule: Creating AISystem for world Untitled_1
[2018.10.21-13.44.49:712][  0]LogActorComponent: RegisterComponentWithWorld: (/Temp/Untitled_1.Untitled_1:PersistentLevel.WorldSettings_1.StaticMeshComponent0) Trying to register component with IsPendingKill() == true. Aborting.
[2018.10.21-13.44.49:740][  0]LogEditorServer: Finished looking for orphan Actors (0.000 secs)
[2018.10.21-13.44.49:757][  0]Cmd: MAP CHECKDEP NOCLEARLOG
[2018.10.21-13.44.49:971][  0]MapCheck: Info Map check complete: 0 Error(s), 0 Warning(s), took 213.836ms to complete.
[2018.10.21-13.44.49:971][  0]LogFileHelpers: Loading map 'Template_Default' took 0.882
[2018.10.21-13.44.50:853][  0]LogCollectionManager: Loaded 0 collections in 0.003298 seconds
[2018.10.21-13.44.51:253][  0]LogFileCache: Scanning file cache for directory 'E:/Project2/GITHUB DESKTOP/Bio/Bio/Saved/Collections/' took 0.01s
[2018.10.21-13.44.51:253][  0]LogFileCache: Scanning file cache for directory 'E:/Project2/GITHUB DESKTOP/Bio/Bio/Content/Developers/Ferran/Collections/' took 0.01s
[2018.10.21-13.44.51:253][  0]LogFileCache: Scanning file cache for directory 'E:/Project2/GITHUB DESKTOP/Bio/Bio/Content/Collections/' took 0.01s
[2018.10.21-13.44.51:253][  0]LogCollectionManager: Rebuilt the GUID cache for 0 collections in 0.000002 seconds
[2018.10.21-13.44.51:266][  0]LogContentBrowser: Native class hierarchy populated in 0.0108 seconds. Added 2330 classes and 494 folders.
[2018.10.21-13.44.51:794][  0]LogContentBrowser: Native class hierarchy updated for 'WidgetCarousel' in 0.0007 seconds. Added 0 classes and 0 folders.
[2018.10.21-13.44.52:328][  0]LogContentBrowser: Native class hierarchy updated for 'AddContentDialog' in 0.0008 seconds. Added 0 classes and 0 folders.
[2018.10.21-13.44.52:678][  0]LogContentBrowser: Native class hierarchy updated for 'SceneOutliner' in 0.0009 seconds. Added 1 classes and 2 folders.
[2018.10.21-13.44.53:070][  0]LogCrashTracker: Crashtracker disabled due to settings.
[2018.10.21-13.44.53:090][  0]LogSlate: Took 0.006534 seconds to synchronously load lazily loaded font '../../../Engine/Content/Slate/Fonts/Roboto-Regular.ttf' (155K)
[2018.10.21-13.44.53:099][  0]LogSlate: Took 0.006460 seconds to synchronously load lazily loaded font '../../../Engine/Content/Slate/Fonts/Roboto-Bold.ttf' (160K)
[2018.10.21-13.44.53:115][  0]LogSlate: Took 0.007168 seconds to synchronously load lazily loaded font '../../../Engine/Content/Editor/Slate/Fonts/FontAwesome.ttf' (139K)
[2018.10.21-13.44.53:302][  0]LogRenderer: Reallocating scene render targets to support 1108x660 NumSamples 1 (Frame:1).
[2018.10.21-13.44.53:446][  0]LogUObjectGlobals:Warning: Failed to find object 'Class None.'
[2018.10.21-13.44.53:808][  0]LogContentBrowser: Native class hierarchy updated for 'HierarchicalLODOutliner' in 0.0009 seconds. Added 1 classes and 2 folders.
[2018.10.21-13.44.53:808][  0]LogLoad: (Engine Initialization) Total time: 106.62 seconds
[2018.10.21-13.44.53:808][  0]LogLoad: (Engine Initialization) Total Blueprint compile time: 0.51 seconds
[2018.10.21-13.44.53:808][  0]LogExternalProfiler: No external profilers were discovered.  External profiling features will not be available.
[2018.10.21-13.44.54:148][  0]LogOcInput: OculusInput pre-init called
[2018.10.21-13.44.54:148][  0]LogHMD: Starting GearVRController plugin
[2018.10.21-13.44.54:176][  0]LogContentStreaming: Texture pool size now 1000 MB
[2018.10.21-13.44.54:492][  1]LogAssetRegistry: Asset discovery search completed in 71.3533 seconds
[2018.10.21-13.44.54:495][  1]LogCollectionManager: Rebuilt the object cache for 0 collections in 0.000001 seconds (found 0 objects)
[2018.10.21-13.44.54:495][  1]LogCollectionManager: Fixed up redirectors for 0 collections in 0.000390 seconds (updated 0 objects)
[2018.10.21-13.44.55:163][  3]LogSlate: Took 0.011106 seconds to synchronously load lazily loaded font '../../../Engine/Content/Slate/Fonts/Roboto-Light.ttf' (159K)
[2018.10.21-13.44.58:500][ 13]LogSlate: Took 0.001059 seconds to synchronously load lazily loaded font '../../../Engine/Content/Slate/Fonts/Roboto-Light.ttf' (159K)
[2018.10.21-13.45.02:567][ 22]LogSlate: Took 0.000288 seconds to synchronously load lazily loaded font '../../../Engine/Content/Slate/Fonts/Roboto-Light.ttf' (159K)
[2018.10.21-13.45.03:678][ 22]LogContentBrowser: Native class hierarchy updated for 'BlueprintGraph' in 0.0011 seconds. Added 112 classes and 0 folders.
[2018.10.21-13.45.06:581][ 22]LogSlate: Took 0.006800 seconds to synchronously load lazily loaded font '../../../Engine/Content/Editor/Slate/Fonts/Roboto-BoldCondensed.ttf' (158K)
[2018.10.21-13.45.06:870][ 23]LogSlate: Took 0.005609 seconds to synchronously load lazily loaded font '../../../Engine/Content/Editor/Slate/Fonts/Roboto-Italic.ttf' (157K)
[2018.10.21-13.45.27:038][737]LogAIModule: Creating AISystem for world TempleRun
[2018.10.21-13.45.27:072][737]Cmd: MAP LOAD FILE="E:/Project2/GITHUB DESKTOP/Bio/Bio/Content/Levels/TempleRun/TempleRun.umap" TEMPLATE=0 SHOWPROGRESS=1 FEATURELEVEL=3
[2018.10.21-13.45.27:073][737]LightingResults: New page: Lighting Build
[2018.10.21-13.45.27:073][737]LoadErrors: New page: Loading map: TempleRun.umap
[2018.10.21-13.45.27:075][737]MapCheck: New page: Map Check
[2018.10.21-13.45.27:075][737]LightingResults: New page: Lighting Build
[2018.10.21-13.45.27:164][737]LogEditorServer: Finished looking for orphan Actors (0.000 secs)
[2018.10.21-13.45.27:214][737]Cmd: MAP CHECKDEP NOCLEARLOG
[2018.10.21-13.45.27:457][737]MapCheck: Info Map check complete: 0 Error(s), 0 Warning(s), took 243.537ms to complete.
[2018.10.21-13.45.27:459][737]LogFileHelpers: Loading map 'TempleRun' took 0.389
[2018.10.21-13.46.24:680][530]LogSavePackage: Save=128.81ms
[2018.10.21-13.46.24:680][530]LogSavePackage: Moving 'E:/Project2/GITHUB DESKTOP/Bio/Bio/Saved/UEDPCTempleRun6761CBD64340BF936166BDAB2E332903.tmp' to 'E:/Project2/GITHUB DESKTOP/Bio/Bio/Saved/Autosaves/Game/Levels/TempleRun/UEDPCTempleRun.umap'
[2018.10.21-13.46.24:683][530]LogSavePackage:Display: Finished SavePackage E:/Project2/GITHUB DESKTOP/Bio/Bio/Saved/Autosaves/Game/Levels/TempleRun/UEDPCTempleRun.umap
[2018.10.21-13.46.24:690][530]LogEditorTransaction: Undo Spawn Play From Here Start
[2018.10.21-13.46.27:049][786]LogBlueprintUserMessages: Early PlayInEditor Detection: Level '/Game/Levels/TempleRun/TempleRun.TempleRun:PersistentLevel' has LevelScriptBlueprint '/Game/Levels/TempleRun/TempleRun.TempleRun:PersistentLevel.TempleRun' with GeneratedClass '/Game/Levels/TempleRun/TempleRun.TempleRun_C' with ClassGeneratedBy '/Game/Levels/TempleRun/TempleRun.TempleRun:PersistentLevel.TempleRun'
[2018.10.21-13.46.27:049][786]LogPlayLevel: PlayLevel: No blueprints needed recompiling
[2018.10.21-13.46.27:051][786]PIE: New page: SIE session: TempleRun (Oct 21, 2018, 5:46:27 PM)
[2018.10.21-13.46.27:051][786]LogPlayLevel: Creating play world package: /Game/Levels/TempleRun/UEDPIE_0_TempleRun
[2018.10.21-13.46.27:053][786]LogPlayLevel: PIE: StaticDuplicateObject took: (0.001966s)
[2018.10.21-13.46.27:054][786]LogAIModule: Creating AISystem for world TempleRun
[2018.10.21-13.46.27:054][786]LogPlayLevel: PIE: World Init took: (0.001139s)
[2018.10.21-13.46.27:054][786]LogPlayLevel: PIE: Created PIE world by copying editor world from /Game/Levels/TempleRun/TempleRun.TempleRun to /Game/Levels/TempleRun/UEDPIE_0_TempleRun.TempleRun (0.003745s)
[2018.10.21-13.46.27:206][786]LogInit: XAudio2 using 'Altavoces (VIA HD Audio)' : 2 channels at 48 kHz using 32 bits per sample (channel mask 0x3)
[2018.10.21-13.46.27:234][786]LogInit: FAudioDevice initialized.
[2018.10.21-13.46.27:281][786]LogLoad: Game class is 'ThirdPersonGameMode_C'
[2018.10.21-13.46.27:283][786]LogWorld: Bringing World /Game/Levels/TempleRun/UEDPIE_0_TempleRun.TempleRun up for play (max tick rate 0) at 2018.10.21-15.46.27
[2018.10.21-13.46.27:283][786]LogWorld: Bringing up level for play took: 0.000888
[2018.10.21-13.46.27:612][786]LogContentBrowser: Native class hierarchy updated for 'MovieSceneCapture' in 0.0009 seconds. Added 11 classes and 0 folders.
[2018.10.21-13.46.27:640][786]PIE: Info Play in editor start time for /Game/Levels/TempleRun/UEDPIE_0_TempleRun 1.504
[2018.10.21-13.46.27:663][786]LogBlueprintUserMessages: Late PlayInEditor Detection: Level '/Game/Levels/TempleRun/TempleRun.TempleRun:PersistentLevel' has LevelScriptBlueprint '/Game/Levels/TempleRun/TempleRun.TempleRun:PersistentLevel.TempleRun' with GeneratedClass '/Game/Levels/TempleRun/TempleRun.TempleRun_C' with ClassGeneratedBy '/Game/Levels/TempleRun/TempleRun.TempleRun:PersistentLevel.TempleRun'
[2018.10.21-13.46.36:074][264]LogRenderer: Reallocating scene render targets to support 1108x688 NumSamples 1 (Frame:1).
[2018.10.21-13.46.37:416][422]LogBlueprintUserMessages: Early EndPlayMap Detection: Level '/Game/Levels/TempleRun/TempleRun.TempleRun:PersistentLevel' has LevelScriptBlueprint '/Game/Levels/TempleRun/TempleRun.TempleRun:PersistentLevel.TempleRun' with GeneratedClass '/Game/Levels/TempleRun/TempleRun.TempleRun_C' with ClassGeneratedBy '/Game/Levels/TempleRun/TempleRun.TempleRun:PersistentLevel.TempleRun'
[2018.10.21-13.46.37:456][422]LogBlueprintUserMessages: Late EndPlayMap Detection: Level '/Game/Levels/TempleRun/TempleRun.TempleRun:PersistentLevel' has LevelScriptBlueprint '/Game/Levels/TempleRun/TempleRun.TempleRun:PersistentLevel.TempleRun' with GeneratedClass '/Game/Levels/TempleRun/TempleRun.TempleRun_C' with ClassGeneratedBy '/Game/Levels/TempleRun/TempleRun.TempleRun:PersistentLevel.TempleRun'
[2018.10.21-13.47.31:428][887]BlueprintLog: New page: Compile FloorTile
[2018.10.21-13.47.32:019][924]Cmd: OBJ SAVEPACKAGE PACKAGE="/Game/Temple_RunLVL/FloorTile" FILE="E:/Project2/GITHUB DESKTOP/Bio/Bio/Content/Temple_RunLVL/FloorTile.uasset" SILENT=true
[2018.10.21-13.47.32:137][924]LogSavePackage: Save=104.35ms
[2018.10.21-13.47.32:137][924]LogSavePackage: Moving 'E:/Project2/GITHUB DESKTOP/Bio/Bio/Saved/FloorTileDCC28C1247E7B6F99F9B8D8B104F42A1.tmp' to 'E:/Project2/GITHUB DESKTOP/Bio/Bio/Content/Temple_RunLVL/FloorTile.uasset'
[2018.10.21-13.47.32:142][924]LogSavePackage:Display: Finished SavePackage E:/Project2/GITHUB DESKTOP/Bio/Bio/Content/Temple_RunLVL/FloorTile.uasset
[2018.10.21-13.47.35:320][297]LogTemp: Repeting last play command: Simulate
[2018.10.21-13.47.35:347][297]LogBlueprintUserMessages: Early PlayInEditor Detection: Level '/Game/Levels/TempleRun/TempleRun.TempleRun:PersistentLevel' has LevelScriptBlueprint '/Game/Levels/TempleRun/TempleRun.TempleRun:PersistentLevel.TempleRun' with GeneratedClass '/Game/Levels/TempleRun/TempleRun.TempleRun_C' with ClassGeneratedBy '/Game/Levels/TempleRun/TempleRun.TempleRun:PersistentLevel.TempleRun'
[2018.10.21-13.47.35:347][297]LogPlayLevel: PlayLevel: No blueprints needed recompiling
[2018.10.21-13.47.35:347][297]PIE: New page: SIE session: TempleRun (Oct 21, 2018, 5:47:35 PM)
[2018.10.21-13.47.35:347][297]LogPlayLevel: Creating play world package: /Game/Levels/TempleRun/UEDPIE_0_TempleRun
[2018.10.21-13.47.35:349][297]LogPlayLevel: PIE: StaticDuplicateObject took: (0.002024s)
[2018.10.21-13.47.35:350][297]LogAIModule: Creating AISystem for world TempleRun
[2018.10.21-13.47.35:350][297]LogPlayLevel: PIE: World Init took: (0.000932s)
[2018.10.21-13.47.35:350][297]LogPlayLevel: PIE: Created PIE world by copying editor world from /Game/Levels/TempleRun/TempleRun.TempleRun to /Game/Levels/TempleRun/UEDPIE_0_TempleRun.TempleRun (0.003224s)
[2018.10.21-13.47.35:509][297]LogInit: XAudio2 using 'Altavoces (VIA HD Audio)' : 2 channels at 48 kHz using 32 bits per sample (channel mask 0x3)
[2018.10.21-13.47.35:537][297]LogInit: FAudioDevice initialized.
[2018.10.21-13.47.35:572][297]LogLoad: Game class is 'ThirdPersonGameMode_C'
[2018.10.21-13.47.35:575][297]LogWorld: Bringing World /Game/Levels/TempleRun/UEDPIE_0_TempleRun.TempleRun up for play (max tick rate 0) at 2018.10.21-15.47.35
[2018.10.21-13.47.35:575][297]LogWorld: Bringing up level for play took: 0.000851
[2018.10.21-13.47.35:598][297]PIE: Info Play in editor start time for /Game/Levels/TempleRun/UEDPIE_0_TempleRun -0.538
[2018.10.21-13.47.35:601][297]LogBlueprintUserMessages: Late PlayInEditor Detection: Level '/Game/Levels/TempleRun/TempleRun.TempleRun:PersistentLevel' has LevelScriptBlueprint '/Game/Levels/TempleRun/TempleRun.TempleRun:PersistentLevel.TempleRun' with GeneratedClass '/Game/Levels/TempleRun/TempleRun.TempleRun_C' with ClassGeneratedBy '/Game/Levels/TempleRun/TempleRun.TempleRun:PersistentLevel.TempleRun'
[2018.10.21-13.47.37:470][473]LogBlueprintUserMessages: Early EndPlayMap Detection: Level '/Game/Levels/TempleRun/TempleRun.TempleRun:PersistentLevel' has LevelScriptBlueprint '/Game/Levels/TempleRun/TempleRun.TempleRun:PersistentLevel.TempleRun' with GeneratedClass '/Game/Levels/TempleRun/TempleRun.TempleRun_C' with ClassGeneratedBy '/Game/Levels/TempleRun/TempleRun.TempleRun:PersistentLevel.TempleRun'
[2018.10.21-13.47.37:513][473]LogBlueprintUserMessages: Late EndPlayMap Detection: Level '/Game/Levels/TempleRun/TempleRun.TempleRun:PersistentLevel' has LevelScriptBlueprint '/Game/Levels/TempleRun/TempleRun.TempleRun:PersistentLevel.TempleRun' with GeneratedClass '/Game/Levels/TempleRun/TempleRun.TempleRun_C' with ClassGeneratedBy '/Game/Levels/TempleRun/TempleRun.TempleRun:PersistentLevel.TempleRun'
[2018.10.21-13.47.55:794][612]BlueprintLog: New page: Compile Blocker
[2018.10.21-13.47.55:929][612]LogActorComponent: RegisterComponentWithWorld: (/Engine/Transient.World_2:PersistentLevel.DESTROYED_Blocker_C_CHILDACTOR_33.DefaultSceneRoot) Trying to register component with IsPendingKill() == true. Aborting.
[2018.10.21-13.47.56:269][642]Cmd: OBJ SAVEPACKAGE PACKAGE="/Game/Temple_RunLVL/Blocker" FILE="E:/Project2/GITHUB DESKTOP/Bio/Bio/Content/Temple_RunLVL/Blocker.uasset" SILENT=true
[2018.10.21-13.47.56:313][642]LogSavePackage: Save=29.77ms
[2018.10.21-13.47.56:313][642]LogSavePackage: Moving 'E:/Project2/GITHUB DESKTOP/Bio/Bio/Saved/BlockerEED829A348196C47179C6F8B3FE9B3EE.tmp' to 'E:/Project2/GITHUB DESKTOP/Bio/Bio/Content/Temple_RunLVL/Blocker.uasset'
[2018.10.21-13.47.56:317][642]LogSavePackage:Display: Finished SavePackage E:/Project2/GITHUB DESKTOP/Bio/Bio/Content/Temple_RunLVL/Blocker.uasset
[2018.10.21-13.47.57:406][770]LogTemp: Repeting last play command: Simulate
[2018.10.21-13.47.57:432][770]LogBlueprintUserMessages: Early PlayInEditor Detection: Level '/Game/Levels/TempleRun/TempleRun.TempleRun:PersistentLevel' has LevelScriptBlueprint '/Game/Levels/TempleRun/TempleRun.TempleRun:PersistentLevel.TempleRun' with GeneratedClass '/Game/Levels/TempleRun/TempleRun.TempleRun_C' with ClassGeneratedBy '/Game/Levels/TempleRun/TempleRun.TempleRun:PersistentLevel.TempleRun'
[2018.10.21-13.47.57:432][770]LogPlayLevel: PlayLevel: No blueprints needed recompiling
[2018.10.21-13.47.57:432][770]PIE: New page: SIE session: TempleRun (Oct 21, 2018, 5:47:57 PM)
[2018.10.21-13.47.57:432][770]LogPlayLevel: Creating play world package: /Game/Levels/TempleRun/UEDPIE_0_TempleRun
[2018.10.21-13.47.57:434][770]LogPlayLevel: PIE: StaticDuplicateObject took: (0.001993s)
[2018.10.21-13.47.57:435][770]LogAIModule: Creating AISystem for world TempleRun
[2018.10.21-13.47.57:435][770]LogPlayLevel: PIE: World Init took: (0.000777s)
[2018.10.21-13.47.57:435][770]LogPlayLevel: PIE: Created PIE world by copying editor world from /Game/Levels/TempleRun/TempleRun.TempleRun to /Game/Levels/TempleRun/UEDPIE_0_TempleRun.TempleRun (0.003006s)
[2018.10.21-13.47.57:585][770]LogInit: XAudio2 using 'Altavoces (VIA HD Audio)' : 2 channels at 48 kHz using 32 bits per sample (channel mask 0x3)
[2018.10.21-13.47.57:613][770]LogInit: FAudioDevice initialized.
[2018.10.21-13.47.57:647][770]LogLoad: Game class is 'ThirdPersonGameMode_C'
[2018.10.21-13.47.57:649][770]LogWorld: Bringing World /Game/Levels/TempleRun/UEDPIE_0_TempleRun.TempleRun up for play (max tick rate 0) at 2018.10.21-15.47.57
[2018.10.21-13.47.57:649][770]LogWorld: Bringing up level for play took: 0.000821
[2018.10.21-13.47.57:674][770]PIE: Info Play in editor start time for /Game/Levels/TempleRun/UEDPIE_0_TempleRun -0.463
[2018.10.21-13.47.57:677][770]LogBlueprintUserMessages: Late PlayInEditor Detection: Level '/Game/Levels/TempleRun/TempleRun.TempleRun:PersistentLevel' has LevelScriptBlueprint '/Game/Levels/TempleRun/TempleRun.TempleRun:PersistentLevel.TempleRun' with GeneratedClass '/Game/Levels/TempleRun/TempleRun.TempleRun_C' with ClassGeneratedBy '/Game/Levels/TempleRun/TempleRun.TempleRun:PersistentLevel.TempleRun'
[2018.10.21-13.48.09:582][729]Cmd: OBJ SAVEPACKAGE PACKAGE="/Game/Temple_RunLVL/Blocker" FILE="E:/Project2/GITHUB DESKTOP/Bio/Bio/Content/Temple_RunLVL/Blocker.uasset" SILENT=true
[2018.10.21-13.48.09:619][729]LogSavePackage: Save=29.66ms
[2018.10.21-13.48.09:619][729]LogSavePackage: Moving 'E:/Project2/GITHUB DESKTOP/Bio/Bio/Saved/Blocker77AE85094987FC99A0A6E9A8B25763AF.tmp' to 'E:/Project2/GITHUB DESKTOP/Bio/Bio/Content/Temple_RunLVL/Blocker.uasset'
[2018.10.21-13.48.09:623][729]LogSavePackage:Display: Finished SavePackage E:/Project2/GITHUB DESKTOP/Bio/Bio/Content/Temple_RunLVL/Blocker.uasset
[2018.10.21-13.48.13:389][ 90]LogBlueprintUserMessages: Early EndPlayMap Detection: Level '/Game/Levels/TempleRun/TempleRun.TempleRun:PersistentLevel' has LevelScriptBlueprint '/Game/Levels/TempleRun/TempleRun.TempleRun:PersistentLevel.TempleRun' with GeneratedClass '/Game/Levels/TempleRun/TempleRun.TempleRun_C' with ClassGeneratedBy '/Game/Levels/TempleRun/TempleRun.TempleRun:PersistentLevel.TempleRun'
[2018.10.21-13.48.13:431][ 90]LogBlueprintUserMessages: Late EndPlayMap Detection: Level '/Game/Levels/TempleRun/TempleRun.TempleRun:PersistentLevel' has LevelScriptBlueprint '/Game/Levels/TempleRun/TempleRun.TempleRun:PersistentLevel.TempleRun' with GeneratedClass '/Game/Levels/TempleRun/TempleRun.TempleRun_C' with ClassGeneratedBy '/Game/Levels/TempleRun/TempleRun.TempleRun:PersistentLevel.TempleRun'
[2018.10.21-13.48.14:022][157]LogTemp: Repeting last play command: Simulate
[2018.10.21-13.48.14:049][157]LogBlueprintUserMessages: Early PlayInEditor Detection: Level '/Game/Levels/TempleRun/TempleRun.TempleRun:PersistentLevel' has LevelScriptBlueprint '/Game/Levels/TempleRun/TempleRun.TempleRun:PersistentLevel.TempleRun' with GeneratedClass '/Game/Levels/TempleRun/TempleRun.TempleRun_C' with ClassGeneratedBy '/Game/Levels/TempleRun/TempleRun.TempleRun:PersistentLevel.TempleRun'
[2018.10.21-13.48.14:049][157]BlueprintLog: New page: Pre-Play auto-recompile
[2018.10.21-13.48.14:049][157]LogPlayLevel: [PlayLevel] Compiling Blocker before play...
[2018.10.21-13.48.14:161][157]LogPlayLevel: PlayLevel: Blueprint regeneration took 112 ms (1 blueprints)
[2018.10.21-13.48.14:161][157]PIE: New page: SIE session: TempleRun (Oct 21, 2018, 5:48:14 PM)
[2018.10.21-13.48.14:161][157]LogPlayLevel: Creating play world package: /Game/Levels/TempleRun/UEDPIE_0_TempleRun
[2018.10.21-13.48.14:163][157]LogPlayLevel: PIE: StaticDuplicateObject took: (0.002077s)
[2018.10.21-13.48.14:164][157]LogAIModule: Creating AISystem for world TempleRun
[2018.10.21-13.48.14:164][157]LogPlayLevel: PIE: World Init took: (0.000953s)
[2018.10.21-13.48.14:164][157]LogPlayLevel: PIE: Created PIE world by copying editor world from /Game/Levels/TempleRun/TempleRun.TempleRun to /Game/Levels/TempleRun/UEDPIE_0_TempleRun.TempleRun (0.003341s)
[2018.10.21-13.48.14:316][157]LogInit: XAudio2 using 'Altavoces (VIA HD Audio)' : 2 channels at 48 kHz using 32 bits per sample (channel mask 0x3)
[2018.10.21-13.48.14:344][157]LogInit: FAudioDevice initialized.
[2018.10.21-13.48.14:379][157]LogLoad: Game class is 'ThirdPersonGameMode_C'
[2018.10.21-13.48.14:381][157]LogWorld: Bringing World /Game/Levels/TempleRun/UEDPIE_0_TempleRun.TempleRun up for play (max tick rate 0) at 2018.10.21-15.48.14
[2018.10.21-13.48.14:381][157]LogWorld: Bringing up level for play took: 0.000832
[2018.10.21-13.48.14:404][157]PIE: Info Play in editor start time for /Game/Levels/TempleRun/UEDPIE_0_TempleRun 0.267
[2018.10.21-13.48.14:407][157]LogBlueprintUserMessages: Late PlayInEditor Detection: Level '/Game/Levels/TempleRun/TempleRun.TempleRun:PersistentLevel' has LevelScriptBlueprint '/Game/Levels/TempleRun/TempleRun.TempleRun:PersistentLevel.TempleRun' with GeneratedClass '/Game/Levels/TempleRun/TempleRun.TempleRun_C' with ClassGeneratedBy '/Game/Levels/TempleRun/TempleRun.TempleRun:PersistentLevel.TempleRun'
[2018.10.21-13.51.36:833][667]LogBlueprintUserMessages: Early EndPlayMap Detection: Level '/Game/Levels/TempleRun/TempleRun.TempleRun:PersistentLevel' has LevelScriptBlueprint '/Game/Levels/TempleRun/TempleRun.TempleRun:PersistentLevel.TempleRun' with GeneratedClass '/Game/Levels/TempleRun/TempleRun.TempleRun_C' with ClassGeneratedBy '/Game/Levels/TempleRun/TempleRun.TempleRun:PersistentLevel.TempleRun'
[2018.10.21-13.51.36:874][667]LogBlueprintUserMessages: Late EndPlayMap Detection: Level '/Game/Levels/TempleRun/TempleRun.TempleRun:PersistentLevel' has LevelScriptBlueprint '/Game/Levels/TempleRun/TempleRun.TempleRun:PersistentLevel.TempleRun' with GeneratedClass '/Game/Levels/TempleRun/TempleRun.TempleRun_C' with ClassGeneratedBy '/Game/Levels/TempleRun/TempleRun.TempleRun:PersistentLevel.TempleRun'
[2018.10.21-13.51.52:286][454]BlueprintLog: New page: Compile FloorTile
[2018.10.21-13.51.54:277][665]LogTemp: Repeting last play command: Simulate
[2018.10.21-13.51.54:303][665]LogBlueprintUserMessages: Early PlayInEditor Detection: Level '/Game/Levels/TempleRun/TempleRun.TempleRun:PersistentLevel' has LevelScriptBlueprint '/Game/Levels/TempleRun/TempleRun.TempleRun:PersistentLevel.TempleRun' with GeneratedClass '/Game/Levels/TempleRun/TempleRun.TempleRun_C' with ClassGeneratedBy '/Game/Levels/TempleRun/TempleRun.TempleRun:PersistentLevel.TempleRun'
[2018.10.21-13.51.54:303][665]LogPlayLevel: PlayLevel: No blueprints needed recompiling
[2018.10.21-13.51.54:304][665]PIE: New page: SIE session: TempleRun (Oct 21, 2018, 5:51:54 PM)
[2018.10.21-13.51.54:304][665]LogPlayLevel: Creating play world package: /Game/Levels/TempleRun/UEDPIE_0_TempleRun
[2018.10.21-13.51.54:306][665]LogPlayLevel: PIE: StaticDuplicateObject took: (0.001960s)
[2018.10.21-13.51.54:306][665]LogAIModule: Creating AISystem for world TempleRun
[2018.10.21-13.51.54:306][665]LogPlayLevel: PIE: World Init took: (0.000709s)
[2018.10.21-13.51.54:307][665]LogPlayLevel: PIE: Created PIE world by copying editor world from /Game/Levels/TempleRun/TempleRun.TempleRun to /Game/Levels/TempleRun/UEDPIE_0_TempleRun.TempleRun (0.002911s)
[2018.10.21-13.51.54:460][665]LogInit: XAudio2 using 'Altavoces (VIA HD Audio)' : 2 channels at 48 kHz using 32 bits per sample (channel mask 0x3)
[2018.10.21-13.51.54:488][665]LogInit: FAudioDevice initialized.
[2018.10.21-13.51.54:523][665]LogLoad: Game class is 'ThirdPersonGameMode_C'
[2018.10.21-13.51.54:525][665]LogWorld: Bringing World /Game/Levels/TempleRun/UEDPIE_0_TempleRun.TempleRun up for play (max tick rate 0) at 2018.10.21-15.51.54
[2018.10.21-13.51.54:525][665]LogWorld: Bringing up level for play took: 0.000848
[2018.10.21-13.51.54:547][665]PIE: Info Play in editor start time for /Game/Levels/TempleRun/UEDPIE_0_TempleRun 0.41
[2018.10.21-13.51.54:550][665]LogBlueprintUserMessages: Late PlayInEditor Detection: Level '/Game/Levels/TempleRun/TempleRun.TempleRun:PersistentLevel' has LevelScriptBlueprint '/Game/Levels/TempleRun/TempleRun.TempleRun:PersistentLevel.TempleRun' with GeneratedClass '/Game/Levels/TempleRun/TempleRun.TempleRun_C' with ClassGeneratedBy '/Game/Levels/TempleRun/TempleRun.TempleRun:PersistentLevel.TempleRun'
[2018.10.21-13.52.02:603][111]LogBlueprintUserMessages: Early EndPlayMap Detection: Level '/Game/Levels/TempleRun/TempleRun.TempleRun:PersistentLevel' has LevelScriptBlueprint '/Game/Levels/TempleRun/TempleRun.TempleRun:PersistentLevel.TempleRun' with GeneratedClass '/Game/Levels/TempleRun/TempleRun.TempleRun_C' with ClassGeneratedBy '/Game/Levels/TempleRun/TempleRun.TempleRun:PersistentLevel.TempleRun'
[2018.10.21-13.52.02:642][111]LogBlueprintUserMessages: Late EndPlayMap Detection: Level '/Game/Levels/TempleRun/TempleRun.TempleRun:PersistentLevel' has LevelScriptBlueprint '/Game/Levels/TempleRun/TempleRun.TempleRun:PersistentLevel.TempleRun' with GeneratedClass '/Game/Levels/TempleRun/TempleRun.TempleRun_C' with ClassGeneratedBy '/Game/Levels/TempleRun/TempleRun.TempleRun:PersistentLevel.TempleRun'
[2018.10.21-13.52.30:290][868]Cmd: OBJ SAVEPACKAGE PACKAGE="/Game/Temple_RunLVL/FloorTile" FILE="E:/Project2/GITHUB DESKTOP/Bio/Bio/Content/Temple_RunLVL/FloorTile.uasset" SILENT=true
[2018.10.21-13.52.30:403][868]LogSavePackage: Save=104.98ms
[2018.10.21-13.52.30:403][868]LogSavePackage: Moving 'E:/Project2/GITHUB DESKTOP/Bio/Bio/Saved/FloorTile7EF571D941B9F0ACAAA476AFAE2DEA4F.tmp' to 'E:/Project2/GITHUB DESKTOP/Bio/Bio/Content/Temple_RunLVL/FloorTile.uasset'
[2018.10.21-13.52.30:407][868]LogSavePackage:Display: Finished SavePackage E:/Project2/GITHUB DESKTOP/Bio/Bio/Content/Temple_RunLVL/FloorTile.uasset
[2018.10.21-14.04.04:161][320]LogSavePackage: Save=123.84ms
[2018.10.21-14.04.04:161][320]LogSavePackage: Moving 'E:/Project2/GITHUB DESKTOP/Bio/Bio/Saved/UEDPCTempleRun173228034EDD5C1EF66A3CBF9CDB4170.tmp' to 'E:/Project2/GITHUB DESKTOP/Bio/Bio/Saved/Autosaves/Game/Levels/TempleRun/UEDPCTempleRun.umap'
[2018.10.21-14.04.04:163][320]LogSavePackage:Display: Finished SavePackage E:/Project2/GITHUB DESKTOP/Bio/Bio/Saved/Autosaves/Game/Levels/TempleRun/UEDPCTempleRun.umap
[2018.10.21-14.04.04:171][320]LogEditorTransaction: Undo Spawn Play From Here Start
[2018.10.21-14.04.14:696][403]LogTemp: Repeting last play command: Mobile Preview (PIE)
[2018.10.21-14.04.15:148][403]LogSavePackage: Save=122.12ms
[2018.10.21-14.04.15:148][403]LogSavePackage: Moving 'E:/Project2/GITHUB DESKTOP/Bio/Bio/Saved/UEDPCTempleRunA7984E2D4D30C1F0E48015888B75B587.tmp' to 'E:/Project2/GITHUB DESKTOP/Bio/Bio/Saved/Autosaves/Game/Levels/TempleRun/UEDPCTempleRun.umap'
[2018.10.21-14.04.15:150][403]LogSavePackage:Display: Finished SavePackage E:/Project2/GITHUB DESKTOP/Bio/Bio/Saved/Autosaves/Game/Levels/TempleRun/UEDPCTempleRun.umap
[2018.10.21-14.04.15:156][403]LogEditorTransaction: Undo Spawn Play From Here Start
[2018.10.21-14.04.38:143][595]LogSlate:Warning: Prevented a slow task dialog from being summoned while a context menu was open
[2018.10.21-14.04.41:837][965]LogEditorViewport: Clicking on Actor (LMB): BP_Sky_Sphere_C (Sky Sphere)
[2018.10.21-14.06.57:427][998]LogSlate: Only BGRA pngs, bmps or icos are supported in by External Image Picker
[2018.10.21-14.06.57:802][ 24]LogTemp: Executing iPhonePackager certificates Engine -bundlename com.YourCompany.Bio
[2018.10.21-14.06.57:802][ 24]LogTemp: CWD: C:\Program Files\Epic Games\UE_4.16\Engine\Binaries\DotNET\IOS
[2018.10.21-14.06.57:802][ 24]LogTemp: Initial Dir: C:\Program Files\Epic Games\UE_4.16
[2018.10.21-14.06.57:802][ 24]LogTemp: Env CWD: C:\Program Files\Epic Games\UE_4.16\Engine\Binaries\DotNET\IOS
[2018.10.21-14.06.57:812][ 25]LogTemp: BranchPath = DESKTOP-KR2EHTK/C/Program Files/Epic Games/UE_4.16/Engine/Binaries --- GameBranchPath = DESKTOP-KR2EHTK/C/Program Files/Epic Games/UE_4.16/Engine/Binaries
[2018.10.21-14.06.58:200][ 61]LogTemp: IPP ERROR: Could not find provision directory 'C:\Users\Ferran\AppData\Local/Apple Computer/MobileDevice/Provisioning Profiles/'.
[2018.10.21-14.07.27:329][283]LogBlueprintUserMessages: Early PlayInEditor Detection: Level '/Game/Levels/TempleRun/TempleRun.TempleRun:PersistentLevel' has LevelScriptBlueprint '/Game/Levels/TempleRun/TempleRun.TempleRun:PersistentLevel.TempleRun' with GeneratedClass '/Game/Levels/TempleRun/TempleRun.TempleRun_C' with ClassGeneratedBy '/Game/Levels/TempleRun/TempleRun.TempleRun:PersistentLevel.TempleRun'
[2018.10.21-14.07.27:329][283]LogPlayLevel: PlayLevel: No blueprints needed recompiling
[2018.10.21-14.07.27:329][283]PIE: New page: PIE session: TempleRun (Oct 21, 2018, 6:07:27 PM)
[2018.10.21-14.07.27:329][283]LogPlayLevel: Creating play world package: /Game/Levels/TempleRun/UEDPIE_0_TempleRun
[2018.10.21-14.07.27:333][283]LogPlayLevel: PIE: StaticDuplicateObject took: (0.003342s)
[2018.10.21-14.07.27:334][283]LogAIModule: Creating AISystem for world TempleRun
[2018.10.21-14.07.27:334][283]LogPlayLevel: PIE: World Init took: (0.001054s)
[2018.10.21-14.07.27:334][283]LogPlayLevel: PIE: Created PIE world by copying editor world from /Game/Levels/TempleRun/TempleRun.TempleRun to /Game/Levels/TempleRun/UEDPIE_0_TempleRun.TempleRun (0.004700s)
[2018.10.21-14.07.27:502][283]LogInit: XAudio2 using 'Altavoces (VIA HD Audio)' : 2 channels at 48 kHz using 32 bits per sample (channel mask 0x3)
[2018.10.21-14.07.27:533][283]LogInit: FAudioDevice initialized.
[2018.10.21-14.07.27:569][283]LogLoad: Game class is 'ThirdPersonGameMode_C'
[2018.10.21-14.07.27:572][283]LogWorld: Bringing World /Game/Levels/TempleRun/UEDPIE_0_TempleRun.TempleRun up for play (max tick rate 0) at 2018.10.21-16.07.27
[2018.10.21-14.07.27:573][283]LogWorld: Bringing up level for play took: 0.001774
[2018.10.21-14.07.27:611][283]PIE: Info Play in editor start time for /Game/Levels/TempleRun/UEDPIE_0_TempleRun -0.525
[2018.10.21-14.07.27:612][283]LogBlueprintUserMessages: Late PlayInEditor Detection: Level '/Game/Levels/TempleRun/TempleRun.TempleRun:PersistentLevel' has LevelScriptBlueprint '/Game/Levels/TempleRun/TempleRun.TempleRun:PersistentLevel.TempleRun' with GeneratedClass '/Game/Levels/TempleRun/TempleRun.TempleRun_C' with ClassGeneratedBy '/Game/Levels/TempleRun/TempleRun.TempleRun:PersistentLevel.TempleRun'
[2018.10.21-14.07.27:645][284]LogCharacterMovement:Warning: GetSimulationTimeStep() - Max iterations 8 hit while remaining time 0.050122 > MaxSimulationTimeStep (0.050) for 'ThirdPersonCharacter_C_0', movement 'Walking'
[2018.10.21-14.07.28:583][341]LogBlueprintUserMessages: [ThirdPersonCharacter_C_0] left
[2018.10.21-14.07.28:598][342]LogBlueprintUserMessages: [ThirdPersonCharacter_C_0] left
[2018.10.21-14.07.28:616][343]LogBlueprintUserMessages: [ThirdPersonCharacter_C_0] left
[2018.10.21-14.07.28:635][344]LogBlueprintUserMessages: [ThirdPersonCharacter_C_0] left
[2018.10.21-14.07.28:651][345]LogBlueprintUserMessages: [ThirdPersonCharacter_C_0] left
[2018.10.21-14.07.28:668][346]LogBlueprintUserMessages: [ThirdPersonCharacter_C_0] left
[2018.10.21-14.07.30:350][474]LogBlueprintUserMessages: [ThirdPersonCharacter_C_0] right
[2018.10.21-14.07.30:362][475]LogBlueprintUserMessages: [ThirdPersonCharacter_C_0] right
[2018.10.21-14.07.30:374][476]LogBlueprintUserMessages: [ThirdPersonCharacter_C_0] right
[2018.10.21-14.07.30:386][477]LogBlueprintUserMessages: [ThirdPersonCharacter_C_0] right
[2018.10.21-14.07.30:399][478]LogBlueprintUserMessages: [ThirdPersonCharacter_C_0] right
[2018.10.21-14.07.30:413][479]LogBlueprintUserMessages: [ThirdPersonCharacter_C_0] right
[2018.10.21-14.07.30:427][480]LogBlueprintUserMessages: [ThirdPersonCharacter_C_0] right
[2018.10.21-14.07.30:441][481]LogBlueprintUserMessages: [ThirdPersonCharacter_C_0] right
[2018.10.21-14.07.30:455][482]LogBlueprintUserMessages: [ThirdPersonCharacter_C_0] right
[2018.10.21-14.07.30:469][483]LogBlueprintUserMessages: [ThirdPersonCharacter_C_0] right
[2018.10.21-14.07.30:484][484]LogBlueprintUserMessages: [ThirdPersonCharacter_C_0] right
[2018.10.21-14.07.30:499][485]LogBlueprintUserMessages: [ThirdPersonCharacter_C_0] right
[2018.10.21-14.07.30:513][486]LogBlueprintUserMessages: [ThirdPersonCharacter_C_0] right
[2018.10.21-14.07.30:528][487]LogBlueprintUserMessages: [ThirdPersonCharacter_C_0] right
[2018.10.21-14.07.30:543][488]LogBlueprintUserMessages: [ThirdPersonCharacter_C_0] right
[2018.10.21-14.07.30:557][489]LogBlueprintUserMessages: [ThirdPersonCharacter_C_0] right
[2018.10.21-14.07.30:571][490]LogBlueprintUserMessages: [ThirdPersonCharacter_C_0] right
[2018.10.21-14.07.30:585][491]LogBlueprintUserMessages: [ThirdPersonCharacter_C_0] right
[2018.10.21-14.07.30:600][492]LogBlueprintUserMessages: [ThirdPersonCharacter_C_0] right
[2018.10.21-14.07.30:615][493]LogBlueprintUserMessages: [ThirdPersonCharacter_C_0] right
[2018.10.21-14.07.30:630][494]LogBlueprintUserMessages: [ThirdPersonCharacter_C_0] right
[2018.10.21-14.07.30:646][495]LogBlueprintUserMessages: [ThirdPersonCharacter_C_0] right
[2018.10.21-14.07.30:660][496]LogBlueprintUserMessages: [ThirdPersonCharacter_C_0] right
[2018.10.21-14.07.34:528][794]LogBlueprintUserMessages: [ThirdPersonCharacter_C_0] left
[2018.10.21-14.07.34:540][795]LogBlueprintUserMessages: [ThirdPersonCharacter_C_0] left
[2018.10.21-14.07.34:551][796]LogBlueprintUserMessages: [ThirdPersonCharacter_C_0] left
[2018.10.21-14.07.34:563][797]LogBlueprintUserMessages: [ThirdPersonCharacter_C_0] left
[2018.10.21-14.07.34:574][798]LogBlueprintUserMessages: [ThirdPersonCharacter_C_0] left
[2018.10.21-14.07.34:586][799]LogBlueprintUserMessages: [ThirdPersonCharacter_C_0] left
[2018.10.21-14.07.34:597][800]LogBlueprintUserMessages: [ThirdPersonCharacter_C_0] left
[2018.10.21-14.07.34:609][801]LogBlueprintUserMessages: [ThirdPersonCharacter_C_0] left
[2018.10.21-14.07.34:984][831]LogBlueprintUserMessages: [ThirdPersonCharacter_C_0] left
[2018.10.21-14.07.34:998][832]LogBlueprintUserMessages: [ThirdPersonCharacter_C_0] left
[2018.10.21-14.07.35:011][833]LogBlueprintUserMessages: [ThirdPersonCharacter_C_0] left
[2018.10.21-14.07.35:024][834]LogBlueprintUserMessages: [ThirdPersonCharacter_C_0] left
[2018.10.21-14.07.35:038][835]LogBlueprintUserMessages: [ThirdPersonCharacter_C_0] left
[2018.10.21-14.07.35:052][836]LogBlueprintUserMessages: [ThirdPersonCharacter_C_0] left
[2018.10.21-14.07.36:637][938]LogBlueprintUserMessages: [ThirdPersonCharacter_C_0] left
[2018.10.21-14.07.36:652][939]LogBlueprintUserMessages: [ThirdPersonCharacter_C_0] left
[2018.10.21-14.07.36:667][940]LogBlueprintUserMessages: [ThirdPersonCharacter_C_0] left
[2018.10.21-14.07.36:681][941]LogBlueprintUserMessages: [ThirdPersonCharacter_C_0] left
[2018.10.21-14.07.36:695][942]LogBlueprintUserMessages: [ThirdPersonCharacter_C_0] left
[2018.10.21-14.07.36:710][943]LogBlueprintUserMessages: [ThirdPersonCharacter_C_0] left
[2018.10.21-14.07.36:725][944]LogBlueprintUserMessages: [ThirdPersonCharacter_C_0] left
[2018.10.21-14.07.36:740][945]LogBlueprintUserMessages: [ThirdPersonCharacter_C_0] left
[2018.10.21-14.07.36:755][946]LogBlueprintUserMessages: [ThirdPersonCharacter_C_0] left
[2018.10.21-14.07.37:870][ 28]LogBlueprintUserMessages: [ThirdPersonCharacter_C_0] right
[2018.10.21-14.07.37:883][ 29]LogBlueprintUserMessages: [ThirdPersonCharacter_C_0] right
[2018.10.21-14.07.37:896][ 30]LogBlueprintUserMessages: [ThirdPersonCharacter_C_0] right
[2018.10.21-14.07.37:909][ 31]LogBlueprintUserMessages: [ThirdPersonCharacter_C_0] right
[2018.10.21-14.07.37:923][ 32]LogBlueprintUserMessages: [ThirdPersonCharacter_C_0] right
[2018.10.21-14.07.37:936][ 33]LogBlueprintUserMessages: [ThirdPersonCharacter_C_0] right
[2018.10.21-14.07.37:949][ 34]LogBlueprintUserMessages: [ThirdPersonCharacter_C_0] right
[2018.10.21-14.07.38:551][ 81]LogBlueprintUserMessages: [ThirdPersonCharacter_C_0] right
[2018.10.21-14.07.38:563][ 82]LogBlueprintUserMessages: [ThirdPersonCharacter_C_0] right
[2018.10.21-14.07.38:576][ 83]LogBlueprintUserMessages: [ThirdPersonCharacter_C_0] right
[2018.10.21-14.07.38:589][ 84]LogBlueprintUserMessages: [ThirdPersonCharacter_C_0] right
[2018.10.21-14.07.38:602][ 85]LogBlueprintUserMessages: [ThirdPersonCharacter_C_0] right
[2018.10.21-14.07.38:614][ 86]LogBlueprintUserMessages: [ThirdPersonCharacter_C_0] right
[2018.10.21-14.07.39:477][151]LogBlueprintUserMessages: Early EndPlayMap Detection: Level '/Game/Levels/TempleRun/TempleRun.TempleRun:PersistentLevel' has LevelScriptBlueprint '/Game/Levels/TempleRun/TempleRun.TempleRun:PersistentLevel.TempleRun' with GeneratedClass '/Game/Levels/TempleRun/TempleRun.TempleRun_C' with ClassGeneratedBy '/Game/Levels/TempleRun/TempleRun.TempleRun:PersistentLevel.TempleRun'
[2018.10.21-14.07.39:532][151]LogBlueprintUserMessages: Late EndPlayMap Detection: Level '/Game/Levels/TempleRun/TempleRun.TempleRun:PersistentLevel' has LevelScriptBlueprint '/Game/Levels/TempleRun/TempleRun.TempleRun:PersistentLevel.TempleRun' with GeneratedClass '/Game/Levels/TempleRun/TempleRun.TempleRun_C' with ClassGeneratedBy '/Game/Levels/TempleRun/TempleRun.TempleRun:PersistentLevel.TempleRun'
[2018.10.21-14.07.54:805][791]BlueprintLog: New page: Compile Item
[2018.10.21-14.07.54:819][791]LogActorComponent: RegisterComponentWithWorld: (/Engine/Transient.World_9:PersistentLevel.DESTROYED_Item_C_CHILDACTOR_127.Scene) Trying to register component with IsPendingKill() == true. Aborting.
[2018.10.21-14.07.54:819][791]LogActorComponent: RegisterComponentWithWorld: (/Engine/Transient.World_9:PersistentLevel.DESTROYED_Item_C_CHILDACTOR_125.Scene) Trying to register component with IsPendingKill() == true. Aborting.
[2018.10.21-14.07.54:819][791]LogActorComponent: RegisterComponentWithWorld: (/Engine/Transient.World_9:PersistentLevel.DESTROYED_Item_C_CHILDACTOR_126.Scene) Trying to register component with IsPendingKill() == true. Aborting.
[2018.10.21-14.07.56:282][931]LogTemp: Repeting last play command: Selected Viewport
[2018.10.21-14.07.56:309][931]LogBlueprintUserMessages: Early PlayInEditor Detection: Level '/Game/Levels/TempleRun/TempleRun.TempleRun:PersistentLevel' has LevelScriptBlueprint '/Game/Levels/TempleRun/TempleRun.TempleRun:PersistentLevel.TempleRun' with GeneratedClass '/Game/Levels/TempleRun/TempleRun.TempleRun_C' with ClassGeneratedBy '/Game/Levels/TempleRun/TempleRun.TempleRun:PersistentLevel.TempleRun'
[2018.10.21-14.07.56:309][931]LogPlayLevel: PlayLevel: No blueprints needed recompiling
[2018.10.21-14.07.56:309][931]PIE: New page: PIE session: TempleRun (Oct 21, 2018, 6:07:56 PM)
[2018.10.21-14.07.56:310][931]LogPlayLevel: Creating play world package: /Game/Levels/TempleRun/UEDPIE_0_TempleRun
[2018.10.21-14.07.56:312][931]LogPlayLevel: PIE: StaticDuplicateObject took: (0.002031s)
[2018.10.21-14.07.56:312][931]LogAIModule: Creating AISystem for world TempleRun
[2018.10.21-14.07.56:313][931]LogPlayLevel: PIE: World Init took: (0.000931s)
[2018.10.21-14.07.56:313][931]LogPlayLevel: PIE: Created PIE world by copying editor world from /Game/Levels/TempleRun/TempleRun.TempleRun to /Game/Levels/TempleRun/UEDPIE_0_TempleRun.TempleRun (0.003220s)
[2018.10.21-14.07.56:463][931]LogInit: XAudio2 using 'Altavoces (VIA HD Audio)' : 2 channels at 48 kHz using 32 bits per sample (channel mask 0x3)
[2018.10.21-14.07.56:491][931]LogInit: FAudioDevice initialized.
[2018.10.21-14.07.56:525][931]LogLoad: Game class is 'ThirdPersonGameMode_C'
[2018.10.21-14.07.56:527][931]LogWorld: Bringing World /Game/Levels/TempleRun/UEDPIE_0_TempleRun.TempleRun up for play (max tick rate 0) at 2018.10.21-16.07.56
[2018.10.21-14.07.56:527][931]LogWorld: Bringing up level for play took: 0.000903
[2018.10.21-14.07.56:555][931]PIE: Info Play in editor start time for /Game/Levels/TempleRun/UEDPIE_0_TempleRun 0.418
[2018.10.21-14.07.56:556][931]LogBlueprintUserMessages: Late PlayInEditor Detection: Level '/Game/Levels/TempleRun/TempleRun.TempleRun:PersistentLevel' has LevelScriptBlueprint '/Game/Levels/TempleRun/TempleRun.TempleRun:PersistentLevel.TempleRun' with GeneratedClass '/Game/Levels/TempleRun/TempleRun.TempleRun_C' with ClassGeneratedBy '/Game/Levels/TempleRun/TempleRun.TempleRun:PersistentLevel.TempleRun'
[2018.10.21-14.07.57:003][965]LogBlueprintUserMessages: [ThirdPersonCharacter_C_0] right
[2018.10.21-14.07.57:015][966]LogBlueprintUserMessages: [ThirdPersonCharacter_C_0] right
[2018.10.21-14.07.57:028][967]LogBlueprintUserMessages: [ThirdPersonCharacter_C_0] right
[2018.10.21-14.07.57:041][968]LogBlueprintUserMessages: [ThirdPersonCharacter_C_0] right
[2018.10.21-14.07.57:053][969]LogBlueprintUserMessages: [ThirdPersonCharacter_C_0] right
[2018.10.21-14.07.57:066][970]LogBlueprintUserMessages: [ThirdPersonCharacter_C_0] right
[2018.10.21-14.07.57:078][971]LogBlueprintUserMessages: [ThirdPersonCharacter_C_0] right
[2018.10.21-14.07.57:091][972]LogBlueprintUserMessages: [ThirdPersonCharacter_C_0] right
[2018.10.21-14.07.57:104][973]LogBlueprintUserMessages: [ThirdPersonCharacter_C_0] right
[2018.10.21-14.07.57:116][974]LogBlueprintUserMessages: [ThirdPersonCharacter_C_0] right
[2018.10.21-14.07.57:129][975]LogBlueprintUserMessages: [ThirdPersonCharacter_C_0] right
[2018.10.21-14.07.57:142][976]LogBlueprintUserMessages: [ThirdPersonCharacter_C_0] right
[2018.10.21-14.07.57:155][977]LogBlueprintUserMessages: [ThirdPersonCharacter_C_0] right
[2018.10.21-14.07.57:168][978]LogBlueprintUserMessages: [ThirdPersonCharacter_C_0] right
[2018.10.21-14.07.57:181][979]LogBlueprintUserMessages: [ThirdPersonCharacter_C_0] right
[2018.10.21-14.07.57:194][980]LogBlueprintUserMessages: [ThirdPersonCharacter_C_0] right
[2018.10.21-14.07.57:206][981]LogBlueprintUserMessages: [ThirdPersonCharacter_C_0] right
[2018.10.21-14.07.57:219][982]LogBlueprintUserMessages: [ThirdPersonCharacter_C_0] right
[2018.10.21-14.07.57:232][983]LogBlueprintUserMessages: [ThirdPersonCharacter_C_0] right
[2018.10.21-14.07.57:244][984]LogBlueprintUserMessages: [ThirdPersonCharacter_C_0] right
[2018.10.21-14.07.58:975][105]LogBlueprintUserMessages: [ThirdPersonCharacter_C_0] left
[2018.10.21-14.07.58:993][106]LogBlueprintUserMessages: [ThirdPersonCharacter_C_0] left
[2018.10.21-14.07.59:730][143]LogBlueprintUserMessages: [ThirdPersonCharacter_C_0] left
[2018.10.21-14.07.59:742][144]LogBlueprintUserMessages: [ThirdPersonCharacter_C_0] left
[2018.10.21-14.07.59:758][145]LogBlueprintUserMessages: [ThirdPersonCharacter_C_0] left
[2018.10.21-14.07.59:775][146]LogBlueprintUserMessages: [ThirdPersonCharacter_C_0] left
[2018.10.21-14.07.59:792][147]LogBlueprintUserMessages: [ThirdPersonCharacter_C_0] left
[2018.10.21-14.07.59:808][148]LogBlueprintUserMessages: [ThirdPersonCharacter_C_0] left
[2018.10.21-14.07.59:825][149]LogBlueprintUserMessages: [ThirdPersonCharacter_C_0] left
[2018.10.21-14.08.00:201][172]LogBlueprintUserMessages: [ThirdPersonCharacter_C_0] left
[2018.10.21-14.08.00:218][173]LogBlueprintUserMessages: [ThirdPersonCharacter_C_0] left
[2018.10.21-14.08.00:235][174]LogBlueprintUserMessages: [ThirdPersonCharacter_C_0] left
[2018.10.21-14.08.00:252][175]LogBlueprintUserMessages: [ThirdPersonCharacter_C_0] left
[2018.10.21-14.08.00:269][176]LogBlueprintUserMessages: [ThirdPersonCharacter_C_0] left
[2018.10.21-14.08.00:287][177]LogBlueprintUserMessages: [ThirdPersonCharacter_C_0] left
[2018.10.21-14.08.00:304][178]LogBlueprintUserMessages: [ThirdPersonCharacter_C_0] left
[2018.10.21-14.08.00:322][179]LogBlueprintUserMessages: [ThirdPersonCharacter_C_0] left
[2018.10.21-14.08.00:339][180]LogBlueprintUserMessages: [ThirdPersonCharacter_C_0] left
[2018.10.21-14.08.00:854][209]LogBlueprintUserMessages: [ThirdPersonCharacter_C_0] right
[2018.10.21-14.08.00:871][210]LogBlueprintUserMessages: [ThirdPersonCharacter_C_0] right
[2018.10.21-14.08.00:888][211]LogBlueprintUserMessages: [ThirdPersonCharacter_C_0] right
[2018.10.21-14.08.00:905][212]LogBlueprintUserMessages: [ThirdPersonCharacter_C_0] right
[2018.10.21-14.08.00:922][213]LogBlueprintUserMessages: [ThirdPersonCharacter_C_0] right
[2018.10.21-14.08.00:940][214]LogBlueprintUserMessages: [ThirdPersonCharacter_C_0] right
[2018.10.21-14.08.00:958][215]LogBlueprintUserMessages: [ThirdPersonCharacter_C_0] right
[2018.10.21-14.08.00:977][216]LogBlueprintUserMessages: [ThirdPersonCharacter_C_0] right
[2018.10.21-14.08.01:510][248]LogBlueprintUserMessages: [ThirdPersonCharacter_C_0] left
[2018.10.21-14.08.01:527][249]LogBlueprintUserMessages: [ThirdPersonCharacter_C_0] left
[2018.10.21-14.08.01:544][250]LogBlueprintUserMessages: [ThirdPersonCharacter_C_0] left
[2018.10.21-14.08.01:561][251]LogBlueprintUserMessages: [ThirdPersonCharacter_C_0] left
[2018.10.21-14.08.01:578][252]LogBlueprintUserMessages: [ThirdPersonCharacter_C_0] left
[2018.10.21-14.08.01:596][253]LogBlueprintUserMessages: [ThirdPersonCharacter_C_0] left
[2018.10.21-14.08.01:613][254]LogBlueprintUserMessages: [ThirdPersonCharacter_C_0] left
[2018.10.21-14.08.01:630][255]LogBlueprintUserMessages: [ThirdPersonCharacter_C_0] left
[2018.10.21-14.08.02:126][285]LogBlueprintUserMessages: [ThirdPersonCharacter_C_0] right
[2018.10.21-14.08.02:144][286]LogBlueprintUserMessages: [ThirdPersonCharacter_C_0] right
[2018.10.21-14.08.02:158][287]LogBlueprintUserMessages: [ThirdPersonCharacter_C_0] right
[2018.10.21-14.08.02:174][288]LogBlueprintUserMessages: [ThirdPersonCharacter_C_0] right
[2018.10.21-14.08.02:191][289]LogBlueprintUserMessages: [ThirdPersonCharacter_C_0] right
[2018.10.21-14.08.02:207][290]LogBlueprintUserMessages: [ThirdPersonCharacter_C_0] right
[2018.10.21-14.08.02:223][291]LogBlueprintUserMessages: [ThirdPersonCharacter_C_0] right
[2018.10.21-14.08.02:240][292]LogBlueprintUserMessages: [ThirdPersonCharacter_C_0] right
[2018.10.21-14.08.02:257][293]LogBlueprintUserMessages: [ThirdPersonCharacter_C_0] right
[2018.10.21-14.08.02:290][294]LogBlueprintUserMessages: [ThirdPersonCharacter_C_0] right
[2018.10.21-14.08.02:778][325]LogBlueprintUserMessages: [ThirdPersonCharacter_C_0] right
[2018.10.21-14.08.02:794][326]LogBlueprintUserMessages: [ThirdPersonCharacter_C_0] right
[2018.10.21-14.08.02:810][327]LogBlueprintUserMessages: [ThirdPersonCharacter_C_0] right
[2018.10.21-14.08.02:826][328]LogBlueprintUserMessages: [ThirdPersonCharacter_C_0] right
[2018.10.21-14.08.02:844][329]LogBlueprintUserMessages: [ThirdPersonCharacter_C_0] right
[2018.10.21-14.08.02:860][330]LogBlueprintUserMessages: [ThirdPersonCharacter_C_0] right
[2018.10.21-14.08.03:184][350]LogBlueprintUserMessages: [ThirdPersonCharacter_C_0] left
[2018.10.21-14.08.03:199][351]LogBlueprintUserMessages: [ThirdPersonCharacter_C_0] left
[2018.10.21-14.08.03:214][352]LogBlueprintUserMessages: [ThirdPersonCharacter_C_0] left
[2018.10.21-14.08.03:230][353]LogBlueprintUserMessages: [ThirdPersonCharacter_C_0] left
[2018.10.21-14.08.03:246][354]LogBlueprintUserMessages: [ThirdPersonCharacter_C_0] left
[2018.10.21-14.08.03:262][355]LogBlueprintUserMessages: [ThirdPersonCharacter_C_0] left
[2018.10.21-14.08.03:278][356]LogBlueprintUserMessages: [ThirdPersonCharacter_C_0] left
[2018.10.21-14.08.03:293][357]LogBlueprintUserMessages: [ThirdPersonCharacter_C_0] left
[2018.10.21-14.08.03:309][358]LogBlueprintUserMessages: [ThirdPersonCharacter_C_0] left
[2018.10.21-14.08.03:326][359]LogBlueprintUserMessages: [ThirdPersonCharacter_C_0] left
[2018.10.21-14.08.03:343][360]LogBlueprintUserMessages: [ThirdPersonCharacter_C_0] left
[2018.10.21-14.08.03:359][361]LogBlueprintUserMessages: [ThirdPersonCharacter_C_0] left
[2018.10.21-14.08.03:376][362]LogBlueprintUserMessages: [ThirdPersonCharacter_C_0] left
[2018.10.21-14.08.03:393][363]LogBlueprintUserMessages: [ThirdPersonCharacter_C_0] left
[2018.10.21-14.08.03:409][364]LogBlueprintUserMessages: [ThirdPersonCharacter_C_0] left
[2018.10.21-14.08.03:426][365]LogBlueprintUserMessages: [ThirdPersonCharacter_C_0] left
[2018.10.21-14.08.03:704][381]LogBlueprintUserMessages: [ThirdPersonCharacter_C_0] right
[2018.10.21-14.08.03:721][382]LogBlueprintUserMessages: [ThirdPersonCharacter_C_0] right
[2018.10.21-14.08.03:738][383]LogBlueprintUserMessages: [ThirdPersonCharacter_C_0] right
[2018.10.21-14.08.03:756][384]LogBlueprintUserMessages: [ThirdPersonCharacter_C_0] right
[2018.10.21-14.08.03:774][385]LogBlueprintUserMessages: [ThirdPersonCharacter_C_0] right
[2018.10.21-14.08.04:215][410]LogBlueprintUserMessages: [ThirdPersonCharacter_C_0] right
[2018.10.21-14.08.04:232][411]LogBlueprintUserMessages: [ThirdPersonCharacter_C_0] right
[2018.10.21-14.08.04:251][412]LogBlueprintUserMessages: [ThirdPersonCharacter_C_0] right
[2018.10.21-14.08.04:266][413]LogBlueprintUserMessages: [ThirdPersonCharacter_C_0] right
[2018.10.21-14.08.04:283][414]LogBlueprintUserMessages: [ThirdPersonCharacter_C_0] right
[2018.10.21-14.08.04:300][415]LogBlueprintUserMessages: [ThirdPersonCharacter_C_0] right
[2018.10.21-14.08.04:318][416]LogBlueprintUserMessages: [ThirdPersonCharacter_C_0] right
[2018.10.21-14.08.04:335][417]LogBlueprintUserMessages: [ThirdPersonCharacter_C_0] right
[2018.10.21-14.08.04:352][418]LogBlueprintUserMessages: [ThirdPersonCharacter_C_0] right
[2018.10.21-14.08.04:370][419]LogBlueprintUserMessages: [ThirdPersonCharacter_C_0] right
[2018.10.21-14.08.04:917][457]LogBlueprintUserMessages: [ThirdPersonCharacter_C_0] left
[2018.10.21-14.08.04:930][458]LogBlueprintUserMessages: [ThirdPersonCharacter_C_0] left
[2018.10.21-14.08.04:946][459]LogBlueprintUserMessages: [ThirdPersonCharacter_C_0] left
[2018.10.21-14.08.04:961][460]LogBlueprintUserMessages: [ThirdPersonCharacter_C_0] left
[2018.10.21-14.08.05:574][504]LogBlueprintUserMessages: [ThirdPersonCharacter_C_0] left
[2018.10.21-14.08.05:590][505]LogBlueprintUserMessages: [ThirdPersonCharacter_C_0] left
[2018.10.21-14.08.05:605][506]LogBlueprintUserMessages: [ThirdPersonCharacter_C_0] left
[2018.10.21-14.08.05:623][507]LogBlueprintUserMessages: [ThirdPersonCharacter_C_0] left
[2018.10.21-14.08.05:638][508]LogBlueprintUserMessages: [ThirdPersonCharacter_C_0] left
[2018.10.21-14.08.05:654][509]LogBlueprintUserMessages: [ThirdPersonCharacter_C_0] left
[2018.10.21-14.08.05:670][510]LogBlueprintUserMessages: [ThirdPersonCharacter_C_0] left
[2018.10.21-14.08.05:687][511]LogBlueprintUserMessages: [ThirdPersonCharacter_C_0] left
[2018.10.21-14.08.05:703][512]LogBlueprintUserMessages: [ThirdPersonCharacter_C_0] left
[2018.10.21-14.08.05:720][513]LogBlueprintUserMessages: [ThirdPersonCharacter_C_0] left
[2018.10.21-14.08.05:736][514]LogBlueprintUserMessages: [ThirdPersonCharacter_C_0] left
[2018.10.21-14.08.05:987][529]LogBlueprintUserMessages: [ThirdPersonCharacter_C_0] left
[2018.10.21-14.08.06:020][530]LogBlueprintUserMessages: [ThirdPersonCharacter_C_0] left
[2018.10.21-14.08.06:034][531]LogBlueprintUserMessages: [ThirdPersonCharacter_C_0] left
[2018.10.21-14.08.06:045][532]LogBlueprintUserMessages: [ThirdPersonCharacter_C_0] left
[2018.10.21-14.08.06:069][533]LogBlueprintUserMessages: [ThirdPersonCharacter_C_0] left
[2018.10.21-14.08.06:554][567]LogBlueprintUserMessages: [ThirdPersonCharacter_C_0] right
[2018.10.21-14.08.06:569][568]LogBlueprintUserMessages: [ThirdPersonCharacter_C_0] right
[2018.10.21-14.08.06:585][569]LogBlueprintUserMessages: [ThirdPersonCharacter_C_0] right
[2018.10.21-14.08.06:600][570]LogBlueprintUserMessages: [ThirdPersonCharacter_C_0] right
[2018.10.21-14.08.06:616][571]LogBlueprintUserMessages: [ThirdPersonCharacter_C_0] right
[2018.10.21-14.08.06:631][572]LogBlueprintUserMessages: [ThirdPersonCharacter_C_0] right
[2018.10.21-14.08.07:156][604]LogBlueprintUserMessages: [ThirdPersonCharacter_C_0] right
[2018.10.21-14.08.07:174][605]LogBlueprintUserMessages: [ThirdPersonCharacter_C_0] right
[2018.10.21-14.08.07:192][606]LogBlueprintUserMessages: [ThirdPersonCharacter_C_0] right
[2018.10.21-14.08.07:210][607]LogBlueprintUserMessages: [ThirdPersonCharacter_C_0] right
[2018.10.21-14.08.07:229][608]LogBlueprintUserMessages: [ThirdPersonCharacter_C_0] right
[2018.10.21-14.08.07:248][609]LogBlueprintUserMessages: [ThirdPersonCharacter_C_0] right
[2018.10.21-14.08.08:071][651]LogBlueprintUserMessages: [ThirdPersonCharacter_C_0] left
[2018.10.21-14.08.08:083][652]LogBlueprintUserMessages: [ThirdPersonCharacter_C_0] left
[2018.10.21-14.08.08:095][653]LogBlueprintUserMessages: [ThirdPersonCharacter_C_0] left
[2018.10.21-14.08.08:108][654]LogBlueprintUserMessages: [ThirdPersonCharacter_C_0] left
[2018.10.21-14.08.08:123][655]LogBlueprintUserMessages: [ThirdPersonCharacter_C_0] left
[2018.10.21-14.08.08:139][656]LogBlueprintUserMessages: [ThirdPersonCharacter_C_0] left
[2018.10.21-14.08.08:155][657]LogBlueprintUserMessages: [ThirdPersonCharacter_C_0] left
[2018.10.21-14.08.08:171][658]LogBlueprintUserMessages: [ThirdPersonCharacter_C_0] left
[2018.10.21-14.08.08:187][659]LogBlueprintUserMessages: [ThirdPersonCharacter_C_0] left
[2018.10.21-14.08.08:202][660]LogBlueprintUserMessages: [ThirdPersonCharacter_C_0] left
[2018.10.21-14.08.08:218][661]LogBlueprintUserMessages: [ThirdPersonCharacter_C_0] left
[2018.10.21-14.08.11:026][842]LogBlueprintUserMessages: [ThirdPersonCharacter_C_0] right
[2018.10.21-14.08.11:046][843]LogBlueprintUserMessages: [ThirdPersonCharacter_C_0] right
[2018.10.21-14.08.11:063][844]LogBlueprintUserMessages: [ThirdPersonCharacter_C_0] right
[2018.10.21-14.08.11:082][845]LogBlueprintUserMessages: [ThirdPersonCharacter_C_0] right
[2018.10.21-14.08.11:100][846]LogBlueprintUserMessages: [ThirdPersonCharacter_C_0] right
[2018.10.21-14.08.11:119][847]LogBlueprintUserMessages: [ThirdPersonCharacter_C_0] right
[2018.10.21-14.08.11:138][848]LogBlueprintUserMessages: [ThirdPersonCharacter_C_0] right
[2018.10.21-14.08.11:174][849]LogBlueprintUserMessages: [ThirdPersonCharacter_C_0] right
[2018.10.21-14.08.11:187][850]LogBlueprintUserMessages: [ThirdPersonCharacter_C_0] right
[2018.10.21-14.08.11:199][851]LogBlueprintUserMessages: [ThirdPersonCharacter_C_0] right
[2018.10.21-14.08.11:212][852]LogBlueprintUserMessages: [ThirdPersonCharacter_C_0] right
[2018.10.21-14.08.11:650][877]LogBlueprintUserMessages: [ThirdPersonCharacter_C_0] left
[2018.10.21-14.08.11:665][878]LogBlueprintUserMessages: [ThirdPersonCharacter_C_0] left
[2018.10.21-14.08.11:681][879]LogBlueprintUserMessages: [ThirdPersonCharacter_C_0] left
[2018.10.21-14.08.11:697][880]LogBlueprintUserMessages: [ThirdPersonCharacter_C_0] left
[2018.10.21-14.08.11:713][881]LogBlueprintUserMessages: [ThirdPersonCharacter_C_0] left
[2018.10.21-14.08.11:729][882]LogBlueprintUserMessages: [ThirdPersonCharacter_C_0] left
[2018.10.21-14.08.11:748][883]LogBlueprintUserMessages: [ThirdPersonCharacter_C_0] left
[2018.10.21-14.08.11:761][884]LogBlueprintUserMessages: [ThirdPersonCharacter_C_0] left
[2018.10.21-14.08.11:778][885]LogBlueprintUserMessages: [ThirdPersonCharacter_C_0] left
[2018.10.21-14.08.11:795][886]LogBlueprintUserMessages: [ThirdPersonCharacter_C_0] left
[2018.10.21-14.08.11:811][887]LogBlueprintUserMessages: [ThirdPersonCharacter_C_0] left
[2018.10.21-14.08.11:828][888]LogBlueprintUserMessages: [ThirdPersonCharacter_C_0] left
[2018.10.21-14.08.12:498][937]LogBlueprintUserMessages: Early EndPlayMap Detection: Level '/Game/Levels/TempleRun/TempleRun.TempleRun:PersistentLevel' has LevelScriptBlueprint '/Game/Levels/TempleRun/TempleRun.TempleRun:PersistentLevel.TempleRun' with GeneratedClass '/Game/Levels/TempleRun/TempleRun.TempleRun_C' with ClassGeneratedBy '/Game/Levels/TempleRun/TempleRun.TempleRun:PersistentLevel.TempleRun'
[2018.10.21-14.08.12:548][937]LogBlueprintUserMessages: Late EndPlayMap Detection: Level '/Game/Levels/TempleRun/TempleRun.TempleRun:PersistentLevel' has LevelScriptBlueprint '/Game/Levels/TempleRun/TempleRun.TempleRun:PersistentLevel.TempleRun' with GeneratedClass '/Game/Levels/TempleRun/TempleRun.TempleRun_C' with ClassGeneratedBy '/Game/Levels/TempleRun/TempleRun.TempleRun:PersistentLevel.TempleRun'
[2018.10.21-14.08.27:467][370]Cmd: OBJ SAVEPACKAGE PACKAGE="/Game/Levels/TempleRun/TempleRun" FILE="E:/Project2/GITHUB DESKTOP/Bio/Bio/Content/Levels/TempleRun/TempleRun.umap" SILENT=true AUTOSAVING=false KEEPDIRTY=false
[2018.10.21-14.08.27:622][370]LogSavePackage: Save=129.62ms
[2018.10.21-14.08.27:622][370]LogSavePackage: Moving 'E:/Project2/GITHUB DESKTOP/Bio/Bio/Saved/TempleRun737A605B4801C4607DCD54BB381FC6BF.tmp' to 'E:/Project2/GITHUB DESKTOP/Bio/Bio/Content/Levels/TempleRun/TempleRun.umap'
[2018.10.21-14.08.27:625][370]LogSavePackage:Display: Finished SavePackage E:/Project2/GITHUB DESKTOP/Bio/Bio/Content/Levels/TempleRun/TempleRun.umap
[2018.10.21-14.08.28:475][446]LogTemp: Repeting last play command: Selected Viewport
[2018.10.21-14.08.28:502][446]LogBlueprintUserMessages: Early PlayInEditor Detection: Level '/Game/Levels/TempleRun/TempleRun.TempleRun:PersistentLevel' has LevelScriptBlueprint '/Game/Levels/TempleRun/TempleRun.TempleRun:PersistentLevel.TempleRun' with GeneratedClass '/Game/Levels/TempleRun/TempleRun.TempleRun_C' with ClassGeneratedBy '/Game/Levels/TempleRun/TempleRun.TempleRun:PersistentLevel.TempleRun'
[2018.10.21-14.08.28:503][446]LogPlayLevel: PlayLevel: No blueprints needed recompiling
[2018.10.21-14.08.28:503][446]PIE: New page: PIE session: TempleRun (Oct 21, 2018, 6:08:28 PM)
[2018.10.21-14.08.28:503][446]LogPlayLevel: Creating play world package: /Game/Levels/TempleRun/UEDPIE_0_TempleRun
[2018.10.21-14.08.28:505][446]LogPlayLevel: PIE: StaticDuplicateObject took: (0.002301s)
[2018.10.21-14.08.28:506][446]LogAIModule: Creating AISystem for world TempleRun
[2018.10.21-14.08.28:506][446]LogPlayLevel: PIE: World Init took: (0.000737s)
[2018.10.21-14.08.28:506][446]LogPlayLevel: PIE: Created PIE world by copying editor world from /Game/Levels/TempleRun/TempleRun.TempleRun to /Game/Levels/TempleRun/UEDPIE_0_TempleRun.TempleRun (0.003310s)
[2018.10.21-14.08.28:673][446]LogInit: XAudio2 using 'Altavoces (VIA HD Audio)' : 2 channels at 48 kHz using 32 bits per sample (channel mask 0x3)
[2018.10.21-14.08.28:704][446]LogInit: FAudioDevice initialized.
[2018.10.21-14.08.28:738][446]LogLoad: Game class is 'ThirdPersonGameMode_C'
[2018.10.21-14.08.28:740][446]LogWorld: Bringing World /Game/Levels/TempleRun/UEDPIE_0_TempleRun.TempleRun up for play (max tick rate 0) at 2018.10.21-16.08.28
[2018.10.21-14.08.28:740][446]LogWorld: Bringing up level for play took: 0.000859
[2018.10.21-14.08.28:767][446]PIE: Info Play in editor start time for /Game/Levels/TempleRun/UEDPIE_0_TempleRun 0.63
[2018.10.21-14.08.28:767][446]LogBlueprintUserMessages: Late PlayInEditor Detection: Level '/Game/Levels/TempleRun/TempleRun.TempleRun:PersistentLevel' has LevelScriptBlueprint '/Game/Levels/TempleRun/TempleRun.TempleRun:PersistentLevel.TempleRun' with GeneratedClass '/Game/Levels/TempleRun/TempleRun.TempleRun_C' with ClassGeneratedBy '/Game/Levels/TempleRun/TempleRun.TempleRun:PersistentLevel.TempleRun'
[2018.10.21-14.08.29:232][475]LogBlueprintUserMessages: [ThirdPersonCharacter_C_0] right
[2018.10.21-14.08.29:247][476]LogBlueprintUserMessages: [ThirdPersonCharacter_C_0] right
[2018.10.21-14.08.29:264][477]LogBlueprintUserMessages: [ThirdPersonCharacter_C_0] right
[2018.10.21-14.08.29:613][497]LogBlueprintUserMessages: [ThirdPersonCharacter_C_0] left
[2018.10.21-14.08.29:631][498]LogBlueprintUserMessages: [ThirdPersonCharacter_C_0] left
[2018.10.21-14.08.29:649][499]LogBlueprintUserMessages: [ThirdPersonCharacter_C_0] left
[2018.10.21-14.08.29:667][500]LogBlueprintUserMessages: [ThirdPersonCharacter_C_0] left
[2018.10.21-14.08.29:685][501]LogBlueprintUserMessages: [ThirdPersonCharacter_C_0] left
[2018.10.21-14.08.29:702][502]LogBlueprintUserMessages: [ThirdPersonCharacter_C_0] left
[2018.10.21-14.08.29:720][503]LogBlueprintUserMessages: [ThirdPersonCharacter_C_0] left
[2018.10.21-14.08.29:738][504]LogBlueprintUserMessages: [ThirdPersonCharacter_C_0] left
[2018.10.21-14.08.29:756][505]LogBlueprintUserMessages: [ThirdPersonCharacter_C_0] left
[2018.10.21-14.08.29:774][506]LogBlueprintUserMessages: [ThirdPersonCharacter_C_0] left
[2018.10.21-14.08.30:202][534]LogBlueprintUserMessages: [ThirdPersonCharacter_C_0] left
[2018.10.21-14.08.30:214][535]LogBlueprintUserMessages: [ThirdPersonCharacter_C_0] left
[2018.10.21-14.08.30:226][536]LogBlueprintUserMessages: [ThirdPersonCharacter_C_0] left
[2018.10.21-14.08.30:239][537]LogBlueprintUserMessages: [ThirdPersonCharacter_C_0] left
[2018.10.21-14.08.30:705][574]LogBlueprintUserMessages: [ThirdPersonCharacter_C_0] right
[2018.10.21-14.08.30:716][575]LogBlueprintUserMessages: [ThirdPersonCharacter_C_0] right
[2018.10.21-14.08.30:728][576]LogBlueprintUserMessages: [ThirdPersonCharacter_C_0] right
[2018.10.21-14.08.30:741][577]LogBlueprintUserMessages: [ThirdPersonCharacter_C_0] right
[2018.10.21-14.08.30:755][578]LogBlueprintUserMessages: [ThirdPersonCharacter_C_0] right
[2018.10.21-14.08.31:433][629]LogBlueprintUserMessages: [ThirdPersonCharacter_C_0] right
[2018.10.21-14.08.31:445][630]LogBlueprintUserMessages: [ThirdPersonCharacter_C_0] right
[2018.10.21-14.08.31:457][631]LogBlueprintUserMessages: [ThirdPersonCharacter_C_0] right
[2018.10.21-14.08.31:469][632]LogBlueprintUserMessages: [ThirdPersonCharacter_C_0] right
[2018.10.21-14.08.31:481][633]LogBlueprintUserMessages: [ThirdPersonCharacter_C_0] right
[2018.10.21-14.08.31:493][634]LogBlueprintUserMessages: [ThirdPersonCharacter_C_0] right
[2018.10.21-14.08.31:809][659]LogBlueprintUserMessages: [ThirdPersonCharacter_C_0] left
[2018.10.21-14.08.31:820][660]LogBlueprintUserMessages: [ThirdPersonCharacter_C_0] left
[2018.10.21-14.08.31:832][661]LogBlueprintUserMessages: [ThirdPersonCharacter_C_0] left
[2018.10.21-14.08.31:843][662]LogBlueprintUserMessages: [ThirdPersonCharacter_C_0] left
[2018.10.21-14.08.31:855][663]LogBlueprintUserMessages: [ThirdPersonCharacter_C_0] left
[2018.10.21-14.08.31:867][664]LogBlueprintUserMessages: [ThirdPersonCharacter_C_0] left
[2018.10.21-14.08.31:879][665]LogBlueprintUserMessages: [ThirdPersonCharacter_C_0] left
[2018.10.21-14.08.31:891][666]LogBlueprintUserMessages: [ThirdPersonCharacter_C_0] left
[2018.10.21-14.08.33:041][757]LogBlueprintUserMessages: Early EndPlayMap Detection: Level '/Game/Levels/TempleRun/TempleRun.TempleRun:PersistentLevel' has LevelScriptBlueprint '/Game/Levels/TempleRun/TempleRun.TempleRun:PersistentLevel.TempleRun' with GeneratedClass '/Game/Levels/TempleRun/TempleRun.TempleRun_C' with ClassGeneratedBy '/Game/Levels/TempleRun/TempleRun.TempleRun:PersistentLevel.TempleRun'
[2018.10.21-14.08.33:092][757]LogBlueprintUserMessages: Late EndPlayMap Detection: Level '/Game/Levels/TempleRun/TempleRun.TempleRun:PersistentLevel' has LevelScriptBlueprint '/Game/Levels/TempleRun/TempleRun.TempleRun:PersistentLevel.TempleRun' with GeneratedClass '/Game/Levels/TempleRun/TempleRun.TempleRun_C' with ClassGeneratedBy '/Game/Levels/TempleRun/TempleRun.TempleRun:PersistentLevel.TempleRun'
[2018.10.21-14.09.11:020][951]LogEditorTransaction: Undo Move Node
[2018.10.21-14.09.11:578][952]LogEditorTransaction: Undo Break Pin Links
[2018.10.21-14.09.33:301][900]BlueprintLog: New page: Compile ThirdPersonCharacter
[2018.10.21-14.09.33:534][900]LogActorComponent: RegisterComponentWithWorld: (/Engine/Transient.World_9:PersistentLevel.DESTROYED_Blocker_C_CHILDACTOR_23.DefaultSceneRoot) Trying to register component with IsPendingKill() == true. Aborting.
[2018.10.21-14.09.49:408][900]LogStats: FPlatformStackWalk::StackWalkAndDump - 15.874 s
[2018.10.21-14.09.49:408][900]LogOutputDevice:Error: === Handled ensure: ===
[2018.10.21-14.09.49:408][900]LogOutputDevice:Error: 
[2018.10.21-14.09.49:408][900]LogOutputDevice:Error: Ensure condition failed: Obj != nullptr [File:D:\Build\++UE4+Release-4.16+Compile\Sync\Engine\Source\Editor\PropertyEditor\Private\PropertyChangeListener.cpp] [Line: 246]
[2018.10.21-14.09.49:408][900]LogOutputDevice:Error: 
[2018.10.21-14.09.49:408][900]LogOutputDevice:Error: Stack: 
[2018.10.21-14.09.49:408][900]LogOutputDevice:Error: UE4Editor-Core.dll!FWindowsPlatformStackWalk::StackWalkAndDump() [d:\build\++ue4+release-4.16+compile\sync\engine\source\runtime\core\private\windows\windowsplatformstackwalk.cpp:200]
[2018.10.21-14.09.49:408][900]LogOutputDevice:Error: UE4Editor-Core.dll!FDebug::EnsureFailed() [d:\build\++ue4+release-4.16+compile\sync\engine\source\runtime\core\private\misc\assertionmacros.cpp:233]
[2018.10.21-14.09.49:408][900]LogOutputDevice:Error: UE4Editor-Core.dll!FDebug::OptionallyLogFormattedEnsureMessageReturningFalse() [d:\build\++ue4+release-4.16+compile\sync\engine\source\runtime\core\private\misc\assertionmacros.cpp:360]
[2018.10.21-14.09.49:408][900]LogOutputDevice:Error: UE4Editor-PropertyEditor.dll!FPropertyChangeListener::ScanForChanges() [d:\build\++ue4+release-4.16+compile\sync\engine\source\editor\propertyeditor\private\propertychangelistener.cpp:246]
[2018.10.21-14.09.49:408][900]LogOutputDevice:Error: UE4Editor-Sequencer.dll!FSequencerObjectChangeListener::OnObjectPostEditChange() [d:\build\++ue4+release-4.16+compile\sync\engine\source\editor\sequencer\private\sequencerobjectchangelistener.cpp:333]
[2018.10.21-14.09.49:408][900]LogOutputDevice:Error: UE4Editor-Sequencer.dll!TBaseRawMethodDelegateInstance<0,FSequencerObjectChangeListener,void __cdecl(UObject * __ptr64,FPropertyChangedEvent & __ptr64)>::ExecuteIfSafe() [d:\build\++ue4+release-4.16+compile\sync\engine\source\runtime\core\public\delegates\delegateinstancesimpl.h:648]
[2018.10.21-14.09.49:408][900]LogOutputDevice:Error: UE4Editor-CoreUObject.dll!TBaseMulticastDelegate<void,UObject * __ptr64,FPropertyChangedEvent & __ptr64>::Broadcast() [d:\build\++ue4+release-4.16+compile\sync\engine\source\runtime\core\public\delegates\delegatesignatureimpl.inl:937]
[2018.10.21-14.09.49:408][900]LogOutputDevice:Error: UE4Editor-Engine.dll!AActor::PostEditChangeProperty() [d:\build\++ue4+release-4.16+compile\sync\engine\source\runtime\engine\private\actoreditor.cpp:137]
[2018.10.21-14.09.49:408][900]LogOutputDevice:Error: UE4Editor-CoreUObject.dll!UObject::PostEditChange() [d:\build\++ue4+release-4.16+compile\sync\engine\source\runtime\coreuobject\private\uobject\obj.cpp:332]
[2018.10.21-14.09.49:408][900]LogOutputDevice:Error: UE4Editor-UnrealEd.dll!FBlueprintEditorUtils::PostEditChangeBlueprintActors() [d:\build\++ue4+release-4.16+compile\sync\engine\source\editor\unrealed\private\kismet2\blueprinteditorutils.cpp:7579]
[2018.10.21-14.09.49:408][900]LogOutputDevice:Error: UE4Editor-Kismet.dll!FBlueprintEditor::OnBlueprintChangedImpl() [d:\build\++ue4+release-4.16+compile\sync\engine\source\editor\kismet\private\blueprinteditor.cpp:3191]
[2018.10.21-14.09.49:408][900]LogOutputDevice:Error: UE4Editor-Kismet.dll!TBaseSPMethodDelegateInstance<0,FBlueprintEditor,0,TTypeWrapper<void> __cdecl(UBlueprint * __ptr64)>::Execute() [d:\build\++ue4+release-4.16+compile\sync\engine\source\runtime\core\public\delegates\delegateinstancesimpl.h:327]
[2018.10.21-14.09.49:408][900]LogOutputDevice:Error: UE4Editor-Kismet.dll!TBaseSPMethodDelegateInstance<0,FBlueprintEditor,0,void __cdecl(UBlueprint * __ptr64)>::ExecuteIfSafe() [d:\build\++ue4+release-4.16+compile\sync\engine\source\runtime\core\public\delegates\delegateinstancesimpl.h:434]
[2018.10.21-14.09.49:408][900]LogOutputDevice:Error: UE4Editor-Engine.dll!TBaseMulticastDelegate<void,UBlueprint * __ptr64>::Broadcast() [d:\build\++ue4+release-4.16+compile\sync\engine\source\runtime\core\public\delegates\delegatesignatureimpl.inl:937]
[2018.10.21-14.09.49:408][900]LogOutputDevice:Error: UE4Editor-UnrealEd.dll!FBlueprintCompileReinstancer::ReinstanceObjects() [d:\build\++ue4+release-4.16+compile\sync\engine\source\editor\unrealed\private\kismet2\kismetreinstanceutilities.cpp:961]
[2018.10.21-14.09.49:408][900]LogOutputDevice:Error: UE4Editor-UnrealEd.dll!FKismetEditorUtilities::CompileBlueprint() [d:\build\++ue4+release-4.16+compile\sync\engine\source\editor\unrealed\private\kismet2\kismet2.cpp:889]
[2018.10.21-14.09.49:408][900]LogOutputDevice:Error: UE4Editor-Kismet.dll!FBlueprintEditor::Compile() [d:\build\++ue4+release-4.16+compile\sync\engine\source\editor\kismet\private\blueprinteditor.cpp:3292]
[2018.10.21-14.09.49:409][900]LogOutputDevice:Error: UE4Editor-Kismet.dll!TBaseSPMethodDelegateInstance<0,FBlueprintEditor,0,TTypeWrapper<void> __cdecl(void)>::Execute() [d:\build\++ue4+release-4.16+compile\sync\engine\source\runtime\core\public\delegates\delegateinstancesimpl.h:327]
[2018.10.21-14.09.49:409][900]LogOutputDevice:Error: UE4Editor-Kismet.dll!TBaseSPMethodDelegateInstance<0,FBlueprintEditor,0,void __cdecl(void)>::ExecuteIfSafe() [d:\build\++ue4+release-4.16+compile\sync\engine\source\runtime\core\public\delegates\delegateinstancesimpl.h:434]
[2018.10.21-14.09.49:409][900]LogOutputDevice:Error: UE4Editor-Slate.dll!FUICommandList::ExecuteAction() [d:\build\++ue4+release-4.16+compile\sync\engine\source\runtime\slate\private\framework\commands\uicommandlist.cpp:97]
[2018.10.21-14.09.49:409][900]LogOutputDevice:Error: UE4Editor-Slate.dll!SToolBarButtonBlock::OnClicked() [d:\build\++ue4+release-4.16+compile\sync\engine\source\runtime\slate\private\framework\multibox\stoolbarbuttonblock.cpp:305]
[2018.10.21-14.09.49:409][900]LogOutputDevice:Error: UE4Editor-Slate.dll!TMemberFunctionCaller<SToolBarButtonBlock,FReply (__cdecl SToolBarButtonBlock::*)(void) __ptr64>::operator()<>() [d:\build\++ue4+release-4.16+compile\sync\engine\source\runtime\core\public\delegates\delegateinstanceinterface.h:165]
[2018.10.21-14.09.49:409][900]LogOutputDevice:Error: UE4Editor-Slate.dll!UE4Tuple_Private::TTupleImpl<TIntegerSequence<unsigned int> >::ApplyAfter<TMemberFunctionCaller<SToolBarButtonBlock,FReply (__cdecl SToolBarButtonBlock::*)(void) __ptr64> >() [d:\build\++ue4+release-4.16+compile\sync\engine\source\runtime\core\public\templates\tuple.h:497]
[2018.10.21-14.09.49:409][900]LogOutputDevice:Error: UE4Editor-Slate.dll!TBaseSPMethodDelegateInstance<0,SToolBarButtonBlock,0,FReply __cdecl(void)>::Execute() [d:\build\++ue4+release-4.16+compile\sync\engine\source\runtime\core\public\delegates\delegateinstancesimpl.h:327]
[2018.10.21-14.09.49:409][900]LogOutputDevice:Error: UE4Editor-Slate.dll!TBaseDelegate<FReply>::Execute() [d:\build\++ue4+release-4.16+compile\sync\engine\source\runtime\core\public\delegates\delegatesignatureimpl.inl:537]
[2018.10.21-14.09.49:409][900]LogOutputDevice:Error: UE4Editor-Slate.dll!SButton::OnMouseButtonUp() [d:\build\++ue4+release-4.16+compile\sync\engine\source\runtime\slate\private\widgets\input\sbutton.cpp:278]
[2018.10.21-14.09.49:409][900]LogOutputDevice:Error: UE4Editor-Slate.dll!<lambda_8d0e9a1da76abd0a756a3a9d775f5ed1>::operator()() [d:\build\++ue4+release-4.16+compile\sync\engine\source\runtime\slate\private\framework\application\slateapplication.cpp:5049]
[2018.10.21-14.09.49:409][900]LogOutputDevice:Error: UE4Editor-Slate.dll!FEventRouter::Route<FReply,FEventRouter::FToLeafmostPolicy,FPointerEvent,<lambda_8d0e9a1da76abd0a756a3a9d775f5ed1> >() [d:\build\++ue4+release-4.16+compile\sync\engine\source\runtime\slate\private\framework\application\slateapplication.cpp:239]
[2018.10.21-14.09.49:409][900]LogOutputDevice:Error: UE4Editor-Slate.dll!FSlateApplication::RoutePointerUpEvent() [d:\build\++ue4+release-4.16+compile\sync\engine\source\runtime\slate\private\framework\application\slateapplication.cpp:5038]
[2018.10.21-14.09.49:409][900]LogOutputDevice:Error: UE4Editor-Slate.dll!FSlateApplication::ProcessMouseButtonUpEvent() [d:\build\++ue4+release-4.16+compile\sync\engine\source\runtime\slate\private\framework\application\slateapplication.cpp:5515]
[2018.10.21-14.09.49:409][900]LogOutputDevice:Error: UE4Editor-Slate.dll!FSlateApplication::OnMouseUp() [d:\build\++ue4+release-4.16+compile\sync\engine\source\runtime\slate\private\framework\application\slateapplication.cpp:5495]
[2018.10.21-14.09.49:409][900]LogOutputDevice:Error: UE4Editor-Core.dll!FWindowsApplication::ProcessDeferredMessage() [d:\build\++ue4+release-4.16+compile\sync\engine\source\runtime\core\private\windows\windowsapplication.cpp:1704]
[2018.10.21-14.09.49:409][900]LogOutputDevice:Error: UE4Editor-Core.dll!FWindowsApplication::DeferMessage() [d:\build\++ue4+release-4.16+compile\sync\engine\source\runtime\core\private\windows\windowsapplication.cpp:2127]
[2018.10.21-14.09.49:409][900]LogOutputDevice:Error: UE4Editor-Core.dll!FWindowsApplication::ProcessMessage() [d:\build\++ue4+release-4.16+compile\sync\engine\source\runtime\core\private\windows\windowsapplication.cpp:867]
[2018.10.21-14.09.49:409][900]LogOutputDevice:Error: UE4Editor-Core.dll!FWindowsApplication::AppWndProc() [d:\build\++ue4+release-4.16+compile\sync\engine\source\runtime\core\private\windows\windowsapplication.cpp:714]
[2018.10.21-14.09.49:409][900]LogOutputDevice:Error: USER32.dll!0x000000001A2C6CC1
[2018.10.21-14.09.49:409][900]LogOutputDevice:Error: USER32.dll!0x000000001A2C6693
[2018.10.21-14.09.49:409][900]LogOutputDevice:Error: UE4Editor-Core.dll!FWindowsPlatformMisc::PumpMessages() [d:\build\++ue4+release-4.16+compile\sync\engine\source\runtime\core\private\windows\windowsplatformmisc.cpp:1009]
[2018.10.21-14.09.49:409][900]LogOutputDevice:Error: UE4Editor.exe!FEngineLoop::Tick() [d:\build\++ue4+release-4.16+compile\sync\engine\source\runtime\launch\private\launchengineloop.cpp:3058]
[2018.10.21-14.09.49:409][900]LogOutputDevice:Error: UE4Editor.exe!GuardedMain() [d:\build\++ue4+release-4.16+compile\sync\engine\source\runtime\launch\private\launch.cpp:166]
[2018.10.21-14.09.49:409][900]LogOutputDevice:Error: UE4Editor.exe!GuardedMainWrapper() [d:\build\++ue4+release-4.16+compile\sync\engine\source\runtime\launch\private\windows\launchwindows.cpp:134]
[2018.10.21-14.09.49:409][900]LogOutputDevice:Error: UE4Editor.exe!WinMain() [d:\build\++ue4+release-4.16+compile\sync\engine\source\runtime\launch\private\windows\launchwindows.cpp:210]
[2018.10.21-14.09.49:409][900]LogOutputDevice:Error: UE4Editor.exe!__scrt_common_main_seh() [f:\dd\vctools\crt\vcstartup\src\startup\exe_common.inl:253]
[2018.10.21-14.09.49:409][900]LogOutputDevice:Error: KERNEL32.DLL!0x000000001A203034
[2018.10.21-14.09.49:409][900]LogOutputDevice:Error: ntdll.dll!0x000000001A6F1461
[2018.10.21-14.09.49:409][900]LogOutputDevice:Error: 
[2018.10.21-14.09.49:419][900]LogStats:                SubmitErrorReport -  0.000 s
[2018.10.21-14.09.51:252][900]LogStats:                    SendNewReport -  1.833 s
[2018.10.21-14.09.51:252][900]LogStats:             FDebug::EnsureFailed - 17.718 s
[2018.10.21-14.09.52:453][900]LogCrashTracker: 


[2018.10.21-14.09.52:453][900]LogCrashTracker: 


[2018.10.21-14.09.52:453][900]LogWindows:Error: === Critical error: ===
[2018.10.21-14.09.52:453][900]LogWindows:Error: 
[2018.10.21-14.09.52:453][900]LogWindows:Error: Unhandled Exception: EXCEPTION_ACCESS_VIOLATION reading address 0xffffffff
[2018.10.21-14.09.52:453][900]LogWindows:Error: 
[2018.10.21-14.09.52:453][900]LogWindows:Error: UE4Editor-CoreUObject.dll!UObjectPropertyBase::Identical() [d:\build\++ue4+release-4.16+compile\sync\engine\source\runtime\coreuobject\private\uobject\propertybaseobject.cpp:63]
[2018.10.21-14.09.52:453][900]LogWindows:Error: UE4Editor-PropertyEditor.dll!FValueCache::ScanForChanges() [d:\build\++ue4+release-4.16+compile\sync\engine\source\editor\propertyeditor\private\propertychangelistener.cpp:156]
[2018.10.21-14.09.52:453][900]LogWindows:Error: UE4Editor-PropertyEditor.dll!FPropertyChangeListener::ScanForChanges() [d:\build\++ue4+release-4.16+compile\sync\engine\source\editor\propertyeditor\private\propertychangelistener.cpp:230]
[2018.10.21-14.09.52:453][900]LogWindows:Error: UE4Editor-Sequencer.dll!FSequencerObjectChangeListener::OnObjectPostEditChange() [d:\build\++ue4+release-4.16+compile\sync\engine\source\editor\sequencer\private\sequencerobjectchangelistener.cpp:333]
[2018.10.21-14.09.52:453][900]LogWindows:Error: UE4Editor-Sequencer.dll!TBaseRawMethodDelegateInstance<0,FSequencerObjectChangeListener,void __cdecl(UObject * __ptr64,FPropertyChangedEvent & __ptr64)>::ExecuteIfSafe() [d:\build\++ue4+release-4.16+compile\sync\engine\source\runtime\core\public\delegates\delegateinstancesimpl.h:648]
[2018.10.21-14.09.52:453][900]LogWindows:Error: UE4Editor-CoreUObject.dll!TBaseMulticastDelegate<void,UObject * __ptr64,FPropertyChangedEvent & __ptr64>::Broadcast() [d:\build\++ue4+release-4.16+compile\sync\engine\source\runtime\core\public\delegates\delegatesignatureimpl.inl:937]
[2018.10.21-14.09.52:453][900]LogWindows:Error: UE4Editor-Engine.dll!AActor::PostEditChangeProperty() [d:\build\++ue4+release-4.16+compile\sync\engine\source\runtime\engine\private\actoreditor.cpp:137]
[2018.10.21-14.09.52:453][900]LogWindows:Error: UE4Editor-CoreUObject.dll!UObject::PostEditChange() [d:\build\++ue4+release-4.16+compile\sync\engine\source\runtime\coreuobject\private\uobject\obj.cpp:332]
[2018.10.21-14.09.52:453][900]LogWindows:Error: UE4Editor-UnrealEd.dll!FBlueprintEditorUtils::PostEditChangeBlueprintActors() [d:\build\++ue4+release-4.16+compile\sync\engine\source\editor\unrealed\private\kismet2\blueprinteditorutils.cpp:7579]
[2018.10.21-14.09.52:453][900]LogWindows:Error: UE4Editor-Kismet.dll!FBlueprintEditor::OnBlueprintChangedImpl() [d:\build\++ue4+release-4.16+compile\sync\engine\source\editor\kismet\private\blueprinteditor.cpp:3191]
[2018.10.21-14.09.52:453][900]LogWindows:Error: UE4Editor-Kismet.dll!TBaseSPMethodDelegateInstance<0,FBlueprintEditor,0,TTypeWrapper<void> __cdecl(UBlueprint * __ptr64)>::Execute() [d:\build\++ue4+release-4.16+compile\sync\engine\source\runtime\core\public\delegates\delegateinstancesimpl.h:327]
[2018.10.21-14.09.52:453][900]LogWindows:Error: UE4Editor-Kismet.dll!TBaseSPMethodDelegateInstance<0,FBlueprintEditor,0,void __cdecl(UBlueprint * __ptr64)>::ExecuteIfSafe() [d:\build\++ue4+release-4.16+compile\sync\engine\source\runtime\core\public\delegates\delegateinstancesimpl.h:434]
[2018.10.21-14.09.52:453][900]LogWindows:Error: UE4Editor-Engine.dll!TBaseMulticastDelegate<void,UBlueprint * __ptr64>::Broadcast() [d:\build\++ue4+release-4.16+compile\sync\engine\source\runtime\core\public\delegates\delegatesignatureimpl.inl:937]
[2018.10.21-14.09.52:453][900]LogWindows:Error: UE4Editor-UnrealEd.dll!FBlueprintCompileReinstancer::ReinstanceObjects() [d:\build\++ue4+release-4.16+compile\sync\engine\source\editor\unrealed\private\kismet2\kismetreinstanceutilities.cpp:961]
[2018.10.21-14.09.52:453][900]LogWindows:Error: UE4Editor-UnrealEd.dll!FKismetEditorUtilities::CompileBlueprint() [d:\build\++ue4+release-4.16+compile\sync\engine\source\editor\unrealed\private\kismet2\kismet2.cpp:889]
[2018.10.21-14.09.52:453][900]LogWindows:Error: UE4Editor-Kismet.dll!FBlueprintEditor::Compile() [d:\build\++ue4+release-4.16+compile\sync\engine\source\editor\kismet\private\blueprinteditor.cpp:3292]
[2018.10.21-14.09.52:453][900]LogWindows:Error: UE4Editor-Kismet.dll!TBaseSPMethodDelegateInstance<0,FBlueprintEditor,0,TTypeWrapper<void> __cdecl(void)>::Execute() [d:\build\++ue4+release-4.16+compile\sync\engine\source\runtime\core\public\delegates\delegateinstancesimpl.h:327]
[2018.10.21-14.09.52:453][900]LogWindows:Error: UE4Editor-Kismet.dll!TBaseSPMethodDelegateInstance<0,FBlueprintEditor,0,void __cdecl(void)>::ExecuteIfSafe() [d:\build\++ue4+release-4.16+compile\sync\engine\source\runtime\core\public\delegates\delegateinstancesimpl.h:434]
[2018.10.21-14.09.52:453][900]LogWindows:Error: UE4Editor-Slate.dll!FUICommandList::ExecuteAction() [d:\build\++ue4+release-4.16+compile\sync\engine\source\runtime\slate\private\framework\commands\uicommandlist.cpp:97]
[2018.10.21-14.09.52:453][900]LogWindows:Error: UE4Editor-Slate.dll!SToolBarButtonBlock::OnClicked() [d:\build\++ue4+release-4.16+compile\sync\engine\source\runtime\slate\private\framework\multibox\stoolbarbuttonblock.cpp:305]
[2018.10.21-14.09.52:453][900]LogWindows:Error: UE4Editor-Slate.dll!TMemberFunctionCaller<SToolBarButtonBlock,FReply (__cdecl SToolBarButtonBlock::*)(void) __ptr64>::operator()<>() [d:\build\++ue4+release-4.16+compile\sync\engine\source\runtime\core\public\delegates\delegateinstanceinterface.h:165]
[2018.10.21-14.09.52:453][900]LogWindows:Error: UE4Editor-Slate.dll!UE4Tuple_Private::TTupleImpl<TIntegerSequence<unsigned int> >::ApplyAfter<TMemberFunctionCaller<SToolBarButtonBlock,FReply (__cdecl SToolBarButtonBlock::*)(void) __ptr64> >() [d:\build\++ue4+release-4.16+compile\sync\engine\source\runtime\core\public\templates\tuple.h:497]
[2018.10.21-14.09.52:453][900]LogWindows:Error: UE4Editor-Slate.dll!TBaseSPMethodDelegateInstance<0,SToolBarButtonBlock,0,FReply __cdecl(void)>::Execute() [d:\build\++ue4+release-4.16+compile\sync\engine\source\runtime\core\public\delegates\delegateinstancesimpl.h:327]
[2018.10.21-14.09.52:453][900]LogWindows:Error: UE4Editor-Slate.dll!TBaseDelegate<FReply>::Execute() [d:\build\++ue4+release-4.16+compile\sync\engine\source\runtime\core\public\delegates\delegatesignatureimpl.inl:537]
[2018.10.21-14.09.52:453][900]LogWindows:Error: UE4Editor-Slate.dll!SButton::OnMouseButtonUp() [d:\build\++ue4+release-4.16+compile\sync\engine\source\runtime\slate\private\widgets\input\sbutton.cpp:278]
[2018.10.21-14.09.52:453][900]LogWindows:Error: UE4Editor-Slate.dll!<lambda_8d0e9a1da76abd0a756a3a9d775f5ed1>::operator()() [d:\build\++ue4+release-4.16+compile\sync\engine\source\runtime\slate\private\framework\application\slateapplication.cpp:5049]
[2018.10.21-14.09.52:453][900]LogWindows:Error: UE4Editor-Slate.dll!FEventRouter::Route<FReply,FEventRouter::FToLeafmostPolicy,FPointerEvent,<lambda_8d0e9a1da76abd0a756a3a9d775f5ed1> >() [d:\build\++ue4+release-4.16+compile\sync\engine\source\runtime\slate\private\framework\application\slateapplication.cpp:239]
[2018.10.21-14.09.52:453][900]LogWindows:Error: UE4Editor-Slate.dll!FSlateApplication::RoutePointerUpEvent() [d:\build\++ue4+release-4.16+compile\sync\engine\source\runtime\slate\private\framework\application\slateapplication.cpp:5038]
[2018.10.21-14.09.52:453][900]LogWindows:Error: UE4Editor-Slate.dll!FSlateApplication::ProcessMouseButtonUpEvent() [d:\build\++ue4+release-4.16+compile\sync\engine\source\runtime\slate\private\framework\application\slateapplication.cpp:5515]
[2018.10.21-14.09.52:453][900]LogWindows:Error: UE4Editor-Slate.dll!FSlateApplication::OnMouseUp() [d:\build\++ue4+release-4.16+compile\sync\engine\source\runtime\slate\private\framework\application\slateapplication.cpp:5495]
[2018.10.21-14.09.52:453][900]LogWindows:Error: UE4Editor-Core.dll!FWindowsApplication::ProcessDeferredMessage() [d:\build\++ue4+release-4.16+compile\sync\engine\source\runtime\core\private\windows\windowsapplication.cpp:1704]
[2018.10.21-14.09.52:453][900]LogWindows:Error: UE4Editor-Core.dll!FWindowsApplication::DeferMessage() [d:\build\++ue4+release-4.16+compile\sync\engine\source\runtime\core\private\windows\windowsapplication.cpp:2127]
[2018.10.21-14.09.52:453][900]LogWindows:Error: UE4Editor-Core.dll!FWindowsApplication::ProcessMessage() [d:\build\++ue4+release-4.16+compile\sync\engine\source\runtime\core\private\windows\windowsapplication.cpp:867]
[2018.10.21-14.09.52:453][900]LogWindows:Error: UE4Editor-Core.dll!FWindowsApplication::AppWndProc() [d:\build\++ue4+release-4.16+compile\sync\engine\source\runtime\core\private\windows\windowsapplication.cpp:714]
[2018.10.21-14.09.52:453][900]LogWindows:Error: USER32.dll!0x000000001A2C6CC1
[2018.10.21-14.09.52:453][900]LogWindows:Error: USER32.dll!0x000000001A2C6693
[2018.10.21-14.09.52:453][900]LogWindows:Error: UE4Editor-Core.dll!FWindowsPlatformMisc::PumpMessages() [d:\build\++ue4+release-4.16+compile\sync\engine\source\runtime\core\private\windows\windowsplatformmisc.cpp:1009]
[2018.10.21-14.09.52:454][900]LogWindows:Error: UE4Editor.exe!FEngineLoop::Tick() [d:\build\++ue4+release-4.16+compile\sync\engine\source\runtime\launch\private\launchengineloop.cpp:3058]
[2018.10.21-14.09.52:454][900]LogWindows:Error: UE4Editor.exe!GuardedMain() [d:\build\++ue4+release-4.16+compile\sync\engine\source\runtime\launch\private\launch.cpp:166]
[2018.10.21-14.09.52:454][900]LogWindows:Error: UE4Editor.exe!GuardedMainWrapper() [d:\build\++ue4+release-4.16+compile\sync\engine\source\runtime\launch\private\windows\launchwindows.cpp:134]
[2018.10.21-14.09.52:454][900]LogWindows:Error: UE4Editor.exe!WinMain() [d:\build\++ue4+release-4.16+compile\sync\engine\source\runtime\launch\private\windows\launchwindows.cpp:210]
[2018.10.21-14.09.52:454][900]LogWindows:Error: UE4Editor.exe!__scrt_common_main_seh() [f:\dd\vctools\crt\vcstartup\src\startup\exe_common.inl:253]
[2018.10.21-14.09.52:454][900]LogWindows:Error: KERNEL32.DLL!0x000000001A203034
[2018.10.21-14.09.52:454][900]LogWindows:Error: ntdll.dll!0x000000001A6F1461
[2018.10.21-14.09.52:454][900]LogWindows:Error: ntdll.dll!0x000000001A6F1461
[2018.10.21-14.09.52:454][900]LogWindows:Error: 
[2018.10.21-14.09.52:486][900]LogExit: Executing StaticShutdownAfterError
[2018.10.21-14.09.55:769][900]LogWindows: FPlatformMisc::RequestExit(1)
[2018.10.21-14.09.55:795][900]Log file closed, 10/21/18 16:09:55
