Log file open, 10/21/18 17:21:38
LogInit:Display: Running engine for game: Bio
LogPlatformFile: Not using cached read wrapper
LogInit:Display: RandInit(455521316) SRandInit(455521316).
LogTaskGraph: Started task graph with 5 named threads and 8 total threads with 1 sets of task threads.
LogStats: Stats thread started at 0.149114
LogInit: Using libcurl 7.47.1
LogInit:  - built for x86_64-pc-win32
LogInit:  - supports SSL with OpenSSL/1.0.2g
LogInit:  - supports HTTP deflate (compression) using libz 1.2.8
LogInit:  - other features:
LogInit:      CURL_VERSION_SSL
LogInit:      CURL_VERSION_LIBZ
LogInit:      CURL_VERSION_IPV6
LogInit:      CURL_VERSION_ASYNCHDNS
LogInit:      CURL_VERSION_LARGEFILE
LogInit:      CURL_VERSION_IDN
LogInit:  CurlRequestOptions (configurable via config and command line):
LogInit:  - bVerifyPeer = false  - Libcurl will NOT verify peer certificate
LogInit:  - bUseHttpProxy = false  - Libcurl will NOT use HTTP proxy
LogInit:  - bDontReuseConnections = false  - Libcurl will reuse connections
LogInit:  - CertBundlePath = nullptr  - Libcurl will use whatever was configured at build time.
LogInit: Build: ++UE4+Release-4.16-CL-3561208
LogInit: Engine Version: 4.16.3-3561208+++UE4+Release-4.16
LogInit: Compatible Engine Version: 4.16.0-3452394+++UE4+Release-4.16
LogInit: Net CL: 3452394
LogDevObjectVersion: Number of dev versions registered: 16
LogDevObjectVersion:   Dev-Blueprints (B0D832E4-1F89-4F0D-ACCF-7EB736FD4AA2): 9
LogDevObjectVersion:   Dev-Build (E1C64328-A22C-4D53-A36C-8E866417BD8C): 0
LogDevObjectVersion:   Dev-Core (375EC13C-06E4-48FB-B500-84F0262A717E): 2
LogDevObjectVersion:   Dev-Editor (E4B068ED-F494-42E9-A231-DA0B2E46BB41): 17
LogDevObjectVersion:   Dev-Framework (CFFC743F-43B0-4480-9391-14DF171D2073): 23
LogDevObjectVersion:   Dev-Mobile (B02B49B5-BB20-44E9-A304-32B752E40360): 0
LogDevObjectVersion:   Dev-Networking (A4E4105C-59A1-49B5-A7C5-40C4547EDFEE): 0
LogDevObjectVersion:   Dev-Online (39C831C9-5AE6-47DC-9A44-9C173E1C8E7C): 0
LogDevObjectVersion:   Dev-Physics (78F01B33-EBEA-4F98-B9B4-84EACCB95AA2): 0
LogDevObjectVersion:   Dev-Platform (6631380F-2D4D-43E0-8009-CF276956A95A): 0
LogDevObjectVersion:   Dev-Rendering (12F88B9F-8875-4AFC-A67C-D90C383ABD29): 15
LogDevObjectVersion:   Dev-Sequencer (7B5AE74C-D270-4C10-A958-57980B212A5A): 4
LogDevObjectVersion:   Dev-VR (D7296918-1DD6-4BDD-9DE2-64A83CC13884): 0
LogDevObjectVersion:   Dev-LoadTimes (C2A15278-BFE7-4AFE-6C17-90FF531DF755): 1
LogDevObjectVersion:   Private-Geometry (6EACA3D4-40EC-4CC1-B786-8BED09428FC5): 1
LogDevObjectVersion:   Dev-AnimPhys (29E575DD-E0A3-4627-9D10-D276232CDCEA): 3
LogInit: Compiled (64-bit): Jul 28 2017 11:49:47
LogInit: Compiled with Visual C++: 19.00.24215.01
LogInit: Build Configuration: Development
LogInit: Branch Name: ++UE4+Release-4.16
LogInit: Command line:  
LogInit: Base directory: C:/Program Files/Epic Games/UE_4.16/Engine/Binaries/Win64/
LogInit: Installed Engine Build: 1
LogInit: Presizing for max 8388607 objects, including 0 objects not considered by GC, pre-allocating 0 bytes for permanent pool.
LogInit: Object subsystem initialized
[2018.10.21-15.21.40:713][  0]LogInit: Selected Device Profile: [Windows]
[2018.10.21-15.21.40:713][  0]LogInit: Applying CVar settings loaded from the selected device profile: [Windows]
[2018.10.21-15.21.40:743][  0]LogInit: Computer: DESKTOP-KR2EHTK
[2018.10.21-15.21.40:743][  0]LogInit: User: Ferran
[2018.10.21-15.21.40:743][  0]LogInit: CPU Page size=4096, Cores=4
[2018.10.21-15.21.40:743][  0]LogInit: High frequency timer resolution =3.349777 MHz
[2018.10.21-15.21.40:743][  0]LogMemory: Memory total: Physical=8.0GB (8GB approx)
[2018.10.21-15.21.40:743][  0]LogMemory: Platform Memory Stats for Windows
[2018.10.21-15.21.40:743][  0]LogMemory: Process Physical Memory: 271.95 MB used, 271.95 MB peak
[2018.10.21-15.21.40:743][  0]LogMemory: Process Virtual Memory: 258.68 MB used, 258.68 MB peak
[2018.10.21-15.21.40:743][  0]LogMemory: Physical Memory: 4666.91 MB used,  3487.34 MB free, 8154.25 MB total
[2018.10.21-15.21.40:743][  0]LogMemory: Virtual Memory: 4766.37 MB used,  3487.34 MB free, 134217728.00 MB total
[2018.10.21-15.21.41:465][  0]LogInit: Overriding language with editor language configuration option (en).
[2018.10.21-15.21.41:465][  0]LogInit: Overriding locale with editor locale configuration option (en).
[2018.10.21-15.21.45:979][  0]LogD3D11RHI: D3D11 adapters:
[2018.10.21-15.21.46:001][  0]LogD3D11RHI:    0. 'AMD Radeon HD 7900 Series' (Feature Level 11_0)
[2018.10.21-15.21.46:001][  0]LogD3D11RHI:       3052/0/4077 MB DedicatedVideo/DedicatedSystem/SharedSystem, Outputs:2, VendorId:0x1002
[2018.10.21-15.21.46:005][  0]LogD3D11RHI:    1. 'Microsoft Basic Render Driver' (Feature Level 11_0)
[2018.10.21-15.21.46:005][  0]LogD3D11RHI:       0/0/4077 MB DedicatedVideo/DedicatedSystem/SharedSystem, Outputs:0, VendorId:0x1414
[2018.10.21-15.21.46:005][  0]LogD3D11RHI: Chosen D3D11 Adapter: 0
[2018.10.21-15.21.46:010][  0]LogD3D11RHI: Creating new Direct3DDevice
[2018.10.21-15.21.46:010][  0]LogD3D11RHI:     GPU DeviceId: 0x679a (for the marketing name, search the web for "GPU Device Id")
[2018.10.21-15.21.46:010][  0]LogWindows: EnumDisplayDevices:
[2018.10.21-15.21.46:010][  0]LogWindows:    0. 'AMD Radeon HD 7900 Series' (P:0 D:1)
[2018.10.21-15.21.46:011][  0]LogWindows:    1. 'AMD Radeon HD 7900 Series' (P:1 D:1)
[2018.10.21-15.21.46:012][  0]LogWindows:    2. 'AMD Radeon HD 7900 Series' (P:0 D:0)
[2018.10.21-15.21.46:013][  0]LogWindows:    3. 'AMD Radeon HD 7900 Series' (P:0 D:0)
[2018.10.21-15.21.46:014][  0]LogWindows:    4. 'AMD Radeon HD 7900 Series' (P:0 D:0)
[2018.10.21-15.21.46:015][  0]LogWindows:    5. 'AMD Radeon HD 7900 Series' (P:0 D:0)
[2018.10.21-15.21.46:015][  0]LogWindows: DebugString: GetVideoDriverDetailsInvalid PrimaryIsNotTheChoosenAdapter GetVideoDriverDetailsInvalid PrimaryIsNotTheChoosenAdapter GetVideoDriverDetailsInvalid PrimaryIsNotTheChoosenAdapter GetVideoDriverDetailsInvalid PrimaryIsNotTheChoosenAdapter GetVideoDriverDetailsInvalid PrimaryIsNotTheChoosenAdapter GetVideoDriverDetailsInvalid PrimaryIsNotTheChoosenAdapter FoundDriverCount:0 
[2018.10.21-15.21.46:015][  0]LogD3D11RHI:     Adapter Name: AMD Radeon HD 7900 Series
[2018.10.21-15.21.46:015][  0]LogD3D11RHI:   Driver Version: Unknown (internal:Unknown, unified:Unknown)
[2018.10.21-15.21.46:015][  0]LogD3D11RHI:      Driver Date: Unknown
[2018.10.21-15.21.46:015][  0]LogRHI: Texture pool is 1361 MB (70% of 1945 MB)
[2018.10.21-15.21.46:087][  0]LogD3D11RHI: Async texture creation enabled
[2018.10.21-15.21.46:099][  0]LogD3D11RHI: GPU Timing Frequency: 27.000000 (Debug: 2 1)
[2018.10.21-15.21.46:100][  0]LogShaderCompilers: Guid format shader working directory is 13 characters bigger than the processId version (E:/Project2/GITHUB DESKTOP/Bio/Bio/Intermediate/Shaders/WorkingDirectory/9912/).
[2018.10.21-15.21.46:101][  0]LogShaderCompilers: Cleaned the shader compiler working directory 'C:/Users/Ferran/AppData/Local/Temp/UnrealShaderWorkingDir/EE626BD44AF9FB3682A72D8D9C5C05DA/'.
[2018.10.21-15.21.46:101][  0]LogShaderCompilers:Display: Using Local Shader Compiler.
[2018.10.21-15.21.48:223][  0]LogTemp:Display: Loaded TP AllDesktopTargetPlatform
[2018.10.21-15.21.48:555][  0]LogTemp:Display: Loaded TP MacClientTargetPlatform
[2018.10.21-15.21.48:880][  0]LogTemp:Display: Loaded TP MacNoEditorTargetPlatform
[2018.10.21-15.21.49:211][  0]LogTemp:Display: Loaded TP MacServerTargetPlatform
[2018.10.21-15.21.49:532][  0]LogTemp:Display: Loaded TP MacTargetPlatform
[2018.10.21-15.21.49:852][  0]LogTemp:Display: Loaded TP WindowsClientTargetPlatform
[2018.10.21-15.21.50:184][  0]LogTemp:Display: Loaded TP WindowsNoEditorTargetPlatform
[2018.10.21-15.21.50:527][  0]LogTemp:Display: Loaded TP WindowsServerTargetPlatform
[2018.10.21-15.21.50:853][  0]LogTemp:Display: Loaded TP WindowsTargetPlatform
[2018.10.21-15.21.51:177][  0]LogTemp:Display: Loaded TP AndroidTargetPlatform
[2018.10.21-15.21.51:508][  0]LogTemp:Display: Loaded TP Android_ASTCTargetPlatform
[2018.10.21-15.21.51:867][  0]LogTemp:Display: Loaded TP Android_ATCTargetPlatform
[2018.10.21-15.21.52:210][  0]LogTemp:Display: Loaded TP Android_DXTTargetPlatform
[2018.10.21-15.21.52:547][  0]LogTemp:Display: Loaded TP Android_ETC1TargetPlatform
[2018.10.21-15.21.52:901][  0]LogTemp:Display: Loaded TP Android_ETC2TargetPlatform
[2018.10.21-15.21.53:566][  0]LogTemp:Display: Loaded TP Android_MultiTargetPlatform
[2018.10.21-15.21.53:566][  0]LogTemp:Display: Loaded TP Android_PVRTCTargetPlatform
[2018.10.21-15.21.53:884][  0]LogTemp:Display: Loaded TP HTML5TargetPlatform
[2018.10.21-15.21.54:428][  0]LogTemp:Display: Loaded TP IOSTargetPlatform
[2018.10.21-15.21.54:625][  0]LogTemp:Display: Loaded TP TVOSTargetPlatform
[2018.10.21-15.21.54:963][  0]LogTemp:Display: Loaded TP LinuxClientTargetPlatform
[2018.10.21-15.21.55:303][  0]LogTemp:Display: Loaded TP LinuxNoEditorTargetPlatform
[2018.10.21-15.21.55:632][  0]LogTemp:Display: Loaded TP LinuxServerTargetPlatform
[2018.10.21-15.21.55:951][  0]LogTemp:Display: Loaded TP LinuxTargetPlatform
[2018.10.21-15.21.55:951][  0]LogTargetPlatformManager:Display: Building Assets For Windows
[2018.10.21-15.21.59:879][  0]LogDerivedDataCache:Display: Max Cache Size: 512 MB
[2018.10.21-15.22.00:457][  0]LogDerivedDataCache: Loaded boot cache 0.58s 90MB C:/Users/Ferran/AppData/Local/UnrealEngine/4.16/DerivedDataCache/Boot.ddc.
[2018.10.21-15.22.00:457][  0]LogDerivedDataCache:Display: Loaded Boot cache: C:/Users/Ferran/AppData/Local/UnrealEngine/4.16/DerivedDataCache/Boot.ddc
[2018.10.21-15.22.00:457][  0]LogDerivedDataCache: FDerivedDataBackendGraph:  Pak pak cache file E:/Project2/GITHUB DESKTOP/Bio/Bio/DerivedDataCache/DDC.ddp not found, will not use a pak cache.
[2018.10.21-15.22.00:457][  0]LogDerivedDataCache: Unable to find inner node Pak for hierarchical cache Hierarchy.
[2018.10.21-15.22.00:457][  0]LogDerivedDataCache: FDerivedDataBackendGraph:  CompressedPak pak cache file E:/Project2/GITHUB DESKTOP/Bio/Bio/DerivedDataCache/Compressed.ddp not found, will not use a pak cache.
[2018.10.21-15.22.00:457][  0]LogDerivedDataCache: Unable to find inner node CompressedPak for hierarchical cache Hierarchy.
[2018.10.21-15.22.00:480][  0]LogDerivedDataCache:Display: Pak cache opened for reading ../../../Engine/DerivedDataCache/Compressed.ddp.
[2018.10.21-15.22.00:494][  0]LogDerivedDataCache: Using Local data cache path C:/Users/Ferran/AppData/Local/UnrealEngine/Common/DerivedDataCache: Writable
[2018.10.21-15.22.00:505][  0]LogMaterial: Verifying Global Shaders for PCD3D_SM5
[2018.10.21-15.22.00:506][  0]LogSlate: Using Freetype 2.6.0
[2018.10.21-15.22.00:522][  0]LogSlate: SlateFontCache - WITH_FREETYPE: 1, WITH_HARFBUZZ: 1
[2018.10.21-15.22.00:522][  0]LogSlate: SlateFontCache - WITH_FREETYPE: 1, WITH_HARFBUZZ: 1
[2018.10.21-15.22.01:469][  0]LogInit: Selected Device Profile: [Windows]
[2018.10.21-15.22.01:563][  0]LogContentStreaming: Texture pool size is 0.00 MB
[2018.10.21-15.22.02:247][  0]LogMeshUtilities: Using QuadricMeshReduction for automatic static mesh reduction
[2018.10.21-15.22.02:595][  0]LogSimplygon: Simplygon DLL not present - disabling.
[2018.10.21-15.22.02:933][  0]LogMeshUtilities: Using SimplygonSwarm for distributed automatic mesh merging
[2018.10.21-15.22.02:933][  0]LogMeshUtilities: No automatic skeletal mesh reduction module available
[2018.10.21-15.22.02:933][  0]LogMeshUtilities: No automatic mesh merging module available
[2018.10.21-15.22.04:938][  0]LogNetVersion: Bio , NetCL: 3452394, EngineNetVer: 2, GameNetVer: 0 (Checksum: 343922727)
[2018.10.21-15.22.05:171][  0]LogAssetRegistry: FAssetRegistry took 0.0276 seconds to start up
[2018.10.21-15.22.05:384][  0]LogPackageLocalizationCache: Processed 4 localized package path(s) for 1 prioritized culture(s) in 0.026365 seconds
[2018.10.21-15.22.05:390][  0]LogUObjectArray: 34194 objects as part of root set at end of initial load.
[2018.10.21-15.22.05:390][  0]LogUObjectAllocator: 7260424 out of 0 bytes used by permanent object pool.
[2018.10.21-15.22.05:390][  0]LogUObjectArray: CloseDisregardForGC: 0/0 objects in disregard for GC pool
[2018.10.21-15.22.05:956][  0]LogInit: WinSock: version 1.1 (2.2), MaxSocks=32767, MaxUdp=65467
[2018.10.21-15.22.19:715][  0]LogTcpMessaging: Initializing TcpMessaging bridge
[2018.10.21-15.22.19:940][  0]LogUdpMessaging: Initializing bridge on interface 0.0.0.0:0 to multicast group 230.0.0.1:6666.
[2018.10.21-15.22.23:098][  0]LogMaterial: Uniform references updated for custom material expression Custom.
[2018.10.21-15.22.25:479][  0]SourceControl: Info Source control is disabled
[2018.10.21-15.22.25:609][  0]SourceControl: Info Source control is disabled
[2018.10.21-15.22.25:947][  0]SourceControl: Info Source control is disabled
[2018.10.21-15.22.26:276][  0]SourceControl: Info Source control is disabled
[2018.10.21-15.22.31:224][  0]LogAndroidPermission: UAndroidPermissionCallbackProxy::GetInstance
[2018.10.21-15.22.35:414][  0]LogEngine: Initializing Engine...
[2018.10.21-15.22.35:689][  0]LogHMD: Failed to initialize OpenVR with code 108
[2018.10.21-15.22.35:903][  0]LogStats: UGameplayTagsManager::ConstructGameplayTagTree: Construct from data asset -  0.000 s
[2018.10.21-15.22.35:903][  0]LogStats: UGameplayTagsManager::ConstructGameplayTagTree: GameplayTagTreeChangedEvent.Broadcast -  0.000 s
[2018.10.21-15.22.36:831][  0]LogAIModule: Creating AISystem for world Untitled
[2018.10.21-15.22.36:982][  0]LogInit: XAudio2 using 'Altavoces (VIA HD Audio)' : 2 channels at 48 kHz using 32 bits per sample (channel mask 0x3)
[2018.10.21-15.22.37:029][  0]LogInit: FAudioDevice initialized.
[2018.10.21-15.22.37:076][  0]LogDerivedDataCache: Saved boot cache 0.05s 90MB C:/Users/Ferran/AppData/Local/UnrealEngine/4.16/DerivedDataCache/Boot.ddc.
[2018.10.21-15.22.37:090][  0]LogInit: Texture streaming: Enabled
[2018.10.21-15.22.37:907][  0]LogEngineSessionManager: EngineSessionManager initialized
[2018.10.21-15.22.37:907][  0]LogEngineSessionManager: EngineSessionManager sent abnormal shutdown report. Type=AbnormalShutdown, SessionId={7C2B03C3-4725-8AF4-A66C-0BB3CDE889D2}
[2018.10.21-15.22.39:618][  0]LogInit: Transaction tracking system initialized
[2018.10.21-15.22.42:168][  0]BlueprintLog: New page: Editor Load
[2018.10.21-15.22.49:679][  0]LocalizationService: Info Localization service is disabled
[2018.10.21-15.22.54:945][  0]LogConsoleResponse:Display: 
[2018.10.21-15.22.55:328][  0]LogCook:Display: Max memory allowance for cook 16384mb min free memory 0mb
[2018.10.21-15.22.55:328][  0]LogCook:Display: Mobile HDR setting 1
[2018.10.21-15.22.56:423][  0]LogFileCache: Scanning file cache for directory 'E:/Project2/GITHUB DESKTOP/Bio/Bio/Content/' took 0.02s
[2018.10.21-15.23.03:009][  0]SourceControl: Info Source control is disabled
[2018.10.21-15.23.03:009][  0]Cmd: MAP LOAD FILE="E:/Project2/GITHUB DESKTOP/Bio/Bio/Content/Levels/TempleRun/TempleRun.umap" TEMPLATE=0 SHOWPROGRESS=1 FEATURELEVEL=3
[2018.10.21-15.23.03:010][  0]LightingResults: New page: Lighting Build
[2018.10.21-15.23.03:316][  0]MapCheck: New page: Map Check
[2018.10.21-15.23.03:316][  0]LightingResults: New page: Lighting Build
[2018.10.21-15.23.04:011][  0]LogAIModule: Creating AISystem for world TempleRun
[2018.10.21-15.23.04:016][  0]LogEditorServer: Finished looking for orphan Actors (0.000 secs)
[2018.10.21-15.23.04:031][  0]Cmd: MAP CHECKDEP NOCLEARLOG
[2018.10.21-15.23.04:227][  0]MapCheck: Info Map check complete: 0 Error(s), 0 Warning(s), took 195.448ms to complete.
[2018.10.21-15.23.04:227][  0]LogFileHelpers: Loading map 'TempleRun' took 1.217
[2018.10.21-15.23.04:947][  0]LogCollectionManager: Loaded 0 collections in 0.003399 seconds
[2018.10.21-15.23.05:292][  0]LogFileCache: Scanning file cache for directory 'E:/Project2/GITHUB DESKTOP/Bio/Bio/Saved/Collections/' took 0.01s
[2018.10.21-15.23.05:292][  0]LogFileCache: Scanning file cache for directory 'E:/Project2/GITHUB DESKTOP/Bio/Bio/Content/Developers/Ferran/Collections/' took 0.01s
[2018.10.21-15.23.05:292][  0]LogFileCache: Scanning file cache for directory 'E:/Project2/GITHUB DESKTOP/Bio/Bio/Content/Collections/' took 0.01s
[2018.10.21-15.23.05:292][  0]LogCollectionManager: Rebuilt the GUID cache for 0 collections in 0.000002 seconds
[2018.10.21-15.23.05:302][  0]LogContentBrowser: Native class hierarchy populated in 0.0096 seconds. Added 2330 classes and 494 folders.
[2018.10.21-15.23.05:794][  0]LogContentBrowser: Native class hierarchy updated for 'WidgetCarousel' in 0.0007 seconds. Added 0 classes and 0 folders.
[2018.10.21-15.23.06:291][  0]LogContentBrowser: Native class hierarchy updated for 'AddContentDialog' in 0.0009 seconds. Added 0 classes and 0 folders.
[2018.10.21-15.23.06:618][  0]LogContentBrowser: Native class hierarchy updated for 'SceneOutliner' in 0.0009 seconds. Added 1 classes and 2 folders.
[2018.10.21-15.23.06:885][  0]LogCrashTracker: Crashtracker disabled due to settings.
[2018.10.21-15.23.06:890][  0]LogSlate: Took 0.000475 seconds to synchronously load lazily loaded font '../../../Engine/Content/Slate/Fonts/Roboto-Regular.ttf' (155K)
[2018.10.21-15.23.06:898][  0]LogSlate: Took 0.006493 seconds to synchronously load lazily loaded font '../../../Engine/Content/Slate/Fonts/Roboto-Bold.ttf' (160K)
[2018.10.21-15.23.06:911][  0]LogSlate: Took 0.007021 seconds to synchronously load lazily loaded font '../../../Engine/Content/Editor/Slate/Fonts/FontAwesome.ttf' (139K)
[2018.10.21-15.23.07:023][  0]LogRenderer: Reallocating scene render targets to support 1108x660 NumSamples 1 (Frame:1).
[2018.10.21-15.23.07:117][  0]LogUObjectGlobals:Warning: Failed to find object 'Class None.'
[2018.10.21-15.23.07:458][  0]LogContentBrowser: Native class hierarchy updated for 'HierarchicalLODOutliner' in 0.0008 seconds. Added 1 classes and 2 folders.
[2018.10.21-15.23.07:458][  0]LogLoad: (Engine Initialization) Total time: 94.28 seconds
[2018.10.21-15.23.07:458][  0]LogLoad: (Engine Initialization) Total Blueprint compile time: 0.57 seconds
[2018.10.21-15.23.07:458][  0]LogExternalProfiler: No external profilers were discovered.  External profiling features will not be available.
[2018.10.21-15.23.07:799][  0]LogOcInput: OculusInput pre-init called
[2018.10.21-15.23.07:799][  0]LogHMD: Starting GearVRController plugin
[2018.10.21-15.23.07:827][  0]LogContentStreaming: Texture pool size now 1000 MB
[2018.10.21-15.23.07:891][  0]LogSlate: Took 0.006134 seconds to synchronously load lazily loaded font '../../../Engine/Content/Slate/Fonts/Roboto-Light.ttf' (159K)
[2018.10.21-15.23.08:148][  1]LogAssetRegistry: Asset discovery search completed in 62.9996 seconds
[2018.10.21-15.23.08:149][  1]LogCollectionManager: Rebuilt the object cache for 0 collections in 0.000001 seconds (found 0 objects)
[2018.10.21-15.23.08:149][  1]LogCollectionManager: Fixed up redirectors for 0 collections in 0.000056 seconds (updated 0 objects)
[2018.10.21-15.23.11:047][114]LogTemp: Repeting last play command: Selected Viewport
[2018.10.21-15.23.11:111][114]LogBlueprintUserMessages: Early PlayInEditor Detection: Level '/Game/Levels/TempleRun/TempleRun.TempleRun:PersistentLevel' has LevelScriptBlueprint '/Game/Levels/TempleRun/TempleRun.TempleRun:PersistentLevel.TempleRun' with GeneratedClass '/Game/Levels/TempleRun/TempleRun.TempleRun_C' with ClassGeneratedBy '/Game/Levels/TempleRun/TempleRun.TempleRun:PersistentLevel.TempleRun'
[2018.10.21-15.23.11:112][114]LogPlayLevel: PlayLevel: No blueprints needed recompiling
[2018.10.21-15.23.11:118][114]PIE: New page: PIE session: TempleRun (Oct 21, 2018, 7:23:11 PM)
[2018.10.21-15.23.11:118][114]LogPlayLevel: Creating play world package: /Game/Levels/TempleRun/UEDPIE_0_TempleRun
[2018.10.21-15.23.11:123][114]LogPlayLevel: PIE: StaticDuplicateObject took: (0.004668s)
[2018.10.21-15.23.11:124][114]LogAIModule: Creating AISystem for world TempleRun
[2018.10.21-15.23.11:124][114]LogPlayLevel: PIE: World Init took: (0.000699s)
[2018.10.21-15.23.11:125][114]LogPlayLevel: PIE: Created PIE world by copying editor world from /Game/Levels/TempleRun/TempleRun.TempleRun to /Game/Levels/TempleRun/UEDPIE_0_TempleRun.TempleRun (0.006136s)
[2018.10.21-15.23.11:268][114]LogInit: XAudio2 using 'Altavoces (VIA HD Audio)' : 2 channels at 48 kHz using 32 bits per sample (channel mask 0x3)
[2018.10.21-15.23.11:299][114]LogInit: FAudioDevice initialized.
[2018.10.21-15.23.11:349][114]LogLoad: Game class is 'ThirdPersonGameMode_C'
[2018.10.21-15.23.11:363][114]LogWorld: Bringing World /Game/Levels/TempleRun/UEDPIE_0_TempleRun.TempleRun up for play (max tick rate 0) at 2018.10.21-17.23.11
[2018.10.21-15.23.11:365][114]LogWorld: Bringing up level for play took: 0.001907
[2018.10.21-15.23.11:699][114]LogContentBrowser: Native class hierarchy updated for 'MovieSceneCapture' in 0.0009 seconds. Added 11 classes and 0 folders.
[2018.10.21-15.23.11:787][114]PIE: Info Play in editor start time for /Game/Levels/TempleRun/UEDPIE_0_TempleRun 0.65
[2018.10.21-15.23.11:787][114]LogBlueprintUserMessages: Late PlayInEditor Detection: Level '/Game/Levels/TempleRun/TempleRun.TempleRun:PersistentLevel' has LevelScriptBlueprint '/Game/Levels/TempleRun/TempleRun.TempleRun:PersistentLevel.TempleRun' with GeneratedClass '/Game/Levels/TempleRun/TempleRun.TempleRun_C' with ClassGeneratedBy '/Game/Levels/TempleRun/TempleRun.TempleRun:PersistentLevel.TempleRun'
[2018.10.21-15.23.11:830][115]LogCharacterMovement:Warning: GetSimulationTimeStep() - Max iterations 8 hit while remaining time 0.077556 > MaxSimulationTimeStep (0.050) for 'ThirdPersonCharacter_C_0', movement 'Walking'
[2018.10.21-15.23.30:420][ 84]Cmd: RestartLevel
[2018.10.21-15.23.30:434][ 85]LogNet: Browse: /Game/Levels/TempleRun/TempleRun?restart
[2018.10.21-15.23.30:435][ 85]LogLoad: LoadMap: /Game/Levels/TempleRun/TempleRun
[2018.10.21-15.23.30:455][ 85]Cmd: MEM
[2018.10.21-15.23.30:463][ 85]LogMemory: Platform Memory Stats for Windows
[2018.10.21-15.23.30:463][ 85]LogMemory: Process Physical Memory: 1074.64 MB used, 1077.93 MB peak
[2018.10.21-15.23.30:463][ 85]LogMemory: Process Virtual Memory: 1776.13 MB used, 1776.13 MB peak
[2018.10.21-15.23.30:463][ 85]LogMemory: Physical Memory: 4689.93 MB used,  3464.31 MB free, 8154.25 MB total
[2018.10.21-15.23.30:464][ 85]LogMemory: Virtual Memory: 6667.01 MB used,  3464.31 MB free, 134217728.00 MB total
[2018.10.21-15.23.30:464][ 85]LogMemory: 
[2018.10.21-15.23.30:464][ 85]Allocator Stats for TBB: (not implemented)
[2018.10.21-15.23.30:464][ 85]LogPlayLevel: Creating play world package: /Game/Levels/TempleRun/UEDPIE_0_TempleRun
[2018.10.21-15.23.30:466][ 85]LogPlayLevel: PIE: StaticDuplicateObject took: (0.001988s)
[2018.10.21-15.23.30:467][ 85]LogAIModule: Creating AISystem for world TempleRun
[2018.10.21-15.23.30:467][ 85]LogPlayLevel: PIE: World Init took: (0.000920s)
[2018.10.21-15.23.30:467][ 85]LogPlayLevel: PIE: Created PIE world by copying editor world from /Game/Levels/TempleRun/TempleRun.TempleRun to /Game/Levels/TempleRun/UEDPIE_0_TempleRun.TempleRun (0.003173s)
[2018.10.21-15.23.30:467][ 85]LogLoad: Game class is 'ThirdPersonGameMode_C'
[2018.10.21-15.23.30:469][ 85]LogWorld: Bringing World /Game/Levels/TempleRun/UEDPIE_0_TempleRun.TempleRun up for play (max tick rate 0) at 2018.10.21-17.23.30
[2018.10.21-15.23.30:469][ 85]LogWorld: Bringing up level for play took: 0.000882
[2018.10.21-15.23.30:494][ 85]LogLoad: Took 0.058778 seconds to LoadMap(/Game/Levels/TempleRun/UEDPIE_0_TempleRun)
[2018.10.21-15.23.32:385][266]LogBlueprintUserMessages: Early EndPlayMap Detection: Level '/Game/Levels/TempleRun/TempleRun.TempleRun:PersistentLevel' has LevelScriptBlueprint '/Game/Levels/TempleRun/TempleRun.TempleRun:PersistentLevel.TempleRun' with GeneratedClass '/Game/Levels/TempleRun/TempleRun.TempleRun_C' with ClassGeneratedBy '/Game/Levels/TempleRun/TempleRun.TempleRun:PersistentLevel.TempleRun'
[2018.10.21-15.23.32:428][266]LogBlueprintUserMessages: Late EndPlayMap Detection: Level '/Game/Levels/TempleRun/TempleRun.TempleRun:PersistentLevel' has LevelScriptBlueprint '/Game/Levels/TempleRun/TempleRun.TempleRun:PersistentLevel.TempleRun' with GeneratedClass '/Game/Levels/TempleRun/TempleRun.TempleRun_C' with ClassGeneratedBy '/Game/Levels/TempleRun/TempleRun.TempleRun:PersistentLevel.TempleRun'
[2018.10.21-15.23.34:831][519]LogSlate: Took 0.000260 seconds to synchronously load lazily loaded font '../../../Engine/Content/Slate/Fonts/Roboto-Light.ttf' (159K)
[2018.10.21-15.23.34:973][519]LogSavePackage: Save=99.91ms
[2018.10.21-15.23.34:973][519]LogSavePackage: Moving 'E:/Project2/GITHUB DESKTOP/Bio/Bio/Saved/UEDPCTempleRun45241210417A159C05337EBDBF1C3830.tmp' to 'E:/Project2/GITHUB DESKTOP/Bio/Bio/Saved/Autosaves/Game/Levels/TempleRun/UEDPCTempleRun.umap'
[2018.10.21-15.23.34:975][519]LogSavePackage:Display: Finished SavePackage E:/Project2/GITHUB DESKTOP/Bio/Bio/Saved/Autosaves/Game/Levels/TempleRun/UEDPCTempleRun.umap
[2018.10.21-15.23.34:984][519]LogEditorTransaction: Undo Spawn Play From Here Start
[2018.10.21-15.24.42:172][840]MapCheck: New page: Map Check
[2018.10.21-15.24.42:192][840]Cmd: MAP REBUILD ALLVISIBLE
[2018.10.21-15.24.42:194][840]LogEditorServer: Rebuildmap Clear paths rebuilt
[2018.10.21-15.24.42:600][840]LogMaterial: Missing cached shader map for material FDebugViewModeMaterialProxy WorldGridMaterial, compiling. Is special engine material.
[2018.10.21-15.24.42:609][840]LogMaterial: Missing cached shader map for material FDebugViewModeMaterialProxy MaterialInstanceDynamic_1, compiling. 
[2018.10.21-15.24.43:276][840]TextureStreamingBuild:Display: Compiling optional shaders took 0.682 seconds.
[2018.10.21-15.24.43:282][840]LogLevel:Display: Export Material TexCoord Scales took 0.006 seconds.
[2018.10.21-15.24.43:285][840]TextureStreamingBuild:Display: Build Texture Streaming took 0.003 seconds.
[2018.10.21-15.24.43:295][840]LightingResults: New page: Lighting Build - Oct 21, 2018, 7:24:43 PM
[2018.10.21-15.24.43:459][840]LogSwarmInterface: [OpenConnection] Registering TCP channel ...
[2018.10.21-15.24.43:805][840]LogSwarmInterface: [OpenConnection] Connecting to agent ...
[2018.10.21-15.24.43:839][840]LogSwarmInterface: [TryOpenConnection] Testing the Agent
[2018.10.21-15.24.45:936][840]LogSwarmInterface:Error: [TryOpenConnection] Waiting for the agent to start up ...
[2018.10.21-15.24.45:955][840]LogSwarmInterface:Error: System.Net.Sockets.SocketException (0x80004005): No se puede establecer una conexión ya que el equipo de destino denegó expresamente dicha conexión 127.0.0.1:8008

Server stack trace: 
   en System.Net.Sockets.Socket.DoConnect(EndPoint endPointSnapshot, SocketAddress socketAddress)
   en System.Net.Sockets.Socket.Connect(EndPoint remoteEP)
   en System.Runtime.Remoting.Channels.RemoteConnection.CreateNewSocket(EndPoint ipEndPoint)
   en System.Runtime.Remoting.Channels.SocketCache.GetSocket(String machinePortAndSid, Boolean openNew)
   en System.Runtime.Remoting.Channels.Tcp.TcpClientTransportSink.SendRequestWithRetry(IMessage msg, ITransportHeaders requestHeaders, Stream requestStream)
   en System.Runtime.Remoting.Channels.Tcp.TcpClientTransportSink.AsyncProcessRequest(IClientChannelSinkStack sinkStack, IMessage msg, ITransportHeaders headers, Stream stream)
   en System.Runtime.Remoting.Channels.BinaryClientFormatterSink.AsyncProcessMessage(IMessage msg, IMessageSink replySink)

Exception rethrown at [0]: 
   en System.Runtime.Remoting.Proxies.RealProxy.HandleReturnMessage(IMessage reqMsg, IMessage retMsg)
   en System.Runtime.Remoting.Proxies.RealProxy.PrivateInvoke(MessageData& msgData, Int32 type)
   en NSwarm.IAgentInterfaceWrapper.MethodDelegate.EndInvoke(Hashtable& OutParameters, IAsyncResult result)
   en NSwarm.FSwarmInterface.TryOpenConnection(FConnectionCallback CallbackFunc, IntPtr CallbackData, ELogFlags LoggingFlags)
[2018.10.21-15.24.51:004][840]LogSwarmInterface: [TryOpenConnection] Opening Connection to Agent
[2018.10.21-15.24.51:004][840]LogSwarmInterface: [TryOpenConnection] Local Process ID is 9912
[2018.10.21-15.24.51:968][840]LogStaticLightingSystem:Warning: No importance volume found, so the scene bounding box was used.  You can optimize your scene's quality and lighting build times by adding importance volumes.
[2018.10.21-15.24.51:968][840]LogStaticLightingSystem: Running Lightmass w/ ImmediateImport mode ENABLED
[2018.10.21-15.24.51:968][840]LogStaticLightingSystem: Running Lightmass w/ ImmediateProcess mode ENABLED
[2018.10.21-15.24.51:968][840]LogStaticLightingSystem: Running Lightmass w/ Sorting mode ENABLED
[2018.10.21-15.24.51:968][840]LogStaticLightingSystem: Running Lightmass w/ Mapping paddings ENABLED
[2018.10.21-15.24.51:968][840]LogStaticLightingSystem: Running Lightmass w/ Mapping debug paddings DISABLED
[2018.10.21-15.24.52:116][840]Cmd: MAP CHECK DONTDISPLAYDIALOG
[2018.10.21-15.24.52:116][840]MapCheck: New page: TempleRun - Oct 21, 2018, 7:24:52 PM
[2018.10.21-15.24.52:315][840]MapCheck: Info Map check complete: 0 Error(s), 0 Warning(s), took 199.103ms to complete.
[2018.10.21-15.24.52:338][840]LogEditorBuildUtils: Build time 0:10
[2018.10.21-15.24.52:362][840]LogMaterial: Missing cached shader map for material FLightmassMaterialRenderer MaterialInstanceDynamic_1, compiling. 
[2018.10.21-15.24.52:370][840]LogMaterial: Missing cached shader map for material FLightmassMaterialRenderer MaterialInstanceDynamic_1, compiling. 
[2018.10.21-15.24.54:682][908]Job is a success!
[2018.10.21-15.24.54:749][909]LogTexture:Display: Building textures: LQ_Lightmap_0_1 (DXT1, 64X64)
[2018.10.21-15.24.54:749][909]LogTexture:Display: Building textures: HQ_Lightmap0_1 (AutoDXT, 64X64)
[2018.10.21-15.24.54:749][909]LogTexture:Display: Building textures: ShadowMapTexture2D_0 (G8, 32X32)
[2018.10.21-15.24.54:788][909]Lightmass on DESKTOP-KR2EHTK: 585 ms total, 166 ms importing, 20 ms setup, 115 ms photons, 204 ms processing, 0 ms extra exporting [1/1 mappings]. Threads: 785 ms total, 77 ms processing.
[2018.10.21-15.24.54:811][909]LogStaticLightingSystem: Illumination: 11.4 sec (3 ms encoding lightmaps, 1 ms encoding shadowmaps)
[2018.10.21-15.24.54:811][909]LogStaticLightingSystem: Lightmap texture memory:  0.0 MB (0.0 MB streaming, 0.0 MB non-streaming), 2 textures
[2018.10.21-15.24.54:811][909]LogStaticLightingSystem: Shadowmap texture memory: 0.0 MB (0.0 MB streaming, 0.0 MB non-streaming), 1 textures
[2018.10.21-15.24.54:971][909]DumpUnbuiltLightIteractions
[2018.10.21-15.24.54:972][909]Lights with unbuilt interactions: 0
[2018.10.21-15.24.54:972][909]
[2018.10.21-15.24.54:972][909]Primitives with unbuilt interactions: 0
[2018.10.21-15.24.54:983][910]Cmd: MAP CHECK NOTIFYRESULTS
[2018.10.21-15.24.54:984][910]MapCheck: New page: TempleRun - Oct 21, 2018, 7:24:54 PM
[2018.10.21-15.24.55:181][910]MapCheck: Info Map check complete: 0 Error(s), 0 Warning(s), took 197.502ms to complete.
[2018.10.21-15.25.03:399][863]LogPlayLevel: Launcher Device ID: Android_ASTC@26b671637d63
[2018.10.21-15.25.03:412][863]LogPlayLevel: PlayLevel: No blueprints needed recompiling
[2018.10.21-15.25.05:203][863]Cmd: OBJ SAVEPACKAGE PACKAGE="/Game/Levels/TempleRun/TempleRun" FILE="E:/Project2/GITHUB DESKTOP/Bio/Bio/Content/Levels/TempleRun/TempleRun.umap" SILENT=true AUTOSAVING=false KEEPDIRTY=false
[2018.10.21-15.25.05:303][863]LogSavePackage: Save=84.71ms
[2018.10.21-15.25.05:303][863]LogSavePackage: Moving 'E:/Project2/GITHUB DESKTOP/Bio/Bio/Saved/TempleRun7CD822C040C27214FD362C95D2BDB6ED.tmp' to 'E:/Project2/GITHUB DESKTOP/Bio/Bio/Content/Levels/TempleRun/TempleRun.umap'
[2018.10.21-15.25.05:309][863]LogSavePackage:Display: Finished SavePackage E:/Project2/GITHUB DESKTOP/Bio/Bio/Content/Levels/TempleRun/TempleRun.umap
[2018.10.21-15.25.05:341][863]LogFileHelpers: Saving map 'TempleRun' took 0.338
[2018.10.21-15.25.05:344][863]Cmd: OBJ SAVEPACKAGE PACKAGE="/Game/Levels/TempleRun/TempleRun_BuiltData" FILE="E:/Project2/GITHUB DESKTOP/Bio/Bio/Content/Levels/TempleRun/TempleRun_BuiltData.uasset" SILENT=true
[2018.10.21-15.25.05:355][863]LogSavePackage: Save=7.54ms
[2018.10.21-15.25.05:355][863]LogSavePackage: Moving 'E:/Project2/GITHUB DESKTOP/Bio/Bio/Saved/TempleRun_BuiltData244DA24D4CF66FF3BF6AF9BC7CE7599C.tmp' to 'E:/Project2/GITHUB DESKTOP/Bio/Bio/Content/Levels/TempleRun/TempleRun_BuiltData.uasset'
[2018.10.21-15.25.05:358][863]LogSavePackage:Display: Finished SavePackage E:/Project2/GITHUB DESKTOP/Bio/Bio/Content/Levels/TempleRun/TempleRun_BuiltData.uasset
[2018.10.21-15.25.05:850][863]LogCook:Display: Cooked content cleared for platform AllDesktop
[2018.10.21-15.25.05:851][863]LogCook:Display: Unable to read previous cook inisettings for platform AllDesktop invalidating cook
[2018.10.21-15.25.05:902][863]LogCook:Display: Cooked content cleared for platform MacClient
[2018.10.21-15.25.05:904][863]LogCook:Display: Unable to read previous cook inisettings for platform MacClient invalidating cook
[2018.10.21-15.25.05:953][863]LogCook:Display: Cooked content cleared for platform MacNoEditor
[2018.10.21-15.25.05:954][863]LogCook:Display: Unable to read previous cook inisettings for platform MacNoEditor invalidating cook
[2018.10.21-15.25.06:003][863]LogCook:Display: Cooked content cleared for platform MacServer
[2018.10.21-15.25.06:005][863]LogCook:Display: Unable to read previous cook inisettings for platform MacServer invalidating cook
[2018.10.21-15.25.06:055][863]LogCook:Display: Cooked content cleared for platform Mac
[2018.10.21-15.25.06:056][863]LogCook:Display: Unable to read previous cook inisettings for platform Mac invalidating cook
[2018.10.21-15.25.06:105][863]LogCook:Display: Cooked content cleared for platform WindowsClient
[2018.10.21-15.25.06:107][863]LogCook:Display: Unable to read previous cook inisettings for platform WindowsClient invalidating cook
[2018.10.21-15.25.06:155][863]LogCook:Display: Cooked content cleared for platform WindowsNoEditor
[2018.10.21-15.25.06:157][863]LogCook:Display: Unable to read previous cook inisettings for platform WindowsNoEditor invalidating cook
[2018.10.21-15.25.06:206][863]LogCook:Display: Cooked content cleared for platform WindowsServer
[2018.10.21-15.25.06:207][863]LogCook:Display: Unable to read previous cook inisettings for platform WindowsServer invalidating cook
[2018.10.21-15.25.06:255][863]LogCook:Display: Cooked content cleared for platform Windows
[2018.10.21-15.25.06:257][863]LogCook:Display: Unable to read previous cook inisettings for platform Windows invalidating cook
[2018.10.21-15.25.06:306][863]LogCook:Display: Cooked content cleared for platform Android
[2018.10.21-15.25.06:308][863]LogCook:Display: Unable to read previous cook inisettings for platform Android invalidating cook
[2018.10.21-15.25.06:360][863]LogCook:Display: Cooked content cleared for platform Android_ASTC
[2018.10.21-15.25.06:362][863]LogCook:Display: Unable to read previous cook inisettings for platform Android_ASTC invalidating cook
[2018.10.21-15.25.06:411][863]LogCook:Display: Cooked content cleared for platform Android_ATC
[2018.10.21-15.25.06:413][863]LogCook:Display: Unable to read previous cook inisettings for platform Android_ATC invalidating cook
[2018.10.21-15.25.06:461][863]LogCook:Display: Cooked content cleared for platform Android_DXT
[2018.10.21-15.25.06:463][863]LogCook:Display: Unable to read previous cook inisettings for platform Android_DXT invalidating cook
[2018.10.21-15.25.06:512][863]LogCook:Display: Cooked content cleared for platform Android_ETC1
[2018.10.21-15.25.06:514][863]LogCook:Display: Unable to read previous cook inisettings for platform Android_ETC1 invalidating cook
[2018.10.21-15.25.06:565][863]LogCook:Display: Cooked content cleared for platform Android_ETC2
[2018.10.21-15.25.06:566][863]LogCook:Display: Unable to read previous cook inisettings for platform Android_ETC2 invalidating cook
[2018.10.21-15.25.06:617][863]LogCook:Display: Cooked content cleared for platform Android_Multi
[2018.10.21-15.25.06:618][863]LogCook:Display: Unable to read previous cook inisettings for platform Android_Multi invalidating cook
[2018.10.21-15.25.06:668][863]LogCook:Display: Cooked content cleared for platform Android_PVRTC
[2018.10.21-15.25.06:669][863]LogCook:Display: Unable to read previous cook inisettings for platform Android_PVRTC invalidating cook
[2018.10.21-15.25.06:718][863]LogCook:Display: Cooked content cleared for platform HTML5
[2018.10.21-15.25.06:719][863]LogCook:Display: Unable to read previous cook inisettings for platform HTML5 invalidating cook
[2018.10.21-15.25.06:768][863]LogCook:Display: Cooked content cleared for platform IOS
[2018.10.21-15.25.06:770][863]LogCook:Display: Unable to read previous cook inisettings for platform IOS invalidating cook
[2018.10.21-15.25.06:819][863]LogCook:Display: Cooked content cleared for platform TVOS
[2018.10.21-15.25.06:820][863]LogCook:Display: Unable to read previous cook inisettings for platform TVOS invalidating cook
[2018.10.21-15.25.06:869][863]LogCook:Display: Cooked content cleared for platform LinuxClient
[2018.10.21-15.25.06:871][863]LogCook:Display: Unable to read previous cook inisettings for platform LinuxClient invalidating cook
[2018.10.21-15.25.06:920][863]LogCook:Display: Cooked content cleared for platform LinuxNoEditor
[2018.10.21-15.25.06:921][863]LogCook:Display: Unable to read previous cook inisettings for platform LinuxNoEditor invalidating cook
[2018.10.21-15.25.06:971][863]LogCook:Display: Cooked content cleared for platform LinuxServer
[2018.10.21-15.25.06:972][863]LogCook:Display: Unable to read previous cook inisettings for platform LinuxServer invalidating cook
[2018.10.21-15.25.07:022][863]LogCook:Display: Cooked content cleared for platform Linux
[2018.10.21-15.25.07:023][863]LogCook:Display: Unable to read previous cook inisettings for platform Linux invalidating cook
[2018.10.21-15.25.07:072][863]LogCook:Display: Sandbox cleanup took 1.222 seconds for platforms AllDesktop MacClient MacNoEditor MacServer Mac WindowsClient WindowsNoEditor WindowsServer Windows Android Android_ASTC Android_ATC Android_DXT Android_ETC1 Android_ETC2 Android_Multi Android_PVRTC HTML5 IOS TVOS LinuxClient LinuxNoEditor LinuxServer Linux  iterative false
[2018.10.21-15.25.08:201][863]LogMaterial: Verifying Global Shaders for GLSL_ES2
[2018.10.21-15.25.50:577][864]LogMaterial: Missing cached shader map for material TransformGizmoMaterial, compiling. 
[2018.10.21-15.25.50:588][864]LogMaterial: Missing cached shader map for material LevelGridMaterial2, compiling. 
[2018.10.21-15.25.50:653][864]LogCook:Display: Cooking /Engine/Tutorial/Landscape/LandscapeWalkThrough -> E:/Project2/GITHUB DESKTOP/Bio/Bio/Saved/EditorCooked/Android_ASTC/Engine/Content/Tutorial/Landscape/LandscapeWalkThrough.uasset
[2018.10.21-15.25.50:654][864]LogSavePackage:Display: No exports found (or all exports are editor-only) for LandscapeWalkThrough. Package will not be saved.
[2018.10.21-15.25.50:995][864]LogContentBrowser: Native class hierarchy updated for 'BlueprintNativeCodeGen' in 0.0009 seconds. Added 0 classes and 0 folders.
[2018.10.21-15.25.51:006][865]LogCook:Display: Cooking /Engine/Tutorial/Landscape/Landscape_Manage_Mode -> E:/Project2/GITHUB DESKTOP/Bio/Bio/Saved/EditorCooked/Android_ASTC/Engine/Content/Tutorial/Landscape/Landscape_Manage_Mode.uasset
[2018.10.21-15.25.51:007][865]LogSavePackage:Display: No exports found (or all exports are editor-only) for Landscape_Manage_Mode. Package will not be saved.
[2018.10.21-15.25.51:017][865]LogCook:Display: Cooking /Engine/EditorMaterials/AssetViewer/EpicQuadPanorama_CC+EV1 -> E:/Project2/GITHUB DESKTOP/Bio/Bio/Saved/EditorCooked/Android_ASTC/Engine/Content/EditorMaterials/AssetViewer/EpicQuadPanorama_CC+EV1.uasset
[2018.10.21-15.25.51:024][865]LogTexture:Display: Building textures: VR_LaserPower_01 (ASTC_RGBAuto, 512X512)
[2018.10.21-15.25.51:024][865]LogSavePackage: Save=7.29ms
[2018.10.21-15.25.51:024][865]LogSavePackage: Async saving from memory to 'E:/Project2/GITHUB DESKTOP/Bio/Bio/Saved/EditorCooked/Android_ASTC/Engine/Content/EditorMaterials/AssetViewer/EpicQuadPanorama_CC+EV1.uasset'
[2018.10.21-15.25.51:026][865]LogSavePackage:Display: Finished SavePackage E:/Project2/GITHUB DESKTOP/Bio/Bio/Saved/EditorCooked/Android_ASTC/Engine/Content/EditorMaterials/AssetViewer/EpicQuadPanorama_CC+EV1.uasset
[2018.10.21-15.25.51:029][865]LogMaterial: Missing cached shader map for material WorldGridMaterial, compiling. Is special engine material.
[2018.10.21-15.30.06:986][865]LogCook:Display: Cooking /Engine/Functions/Engine_MaterialFunctions01/Shading/PowerToRoughness -> E:/Project2/GITHUB DESKTOP/Bio/Bio/Saved/EditorCooked/Android_ASTC/Engine/Content/Functions/Engine_MaterialFunctions01/Shading/PowerToRoughness.uasset
[2018.10.21-15.30.06:988][865]LogSavePackage: Save=1.89ms
[2018.10.21-15.30.06:988][865]LogSavePackage: Async saving from memory to 'E:/Project2/GITHUB DESKTOP/Bio/Bio/Saved/EditorCooked/Android_ASTC/Engine/Content/Functions/Engine_MaterialFunctions01/Shading/PowerToRoughness.uasset'
[2018.10.21-15.30.06:988][865]LogSavePackage:Display: Finished SavePackage E:/Project2/GITHUB DESKTOP/Bio/Bio/Saved/EditorCooked/Android_ASTC/Engine/Content/Functions/Engine_MaterialFunctions01/Shading/PowerToRoughness.uasset
[2018.10.21-15.30.07:357][865]LogPlayLevel: Completed Launch On Stage: Cooking in the editor, Time: 255.655696
[2018.10.21-15.30.07:359][865]LogWindowsTextInputMethodSystem:Display: IME system now deactivated.
[2018.10.21-15.30.07:648][866]Cmd: QUIT_EDITOR
[2018.10.21-15.30.08:664][866]LogExit: Preparing to exit.
[2018.10.21-15.30.10:293][866]LogExit: Editor shut down
[2018.10.21-15.30.10:296][866]LogExit: Transaction tracking system shut down
[2018.10.21-15.30.10:358][866]LogObj: Freed 0b from 0 cluster array pools.
[2018.10.21-15.30.10:358][866]LogExit: Object subsystem successfully closed.
[2018.10.21-15.30.10:381][866]LogD3D11RHI: Shutdown
[2018.10.21-15.30.10:381][866]LogD3D11RHI: CleanupD3DDevice
[2018.10.21-15.30.10:433][866]LogD3D11RHI: ~FD3D11DynamicRHI
[2018.10.21-15.30.10:528][866]LogModuleManager: Shutting down and abandoning module BlueprintNativeCodeGen (534)
[2018.10.21-15.30.10:528][866]LogModuleManager: Shutting down and abandoning module LauncherServices (532)
[2018.10.21-15.30.10:528][866]LogModuleManager: Shutting down and abandoning module HierarchicalLODUtilities (530)
[2018.10.21-15.30.10:528][866]LogModuleManager: Shutting down and abandoning module MovieSceneCapture (528)
[2018.10.21-15.30.10:528][866]LogModuleManager: Shutting down and abandoning module HierarchicalLODOutliner (526)
[2018.10.21-15.30.10:528][866]LogModuleManager: Shutting down and abandoning module CrashTracker (524)
[2018.10.21-15.30.10:529][866]LogModuleManager: Shutting down and abandoning module SceneOutliner (522)
[2018.10.21-15.30.10:529][866]LogModuleManager: Shutting down and abandoning module AddContentDialog (520)
[2018.10.21-15.30.10:530][866]LogDirectoryWatcher: A directory notification for 'C:/Program Files/Epic Games/UE_4.16/FeaturePacks/' was aborted.
[2018.10.21-15.30.10:531][866]LogModuleManager: Shutting down and abandoning module WidgetCarousel (519)
[2018.10.21-15.30.10:531][866]LogModuleManager: Shutting down and abandoning module EditorWidgets (516)
[2018.10.21-15.30.10:531][866]LogModuleManager: Shutting down and abandoning module CollectionManager (514)
[2018.10.21-15.30.10:531][866]LogDirectoryWatcher: A directory notification for 'E:/Project2/GITHUB DESKTOP/Bio/Bio/Content/Collections/' was aborted.
[2018.10.21-15.30.10:531][866]LogDirectoryWatcher: A directory notification for 'E:/Project2/GITHUB DESKTOP/Bio/Bio/Content/Developers/Ferran/Collections/' was aborted.
[2018.10.21-15.30.10:531][866]LogDirectoryWatcher: A directory notification for 'E:/Project2/GITHUB DESKTOP/Bio/Bio/Saved/Collections/' was aborted.
[2018.10.21-15.30.10:531][866]LogModuleManager: Shutting down and abandoning module WorldBrowser (512)
[2018.10.21-15.30.10:532][866]LogModuleManager: Shutting down and abandoning module StatsViewer (510)
[2018.10.21-15.30.10:532][866]LogModuleManager: Shutting down and abandoning module FoliageEdit (508)
[2018.10.21-15.30.10:532][866]LogModuleManager: Shutting down and abandoning module LandscapeEditor (506)
[2018.10.21-15.30.10:533][866]LogModuleManager: Shutting down and abandoning module MeshPaintMode (504)
[2018.10.21-15.30.10:533][866]LogModuleManager: Shutting down and abandoning module SceneDepthPickerMode (502)
[2018.10.21-15.30.10:533][866]LogModuleManager: Shutting down and abandoning module ActorPickerMode (500)
[2018.10.21-15.30.10:533][866]LogModuleManager: Shutting down and abandoning module GeometryMode (498)
[2018.10.21-15.30.10:533][866]LogModuleManager: Shutting down and abandoning module TextureAlignMode (496)
[2018.10.21-15.30.10:533][866]LogModuleManager: Shutting down and abandoning module BspMode (494)
[2018.10.21-15.30.10:533][866]LogModuleManager: Shutting down and abandoning module HardwareSurvey (492)
[2018.10.21-15.30.10:533][866]LogModuleManager: Shutting down and abandoning module SequenceRecorderSections (490)
[2018.10.21-15.30.10:533][866]LogModuleManager: Shutting down and abandoning module AutomationWorker (488)
[2018.10.21-15.30.10:533][866]LogModuleManager: Shutting down and abandoning module MatineeToLevelSequence (486)
[2018.10.21-15.30.10:533][866]LogModuleManager: Shutting down and abandoning module LevelSequenceEditor (484)
[2018.10.21-15.30.10:536][866]LogModuleManager: Shutting down and abandoning module PlacementMode (483)
[2018.10.21-15.30.10:536][866]LogModuleManager: Shutting down and abandoning module WmfMediaFactory (480)
[2018.10.21-15.30.10:536][866]LogModuleManager: Shutting down and abandoning module WmfMediaEditor (478)
[2018.10.21-15.30.10:536][866]LogModuleManager: Shutting down and abandoning module AvfMediaFactory (476)
[2018.10.21-15.30.10:536][866]LogModuleManager: Shutting down and abandoning module AvfMediaEditor (474)
[2018.10.21-15.30.10:536][866]LogModuleManager: Shutting down and abandoning module AndroidMediaFactory (472)
[2018.10.21-15.30.10:536][866]LogModuleManager: Shutting down and abandoning module Media (471)
[2018.10.21-15.30.10:536][866]LogModuleManager: Shutting down and abandoning module AndroidMediaEditor (468)
[2018.10.21-15.30.10:536][866]LogModuleManager: Shutting down and abandoning module CharacterAI (466)
[2018.10.21-15.30.10:536][866]LogModuleManager: Shutting down and abandoning module AudioCapture (464)
[2018.10.21-15.30.10:536][866]LogModuleManager: Shutting down and abandoning module SequenceRecorder (463)
[2018.10.21-15.30.10:536][866]LogModuleManager: Shutting down and abandoning module SmartSnapping (460)
[2018.10.21-15.30.10:536][866]LogModuleManager: Shutting down and abandoning module SessionServices (458)
[2018.10.21-15.30.10:536][866]LogModuleManager: Shutting down and abandoning module ViewportSnapping (456)
[2018.10.21-15.30.10:536][866]LogModuleManager: Shutting down and abandoning module ViewportInteraction (454)
[2018.10.21-15.30.10:536][866]LogModuleManager: Shutting down and abandoning module ClothPainter (452)
[2018.10.21-15.30.10:538][866]LogModuleManager: Shutting down and abandoning module LogVisualizer (450)
[2018.10.21-15.30.10:539][866]LogModuleManager: Shutting down and abandoning module IntroTutorials (448)
[2018.10.21-15.30.10:541][866]LogModuleManager: Shutting down and abandoning module GameProjectGeneration (447)
[2018.10.21-15.30.10:542][866]LogModuleManager: Shutting down and abandoning module EditorLiveStreaming (444)
[2018.10.21-15.30.10:542][866]LogModuleManager: Shutting down and abandoning module IOSPlatformEditor (442)
[2018.10.21-15.30.10:542][866]LogModuleManager: Shutting down and abandoning module HTML5PlatformEditor (440)
[2018.10.21-15.30.10:542][866]LogModuleManager: Shutting down and abandoning module AndroidPlatformEditor (438)
[2018.10.21-15.30.10:542][866]LogModuleManager: Shutting down and abandoning module AndroidDeviceDetection (437)
[2018.10.21-15.30.10:845][866]LogModuleManager: Shutting down and abandoning module IOSRuntimeSettings (434)
[2018.10.21-15.30.10:845][866]LogModuleManager: Shutting down and abandoning module AndroidRuntimeSettings (432)
[2018.10.21-15.30.10:845][866]LogModuleManager: Shutting down and abandoning module InputBindingEditor (430)
[2018.10.21-15.30.10:846][866]LogModuleManager: Shutting down and abandoning module MergeActors (428)
[2018.10.21-15.30.10:846][866]LogModuleManager: Shutting down and abandoning module SizeMap (426)
[2018.10.21-15.30.10:846][866]LogModuleManager: Shutting down and abandoning module TreeMap (424)
[2018.10.21-15.30.10:847][866]LogModuleManager: Shutting down and abandoning module ReferenceViewer (422)
[2018.10.21-15.30.10:847][866]LogModuleManager: Shutting down and abandoning module LocalizationDashboard (420)
[2018.10.21-15.30.10:848][866]LogModuleManager: Shutting down and abandoning module LocalizationService (419)
[2018.10.21-15.30.10:848][866]LogModuleManager: Shutting down and abandoning module HardwareTargeting (416)
[2018.10.21-15.30.10:848][866]LogModuleManager: Shutting down and abandoning module DeviceProfileEditor (414)
[2018.10.21-15.30.10:849][866]LogModuleManager: Shutting down and abandoning module UndoHistory (412)
[2018.10.21-15.30.10:849][866]LogModuleManager: Shutting down and abandoning module UserFeedback (410)
[2018.10.21-15.30.10:849][866]LogModuleManager: Shutting down and abandoning module XmlParser (408)
[2018.10.21-15.30.10:849][866]LogModuleManager: Shutting down and abandoning module Blutility (406)
[2018.10.21-15.30.10:850][866]LogModuleManager: Shutting down and abandoning module ProjectSettingsViewer (404)
[2018.10.21-15.30.10:850][866]LogModuleManager: Shutting down and abandoning module ProjectTargetPlatformEditor (403)
[2018.10.21-15.30.10:850][866]LogModuleManager: Shutting down and abandoning module EditorSettingsViewer (400)
[2018.10.21-15.30.10:850][866]LogModuleManager: Shutting down and abandoning module SettingsEditor (398)
[2018.10.21-15.30.10:850][866]LogModuleManager: Shutting down and abandoning module ProjectLauncher (396)
[2018.10.21-15.30.10:851][866]LogModuleManager: Shutting down and abandoning module SessionFrontend (394)
[2018.10.21-15.30.10:851][866]LogModuleManager: Shutting down and abandoning module ProfilerClient (392)
[2018.10.21-15.30.10:852][866]LogModuleManager: Shutting down and abandoning module DeviceManager (390)
[2018.10.21-15.30.10:852][866]LogModuleManager: Shutting down and abandoning module TargetDeviceServices (389)
[2018.10.21-15.30.10:940][866]LogModuleManager: Shutting down and abandoning module AutomationController (386)
[2018.10.21-15.30.10:940][866]LogModuleManager: Shutting down and abandoning module AutomationWindow (384)
[2018.10.21-15.30.10:941][866]LogModuleManager: Shutting down and abandoning module Layers (382)
[2018.10.21-15.30.10:943][866]LogModuleManager: Shutting down and abandoning module ComponentVisualizers (380)
[2018.10.21-15.30.10:943][866]LogModuleManager: Shutting down and abandoning module DetailCustomizations (378)
[2018.10.21-15.30.10:944][866]LogModuleManager: Shutting down and abandoning module PackagesDialog (376)
[2018.10.21-15.30.10:944][866]LogModuleManager: Shutting down and abandoning module Persona (374)
[2018.10.21-15.30.10:945][866]LogModuleManager: Shutting down and abandoning module AdvancedPreviewScene (373)
[2018.10.21-15.30.10:945][866]LogModuleManager: Shutting down and abandoning module AnimGraph (371)
[2018.10.21-15.30.10:945][866]LogModuleManager: Shutting down and abandoning module Kismet (368)
[2018.10.21-15.30.10:946][866]LogModuleManager: Shutting down and abandoning module ClassViewer (366)
[2018.10.21-15.30.10:946][866]LogModuleManager: Shutting down and abandoning module Toolbox (364)
[2018.10.21-15.30.10:946][866]LogModuleManager: Shutting down and abandoning module ModuleUI (362)
[2018.10.21-15.30.10:947][866]LogModuleManager: Shutting down and abandoning module MovieSceneTools (360)
[2018.10.21-15.30.10:948][866]LogModuleManager: Shutting down and abandoning module OutputLog (358)
[2018.10.21-15.30.10:948][866]LogModuleManager: Shutting down and abandoning module GammaUI (356)
[2018.10.21-15.30.10:948][866]LogModuleManager: Shutting down and abandoning module Documentation (354)
[2018.10.21-15.30.10:948][866]LogModuleManager: Shutting down and abandoning module MovieSceneTracks (352)
[2018.10.21-15.30.10:948][866]LogModuleManager: Shutting down and abandoning module MovieScene (350)
[2018.10.21-15.30.10:948][866]LogModuleManager: Shutting down and abandoning module Niagara (348)
[2018.10.21-15.30.10:948][866]LogModuleManager: Shutting down and abandoning module NiagaraEditor (347)
[2018.10.21-15.30.10:948][866]LogModuleManager: Shutting down and abandoning module StreamingPauseRendering (344)
[2018.10.21-15.30.10:948][866]LogModuleManager: Shutting down and abandoning module AnalyticsET (342)
[2018.10.21-15.30.10:948][866]LogModuleManager: Shutting down and abandoning module PortalServices (340)
[2018.10.21-15.30.10:948][866]LogModuleManager: Shutting down and abandoning module PortalRpc (338)
[2018.10.21-15.30.10:948][866]LogModuleManager: Shutting down and abandoning module MessagingRpc (336)
[2018.10.21-15.30.10:948][866]LogModuleManager: Shutting down and abandoning module AIModule (334)
[2018.10.21-15.30.10:948][866]LogModuleManager: Shutting down and abandoning module GameplayDebugger (333)
[2018.10.21-15.30.10:948][866]LogModuleManager: Shutting down and abandoning module AITestSuite (331)
[2018.10.21-15.30.10:948][866]LogModuleManager: Shutting down and abandoning module ProfilerService (328)
[2018.10.21-15.30.11:165][866]LogModuleManager: Shutting down and abandoning module TaskGraph (326)
[2018.10.21-15.30.11:165][866]LogModuleManager: Shutting down and abandoning module SteamVRController (324)
[2018.10.21-15.30.11:165][866]LogModuleManager: Shutting down and abandoning module SteamVR (322)
[2018.10.21-15.30.11:165][866]LogModuleManager: Shutting down and abandoning module ProceduralMeshComponentEditor (320)
[2018.10.21-15.30.11:165][866]LogModuleManager: Shutting down and abandoning module ProceduralMeshComponent (318)
[2018.10.21-15.30.11:165][866]LogModuleManager: Shutting down and abandoning module OculusLibrary (316)
[2018.10.21-15.30.11:165][866]LogModuleManager: Shutting down and abandoning module OculusInput (314)
[2018.10.21-15.30.11:165][866]LogModuleManager: Shutting down and abandoning module MobilePatchingUtils (312)
[2018.10.21-15.30.11:165][866]LogModuleManager: Shutting down and abandoning module CustomMeshComponent (310)
[2018.10.21-15.30.11:165][866]LogModuleManager: Shutting down and abandoning module CableComponent (308)
[2018.10.21-15.30.11:165][866]LogModuleManager: Shutting down and abandoning module ArchVisCharacter (306)
[2018.10.21-15.30.11:165][866]LogModuleManager: Shutting down and abandoning module AndroidPermission (304)
[2018.10.21-15.30.11:165][866]LogModuleManager: Shutting down and abandoning module MediaPlayerEditor (300)
[2018.10.21-15.30.11:167][866]LogModuleManager: Shutting down and abandoning module HTML5Networking (298)
[2018.10.21-15.30.11:167][866]LogModuleManager: Shutting down and abandoning module AlembicImporter (296)
[2018.10.21-15.30.11:167][866]LogModuleManager: Shutting down and abandoning module AlembicLibrary (295)
[2018.10.21-15.30.11:167][866]LogModuleManager: Shutting down and abandoning module GeometryCache (294)
[2018.10.21-15.30.11:167][866]LogModuleManager: Shutting down and abandoning module GeometryCacheEd (293)
[2018.10.21-15.30.11:167][866]LogModuleManager: Shutting down and abandoning module SuperSearchEditor (288)
[2018.10.21-15.30.11:167][866]LogModuleManager: Shutting down and abandoning module SuperSearch (287)
[2018.10.21-15.30.11:167][866]LogModuleManager: Shutting down and abandoning module SpeedTreeImporter (284)
[2018.10.21-15.30.11:167][866]LogModuleManager: Shutting down and abandoning module PluginBrowser (282)
[2018.10.21-15.30.11:170][866]LogModuleManager: Shutting down and abandoning module MobileLauncherProfileWizard (280)
[2018.10.21-15.30.11:170][866]LogModuleManager: Shutting down and abandoning module VisualStudioSourceCodeAccess (278)
[2018.10.21-15.30.11:170][866]LogModuleManager: Shutting down and abandoning module DesktopPlatform (277)
[2018.10.21-15.30.11:171][866]LogModuleManager: Shutting down and abandoning module UObjectPlugin (274)
[2018.10.21-15.30.11:171][866]LogModuleManager: Shutting down and abandoning module SubversionSourceControl (272)
[2018.10.21-15.30.11:171][866]LogModuleManager: Shutting down and abandoning module PerforceSourceControl (270)
[2018.10.21-15.30.11:171][866]LogModuleManager: Shutting down and abandoning module GitSourceControl (268)
[2018.10.21-15.30.11:171][866]LogModuleManager: Shutting down and abandoning module SourceControl (267)
[2018.10.21-15.30.11:171][866]LogModuleManager: Shutting down and abandoning module LightPropagationVolumeEditor (264)
[2018.10.21-15.30.11:171][866]LogModuleManager: Shutting down and abandoning module PaperTiledImporter (262)
[2018.10.21-15.30.11:171][866]LogModuleManager: Shutting down and abandoning module PaperSpriteSheetImporter (260)
[2018.10.21-15.30.11:171][866]LogModuleManager: Shutting down and abandoning module Paper2DEditor (258)
[2018.10.21-15.30.11:173][866]LogModuleManager: Shutting down and abandoning module MeshPaint (257)
[2018.10.21-15.30.11:173][866]LogModuleManager: Shutting down and abandoning module LevelEditor (255)
[2018.10.21-15.30.11:174][866]LogModuleManager: Shutting down and abandoning module PixelInspectorModule (254)
[2018.10.21-15.30.11:175][866]LogModuleManager: Shutting down and abandoning module MainFrame (252)
[2018.10.21-15.30.11:175][866]LogModuleManager: Shutting down and abandoning module HotReload (251)
[2018.10.21-15.30.11:176][866]LogModuleManager: Shutting down and abandoning module PhysXVehiclesEditor (246)
[2018.10.21-15.30.11:176][866]LogModuleManager: Shutting down and abandoning module PhysXVehicles (244)
[2018.10.21-15.30.11:176][866]LogModuleManager: Shutting down and abandoning module LocationServicesBPLibrary (242)
[2018.10.21-15.30.11:176][866]LogModuleManager: Shutting down and abandoning module ImmediatePhysicsEditor (240)
[2018.10.21-15.30.11:176][866]LogModuleManager: Shutting down and abandoning module ImmediatePhysics (238)
[2018.10.21-15.30.11:176][866]LogModuleManager: Shutting down and abandoning module UdpMessaging (236)
[2018.10.21-15.30.11:277][866]LogModuleManager: Shutting down and abandoning module TcpMessaging (234)
[2018.10.21-15.30.11:378][866]LogModuleManager: Shutting down and abandoning module GameplayTagsEditor (232)
[2018.10.21-15.30.11:378][866]LogModuleManager: Shutting down and abandoning module FacialAnimationEditor (230)
[2018.10.21-15.30.11:378][866]LogModuleManager: Shutting down and abandoning module FacialAnimation (228)
[2018.10.21-15.30.11:378][866]LogModuleManager: Shutting down and abandoning module AssetManagerEditor (226)
[2018.10.21-15.30.11:378][866]LogModuleManager: Shutting down and abandoning module GraphEditor (225)
[2018.10.21-15.30.11:378][866]LogModuleManager: Shutting down and abandoning module ContentBrowser (223)
[2018.10.21-15.30.11:379][866]LogModuleManager: Shutting down and abandoning module LightPropagationVolumeRuntime (220)
[2018.10.21-15.30.11:379][866]LogModuleManager: Shutting down and abandoning module Paper2D (218)
[2018.10.21-15.30.11:379][866]LogModuleManager: Shutting down and abandoning module WindowsMoviePlayer (216)
[2018.10.21-15.30.11:379][866]LogModuleManager: Shutting down and abandoning module WmfMedia (214)
[2018.10.21-15.30.11:381][866]LogModuleManager: Shutting down and abandoning module ClothingSystemEditor (212)
[2018.10.21-15.30.11:381][866]LogModuleManager: Shutting down and abandoning module ClothingSystemRuntime (210)
[2018.10.21-15.30.11:381][866]LogModuleManager: Shutting down and abandoning module MediaAssets (208)
[2018.10.21-15.30.11:381][866]LogModuleManager: Shutting down and abandoning module GameLiveStreaming (206)
[2018.10.21-15.30.11:381][866]LogModuleManager: Shutting down and abandoning module VREditor (204)
[2018.10.21-15.30.11:381][866]LogModuleManager: Shutting down and abandoning module StringTableEditor (202)
[2018.10.21-15.30.11:381][866]LogModuleManager: Shutting down and abandoning module GameplayTasksEditor (200)
[2018.10.21-15.30.11:381][866]LogModuleManager: Shutting down and abandoning module BehaviorTreeEditor (198)
[2018.10.21-15.30.11:381][866]LogModuleManager: Shutting down and abandoning module FunctionalTesting (196)
[2018.10.21-15.30.11:381][866]LogModuleManager: Shutting down and abandoning module CollisionAnalyzer (194)
[2018.10.21-15.30.11:381][866]LogModuleManager: Shutting down and abandoning module UMG (192)
[2018.10.21-15.30.11:381][866]LogModuleManager: Shutting down and abandoning module UMGEditor (191)
[2018.10.21-15.30.11:381][866]LogModuleManager: Shutting down and abandoning module Sequencer (190)
[2018.10.21-15.30.11:382][866]LogModuleManager: Shutting down and abandoning module AssetTools (188)
[2018.10.21-15.30.11:382][866]LogModuleManager: Shutting down and abandoning module MessageLog (187)
[2018.10.21-15.30.11:382][866]LogModuleManager: Shutting down and abandoning module WorkspaceMenuStructure (186)
[2018.10.21-15.30.11:382][866]LogModuleManager: Shutting down and abandoning module SlateReflector (180)
[2018.10.21-15.30.11:382][866]LogModuleManager: Shutting down and abandoning module Slate (178)
[2018.10.21-15.30.11:382][866]LogModuleManager: Shutting down and abandoning module EditorStyle (176)
[2018.10.21-15.30.11:387][866]LogModuleManager: Shutting down and abandoning module SourceCodeAccess (174)
[2018.10.21-15.30.11:387][866]LogModuleManager: Shutting down and abandoning module HeadMountedDisplay (172)
[2018.10.21-15.30.11:387][866]LogModuleManager: Shutting down and abandoning module XAudio2 (170)
[2018.10.21-15.30.11:387][866]LogModuleManager: Shutting down and abandoning module Networking (168)
[2018.10.21-15.30.11:387][866]LogModuleManager: Shutting down and abandoning module Core (164)
[2018.10.21-15.30.11:387][866]LogModuleManager: Shutting down and abandoning module AssetRegistry (162)
[2018.10.21-15.30.11:615][866]LogDirectoryWatcher: A directory notification for '../../../Engine/Content/' was aborted.
[2018.10.21-15.30.11:615][866]LogDirectoryWatcher: A directory notification for 'E:/Project2/GITHUB DESKTOP/Bio/Bio/Content/' was aborted.
[2018.10.21-15.30.11:615][866]LogDirectoryWatcher: A directory notification for '../../../Engine/Plugins/2D/Paper2D/Content/' was aborted.
[2018.10.21-15.30.11:615][866]LogDirectoryWatcher: A directory notification for '../../../Engine/Plugins/Runtime/GearVR/Content/' was aborted.
[2018.10.21-15.30.11:618][866]LogModuleManager: Shutting down and abandoning module DirectoryWatcher (161)
[2018.10.21-15.30.11:618][866]LogModuleManager: Shutting down and abandoning module KismetCompiler (158)
[2018.10.21-15.30.11:618][866]LogModuleManager: Shutting down and abandoning module LevelSequence (156)
[2018.10.21-15.30.11:618][866]LogModuleManager: Shutting down and abandoning module PhysXFormats (154)
[2018.10.21-15.30.11:618][866]LogModuleManager: Shutting down and abandoning module MeshUtilities (152)
[2018.10.21-15.30.11:618][866]LogModuleManager: Shutting down and abandoning module SimplygonSwarm (151)
[2018.10.21-15.30.11:618][866]LogModuleManager: Shutting down and abandoning module SimplygonMeshReduction (149)
[2018.10.21-15.30.11:618][866]LogModuleManager: Shutting down and abandoning module QuadricMeshReduction (147)
[2018.10.21-15.30.11:618][866]LogModuleManager: Shutting down and abandoning module DerivedDataCache (144)
[2018.10.21-15.30.11:660][866]LogDerivedDataCache: Shutdown
[2018.10.21-15.30.11:660][866]LogModuleManager: Shutting down and abandoning module TargetPlatform (142)
[2018.10.21-15.30.11:660][866]LogModuleManager: Shutting down and abandoning module VulkanShaderFormat (141)
[2018.10.21-15.30.11:660][866]LogModuleManager: Shutting down and abandoning module ShaderFormatVectorVM (139)
[2018.10.21-15.30.11:660][866]LogModuleManager: Shutting down and abandoning module ShaderFormatOpenGL (137)
[2018.10.21-15.30.11:660][866]LogModuleManager: Shutting down and abandoning module ShaderFormatD3D (135)
[2018.10.21-15.30.11:660][866]LogModuleManager: Shutting down and abandoning module MetalShaderFormat (133)
[2018.10.21-15.30.11:660][866]LogModuleManager: Shutting down and abandoning module TextureFormatUncompressed (131)
[2018.10.21-15.30.11:660][866]LogModuleManager: Shutting down and abandoning module TextureFormatPVR (129)
[2018.10.21-15.30.11:660][866]LogModuleManager: Shutting down and abandoning module TextureFormatDXT (127)
[2018.10.21-15.30.11:660][866]LogModuleManager: Shutting down and abandoning module TextureFormatIntelISPCTexComp (125)
[2018.10.21-15.30.11:660][866]LogModuleManager: Shutting down and abandoning module TextureFormatASTC (123)
[2018.10.21-15.30.11:660][866]LogModuleManager: Shutting down and abandoning module ImageWrapper (122)
[2018.10.21-15.30.11:660][866]LogModuleManager: Shutting down and abandoning module TextureFormatAndroid (119)
[2018.10.21-15.30.11:660][866]LogModuleManager: Shutting down and abandoning module AudioFormatOpus (117)
[2018.10.21-15.30.11:660][866]LogModuleManager: Shutting down and abandoning module AudioFormatOgg (115)
[2018.10.21-15.30.11:660][866]LogModuleManager: Shutting down and abandoning module AudioFormatADPCM (113)
[2018.10.21-15.30.11:660][866]LogModuleManager: Shutting down and abandoning module LinuxTargetPlatform (111)
[2018.10.21-15.30.11:660][866]LogModuleManager: Shutting down and abandoning module LinuxServerTargetPlatform (109)
[2018.10.21-15.30.11:660][866]LogModuleManager: Shutting down and abandoning module LinuxNoEditorTargetPlatform (107)
[2018.10.21-15.30.11:660][866]LogModuleManager: Shutting down and abandoning module LinuxClientTargetPlatform (105)
[2018.10.21-15.30.11:660][866]LogModuleManager: Shutting down and abandoning module TVOSTargetPlatform (103)
[2018.10.21-15.30.11:660][866]LogModuleManager: Shutting down and abandoning module Messaging (101)
[2018.10.21-15.30.11:660][866]LogModuleManager: Shutting down and abandoning module IOSTargetPlatform (99)
[2018.10.21-15.30.11:660][866]LogModuleManager: Shutting down and abandoning module HTML5TargetPlatform (97)
[2018.10.21-15.30.11:660][866]LogModuleManager: Shutting down and abandoning module Android_PVRTCTargetPlatform (95)
[2018.10.21-15.30.11:660][866]LogModuleManager: Shutting down and abandoning module Android_MultiTargetPlatform (93)
[2018.10.21-15.30.11:660][866]LogModuleManager: Shutting down and abandoning module Android_ETC2TargetPlatform (91)
[2018.10.21-15.30.11:660][866]LogModuleManager: Shutting down and abandoning module Android_ETC1TargetPlatform (89)
[2018.10.21-15.30.11:660][866]LogModuleManager: Shutting down and abandoning module Android_DXTTargetPlatform (87)
[2018.10.21-15.30.11:660][866]LogModuleManager: Shutting down and abandoning module Android_ATCTargetPlatform (85)
[2018.10.21-15.30.11:660][866]LogModuleManager: Shutting down and abandoning module Android_ASTCTargetPlatform (83)
[2018.10.21-15.30.11:661][866]LogModuleManager: Shutting down and abandoning module AndroidTargetPlatform (81)
[2018.10.21-15.30.11:661][866]LogModuleManager: Shutting down and abandoning module WindowsTargetPlatform (79)
[2018.10.21-15.30.11:661][866]LogModuleManager: Shutting down and abandoning module WindowsServerTargetPlatform (77)
[2018.10.21-15.30.11:661][866]LogModuleManager: Shutting down and abandoning module WindowsNoEditorTargetPlatform (75)
[2018.10.21-15.30.11:661][866]LogModuleManager: Shutting down and abandoning module WindowsClientTargetPlatform (73)
[2018.10.21-15.30.11:661][866]LogModuleManager: Shutting down and abandoning module MacTargetPlatform (71)
[2018.10.21-15.30.11:661][866]LogModuleManager: Shutting down and abandoning module MacServerTargetPlatform (69)
[2018.10.21-15.30.11:661][866]LogModuleManager: Shutting down and abandoning module MacNoEditorTargetPlatform (67)
[2018.10.21-15.30.11:661][866]LogModuleManager: Shutting down and abandoning module MacClientTargetPlatform (65)
[2018.10.21-15.30.11:661][866]LogModuleManager: Shutting down and abandoning module AllDesktopTargetPlatform (63)
[2018.10.21-15.30.11:661][866]LogModuleManager: Shutting down and abandoning module InputCore (60)
[2018.10.21-15.30.11:661][866]LogModuleManager: Shutting down and abandoning module Settings (58)
[2018.10.21-15.30.11:661][866]LogModuleManager: Shutting down and abandoning module OculusRift (56)
[2018.10.21-15.30.11:661][866]LogModuleManager: Shutting down and abandoning module GearVRController (54)
[2018.10.21-15.30.11:661][866]LogModuleManager: Shutting down and abandoning module GearVR (52)
[2018.10.21-15.30.11:661][866]LogModuleManager: Shutting down and abandoning module ExampleDeviceProfileSelector (50)
[2018.10.21-15.30.11:661][866]LogModuleManager: Shutting down and abandoning module OnlineBlueprintSupport (48)
[2018.10.21-15.30.11:661][866]LogModuleManager: Shutting down and abandoning module OnlineSubsystem (44)
[2018.10.21-15.30.11:661][866]LogOnline:Display: Unloading online subsystem: NULL
[2018.10.21-15.30.11:661][866]LogModuleManager: Shutting down and abandoning module XMPP (43)
[2018.10.21-15.30.11:661][866]LogModuleManager: Shutting down and abandoning module HTTP (41)
[2018.10.21-15.30.11:661][866]LogHttp:Display: Http module shutting down, but needs to wait on 1 outstanding Http requests:
[2018.10.21-15.30.11:661][866]LogHttp:Display: 	verb=[POST] url=[https://datarouter.ol.epicgames.com/datarouter/api/v1/public/data?SessionID=%7B37FDD074-47D6-437E-844B-11B2F6624360%7D&AppID=UEEditor.Rocket.Release&AppVersion=4.16.3-3561208%2B%2B%2BUE4%2BRelease-4.16&UserID=db30d1214a05cc8a77efc199493ec53c%7C3df5c5e5213741b78f1090120462d5c5%7C16c13bbc-3406-4982-a6ac-5380e1ba7082&AppEnvironment=datacollector-binary&UploadType=eteventstream] status=Processing
[2018.10.21-15.30.11:668][866]LogModuleManager: Shutting down and abandoning module SSL (40)
[2018.10.21-15.30.11:669][866]LogModuleManager: Shutting down and abandoning module HTTPChunkInstaller (36)
[2018.10.21-15.30.11:669][866]LogModuleManager: Shutting down and abandoning module AnimationModifiers (34)
[2018.10.21-15.30.11:669][866]LogModuleManager: Shutting down and abandoning module PropertyEditor (33)
[2018.10.21-15.30.11:669][866]LogModuleManager: Shutting down and abandoning module AudioEditor (30)
[2018.10.21-15.30.11:669][866]LogModuleManager: Shutting down and abandoning module TextureCompressor (28)
[2018.10.21-15.30.11:669][866]LogModuleManager: Shutting down and abandoning module ShaderCore (26)
[2018.10.21-15.30.11:669][866]LogModuleManager: Shutting down and abandoning module Landscape (24)
[2018.10.21-15.30.11:669][866]LogModuleManager: Shutting down and abandoning module SlateRHIRenderer (22)
[2018.10.21-15.30.11:670][866]LogModuleManager: Shutting down and abandoning module OpenGLDrv (20)
[2018.10.21-15.30.11:670][866]LogModuleManager: Shutting down and abandoning module D3D11RHI (18)
[2018.10.21-15.30.11:670][866]LogModuleManager: Shutting down and abandoning module AnimGraphRuntime (16)
[2018.10.21-15.30.11:670][866]LogModuleManager: Shutting down and abandoning module Renderer (14)
[2018.10.21-15.30.11:670][866]LogModuleManager: Shutting down and abandoning module Engine (12)
[2018.10.21-15.30.11:670][866]LogModuleManager: Shutting down and abandoning module CoreUObject (10)
[2018.10.21-15.30.11:670][866]LogModuleManager: Shutting down and abandoning module NetworkFile (8)
[2018.10.21-15.30.11:670][866]LogModuleManager: Shutting down and abandoning module StreamingFile (6)
[2018.10.21-15.30.11:670][866]LogModuleManager: Shutting down and abandoning module SandboxFile (4)
[2018.10.21-15.30.11:670][866]LogModuleManager: Shutting down and abandoning module PakFile (2)
[2018.10.21-15.30.11:671][866]LogExit: Exiting.
[2018.10.21-15.30.11:687][866]Log file closed, 10/21/18 17:30:11
