Log file open, 10/16/18 20:33:45
LogInit:Display: Running engine for game: Bio
LogPlatformFile: Not using cached read wrapper
LogInit:Display: RandInit(-1018244054) SRandInit(-1018244054).
LogTaskGraph: Started task graph with 5 named threads and 8 total threads with 1 sets of task threads.
LogStats: Stats thread started at 1.103220
LogInit: Using libcurl 7.47.1
LogInit:  - built for x86_64-pc-win32
LogInit:  - supports SSL with OpenSSL/1.0.2g
LogInit:  - supports HTTP deflate (compression) using libz 1.2.8
LogInit:  - other features:
LogInit:      CURL_VERSION_SSL
LogInit:      CURL_VERSION_LIBZ
LogInit:      CURL_VERSION_IPV6
LogInit:      CURL_VERSION_ASYNCHDNS
LogInit:      CURL_VERSION_LARGEFILE
LogInit:      CURL_VERSION_IDN
LogInit:  CurlRequestOptions (configurable via config and command line):
LogInit:  - bVerifyPeer = false  - Libcurl will NOT verify peer certificate
LogInit:  - bUseHttpProxy = false  - Libcurl will NOT use HTTP proxy
LogInit:  - bDontReuseConnections = false  - Libcurl will reuse connections
LogInit:  - CertBundlePath = nullptr  - Libcurl will use whatever was configured at build time.
LogInit: Build: ++UE4+Release-4.16-CL-3561208
LogInit: Engine Version: 4.16.3-3561208+++UE4+Release-4.16
LogInit: Compatible Engine Version: 4.16.0-3452394+++UE4+Release-4.16
LogInit: Net CL: 3452394
LogDevObjectVersion: Number of dev versions registered: 16
LogDevObjectVersion:   Dev-Blueprints (B0D832E4-1F89-4F0D-ACCF-7EB736FD4AA2): 9
LogDevObjectVersion:   Dev-Build (E1C64328-A22C-4D53-A36C-8E866417BD8C): 0
LogDevObjectVersion:   Dev-Core (375EC13C-06E4-48FB-B500-84F0262A717E): 2
LogDevObjectVersion:   Dev-Editor (E4B068ED-F494-42E9-A231-DA0B2E46BB41): 17
LogDevObjectVersion:   Dev-Framework (CFFC743F-43B0-4480-9391-14DF171D2073): 23
LogDevObjectVersion:   Dev-Mobile (B02B49B5-BB20-44E9-A304-32B752E40360): 0
LogDevObjectVersion:   Dev-Networking (A4E4105C-59A1-49B5-A7C5-40C4547EDFEE): 0
LogDevObjectVersion:   Dev-Online (39C831C9-5AE6-47DC-9A44-9C173E1C8E7C): 0
LogDevObjectVersion:   Dev-Physics (78F01B33-EBEA-4F98-B9B4-84EACCB95AA2): 0
LogDevObjectVersion:   Dev-Platform (6631380F-2D4D-43E0-8009-CF276956A95A): 0
LogDevObjectVersion:   Dev-Rendering (12F88B9F-8875-4AFC-A67C-D90C383ABD29): 15
LogDevObjectVersion:   Dev-Sequencer (7B5AE74C-D270-4C10-A958-57980B212A5A): 4
LogDevObjectVersion:   Dev-VR (D7296918-1DD6-4BDD-9DE2-64A83CC13884): 0
LogDevObjectVersion:   Dev-LoadTimes (C2A15278-BFE7-4AFE-6C17-90FF531DF755): 1
LogDevObjectVersion:   Private-Geometry (6EACA3D4-40EC-4CC1-B786-8BED09428FC5): 1
LogDevObjectVersion:   Dev-AnimPhys (29E575DD-E0A3-4627-9D10-D276232CDCEA): 3
LogInit: Compiled (64-bit): Jul 28 2017 11:49:47
LogInit: Compiled with Visual C++: 19.00.24215.01
LogInit: Build Configuration: Development
LogInit: Branch Name: ++UE4+Release-4.16
LogInit: Command line:  
LogInit: Base directory: C:/Program Files/Epic Games/UE_4.16/Engine/Binaries/Win64/
LogInit: Installed Engine Build: 1
LogInit: Presizing for max 8388607 objects, including 0 objects not considered by GC, pre-allocating 0 bytes for permanent pool.
LogInit: Object subsystem initialized
[2018.10.16-18.33.48:519][  0]LogInit: Selected Device Profile: [Windows]
[2018.10.16-18.33.48:519][  0]LogInit: Applying CVar settings loaded from the selected device profile: [Windows]
[2018.10.16-18.33.48:535][  0]LogInit: Computer: DESKTOP-KR2EHTK
[2018.10.16-18.33.48:535][  0]LogInit: User: Ferran
[2018.10.16-18.33.48:535][  0]LogInit: CPU Page size=4096, Cores=4
[2018.10.16-18.33.48:535][  0]LogInit: High frequency timer resolution =3.349781 MHz
[2018.10.16-18.33.48:535][  0]LogMemory: Memory total: Physical=8.0GB (8GB approx)
[2018.10.16-18.33.48:535][  0]LogMemory: Platform Memory Stats for Windows
[2018.10.16-18.33.48:535][  0]LogMemory: Process Physical Memory: 272.85 MB used, 272.85 MB peak
[2018.10.16-18.33.48:535][  0]LogMemory: Process Virtual Memory: 266.54 MB used, 266.54 MB peak
[2018.10.16-18.33.48:535][  0]LogMemory: Physical Memory: 6615.10 MB used,  1539.15 MB free, 8154.25 MB total
[2018.10.16-18.33.48:535][  0]LogMemory: Virtual Memory: 4774.37 MB used,  1539.15 MB free, 134217728.00 MB total
[2018.10.16-18.33.49:282][  0]LogInit: Overriding language with editor language configuration option (en).
[2018.10.16-18.33.49:283][  0]LogInit: Overriding locale with editor locale configuration option (en).
[2018.10.16-18.33.51:525][  0]LogD3D11RHI: D3D11 adapters:
[2018.10.16-18.33.51:551][  0]LogD3D11RHI:    0. 'AMD Radeon HD 7900 Series' (Feature Level 11_0)
[2018.10.16-18.33.51:551][  0]LogD3D11RHI:       3052/0/4077 MB DedicatedVideo/DedicatedSystem/SharedSystem, Outputs:2, VendorId:0x1002
[2018.10.16-18.33.51:555][  0]LogD3D11RHI:    1. 'Microsoft Basic Render Driver' (Feature Level 11_0)
[2018.10.16-18.33.51:555][  0]LogD3D11RHI:       0/0/4077 MB DedicatedVideo/DedicatedSystem/SharedSystem, Outputs:0, VendorId:0x1414
[2018.10.16-18.33.51:555][  0]LogD3D11RHI: Chosen D3D11 Adapter: 0
[2018.10.16-18.33.51:562][  0]LogD3D11RHI: Creating new Direct3DDevice
[2018.10.16-18.33.51:563][  0]LogD3D11RHI:     GPU DeviceId: 0x679a (for the marketing name, search the web for "GPU Device Id")
[2018.10.16-18.33.51:563][  0]LogWindows: EnumDisplayDevices:
[2018.10.16-18.33.51:563][  0]LogWindows:    0. 'AMD Radeon HD 7900 Series' (P:0 D:1)
[2018.10.16-18.33.51:564][  0]LogWindows:    1. 'AMD Radeon HD 7900 Series' (P:1 D:1)
[2018.10.16-18.33.51:565][  0]LogWindows:    2. 'AMD Radeon HD 7900 Series' (P:0 D:0)
[2018.10.16-18.33.51:566][  0]LogWindows:    3. 'AMD Radeon HD 7900 Series' (P:0 D:0)
[2018.10.16-18.33.51:567][  0]LogWindows:    4. 'AMD Radeon HD 7900 Series' (P:0 D:0)
[2018.10.16-18.33.51:568][  0]LogWindows:    5. 'AMD Radeon HD 7900 Series' (P:0 D:0)
[2018.10.16-18.33.51:568][  0]LogWindows: DebugString: GetVideoDriverDetailsInvalid PrimaryIsNotTheChoosenAdapter GetVideoDriverDetailsInvalid PrimaryIsNotTheChoosenAdapter GetVideoDriverDetailsInvalid PrimaryIsNotTheChoosenAdapter GetVideoDriverDetailsInvalid PrimaryIsNotTheChoosenAdapter GetVideoDriverDetailsInvalid PrimaryIsNotTheChoosenAdapter GetVideoDriverDetailsInvalid PrimaryIsNotTheChoosenAdapter FoundDriverCount:0 
[2018.10.16-18.33.51:568][  0]LogD3D11RHI:     Adapter Name: AMD Radeon HD 7900 Series
[2018.10.16-18.33.51:568][  0]LogD3D11RHI:   Driver Version: Unknown (internal:Unknown, unified:Unknown)
[2018.10.16-18.33.51:568][  0]LogD3D11RHI:      Driver Date: Unknown
[2018.10.16-18.33.51:568][  0]LogRHI: Texture pool is 1361 MB (70% of 1945 MB)
[2018.10.16-18.33.51:637][  0]LogD3D11RHI: Async texture creation enabled
[2018.10.16-18.33.51:682][  0]LogD3D11RHI: GPU Timing Frequency: 27.000000 (Debug: 2 1)
[2018.10.16-18.33.51:692][  0]LogShaderCompilers: Guid format shader working directory is 12 characters bigger than the processId version (E:/Project2/GITHUB DESKTOP/Bio/Bio/Intermediate/Shaders/WorkingDirectory/14808/).
[2018.10.16-18.33.51:693][  0]LogShaderCompilers: Cleaned the shader compiler working directory 'C:/Users/Ferran/AppData/Local/Temp/UnrealShaderWorkingDir/B558C18A402BBBBF38FC8BB075FE4B98/'.
[2018.10.16-18.33.51:694][  0]LogShaderCompilers:Display: Using Local Shader Compiler.
[2018.10.16-18.33.54:504][  0]LogTemp:Display: Loaded TP AllDesktopTargetPlatform
[2018.10.16-18.33.54:854][  0]LogTemp:Display: Loaded TP MacClientTargetPlatform
[2018.10.16-18.33.55:204][  0]LogTemp:Display: Loaded TP MacNoEditorTargetPlatform
[2018.10.16-18.33.55:546][  0]LogTemp:Display: Loaded TP MacServerTargetPlatform
[2018.10.16-18.33.55:897][  0]LogTemp:Display: Loaded TP MacTargetPlatform
[2018.10.16-18.33.56:245][  0]LogTemp:Display: Loaded TP WindowsClientTargetPlatform
[2018.10.16-18.33.56:584][  0]LogTemp:Display: Loaded TP WindowsNoEditorTargetPlatform
[2018.10.16-18.33.56:928][  0]LogTemp:Display: Loaded TP WindowsServerTargetPlatform
[2018.10.16-18.33.57:273][  0]LogTemp:Display: Loaded TP WindowsTargetPlatform
[2018.10.16-18.33.57:622][  0]LogTemp:Display: Loaded TP AndroidTargetPlatform
[2018.10.16-18.33.57:983][  0]LogTemp:Display: Loaded TP Android_ASTCTargetPlatform
[2018.10.16-18.33.58:329][  0]LogTemp:Display: Loaded TP Android_ATCTargetPlatform
[2018.10.16-18.33.58:679][  0]LogTemp:Display: Loaded TP Android_DXTTargetPlatform
[2018.10.16-18.33.59:024][  0]LogTemp:Display: Loaded TP Android_ETC1TargetPlatform
[2018.10.16-18.33.59:394][  0]LogTemp:Display: Loaded TP Android_ETC2TargetPlatform
[2018.10.16-18.34.00:189][  0]LogTemp:Display: Loaded TP Android_MultiTargetPlatform
[2018.10.16-18.34.00:189][  0]LogTemp:Display: Loaded TP Android_PVRTCTargetPlatform
[2018.10.16-18.34.00:535][  0]LogTemp:Display: Loaded TP HTML5TargetPlatform
[2018.10.16-18.34.01:154][  0]LogTemp:Display: Loaded TP IOSTargetPlatform
[2018.10.16-18.34.01:379][  0]LogTemp:Display: Loaded TP TVOSTargetPlatform
[2018.10.16-18.34.01:737][  0]LogTemp:Display: Loaded TP LinuxClientTargetPlatform
[2018.10.16-18.34.02:083][  0]LogTemp:Display: Loaded TP LinuxNoEditorTargetPlatform
[2018.10.16-18.34.02:433][  0]LogTemp:Display: Loaded TP LinuxServerTargetPlatform
[2018.10.16-18.34.02:799][  0]LogTemp:Display: Loaded TP LinuxTargetPlatform
[2018.10.16-18.34.02:799][  0]LogTargetPlatformManager:Display: Building Assets For Windows
[2018.10.16-18.34.06:905][  0]LogDerivedDataCache:Display: Max Cache Size: 512 MB
[2018.10.16-18.34.07:481][  0]LogDerivedDataCache: Loaded boot cache 0.57s 90MB C:/Users/Ferran/AppData/Local/UnrealEngine/4.16/DerivedDataCache/Boot.ddc.
[2018.10.16-18.34.07:481][  0]LogDerivedDataCache:Display: Loaded Boot cache: C:/Users/Ferran/AppData/Local/UnrealEngine/4.16/DerivedDataCache/Boot.ddc
[2018.10.16-18.34.07:481][  0]LogDerivedDataCache: FDerivedDataBackendGraph:  Pak pak cache file E:/Project2/GITHUB DESKTOP/Bio/Bio/DerivedDataCache/DDC.ddp not found, will not use a pak cache.
[2018.10.16-18.34.07:481][  0]LogDerivedDataCache: Unable to find inner node Pak for hierarchical cache Hierarchy.
[2018.10.16-18.34.07:481][  0]LogDerivedDataCache: FDerivedDataBackendGraph:  CompressedPak pak cache file E:/Project2/GITHUB DESKTOP/Bio/Bio/DerivedDataCache/Compressed.ddp not found, will not use a pak cache.
[2018.10.16-18.34.07:481][  0]LogDerivedDataCache: Unable to find inner node CompressedPak for hierarchical cache Hierarchy.
[2018.10.16-18.34.07:504][  0]LogDerivedDataCache:Display: Pak cache opened for reading ../../../Engine/DerivedDataCache/Compressed.ddp.
[2018.10.16-18.34.07:519][  0]LogDerivedDataCache: Using Local data cache path C:/Users/Ferran/AppData/Local/UnrealEngine/Common/DerivedDataCache: Writable
[2018.10.16-18.34.07:539][  0]LogMaterial: Verifying Global Shaders for PCD3D_SM5
[2018.10.16-18.34.07:548][  0]LogSlate: Using Freetype 2.6.0
[2018.10.16-18.34.07:556][  0]LogSlate: SlateFontCache - WITH_FREETYPE: 1, WITH_HARFBUZZ: 1
[2018.10.16-18.34.07:556][  0]LogSlate: SlateFontCache - WITH_FREETYPE: 1, WITH_HARFBUZZ: 1
[2018.10.16-18.34.08:826][  0]LogInit: Selected Device Profile: [Windows]
[2018.10.16-18.34.09:041][  0]LogContentStreaming: Texture pool size is 0.00 MB
[2018.10.16-18.34.09:783][  0]LogMeshUtilities: Using QuadricMeshReduction for automatic static mesh reduction
[2018.10.16-18.34.10:157][  0]LogSimplygon: Simplygon DLL not present - disabling.
[2018.10.16-18.34.10:526][  0]LogMeshUtilities: Using SimplygonSwarm for distributed automatic mesh merging
[2018.10.16-18.34.10:526][  0]LogMeshUtilities: No automatic skeletal mesh reduction module available
[2018.10.16-18.34.10:527][  0]LogMeshUtilities: No automatic mesh merging module available
[2018.10.16-18.34.13:004][  0]LogNetVersion: Bio , NetCL: 3452394, EngineNetVer: 2, GameNetVer: 0 (Checksum: 343922727)
[2018.10.16-18.34.13:273][  0]LogAssetRegistry: FAssetRegistry took 0.0314 seconds to start up
[2018.10.16-18.34.13:495][  0]LogPackageLocalizationCache: Processed 4 localized package path(s) for 1 prioritized culture(s) in 0.023601 seconds
[2018.10.16-18.34.13:501][  0]LogUObjectArray: 34194 objects as part of root set at end of initial load.
[2018.10.16-18.34.13:501][  0]LogUObjectAllocator: 7260424 out of 0 bytes used by permanent object pool.
[2018.10.16-18.34.13:501][  0]LogUObjectArray: CloseDisregardForGC: 0/0 objects in disregard for GC pool
[2018.10.16-18.34.14:115][  0]LogInit: WinSock: version 1.1 (2.2), MaxSocks=32767, MaxUdp=65467
[2018.10.16-18.34.27:919][  0]LogTcpMessaging: Initializing TcpMessaging bridge
[2018.10.16-18.34.28:170][  0]LogUdpMessaging: Initializing bridge on interface 0.0.0.0:0 to multicast group 230.0.0.1:6666.
[2018.10.16-18.34.31:832][  0]LogMaterial: Uniform references updated for custom material expression Custom.
[2018.10.16-18.34.34:600][  0]SourceControl: Info Source control is disabled
[2018.10.16-18.34.34:714][  0]SourceControl: Info Source control is disabled
[2018.10.16-18.34.35:088][  0]SourceControl: Info Source control is disabled
[2018.10.16-18.34.35:466][  0]SourceControl: Info Source control is disabled
[2018.10.16-18.34.43:680][  0]LogAndroidPermission: UAndroidPermissionCallbackProxy::GetInstance
[2018.10.16-18.34.49:058][  0]LogEngine: Initializing Engine...
[2018.10.16-18.34.49:311][  0]LogHMD: Failed to initialize OpenVR with code 108
[2018.10.16-18.34.49:591][  0]LogStats: UGameplayTagsManager::ConstructGameplayTagTree: Construct from data asset -  0.000 s
[2018.10.16-18.34.49:592][  0]LogStats: UGameplayTagsManager::ConstructGameplayTagTree: GameplayTagTreeChangedEvent.Broadcast -  0.000 s
[2018.10.16-18.34.50:971][  0]LogAIModule: Creating AISystem for world Untitled
[2018.10.16-18.34.51:167][  0]LogInit: XAudio2 using 'Altavoces (VIA HD Audio)' : 2 channels at 48 kHz using 32 bits per sample (channel mask 0x3)
[2018.10.16-18.34.51:224][  0]LogInit: FAudioDevice initialized.
[2018.10.16-18.34.51:276][  0]LogDerivedDataCache: Saved boot cache 0.05s 90MB C:/Users/Ferran/AppData/Local/UnrealEngine/4.16/DerivedDataCache/Boot.ddc.
[2018.10.16-18.34.51:287][  0]LogInit: Texture streaming: Enabled
[2018.10.16-18.34.52:232][  0]LogEngineSessionManager: EngineSessionManager initialized
[2018.10.16-18.34.54:433][  0]LogInit: Transaction tracking system initialized
[2018.10.16-18.34.57:435][  0]BlueprintLog: New page: Editor Load
[2018.10.16-18.35.06:362][  0]LocalizationService: Info Localization service is disabled
[2018.10.16-18.35.12:533][  0]LogConsoleResponse:Display: 
[2018.10.16-18.35.13:048][  0]LogFileCache: Scanning file cache for directory 'E:/Project2/GITHUB DESKTOP/Bio/Bio/Content/' took 0.01s
[2018.10.16-18.35.13:048][  0]LogCook:Display: Max memory allowance for cook 16384mb min free memory 0mb
[2018.10.16-18.35.13:048][  0]LogCook:Display: Mobile HDR setting 1
[2018.10.16-18.35.22:512][  0]SourceControl: Info Source control is disabled
[2018.10.16-18.35.22:515][  0]Cmd: MAP LOAD FILE="../../../Engine/Content/Maps/Templates/Template_Default.umap" TEMPLATE=1 SHOWPROGRESS=1 FEATURELEVEL=3
[2018.10.16-18.35.22:520][  0]LightingResults: New page: Lighting Build
[2018.10.16-18.35.22:995][  0]MapCheck: New page: Map Check
[2018.10.16-18.35.22:995][  0]LightingResults: New page: Lighting Build
[2018.10.16-18.35.23:277][  0]LogAIModule: Creating AISystem for world Untitled_1
[2018.10.16-18.35.23:279][  0]LogActorComponent: RegisterComponentWithWorld: (/Temp/Untitled_1.Untitled_1:PersistentLevel.WorldSettings_1.StaticMeshComponent0) Trying to register component with IsPendingKill() == true. Aborting.
[2018.10.16-18.35.23:320][  0]LogEditorServer: Finished looking for orphan Actors (0.000 secs)
[2018.10.16-18.35.23:343][  0]Cmd: MAP CHECKDEP NOCLEARLOG
[2018.10.16-18.35.23:546][  0]MapCheck: Info Map check complete: 0 Error(s), 0 Warning(s), took 202.255ms to complete.
[2018.10.16-18.35.23:546][  0]LogFileHelpers: Loading map 'Template_Default' took 1.032
[2018.10.16-18.35.24:407][  0]LogCollectionManager: Loaded 0 collections in 0.003388 seconds
[2018.10.16-18.35.24:798][  0]LogFileCache: Scanning file cache for directory 'E:/Project2/GITHUB DESKTOP/Bio/Bio/Saved/Collections/' took 0.01s
[2018.10.16-18.35.24:798][  0]LogFileCache: Scanning file cache for directory 'E:/Project2/GITHUB DESKTOP/Bio/Bio/Content/Developers/Ferran/Collections/' took 0.01s
[2018.10.16-18.35.24:798][  0]LogFileCache: Scanning file cache for directory 'E:/Project2/GITHUB DESKTOP/Bio/Bio/Content/Collections/' took 0.01s
[2018.10.16-18.35.24:798][  0]LogCollectionManager: Rebuilt the GUID cache for 0 collections in 0.000003 seconds
[2018.10.16-18.35.24:812][  0]LogContentBrowser: Native class hierarchy populated in 0.0115 seconds. Added 2330 classes and 494 folders.
[2018.10.16-18.35.25:368][  0]LogContentBrowser: Native class hierarchy updated for 'WidgetCarousel' in 0.0008 seconds. Added 0 classes and 0 folders.
[2018.10.16-18.35.25:603][  0]LogContentBrowser: Native class hierarchy updated for 'AddContentDialog' in 0.0008 seconds. Added 0 classes and 0 folders.
[2018.10.16-18.35.25:963][  0]LogContentBrowser: Native class hierarchy updated for 'SceneOutliner' in 0.0009 seconds. Added 1 classes and 2 folders.
[2018.10.16-18.35.26:401][  0]LogCrashTracker: Crashtracker disabled due to settings.
[2018.10.16-18.35.26:423][  0]LogSlate: Took 0.001703 seconds to synchronously load lazily loaded font '../../../Engine/Content/Slate/Fonts/Roboto-Regular.ttf' (155K)
[2018.10.16-18.35.26:428][  0]LogSlate: Took 0.001886 seconds to synchronously load lazily loaded font '../../../Engine/Content/Slate/Fonts/Roboto-Bold.ttf' (160K)
[2018.10.16-18.35.26:437][  0]LogSlate: Took 0.001879 seconds to synchronously load lazily loaded font '../../../Engine/Content/Editor/Slate/Fonts/FontAwesome.ttf' (139K)
[2018.10.16-18.35.26:576][  0]LogRenderer: Reallocating scene render targets to support 956x492 NumSamples 1 (Frame:1).
[2018.10.16-18.35.26:775][  0]LogUObjectGlobals:Warning: Failed to find object 'Class None.'
[2018.10.16-18.35.27:234][  0]LogContentBrowser: Native class hierarchy updated for 'HierarchicalLODOutliner' in 0.0009 seconds. Added 1 classes and 2 folders.
[2018.10.16-18.35.27:234][  0]LogLoad: (Engine Initialization) Total time: 107.56 seconds
[2018.10.16-18.35.27:234][  0]LogLoad: (Engine Initialization) Total Blueprint compile time: 0.48 seconds
[2018.10.16-18.35.27:234][  0]LogExternalProfiler: No external profilers were discovered.  External profiling features will not be available.
[2018.10.16-18.35.27:579][  0]LogOcInput: OculusInput pre-init called
[2018.10.16-18.35.27:579][  0]LogHMD: Starting GearVRController plugin
[2018.10.16-18.35.27:618][  0]LogContentStreaming: Texture pool size now 1000 MB
[2018.10.16-18.35.27:924][  1]LogAssetRegistry: Asset discovery search completed in 74.6738 seconds
[2018.10.16-18.35.27:928][  1]LogCollectionManager: Rebuilt the object cache for 0 collections in 0.000001 seconds (found 0 objects)
[2018.10.16-18.35.27:928][  1]LogCollectionManager: Fixed up redirectors for 0 collections in 0.000047 seconds (updated 0 objects)
[2018.10.16-18.36.50:319][163]LogEditorViewport: Clicking Background
[2018.10.16-18.36.50:857][226]LogEditorViewport: Clicking Background
[2018.10.16-18.36.55:336][757]LogTemp: Repeting last play command: Selected Viewport
[2018.10.16-18.36.55:356][757]LogPlayLevel: PlayLevel: No blueprints needed recompiling
[2018.10.16-18.36.55:362][757]PIE: New page: PIE session: Untitled_1 (Oct 16, 2018, 10:36:55 PM)
[2018.10.16-18.36.55:362][757]LogPlayLevel: Creating play world package: /Temp/UEDPIE_0_Untitled_1
[2018.10.16-18.36.55:368][757]LogPlayLevel: PIE: StaticDuplicateObject took: (0.006084s)
[2018.10.16-18.36.55:369][757]LogAIModule: Creating AISystem for world Untitled_1
[2018.10.16-18.36.55:370][757]LogPlayLevel: PIE: World Init took: (0.002037s)
[2018.10.16-18.36.55:372][757]LogPlayLevel: PIE: Created PIE world by copying editor world from /Temp/Untitled_1.Untitled_1 to /Temp/UEDPIE_0_Untitled_1.Untitled_1 (0.009778s)
[2018.10.16-18.36.55:535][757]LogInit: XAudio2 using 'Altavoces (VIA HD Audio)' : 2 channels at 48 kHz using 32 bits per sample (channel mask 0x3)
[2018.10.16-18.36.55:568][757]LogInit: FAudioDevice initialized.
[2018.10.16-18.36.55:617][757]LogLoad: Game class is 'GameModeBase'
[2018.10.16-18.36.55:633][757]LogWorld: Bringing World /Temp/UEDPIE_0_Untitled_1.Untitled_1 up for play (max tick rate 0) at 2018.10.16-20.36.55
[2018.10.16-18.36.55:635][757]LogWorld: Bringing up level for play took: 0.003564
[2018.10.16-18.36.56:020][757]LogContentBrowser: Native class hierarchy updated for 'MovieSceneCapture' in 0.0009 seconds. Added 11 classes and 0 folders.
[2018.10.16-18.36.56:031][757]PIE: Info Play in editor start time for /Temp/UEDPIE_0_Untitled_1 -0.105
[2018.10.16-18.48.13:982][ 97]LogEditor: Attempting to add actor of class 'CineCameraActor' to level at -1550.00,-110.00,0.00
[2018.10.16-18.48.16:912][422]LogEditor: Attempting to add actor of class 'CineCameraActor' to level at 20.00,220.00,20.00
[2018.10.16-18.48.27:532][657]LogEditorViewport: Clicking on Actor (LMB): StaticMeshActor (Floor)
[2018.10.16-18.48.41:852][315]LogEditorViewport: Clicking on Actor (LMB): CineCameraActor (CineCameraActor1)
[2018.10.16-18.48.48:776][102]LogEditorViewport: Clicking on Actor (LMB): CineCameraActor (CineCameraActor1)
[2018.10.16-18.48.48:895][114]LogEditorViewport: Clicking on Actor (LMB): CineCameraActor (CineCameraActor1)
[2018.10.16-18.48.51:570][414]LogSlate: Took 0.002246 seconds to synchronously load lazily loaded font '../../../Engine/Content/Editor/Slate/Fonts/Roboto-Italic.ttf' (157K)
[2018.10.16-18.50.20:537][667]LogSlate: Took 0.090886 seconds to synchronously load lazily loaded font '../../../Engine/Content/Slate/Fonts/Roboto-Light.ttf' (159K)
[2018.10.16-18.50.29:083][693]LogSlate: Took 0.000686 seconds to synchronously load lazily loaded font '../../../Engine/Content/Slate/Fonts/Roboto-Light.ttf' (159K)
[2018.10.16-18.50.29:133][693]Cmd: OBJ SAVEPACKAGE PACKAGE="/Temp/Untitled_1" FILE="E:/Project2/GITHUB DESKTOP/Bio/Bio/Saved/Autosaves/Temp/Untitled_1_Auto1.umap" SILENT=true AUTOSAVING=true KEEPDIRTY=false
[2018.10.16-18.50.29:177][693]LogSavePackage: Save=41.36ms
[2018.10.16-18.50.29:177][693]LogSavePackage: Moving 'E:/Project2/GITHUB DESKTOP/Bio/Bio/Saved/Untitled_1_Auto1A2BAB71D4E37288A62A29AA7EFE4D6DE.tmp' to 'E:/Project2/GITHUB DESKTOP/Bio/Bio/Saved/Autosaves/Temp/Untitled_1_Auto1.umap'
[2018.10.16-18.50.29:179][693]LogSavePackage:Display: Finished SavePackage E:/Project2/GITHUB DESKTOP/Bio/Bio/Saved/Autosaves/Temp/Untitled_1_Auto1.umap
[2018.10.16-18.50.29:184][693]LogFileHelpers: Editor autosave (incl. sublevels) for '/Temp/Untitled_1' took 0.066
[2018.10.16-18.50.29:184][693]LogFileHelpers: Editor autosave (incl. sublevels) for all levels took 0.066
[2018.10.16-18.50.54:647][523]Cmd: EDIT CUT
[2018.10.16-18.50.54:663][523]LogEditorActor: Deleted Actor: CineCameraActor
[2018.10.16-18.50.54:696][523]LogEditorActor: Deleted 1 Actors (0.034 secs)
[2018.10.16-18.50.56:452][734]Cmd: TRANSACTION UNDO
[2018.10.16-18.50.56:452][734]LogEditorTransaction: Undo Cut
[2018.10.16-18.50.56:881][766]Cmd: TRANSACTION UNDO
[2018.10.16-18.50.56:881][766]LogEditorTransaction: Undo Set Vector Property
[2018.10.16-18.51.17:773][195]LogEditorViewport: Clicking on Actor (context menu): CineCameraActor (CineCameraActor1)
[2018.10.16-18.51.23:063][785]LogEditorViewport: Clicking on Actor (LMB): BP_Sky_Sphere_C (Sky Sphere)
[2018.10.16-18.51.27:664][322]LogEditorViewport: Clicking on Actor (LMB): CineCameraActor (CineCameraActor1)
[2018.10.16-18.51.29:137][485]Cmd: DELETE
[2018.10.16-18.51.29:137][485]Cmd: ACTOR DELETE
[2018.10.16-18.51.29:142][485]LogEditorActor: Deleted Actor: CineCameraActor
[2018.10.16-18.51.29:176][485]LogEditorActor: Deleted 1 Actors (0.035 secs)
[2018.10.16-18.52.02:647][987]LogEditorViewport: Clicking on Actor (LMB): BP_Sky_Sphere_C (Sky Sphere)
[2018.10.16-18.52.04:029][144]LogEditorViewport: Clicking on Actor (LMB): CameraActor (CameraActor)
[2018.10.16-18.52.04:846][229]LogEditorViewport: Clicking on Actor (context menu): CameraActor (CameraActor)
[2018.10.16-18.52.05:705][326]LogEditorViewport: Clicking on Actor (context menu): BP_Sky_Sphere_C (Sky Sphere)
[2018.10.16-18.52.06:919][459]LogEditorViewport: Clicking on Actor (LMB): CameraActor (CameraActor)
[2018.10.16-18.52.08:058][583]LogEditorViewport: Clicking on Actor (context menu): CameraActor (CameraActor)
[2018.10.16-18.52.55:588][ 18]LogEditorViewport: Clicking on Actor (LMB): Actor (Actor)
[2018.10.16-18.52.57:873][290]Cmd: DELETE
[2018.10.16-18.52.57:873][290]Cmd: ACTOR DELETE
[2018.10.16-18.52.57:874][290]LogEditorActor: Deleted Actor: Actor
[2018.10.16-18.52.57:887][290]LogEditorActor: Deleted 1 Actors (0.014 secs)
[2018.10.16-18.52.58:657][378]LogActorFactory: Actor Factory created Sphere
[2018.10.16-18.52.59:205][439]LogActorFactory: Actor Factory created Sphere
[2018.10.16-18.53.01:754][702]LogEditorViewport: Clicking on Actor (LMB): CameraActor (CameraActor)
[2018.10.16-18.53.03:269][869]LogEditorViewport: Clicking on Actor (LMB): StaticMeshActor (Sphere)
[2018.10.16-18.53.04:275][979]LogEditorViewport: Clicking on Actor (LMB): CameraActor (CameraActor)
[2018.10.16-18.53.07:800][386]LogEditorViewport: Clicking on Actor (context menu): BP_Sky_Sphere_C (Sky Sphere)
[2018.10.16-18.53.09:174][538]LogEditorViewport: Clicking on Actor (context menu): BP_Sky_Sphere_C (Sky Sphere)
[2018.10.16-18.53.12:068][873]LogEditorViewport: Clicking on Actor (LMB): BP_Sky_Sphere_C (Sky Sphere)
[2018.10.16-18.53.13:588][ 52]LogEditorViewport: Clicking on Actor (LMB): StaticMeshActor (Sphere)
[2018.10.16-18.53.20:776][904]Cmd: DELETE
[2018.10.16-18.53.20:776][904]Cmd: ACTOR DELETE
[2018.10.16-18.53.20:777][904]LogEditorActor: Deleted Actor: StaticMeshActor
[2018.10.16-18.53.20:785][904]LogEditorActor: Deleted 1 Actors (0.009 secs)
[2018.10.16-18.53.21:540][993]LogActorFactory: Actor Factory created Cube
[2018.10.16-18.53.23:497][213]LogActorFactory: Actor Factory created Cube
[2018.10.16-18.53.28:539][810]LogEditorViewport: Clicking on Actor (LMB): BP_Sky_Sphere_C (Sky Sphere)
[2018.10.16-18.53.28:602][813]LogEditorViewport: Clicking on Component (LMB): StaticMeshComponent (Sky Sphere mesh)
[2018.10.16-18.53.29:305][892]LogEditorViewport: Clicking on Component (LMB): StaticMeshComponent (Sky Sphere mesh)
[2018.10.16-18.53.29:345][895]LogEditorViewport: Clicking on Actor (double click): BP_Sky_Sphere_C (Sky Sphere)
[2018.10.16-18.53.30:108][983]LogEditorViewport: Clicking on Actor (LMB): BP_Sky_Sphere_C (Sky Sphere)
[2018.10.16-18.53.30:134][984]LogEditorViewport: Clicking on Component (LMB): StaticMeshComponent (Sky Sphere mesh)
[2018.10.16-18.53.30:602][ 35]LogEditorViewport: Clicking on Component (context menu): StaticMeshComponent (Sky Sphere mesh)
[2018.10.16-18.53.34:497][480]Cmd: CAMERA SNAP
[2018.10.16-18.53.34:497][480]Snapped camera to the first selected object.
[2018.10.16-18.53.40:293][141]LogEditorViewport: Clicking on Component (LMB): StaticMeshComponent (Sky Sphere mesh)
[2018.10.16-18.53.41:019][206]LogEditorViewport: Clicking on Actor (LMB): StaticMeshActor (Cube)
[2018.10.16-18.54.20:383][468]LogSlate: Took 0.000450 seconds to synchronously load lazily loaded font '../../../Engine/Content/Slate/Fonts/Roboto-Light.ttf' (159K)
[2018.10.16-18.54.27:307][250]LogFactory: FactoryCreateFile: Texture with ReimportTextureFactory (0 0 C:\Users\Ferran\Desktop\mint_green_grande.jpg)
[2018.10.16-18.54.27:319][250]LogTexture:Display: Building textures: mint_green_grande (AutoDXT, 600X600)
[2018.10.16-18.54.28:239][294]LogContentBrowser: Native class hierarchy updated for 'TextureEditor' in 0.0009 seconds. Added 1 classes and 2 folders.
[2018.10.16-18.54.34:263][904]LogMaterial: Missing cached shader map for material Green, compiling. 
[2018.10.16-18.54.43:027][809]LogEditorViewport: Clicking on Actor (LMB): BP_Sky_Sphere_C (Sky Sphere)
[2018.10.16-18.54.45:324][ 39]LogEditorViewport: Clicking on Actor (LMB): CameraActor (CameraActor)
[2018.10.16-18.55.01:408][902]LogEditorViewport: Clicking on Actor (LMB): StaticMeshActor (Cube)
[2018.10.16-18.55.16:169][607]LogTemp: Repeting last play command: Selected Viewport
[2018.10.16-18.55.16:189][607]LogPlayLevel: PlayLevel: No blueprints needed recompiling
[2018.10.16-18.55.16:190][607]PIE: New page: PIE session: Untitled_1 (Oct 16, 2018, 10:55:16 PM)
[2018.10.16-18.55.16:190][607]LogPlayLevel: Creating play world package: /Temp/UEDPIE_0_Untitled_1
[2018.10.16-18.55.16:192][607]LogPlayLevel: PIE: StaticDuplicateObject took: (0.002035s)
[2018.10.16-18.55.16:192][607]LogAIModule: Creating AISystem for world Untitled_1
[2018.10.16-18.55.16:193][607]LogPlayLevel: PIE: World Init took: (0.000978s)
[2018.10.16-18.55.16:193][607]LogPlayLevel: PIE: Created PIE world by copying editor world from /Temp/Untitled_1.Untitled_1 to /Temp/UEDPIE_0_Untitled_1.Untitled_1 (0.003196s)
[2018.10.16-18.55.16:339][607]LogInit: XAudio2 using 'Altavoces (VIA HD Audio)' : 2 channels at 48 kHz using 32 bits per sample (channel mask 0x3)
[2018.10.16-18.55.16:369][607]LogInit: FAudioDevice initialized.
[2018.10.16-18.55.16:404][607]LogLoad: Game class is 'GameModeBase'
[2018.10.16-18.55.16:406][607]LogWorld: Bringing World /Temp/UEDPIE_0_Untitled_1.Untitled_1 up for play (max tick rate 0) at 2018.10.16-20.55.16
[2018.10.16-18.55.16:406][607]LogWorld: Bringing up level for play took: 0.000934
[2018.10.16-18.55.16:408][607]PIE: Info Play in editor start time for /Temp/UEDPIE_0_Untitled_1 0.271
[2018.10.16-18.55.20:942][120]LogEditorViewport: Clicking on Actor (LMB): PlayerStart (Player Start)
[2018.10.16-18.55.23:055][345]LogEditorViewport: Clicking on Actor (LMB): CameraActor (CameraActor)
[2018.10.16-18.55.35:785][790]LogEditorViewport: Clicking on Actor (LMB): BP_Sky_Sphere_C (Sky Sphere)
[2018.10.16-18.55.36:547][876]LogEditorViewport: Clicking on Actor (LMB): CameraActor (CameraActor)
[2018.10.16-18.55.44:040][584]LogContentBrowser: Native class hierarchy updated for 'BlueprintGraph' in 0.0012 seconds. Added 112 classes and 0 folders.
[2018.10.16-18.55.44:894][584]LogSlate: Took 0.002095 seconds to synchronously load lazily loaded font '../../../Engine/Content/Editor/Slate/Fonts/Roboto-BoldCondensed.ttf' (158K)
[2018.10.16-18.57.17:956][377]LogTemp: Repeting last play command: Selected Viewport
[2018.10.16-18.57.17:968][377]LogBlueprintUserMessages: Early PlayInEditor Detection: Level '/Temp/Untitled_1.Untitled_1:PersistentLevel' has LevelScriptBlueprint '/Temp/Untitled_1.Untitled_1:PersistentLevel.Untitled' with GeneratedClass '/Temp/Untitled_1.Untitled_C' with ClassGeneratedBy '/Temp/Untitled_1.Untitled_1:PersistentLevel.Untitled'
[2018.10.16-18.57.17:968][377]BlueprintLog: New page: Pre-Play auto-recompile
[2018.10.16-18.57.17:968][377]LogPlayLevel: [PlayLevel] Compiling Untitled before play...
[2018.10.16-18.57.17:972][377]LogBlueprint:Error: [Compiler PersistentLevel.Untitled] Error This blueprint (self) is not a PlayerController, therefore ' Target ' must have a connection.
[2018.10.16-18.57.18:140][377]LogBlueprint:Warning: [Compiler PersistentLevel.Untitled] Warning [1418.47] Compile of PersistentLevel.Untitled failed. 1 Fatal Issue(s) 0 Warning(s) [in 169 ms] (/Temp/Untitled_1.Untitled_1:PersistentLevel.Untitled)
[2018.10.16-18.57.18:144][377]LogBlueprint:Warning: [Compiler PersistentLevel.Untitled] Warning [1418.47] Compile of PersistentLevel.Untitled failed. 1 Fatal Issue(s) 1 Warning(s) [in 0 ms] (/Temp/Untitled_1.Untitled_1:PersistentLevel.Untitled)
[2018.10.16-18.57.18:144][377]LogBlueprint:Warning: [Compiler PersistentLevel.Untitled] Warning [1418.47] Compile of PersistentLevel.Untitled failed. 1 Fatal Issue(s) 2 Warning(s) [in 0 ms] (/Temp/Untitled_1.Untitled_1:PersistentLevel.Untitled)
[2018.10.16-18.57.18:144][377]LogBlueprint:Warning: [Compiler PersistentLevel.Untitled] Warning [1418.47] Compile of PersistentLevel.Untitled failed. 1 Fatal Issue(s) 3 Warning(s) [in 0 ms] (/Temp/Untitled_1.Untitled_1:PersistentLevel.Untitled)
[2018.10.16-18.57.18:146][377]LogBlueprint:Warning: [Compiler PersistentLevel.Untitled] Warning [1418.47] Compile of PersistentLevel.Untitled failed. 1 Fatal Issue(s) 4 Warning(s) [in 1 ms] (/Temp/Untitled_1.Untitled_1:PersistentLevel.Untitled)
[2018.10.16-18.57.18:146][377]LogBlueprint:Warning: [Compiler PersistentLevel.Untitled] Warning [1418.47] Compile of PersistentLevel.Untitled failed. 1 Fatal Issue(s) 5 Warning(s) [in 0 ms] (/Temp/Untitled_1.Untitled_1:PersistentLevel.Untitled)
[2018.10.16-18.57.18:163][377]LogPlayLevel: PlayLevel: Blueprint regeneration took 194 ms (1 blueprints)
[2018.10.16-18.57.18:163][377]BlueprintLog: Info Blueprint Untitled failed to compile
[2018.10.16-18.58.00:238][548]BlueprintLog: New page: Compile Untitled
[2018.10.16-18.58.02:113][706]LogTemp: Repeting last play command: Selected Viewport
[2018.10.16-18.58.02:122][706]LogBlueprintUserMessages: Early PlayInEditor Detection: Level '/Temp/Untitled_1.Untitled_1:PersistentLevel' has LevelScriptBlueprint '/Temp/Untitled_1.Untitled_1:PersistentLevel.Untitled' with GeneratedClass '/Temp/Untitled_1.Untitled_C' with ClassGeneratedBy '/Temp/Untitled_1.Untitled_1:PersistentLevel.Untitled'
[2018.10.16-18.58.02:122][706]LogPlayLevel: PlayLevel: No blueprints needed recompiling
[2018.10.16-18.58.02:122][706]PIE: New page: PIE session: Untitled_1 (Oct 16, 2018, 10:58:02 PM)
[2018.10.16-18.58.02:122][706]LogPlayLevel: Creating play world package: /Temp/UEDPIE_0_Untitled_1
[2018.10.16-18.58.02:129][706]LogPlayLevel: PIE: StaticDuplicateObject took: (0.007074s)
[2018.10.16-18.58.02:130][706]LogAIModule: Creating AISystem for world Untitled_1
[2018.10.16-18.58.02:130][706]LogPlayLevel: PIE: World Init took: (0.000945s)
[2018.10.16-18.58.02:130][706]LogPlayLevel: PIE: Created PIE world by copying editor world from /Temp/Untitled_1.Untitled_1 to /Temp/UEDPIE_0_Untitled_1.Untitled_1 (0.008250s)
[2018.10.16-18.58.02:284][706]LogInit: XAudio2 using 'Altavoces (VIA HD Audio)' : 2 channels at 48 kHz using 32 bits per sample (channel mask 0x3)
[2018.10.16-18.58.02:313][706]LogInit: FAudioDevice initialized.
[2018.10.16-18.58.02:346][706]LogLoad: Game class is 'GameModeBase'
[2018.10.16-18.58.02:348][706]LogWorld: Bringing World /Temp/UEDPIE_0_Untitled_1.Untitled_1 up for play (max tick rate 0) at 2018.10.16-20.58.02
[2018.10.16-18.58.02:353][706]LogWorld: Bringing up level for play took: 0.005329
[2018.10.16-18.58.02:355][706]PIE: Info Play in editor start time for /Temp/UEDPIE_0_Untitled_1 0.219
[2018.10.16-18.58.02:356][706]LogBlueprintUserMessages: Late PlayInEditor Detection: Level '/Temp/Untitled_1.Untitled_1:PersistentLevel' has LevelScriptBlueprint '/Temp/Untitled_1.Untitled_1:PersistentLevel.Untitled' with GeneratedClass '/Temp/Untitled_1.Untitled_C' with ClassGeneratedBy '/Temp/Untitled_1.Untitled_1:PersistentLevel.Untitled'
[2018.10.16-18.58.09:459][539]LogBlueprintUserMessages: Early EndPlayMap Detection: Level '/Temp/Untitled_1.Untitled_1:PersistentLevel' has LevelScriptBlueprint '/Temp/Untitled_1.Untitled_1:PersistentLevel.Untitled' with GeneratedClass '/Temp/Untitled_1.Untitled_C' with ClassGeneratedBy '/Temp/Untitled_1.Untitled_1:PersistentLevel.Untitled'
[2018.10.16-18.58.09:549][539]LogBlueprintUserMessages: Late EndPlayMap Detection: Level '/Temp/Untitled_1.Untitled_1:PersistentLevel' has LevelScriptBlueprint '/Temp/Untitled_1.Untitled_1:PersistentLevel.Untitled' with GeneratedClass '/Temp/Untitled_1.Untitled_C' with ClassGeneratedBy '/Temp/Untitled_1.Untitled_1:PersistentLevel.Untitled'
[2018.10.16-18.58.10:363][610]LogRenderer: Reallocating scene render targets to support 956x496 NumSamples 1 (Frame:105140).
[2018.10.16-18.58.10:405][611]LogRenderer: Reallocating scene render targets to support 956x520 NumSamples 1 (Frame:105143).
[2018.10.16-18.58.10:444][611]LogRenderer: Reallocating scene render targets to support 956x548 NumSamples 1 (Frame:105146).
[2018.10.16-18.58.10:517][612]LogRenderer: Reallocating scene render targets to support 956x572 NumSamples 1 (Frame:105150).
[2018.10.16-18.58.10:588][613]LogRenderer: Reallocating scene render targets to support 956x584 NumSamples 1 (Frame:105154).
[2018.10.16-18.58.10:660][614]LogRenderer: Reallocating scene render targets to support 956x596 NumSamples 1 (Frame:105158).
[2018.10.16-18.58.10:732][615]LogRenderer: Reallocating scene render targets to support 956x616 NumSamples 1 (Frame:105162).
[2018.10.16-18.58.10:804][616]LogRenderer: Reallocating scene render targets to support 956x632 NumSamples 1 (Frame:105166).
[2018.10.16-18.58.10:944][618]LogRenderer: Reallocating scene render targets to support 956x640 NumSamples 1 (Frame:105174).
[2018.10.16-18.58.11:017][619]LogRenderer: Reallocating scene render targets to support 956x656 NumSamples 1 (Frame:105178).
[2018.10.16-18.58.11:089][620]LogRenderer: Reallocating scene render targets to support 956x660 NumSamples 1 (Frame:105182).
[2018.10.16-18.58.27:060][ 13]LogEditorViewport: Clicking on Actor (LMB): StaticMeshActor (Cube)
[2018.10.16-18.58.28:250][126]LogEditorViewport: Clicking on Actor (LMB): StaticMeshActor (Floor)
[2018.10.16-18.58.28:980][194]LogEditorViewport: Clicking Background
[2018.10.16-18.58.30:093][325]LogEditorViewport: Clicking on Actor (LMB): StaticMeshActor (Floor)
[2018.10.16-18.58.31:275][439]LogEditorViewport: Clicking Background
[2018.10.16-18.58.48:981][486]Cmd: TRANSACTION UNDO
[2018.10.16-18.58.48:981][486]LogEditorTransaction: Undo Clicking Background
[2018.10.16-18.59.14:354][866]LogEditorViewport: Clicking on Actor (LMB): StaticMeshActor (Floor)
[2018.10.16-18.59.28:696][279]Cmd: TRANSACTION UNDO
[2018.10.16-18.59.28:696][279]LogEditorTransaction: Undo Marquee Select
[2018.10.16-18.59.29:820][368]LogEditorViewport: Clicking on Actor (LMB): StaticMeshActor (Floor)
[2018.10.16-18.59.31:900][562]LogEditorViewport: Clicking Background
[2018.10.16-18.59.33:431][742]LogEditorViewport: Clicking on Actor (LMB): StaticMeshActor (Cube)
[2018.10.16-18.59.37:115][ 93]LogTemp: Repeting last play command: Selected Viewport
[2018.10.16-18.59.37:125][ 93]LogBlueprintUserMessages: Early PlayInEditor Detection: Level '/Temp/Untitled_1.Untitled_1:PersistentLevel' has LevelScriptBlueprint '/Temp/Untitled_1.Untitled_1:PersistentLevel.Untitled' with GeneratedClass '/Temp/Untitled_1.Untitled_C' with ClassGeneratedBy '/Temp/Untitled_1.Untitled_1:PersistentLevel.Untitled'
[2018.10.16-18.59.37:125][ 93]LogPlayLevel: PlayLevel: No blueprints needed recompiling
[2018.10.16-18.59.37:125][ 93]PIE: New page: PIE session: Untitled_1 (Oct 16, 2018, 10:59:37 PM)
[2018.10.16-18.59.37:125][ 93]LogPlayLevel: Creating play world package: /Temp/UEDPIE_0_Untitled_1
[2018.10.16-18.59.37:127][ 93]LogPlayLevel: PIE: StaticDuplicateObject took: (0.002186s)
[2018.10.16-18.59.37:128][ 93]LogAIModule: Creating AISystem for world Untitled_1
[2018.10.16-18.59.37:128][ 93]LogPlayLevel: PIE: World Init took: (0.000681s)
[2018.10.16-18.59.37:128][ 93]LogPlayLevel: PIE: Created PIE world by copying editor world from /Temp/Untitled_1.Untitled_1 to /Temp/UEDPIE_0_Untitled_1.Untitled_1 (0.003050s)
[2018.10.16-18.59.37:285][ 93]LogInit: XAudio2 using 'Altavoces (VIA HD Audio)' : 2 channels at 48 kHz using 32 bits per sample (channel mask 0x3)
[2018.10.16-18.59.37:313][ 93]LogInit: FAudioDevice initialized.
[2018.10.16-18.59.37:347][ 93]LogLoad: Game class is 'GameModeBase'
[2018.10.16-18.59.37:349][ 93]LogWorld: Bringing World /Temp/UEDPIE_0_Untitled_1.Untitled_1 up for play (max tick rate 0) at 2018.10.16-20.59.37
[2018.10.16-18.59.37:349][ 93]LogWorld: Bringing up level for play took: 0.001057
[2018.10.16-18.59.37:351][ 93]PIE: Info Play in editor start time for /Temp/UEDPIE_0_Untitled_1 1.214
[2018.10.16-18.59.37:351][ 93]LogBlueprintUserMessages: Late PlayInEditor Detection: Level '/Temp/Untitled_1.Untitled_1:PersistentLevel' has LevelScriptBlueprint '/Temp/Untitled_1.Untitled_1:PersistentLevel.Untitled' with GeneratedClass '/Temp/Untitled_1.Untitled_C' with ClassGeneratedBy '/Temp/Untitled_1.Untitled_1:PersistentLevel.Untitled'
[2018.10.16-18.59.38:730][256]LogBlueprintUserMessages: Early EndPlayMap Detection: Level '/Temp/Untitled_1.Untitled_1:PersistentLevel' has LevelScriptBlueprint '/Temp/Untitled_1.Untitled_1:PersistentLevel.Untitled' with GeneratedClass '/Temp/Untitled_1.Untitled_C' with ClassGeneratedBy '/Temp/Untitled_1.Untitled_1:PersistentLevel.Untitled'
[2018.10.16-18.59.38:780][256]LogBlueprintUserMessages: Late EndPlayMap Detection: Level '/Temp/Untitled_1.Untitled_1:PersistentLevel' has LevelScriptBlueprint '/Temp/Untitled_1.Untitled_1:PersistentLevel.Untitled' with GeneratedClass '/Temp/Untitled_1.Untitled_C' with ClassGeneratedBy '/Temp/Untitled_1.Untitled_1:PersistentLevel.Untitled'
[2018.10.16-18.59.39:392][309]LogEditorViewport: Clicking on Actor (LMB): StaticMeshActor (Floor)
[2018.10.16-18.59.47:757][903]Cmd: TRANSACTION UNDO
[2018.10.16-18.59.47:757][903]LogEditorTransaction: Undo Set actor scale
[2018.10.16-18.59.54:998][400]LogTemp: Repeting last play command: Selected Viewport
[2018.10.16-18.59.55:007][400]LogBlueprintUserMessages: Early PlayInEditor Detection: Level '/Temp/Untitled_1.Untitled_1:PersistentLevel' has LevelScriptBlueprint '/Temp/Untitled_1.Untitled_1:PersistentLevel.Untitled' with GeneratedClass '/Temp/Untitled_1.Untitled_C' with ClassGeneratedBy '/Temp/Untitled_1.Untitled_1:PersistentLevel.Untitled'
[2018.10.16-18.59.55:007][400]LogPlayLevel: PlayLevel: No blueprints needed recompiling
[2018.10.16-18.59.55:007][400]PIE: New page: PIE session: Untitled_1 (Oct 16, 2018, 10:59:55 PM)
[2018.10.16-18.59.55:007][400]LogPlayLevel: Creating play world package: /Temp/UEDPIE_0_Untitled_1
[2018.10.16-18.59.55:009][400]LogPlayLevel: PIE: StaticDuplicateObject took: (0.002131s)
[2018.10.16-18.59.55:010][400]LogAIModule: Creating AISystem for world Untitled_1
[2018.10.16-18.59.55:010][400]LogPlayLevel: PIE: World Init took: (0.000763s)
[2018.10.16-18.59.55:010][400]LogPlayLevel: PIE: Created PIE world by copying editor world from /Temp/Untitled_1.Untitled_1 to /Temp/UEDPIE_0_Untitled_1.Untitled_1 (0.003103s)
[2018.10.16-18.59.55:159][400]LogInit: XAudio2 using 'Altavoces (VIA HD Audio)' : 2 channels at 48 kHz using 32 bits per sample (channel mask 0x3)
[2018.10.16-18.59.55:187][400]LogInit: FAudioDevice initialized.
[2018.10.16-18.59.55:221][400]LogLoad: Game class is 'GameModeBase'
[2018.10.16-18.59.55:223][400]LogWorld: Bringing World /Temp/UEDPIE_0_Untitled_1.Untitled_1 up for play (max tick rate 0) at 2018.10.16-20.59.55
[2018.10.16-18.59.55:224][400]LogWorld: Bringing up level for play took: 0.001094
[2018.10.16-18.59.55:225][400]PIE: Info Play in editor start time for /Temp/UEDPIE_0_Untitled_1 1.088
[2018.10.16-18.59.55:225][400]LogBlueprintUserMessages: Late PlayInEditor Detection: Level '/Temp/Untitled_1.Untitled_1:PersistentLevel' has LevelScriptBlueprint '/Temp/Untitled_1.Untitled_1:PersistentLevel.Untitled' with GeneratedClass '/Temp/Untitled_1.Untitled_C' with ClassGeneratedBy '/Temp/Untitled_1.Untitled_1:PersistentLevel.Untitled'
[2018.10.16-18.59.55:984][489]LogBlueprintUserMessages: Early EndPlayMap Detection: Level '/Temp/Untitled_1.Untitled_1:PersistentLevel' has LevelScriptBlueprint '/Temp/Untitled_1.Untitled_1:PersistentLevel.Untitled' with GeneratedClass '/Temp/Untitled_1.Untitled_C' with ClassGeneratedBy '/Temp/Untitled_1.Untitled_1:PersistentLevel.Untitled'
[2018.10.16-18.59.56:038][489]LogBlueprintUserMessages: Late EndPlayMap Detection: Level '/Temp/Untitled_1.Untitled_1:PersistentLevel' has LevelScriptBlueprint '/Temp/Untitled_1.Untitled_1:PersistentLevel.Untitled' with GeneratedClass '/Temp/Untitled_1.Untitled_C' with ClassGeneratedBy '/Temp/Untitled_1.Untitled_1:PersistentLevel.Untitled'
[2018.10.16-19.00.00:137][783]LogTemp: Repeting last play command: Selected Viewport
[2018.10.16-19.00.00:146][783]LogBlueprintUserMessages: Early PlayInEditor Detection: Level '/Temp/Untitled_1.Untitled_1:PersistentLevel' has LevelScriptBlueprint '/Temp/Untitled_1.Untitled_1:PersistentLevel.Untitled' with GeneratedClass '/Temp/Untitled_1.Untitled_C' with ClassGeneratedBy '/Temp/Untitled_1.Untitled_1:PersistentLevel.Untitled'
[2018.10.16-19.00.00:146][783]LogPlayLevel: PlayLevel: No blueprints needed recompiling
[2018.10.16-19.00.00:147][783]PIE: New page: PIE session: Untitled_1 (Oct 16, 2018, 11:00:00 PM)
[2018.10.16-19.00.00:147][783]LogPlayLevel: Creating play world package: /Temp/UEDPIE_0_Untitled_1
[2018.10.16-19.00.00:149][783]LogPlayLevel: PIE: StaticDuplicateObject took: (0.002287s)
[2018.10.16-19.00.00:150][783]LogAIModule: Creating AISystem for world Untitled_1
[2018.10.16-19.00.00:150][783]LogPlayLevel: PIE: World Init took: (0.000739s)
[2018.10.16-19.00.00:150][783]LogPlayLevel: PIE: Created PIE world by copying editor world from /Temp/Untitled_1.Untitled_1 to /Temp/UEDPIE_0_Untitled_1.Untitled_1 (0.003213s)
[2018.10.16-19.00.00:298][783]LogInit: XAudio2 using 'Altavoces (VIA HD Audio)' : 2 channels at 48 kHz using 32 bits per sample (channel mask 0x3)
[2018.10.16-19.00.00:326][783]LogInit: FAudioDevice initialized.
[2018.10.16-19.00.00:362][783]LogLoad: Game class is 'GameModeBase'
[2018.10.16-19.00.00:364][783]LogWorld: Bringing World /Temp/UEDPIE_0_Untitled_1.Untitled_1 up for play (max tick rate 0) at 2018.10.16-21.00.00
[2018.10.16-19.00.00:364][783]LogWorld: Bringing up level for play took: 0.001002
[2018.10.16-19.00.00:366][783]PIE: Info Play in editor start time for /Temp/UEDPIE_0_Untitled_1 0.229
[2018.10.16-19.00.00:366][783]LogBlueprintUserMessages: Late PlayInEditor Detection: Level '/Temp/Untitled_1.Untitled_1:PersistentLevel' has LevelScriptBlueprint '/Temp/Untitled_1.Untitled_1:PersistentLevel.Untitled' with GeneratedClass '/Temp/Untitled_1.Untitled_C' with ClassGeneratedBy '/Temp/Untitled_1.Untitled_1:PersistentLevel.Untitled'
[2018.10.16-19.00.09:482][858]LogBlueprintUserMessages: Early EndPlayMap Detection: Level '/Temp/Untitled_1.Untitled_1:PersistentLevel' has LevelScriptBlueprint '/Temp/Untitled_1.Untitled_1:PersistentLevel.Untitled' with GeneratedClass '/Temp/Untitled_1.Untitled_C' with ClassGeneratedBy '/Temp/Untitled_1.Untitled_1:PersistentLevel.Untitled'
[2018.10.16-19.00.09:538][858]LogBlueprintUserMessages: Late EndPlayMap Detection: Level '/Temp/Untitled_1.Untitled_1:PersistentLevel' has LevelScriptBlueprint '/Temp/Untitled_1.Untitled_1:PersistentLevel.Untitled' with GeneratedClass '/Temp/Untitled_1.Untitled_C' with ClassGeneratedBy '/Temp/Untitled_1.Untitled_1:PersistentLevel.Untitled'
[2018.10.16-19.01.27:578][544]Cmd: OBJ SAVEPACKAGE PACKAGE="/Temp/Untitled_1" FILE="E:/Project2/GITHUB DESKTOP/Bio/Bio/Saved/Autosaves/Temp/Untitled_1_Auto2.umap" SILENT=true AUTOSAVING=true KEEPDIRTY=false
[2018.10.16-19.01.27:705][544]LogSavePackage: Save=126.52ms
[2018.10.16-19.01.27:705][544]LogSavePackage: Moving 'E:/Project2/GITHUB DESKTOP/Bio/Bio/Saved/Untitled_1_Auto2145A5E4044B4C23E967475B043B58603.tmp' to 'E:/Project2/GITHUB DESKTOP/Bio/Bio/Saved/Autosaves/Temp/Untitled_1_Auto2.umap'
[2018.10.16-19.01.27:707][544]LogSavePackage:Display: Finished SavePackage E:/Project2/GITHUB DESKTOP/Bio/Bio/Saved/Autosaves/Temp/Untitled_1_Auto2.umap
[2018.10.16-19.01.27:709][544]LogFileHelpers: Editor autosave (incl. sublevels) for '/Temp/Untitled_1' took 0.147
[2018.10.16-19.01.27:709][544]LogFileHelpers: Editor autosave (incl. sublevels) for all levels took 0.147
[2018.10.16-19.01.27:711][544]OBJ SavePackage: Generating thumbnails for [1] asset(s) in package [/Game/Materials/mint_green_grande] ([1] browsable assets)...
[2018.10.16-19.01.27:722][544]OBJ SavePackage:     Rendered thumbnail for [Texture2D /Game/Materials/mint_green_grande.mint_green_grande]
[2018.10.16-19.01.27:722][544]OBJ SavePackage: Finished generating thumbnails for package [/Game/Materials/mint_green_grande]
[2018.10.16-19.01.27:722][544]Cmd: OBJ SAVEPACKAGE PACKAGE="/Game/Materials/mint_green_grande" FILE="E:/Project2/GITHUB DESKTOP/Bio/Bio/Saved/Autosaves/Game/Materials/mint_green_grande_Auto2.uasset" SILENT=false AUTOSAVING=true
[2018.10.16-19.01.27:731][544]LogSavePackage: Save=6.72ms
[2018.10.16-19.01.27:731][544]LogSavePackage: Moving 'E:/Project2/GITHUB DESKTOP/Bio/Bio/Saved/mint_green_grande_Auto244E889904CB242E0928D768DB7CAF600.tmp' to 'E:/Project2/GITHUB DESKTOP/Bio/Bio/Saved/Autosaves/Game/Materials/mint_green_grande_Auto2.uasset'
[2018.10.16-19.01.27:732][544]LogSavePackage:Display: Finished SavePackage E:/Project2/GITHUB DESKTOP/Bio/Bio/Saved/Autosaves/Game/Materials/mint_green_grande_Auto2.uasset
[2018.10.16-19.01.27:733][544]OBJ SavePackage: Generating thumbnails for [1] asset(s) in package [/Game/Materials/Green] ([1] browsable assets)...
[2018.10.16-19.01.27:758][544]OBJ SavePackage:     Rendered thumbnail for [Material /Game/Materials/Green.Green]
[2018.10.16-19.01.27:758][544]OBJ SavePackage: Finished generating thumbnails for package [/Game/Materials/Green]
[2018.10.16-19.01.27:758][544]Cmd: OBJ SAVEPACKAGE PACKAGE="/Game/Materials/Green" FILE="E:/Project2/GITHUB DESKTOP/Bio/Bio/Saved/Autosaves/Game/Materials/Green_Auto2.uasset" SILENT=false AUTOSAVING=true
[2018.10.16-19.01.27:772][544]LogSavePackage: Save=11.49ms
[2018.10.16-19.01.27:772][544]LogSavePackage: Moving 'E:/Project2/GITHUB DESKTOP/Bio/Bio/Saved/Green_Auto2753B79664036100E7CE86C9F3545211C.tmp' to 'E:/Project2/GITHUB DESKTOP/Bio/Bio/Saved/Autosaves/Game/Materials/Green_Auto2.uasset'
[2018.10.16-19.01.27:773][544]LogSavePackage:Display: Finished SavePackage E:/Project2/GITHUB DESKTOP/Bio/Bio/Saved/Autosaves/Game/Materials/Green_Auto2.uasset
[2018.10.16-19.01.27:773][544]LogFileHelpers: Auto-saving content packages took 0.063
[2018.10.16-19.01.47:849][915]LogRenderer: Reallocating scene render targets to support 996x660 NumSamples 1 (Frame:137054).
[2018.10.16-19.02.21:376][ 48]LogEditorViewport: Clicking on Actor (LMB): CameraActor (CameraActor)
[2018.10.16-19.02.21:438][ 48]LogEditorViewport: Clicking on Component (LMB): CameraComponent (CameraComponent)
[2018.10.16-19.02.22:120][ 86]LogEditorViewport: Clicking on Component (LMB): CameraComponent (CameraComponent)
[2018.10.16-19.02.22:191][ 90]LogEditorViewport: Clicking on Actor (double click): CameraActor (CameraActor)
[2018.10.16-19.02.32:203][786]LogTemp: Repeting last play command: Selected Viewport
[2018.10.16-19.02.32:215][786]LogBlueprintUserMessages: Early PlayInEditor Detection: Level '/Temp/Untitled_1.Untitled_1:PersistentLevel' has LevelScriptBlueprint '/Temp/Untitled_1.Untitled_1:PersistentLevel.Untitled' with GeneratedClass '/Temp/Untitled_1.Untitled_C' with ClassGeneratedBy '/Temp/Untitled_1.Untitled_1:PersistentLevel.Untitled'
[2018.10.16-19.02.32:216][786]LogPlayLevel: PlayLevel: No blueprints needed recompiling
[2018.10.16-19.02.32:216][786]PIE: New page: PIE session: Untitled_1 (Oct 16, 2018, 11:02:32 PM)
[2018.10.16-19.02.32:216][786]LogPlayLevel: Creating play world package: /Temp/UEDPIE_0_Untitled_1
[2018.10.16-19.02.32:218][786]LogPlayLevel: PIE: StaticDuplicateObject took: (0.002361s)
[2018.10.16-19.02.32:219][786]LogAIModule: Creating AISystem for world Untitled_1
[2018.10.16-19.02.32:219][786]LogPlayLevel: PIE: World Init took: (0.000939s)
[2018.10.16-19.02.32:219][786]LogPlayLevel: PIE: Created PIE world by copying editor world from /Temp/Untitled_1.Untitled_1 to /Temp/UEDPIE_0_Untitled_1.Untitled_1 (0.003490s)
[2018.10.16-19.02.32:368][786]LogInit: XAudio2 using 'Altavoces (VIA HD Audio)' : 2 channels at 48 kHz using 32 bits per sample (channel mask 0x3)
[2018.10.16-19.02.32:395][786]LogInit: FAudioDevice initialized.
[2018.10.16-19.02.32:440][786]LogLoad: Game class is 'GameModeBase'
[2018.10.16-19.02.32:443][786]LogWorld: Bringing World /Temp/UEDPIE_0_Untitled_1.Untitled_1 up for play (max tick rate 0) at 2018.10.16-21.02.32
[2018.10.16-19.02.32:443][786]LogWorld: Bringing up level for play took: 0.001179
[2018.10.16-19.02.32:444][786]PIE: Info Play in editor start time for /Temp/UEDPIE_0_Untitled_1 0.308
[2018.10.16-19.02.32:445][786]LogBlueprintUserMessages: Late PlayInEditor Detection: Level '/Temp/Untitled_1.Untitled_1:PersistentLevel' has LevelScriptBlueprint '/Temp/Untitled_1.Untitled_1:PersistentLevel.Untitled' with GeneratedClass '/Temp/Untitled_1.Untitled_C' with ClassGeneratedBy '/Temp/Untitled_1.Untitled_1:PersistentLevel.Untitled'
[2018.10.16-19.02.35:430][ 53]LogBlueprintUserMessages: Early EndPlayMap Detection: Level '/Temp/Untitled_1.Untitled_1:PersistentLevel' has LevelScriptBlueprint '/Temp/Untitled_1.Untitled_1:PersistentLevel.Untitled' with GeneratedClass '/Temp/Untitled_1.Untitled_C' with ClassGeneratedBy '/Temp/Untitled_1.Untitled_1:PersistentLevel.Untitled'
[2018.10.16-19.02.35:517][ 53]LogBlueprintUserMessages: Late EndPlayMap Detection: Level '/Temp/Untitled_1.Untitled_1:PersistentLevel' has LevelScriptBlueprint '/Temp/Untitled_1.Untitled_1:PersistentLevel.Untitled' with GeneratedClass '/Temp/Untitled_1.Untitled_C' with ClassGeneratedBy '/Temp/Untitled_1.Untitled_1:PersistentLevel.Untitled'
[2018.10.16-19.02.39:194][281]LogTemp: Repeting last play command: Selected Viewport
[2018.10.16-19.02.39:205][281]LogBlueprintUserMessages: Early PlayInEditor Detection: Level '/Temp/Untitled_1.Untitled_1:PersistentLevel' has LevelScriptBlueprint '/Temp/Untitled_1.Untitled_1:PersistentLevel.Untitled' with GeneratedClass '/Temp/Untitled_1.Untitled_C' with ClassGeneratedBy '/Temp/Untitled_1.Untitled_1:PersistentLevel.Untitled'
[2018.10.16-19.02.39:205][281]LogPlayLevel: PlayLevel: No blueprints needed recompiling
[2018.10.16-19.02.39:205][281]PIE: New page: PIE session: Untitled_1 (Oct 16, 2018, 11:02:39 PM)
[2018.10.16-19.02.39:205][281]LogPlayLevel: Creating play world package: /Temp/UEDPIE_0_Untitled_1
[2018.10.16-19.02.39:208][281]LogPlayLevel: PIE: StaticDuplicateObject took: (0.002126s)
[2018.10.16-19.02.39:208][281]LogAIModule: Creating AISystem for world Untitled_1
[2018.10.16-19.02.39:208][281]LogPlayLevel: PIE: World Init took: (0.000883s)
[2018.10.16-19.02.39:209][281]LogPlayLevel: PIE: Created PIE world by copying editor world from /Temp/Untitled_1.Untitled_1 to /Temp/UEDPIE_0_Untitled_1.Untitled_1 (0.003274s)
[2018.10.16-19.02.39:357][281]LogInit: XAudio2 using 'Altavoces (VIA HD Audio)' : 2 channels at 48 kHz using 32 bits per sample (channel mask 0x3)
[2018.10.16-19.02.39:384][281]LogInit: FAudioDevice initialized.
[2018.10.16-19.02.39:427][281]LogLoad: Game class is 'GameModeBase'
[2018.10.16-19.02.39:430][281]LogWorld: Bringing World /Temp/UEDPIE_0_Untitled_1.Untitled_1 up for play (max tick rate 0) at 2018.10.16-21.02.39
[2018.10.16-19.02.39:430][281]LogWorld: Bringing up level for play took: 0.001080
[2018.10.16-19.02.39:431][281]PIE: Info Play in editor start time for /Temp/UEDPIE_0_Untitled_1 -0.706
[2018.10.16-19.02.39:431][281]LogBlueprintUserMessages: Late PlayInEditor Detection: Level '/Temp/Untitled_1.Untitled_1:PersistentLevel' has LevelScriptBlueprint '/Temp/Untitled_1.Untitled_1:PersistentLevel.Untitled' with GeneratedClass '/Temp/Untitled_1.Untitled_C' with ClassGeneratedBy '/Temp/Untitled_1.Untitled_1:PersistentLevel.Untitled'
[2018.10.16-19.02.40:613][386]LogBlueprintUserMessages: Early EndPlayMap Detection: Level '/Temp/Untitled_1.Untitled_1:PersistentLevel' has LevelScriptBlueprint '/Temp/Untitled_1.Untitled_1:PersistentLevel.Untitled' with GeneratedClass '/Temp/Untitled_1.Untitled_C' with ClassGeneratedBy '/Temp/Untitled_1.Untitled_1:PersistentLevel.Untitled'
[2018.10.16-19.02.40:705][386]LogBlueprintUserMessages: Late EndPlayMap Detection: Level '/Temp/Untitled_1.Untitled_1:PersistentLevel' has LevelScriptBlueprint '/Temp/Untitled_1.Untitled_1:PersistentLevel.Untitled' with GeneratedClass '/Temp/Untitled_1.Untitled_C' with ClassGeneratedBy '/Temp/Untitled_1.Untitled_1:PersistentLevel.Untitled'
[2018.10.16-19.03.09:750][403]Cmd: TRANSACTION UNDO
[2018.10.16-19.03.09:750][403]LogEditorTransaction: Undo Clicking on Actors (double-click)
[2018.10.16-19.03.16:196][934]LogEditorViewport: Clicking on Actor (LMB): BP_Sky_Sphere_C (Sky Sphere)
[2018.10.16-19.03.19:200][142]LogEditorViewport: Clicking on Actor (LMB): StaticMeshActor (Cube)
[2018.10.16-19.03.28:705][967]LogTemp: Repeting last play command: Selected Viewport
[2018.10.16-19.03.28:715][967]LogBlueprintUserMessages: Early PlayInEditor Detection: Level '/Temp/Untitled_1.Untitled_1:PersistentLevel' has LevelScriptBlueprint '/Temp/Untitled_1.Untitled_1:PersistentLevel.Untitled' with GeneratedClass '/Temp/Untitled_1.Untitled_C' with ClassGeneratedBy '/Temp/Untitled_1.Untitled_1:PersistentLevel.Untitled'
[2018.10.16-19.03.28:715][967]LogPlayLevel: PlayLevel: No blueprints needed recompiling
[2018.10.16-19.03.28:715][967]PIE: New page: PIE session: Untitled_1 (Oct 16, 2018, 11:03:28 PM)
[2018.10.16-19.03.28:715][967]LogPlayLevel: Creating play world package: /Temp/UEDPIE_0_Untitled_1
[2018.10.16-19.03.28:717][967]LogPlayLevel: PIE: StaticDuplicateObject took: (0.002145s)
[2018.10.16-19.03.28:718][967]LogAIModule: Creating AISystem for world Untitled_1
[2018.10.16-19.03.28:718][967]LogPlayLevel: PIE: World Init took: (0.000711s)
[2018.10.16-19.03.28:718][967]LogPlayLevel: PIE: Created PIE world by copying editor world from /Temp/Untitled_1.Untitled_1 to /Temp/UEDPIE_0_Untitled_1.Untitled_1 (0.003029s)
[2018.10.16-19.03.28:866][967]LogInit: XAudio2 using 'Altavoces (VIA HD Audio)' : 2 channels at 48 kHz using 32 bits per sample (channel mask 0x3)
[2018.10.16-19.03.28:894][967]LogInit: FAudioDevice initialized.
[2018.10.16-19.03.28:928][967]LogLoad: Game class is 'GameModeBase'
[2018.10.16-19.03.28:930][967]LogWorld: Bringing World /Temp/UEDPIE_0_Untitled_1.Untitled_1 up for play (max tick rate 0) at 2018.10.16-21.03.28
[2018.10.16-19.03.28:931][967]LogWorld: Bringing up level for play took: 0.001106
[2018.10.16-19.03.28:932][967]PIE: Info Play in editor start time for /Temp/UEDPIE_0_Untitled_1 0.795
[2018.10.16-19.03.28:932][967]LogBlueprintUserMessages: Late PlayInEditor Detection: Level '/Temp/Untitled_1.Untitled_1:PersistentLevel' has LevelScriptBlueprint '/Temp/Untitled_1.Untitled_1:PersistentLevel.Untitled' with GeneratedClass '/Temp/Untitled_1.Untitled_C' with ClassGeneratedBy '/Temp/Untitled_1.Untitled_1:PersistentLevel.Untitled'
[2018.10.16-19.03.29:700][ 49]LogBlueprintUserMessages: Early EndPlayMap Detection: Level '/Temp/Untitled_1.Untitled_1:PersistentLevel' has LevelScriptBlueprint '/Temp/Untitled_1.Untitled_1:PersistentLevel.Untitled' with GeneratedClass '/Temp/Untitled_1.Untitled_C' with ClassGeneratedBy '/Temp/Untitled_1.Untitled_1:PersistentLevel.Untitled'
[2018.10.16-19.03.29:753][ 49]LogBlueprintUserMessages: Late EndPlayMap Detection: Level '/Temp/Untitled_1.Untitled_1:PersistentLevel' has LevelScriptBlueprint '/Temp/Untitled_1.Untitled_1:PersistentLevel.Untitled' with GeneratedClass '/Temp/Untitled_1.Untitled_C' with ClassGeneratedBy '/Temp/Untitled_1.Untitled_1:PersistentLevel.Untitled'
[2018.10.16-19.03.32:017][233]LogEditorViewport: Clicking on Actor (LMB): CameraActor (CameraActor)
[2018.10.16-19.04.04:582][967]LogEditorViewport: Clicking on Actor (LMB): BP_Sky_Sphere_C (Sky Sphere)
[2018.10.16-19.04.06:734][126]LogEditorViewport: Clicking on Actor (LMB): StaticMeshActor (Cube)
[2018.10.16-19.04.49:229][687]LogSlate: Only BGRA pngs, bmps or icos are supported in by External Image Picker
[2018.10.16-19.04.49:408][695]LogTemp: Executing iPhonePackager certificates Engine -bundlename com.YourCompany.Bio
[2018.10.16-19.04.49:408][695]LogTemp: CWD: C:\Program Files\Epic Games\UE_4.16\Engine\Binaries\DotNET\IOS
[2018.10.16-19.04.49:408][695]LogTemp: Initial Dir: C:\Program Files\Epic Games\UE_4.16
[2018.10.16-19.04.49:408][695]LogTemp: Env CWD: C:\Program Files\Epic Games\UE_4.16\Engine\Binaries\DotNET\IOS
[2018.10.16-19.04.49:420][696]LogTemp: BranchPath = DESKTOP-KR2EHTK/C/Program Files/Epic Games/UE_4.16/Engine/Binaries --- GameBranchPath = DESKTOP-KR2EHTK/C/Program Files/Epic Games/UE_4.16/Engine/Binaries
[2018.10.16-19.04.49:488][702]LogTemp: IPP ERROR: Could not find provision directory 'C:\Users\Ferran\AppData\Local/Apple Computer/MobileDevice/Provisioning Profiles/'.
[2018.10.16-19.10.52:322][325]Cmd: OBJ SAVEPACKAGE PACKAGE="/Game/ArkanoidLVL/TouchInterfaceArkanoid" FILE="E:/Project2/GITHUB DESKTOP/Bio/Bio/Content/ArkanoidLVL/TouchInterfaceArkanoid.uasset" SILENT=true
[2018.10.16-19.10.52:325][325]LogSavePackage: Save=1.59ms
[2018.10.16-19.10.52:325][325]LogSavePackage: Moving 'E:/Project2/GITHUB DESKTOP/Bio/Bio/Saved/TouchInterfaceArkanoid7173A1AE44C4A3FE0F3C858A597E9D49.tmp' to 'E:/Project2/GITHUB DESKTOP/Bio/Bio/Content/ArkanoidLVL/TouchInterfaceArkanoid.uasset'
[2018.10.16-19.10.52:328][325]LogSavePackage:Display: Finished SavePackage E:/Project2/GITHUB DESKTOP/Bio/Bio/Content/ArkanoidLVL/TouchInterfaceArkanoid.uasset
[2018.10.16-19.11.39:510][800]Cmd: OBJ SAVEPACKAGE PACKAGE="/Temp/Untitled_1" FILE="E:/Project2/GITHUB DESKTOP/Bio/Bio/Saved/Autosaves/Temp/Untitled_1_Auto3.umap" SILENT=true AUTOSAVING=true KEEPDIRTY=false
[2018.10.16-19.11.39:645][800]LogSavePackage: Save=134.23ms
[2018.10.16-19.11.39:645][800]LogSavePackage: Moving 'E:/Project2/GITHUB DESKTOP/Bio/Bio/Saved/Untitled_1_Auto3518449444BB9E79414D7578A4005DE01.tmp' to 'E:/Project2/GITHUB DESKTOP/Bio/Bio/Saved/Autosaves/Temp/Untitled_1_Auto3.umap'
[2018.10.16-19.11.39:647][800]LogSavePackage:Display: Finished SavePackage E:/Project2/GITHUB DESKTOP/Bio/Bio/Saved/Autosaves/Temp/Untitled_1_Auto3.umap
[2018.10.16-19.11.39:648][800]LogFileHelpers: Editor autosave (incl. sublevels) for '/Temp/Untitled_1' took 0.155
[2018.10.16-19.11.39:649][800]LogFileHelpers: Editor autosave (incl. sublevels) for all levels took 0.155
[2018.10.16-19.11.39:651][800]OBJ SavePackage: Generating thumbnails for [0] asset(s) in package [/Game/ArkanoidLVL/TouchInterfaceArkanoid] ([1] browsable assets)...
[2018.10.16-19.11.39:651][800]OBJ SavePackage: Finished generating thumbnails for package [/Game/ArkanoidLVL/TouchInterfaceArkanoid]
[2018.10.16-19.11.39:657][800]LogSavePackage: Save=1.71ms
[2018.10.16-19.11.39:657][800]LogSavePackage: Moving 'E:/Project2/GITHUB DESKTOP/Bio/Bio/Saved/TouchInterfaceArkanoid_Auto362C9F52C4E2FDFF3A2E82F8D17645638.tmp' to 'E:/Project2/GITHUB DESKTOP/Bio/Bio/Saved/Autosaves/Game/ArkanoidLVL/TouchInterfaceArkanoid_Auto3.uasset'
[2018.10.16-19.11.39:658][800]LogSavePackage:Display: Finished SavePackage E:/Project2/GITHUB DESKTOP/Bio/Bio/Saved/Autosaves/Game/ArkanoidLVL/TouchInterfaceArkanoid_Auto3.uasset
[2018.10.16-19.11.39:658][800]LogFileHelpers: Auto-saving content packages took 0.008
[2018.10.16-19.21.40:384][994]LogFileHelpers: Editor autosave (incl. sublevels) for '/Temp/Untitled_1' took 0.017
[2018.10.16-19.21.40:386][994]OBJ SavePackage: Generating thumbnails for [0] asset(s) in package [/Game/ArkanoidLVL/TouchInterfaceArkanoid] ([1] browsable assets)...
[2018.10.16-19.21.40:386][994]OBJ SavePackage: Finished generating thumbnails for package [/Game/ArkanoidLVL/TouchInterfaceArkanoid]
[2018.10.16-19.21.40:393][994]LogSavePackage: Save=2.63ms
[2018.10.16-19.21.40:393][994]LogSavePackage: Moving 'E:/Project2/GITHUB DESKTOP/Bio/Bio/Saved/TouchInterfaceArkanoid_Auto4184A35CD4018BA11A505D99AE0C7FBAD.tmp' to 'E:/Project2/GITHUB DESKTOP/Bio/Bio/Saved/Autosaves/Game/ArkanoidLVL/TouchInterfaceArkanoid_Auto4.uasset'
[2018.10.16-19.21.40:394][994]LogSavePackage:Display: Finished SavePackage E:/Project2/GITHUB DESKTOP/Bio/Bio/Saved/Autosaves/Game/ArkanoidLVL/TouchInterfaceArkanoid_Auto4.uasset
[2018.10.16-19.21.40:394][994]LogFileHelpers: Auto-saving content packages took 0.009
[2018.10.16-19.42.16:828][ 60]Cmd: OBJ SAVEPACKAGE PACKAGE="/Game/Levels/Arkanoid/ArkanoidLevel" FILE="E:/Project2/GITHUB DESKTOP/Bio/Bio/Content/Levels/Arkanoid/ArkanoidLevel.umap" SILENT=true AUTOSAVING=false KEEPDIRTY=false
[2018.10.16-19.42.16:969][ 60]LogSavePackage: Save=125.02ms
[2018.10.16-19.42.16:969][ 60]LogSavePackage: Moving 'E:/Project2/GITHUB DESKTOP/Bio/Bio/Saved/ArkanoidLevel08963DB14653116688E18E918F4112FD.tmp' to 'E:/Project2/GITHUB DESKTOP/Bio/Bio/Content/Levels/Arkanoid/ArkanoidLevel.umap'
[2018.10.16-19.42.16:972][ 60]LogSavePackage:Display: Finished SavePackage E:/Project2/GITHUB DESKTOP/Bio/Bio/Content/Levels/Arkanoid/ArkanoidLevel.umap
[2018.10.16-19.42.16:993][ 60]LogFileHelpers: Saving map 'ArkanoidLevel' took 0.941
[2018.10.16-19.42.17:008][ 60]Cmd: OBJ SAVEPACKAGE PACKAGE="/Game/Materials/mint_green_grande" FILE="E:/Project2/GITHUB DESKTOP/Bio/Bio/Content/Materials/mint_green_grande.uasset" SILENT=true
[2018.10.16-19.42.17:025][ 60]LogSavePackage: Save=15.44ms
[2018.10.16-19.42.17:025][ 60]LogSavePackage: Moving 'E:/Project2/GITHUB DESKTOP/Bio/Bio/Saved/mint_green_grandeAC95734D4448C7A7AC9DD8ADCDAF100B.tmp' to 'E:/Project2/GITHUB DESKTOP/Bio/Bio/Content/Materials/mint_green_grande.uasset'
[2018.10.16-19.42.17:028][ 60]LogSavePackage:Display: Finished SavePackage E:/Project2/GITHUB DESKTOP/Bio/Bio/Content/Materials/mint_green_grande.uasset
[2018.10.16-19.42.17:051][ 60]Cmd: OBJ SAVEPACKAGE PACKAGE="/Game/Materials/Green" FILE="E:/Project2/GITHUB DESKTOP/Bio/Bio/Content/Materials/Green.uasset" SILENT=true
[2018.10.16-19.42.17:065][ 60]LogSavePackage: Save=11.24ms
[2018.10.16-19.42.17:065][ 60]LogSavePackage: Moving 'E:/Project2/GITHUB DESKTOP/Bio/Bio/Saved/Green89909957466CD987D39838A39B0753B2.tmp' to 'E:/Project2/GITHUB DESKTOP/Bio/Bio/Content/Materials/Green.uasset'
[2018.10.16-19.42.17:068][ 60]LogSavePackage:Display: Finished SavePackage E:/Project2/GITHUB DESKTOP/Bio/Bio/Content/Materials/Green.uasset
[2018.10.16-19.42.17:072][ 60]Cmd: OBJ SAVEPACKAGE PACKAGE="/Game/ArkanoidLVL/TouchInterfaceArkanoid" FILE="E:/Project2/GITHUB DESKTOP/Bio/Bio/Content/ArkanoidLVL/TouchInterfaceArkanoid.uasset" SILENT=true
[2018.10.16-19.42.17:077][ 60]LogSavePackage: Save=1.64ms
[2018.10.16-19.42.17:077][ 60]LogSavePackage: Moving 'E:/Project2/GITHUB DESKTOP/Bio/Bio/Saved/TouchInterfaceArkanoid310C41094AFEB856CEE3098865CE48CF.tmp' to 'E:/Project2/GITHUB DESKTOP/Bio/Bio/Content/ArkanoidLVL/TouchInterfaceArkanoid.uasset'
[2018.10.16-19.42.17:080][ 60]LogSavePackage:Display: Finished SavePackage E:/Project2/GITHUB DESKTOP/Bio/Bio/Content/ArkanoidLVL/TouchInterfaceArkanoid.uasset
[2018.10.16-19.42.27:733][166]LogWindowsTextInputMethodSystem:Display: IME system now deactivated.
[2018.10.16-19.42.28:070][167]Cmd: QUIT_EDITOR
[2018.10.16-19.42.28:635][167]LogExit: Preparing to exit.
[2018.10.16-19.42.29:525][167]LogExit: Editor shut down
[2018.10.16-19.42.29:530][167]LogExit: Transaction tracking system shut down
[2018.10.16-19.42.29:783][167]LogObj: Freed 0b from 0 cluster array pools.
[2018.10.16-19.42.29:787][167]LogExit: Object subsystem successfully closed.
[2018.10.16-19.42.29:834][167]LogD3D11RHI: Shutdown
[2018.10.16-19.42.29:834][167]LogD3D11RHI: CleanupD3DDevice
[2018.10.16-19.42.29:917][167]LogD3D11RHI: ~FD3D11DynamicRHI
[2018.10.16-19.42.30:040][167]LogModuleManager: Shutting down and abandoning module ExternalImagePicker (536)
[2018.10.16-19.42.30:040][167]LogModuleManager: Shutting down and abandoning module BlueprintGraph (534)
[2018.10.16-19.42.30:040][167]LogModuleManager: Shutting down and abandoning module BlueprintProfiler (532)
[2018.10.16-19.42.30:042][167]LogModuleManager: Shutting down and abandoning module TextureEditor (530)
[2018.10.16-19.42.30:043][167]LogModuleManager: Shutting down and abandoning module MovieSceneCapture (528)
[2018.10.16-19.42.30:043][167]LogModuleManager: Shutting down and abandoning module HierarchicalLODOutliner (526)
[2018.10.16-19.42.30:044][167]LogModuleManager: Shutting down and abandoning module CrashTracker (524)
[2018.10.16-19.42.30:044][167]LogModuleManager: Shutting down and abandoning module SceneOutliner (522)
[2018.10.16-19.42.30:044][167]LogModuleManager: Shutting down and abandoning module AddContentDialog (520)
[2018.10.16-19.42.30:045][167]LogDirectoryWatcher: A directory notification for 'C:/Program Files/Epic Games/UE_4.16/FeaturePacks/' was aborted.
[2018.10.16-19.42.30:052][167]LogModuleManager: Shutting down and abandoning module WidgetCarousel (519)
[2018.10.16-19.42.30:052][167]LogModuleManager: Shutting down and abandoning module EditorWidgets (516)
[2018.10.16-19.42.30:052][167]LogModuleManager: Shutting down and abandoning module CollectionManager (514)
[2018.10.16-19.42.30:052][167]LogDirectoryWatcher: A directory notification for 'E:/Project2/GITHUB DESKTOP/Bio/Bio/Content/Collections/' was aborted.
[2018.10.16-19.42.30:053][167]LogDirectoryWatcher: A directory notification for 'E:/Project2/GITHUB DESKTOP/Bio/Bio/Content/Developers/Ferran/Collections/' was aborted.
[2018.10.16-19.42.30:053][167]LogDirectoryWatcher: A directory notification for 'E:/Project2/GITHUB DESKTOP/Bio/Bio/Saved/Collections/' was aborted.
[2018.10.16-19.42.30:053][167]LogModuleManager: Shutting down and abandoning module WorldBrowser (512)
[2018.10.16-19.42.30:053][167]LogModuleManager: Shutting down and abandoning module StatsViewer (510)
[2018.10.16-19.42.30:054][167]LogModuleManager: Shutting down and abandoning module FoliageEdit (508)
[2018.10.16-19.42.30:054][167]LogModuleManager: Shutting down and abandoning module LandscapeEditor (506)
[2018.10.16-19.42.30:055][167]LogModuleManager: Shutting down and abandoning module MeshPaintMode (504)
[2018.10.16-19.42.30:055][167]LogModuleManager: Shutting down and abandoning module SceneDepthPickerMode (502)
[2018.10.16-19.42.30:055][167]LogModuleManager: Shutting down and abandoning module ActorPickerMode (500)
[2018.10.16-19.42.30:055][167]LogModuleManager: Shutting down and abandoning module GeometryMode (498)
[2018.10.16-19.42.30:055][167]LogModuleManager: Shutting down and abandoning module TextureAlignMode (496)
[2018.10.16-19.42.30:055][167]LogModuleManager: Shutting down and abandoning module BspMode (494)
[2018.10.16-19.42.30:055][167]LogModuleManager: Shutting down and abandoning module HardwareSurvey (492)
[2018.10.16-19.42.30:056][167]LogModuleManager: Shutting down and abandoning module SequenceRecorderSections (490)
[2018.10.16-19.42.30:056][167]LogModuleManager: Shutting down and abandoning module AutomationWorker (488)
[2018.10.16-19.42.30:056][167]LogModuleManager: Shutting down and abandoning module MatineeToLevelSequence (486)
[2018.10.16-19.42.30:057][167]LogModuleManager: Shutting down and abandoning module LevelSequenceEditor (484)
[2018.10.16-19.42.30:059][167]LogModuleManager: Shutting down and abandoning module PlacementMode (483)
[2018.10.16-19.42.30:059][167]LogModuleManager: Shutting down and abandoning module WmfMediaFactory (480)
[2018.10.16-19.42.30:059][167]LogModuleManager: Shutting down and abandoning module WmfMediaEditor (478)
[2018.10.16-19.42.30:059][167]LogModuleManager: Shutting down and abandoning module AvfMediaFactory (476)
[2018.10.16-19.42.30:059][167]LogModuleManager: Shutting down and abandoning module AvfMediaEditor (474)
[2018.10.16-19.42.30:059][167]LogModuleManager: Shutting down and abandoning module AndroidMediaFactory (472)
[2018.10.16-19.42.30:059][167]LogModuleManager: Shutting down and abandoning module Media (471)
[2018.10.16-19.42.30:059][167]LogModuleManager: Shutting down and abandoning module AndroidMediaEditor (468)
[2018.10.16-19.42.30:059][167]LogModuleManager: Shutting down and abandoning module CharacterAI (466)
[2018.10.16-19.42.30:059][167]LogModuleManager: Shutting down and abandoning module AudioCapture (464)
[2018.10.16-19.42.30:060][167]LogModuleManager: Shutting down and abandoning module SequenceRecorder (463)
[2018.10.16-19.42.30:060][167]LogModuleManager: Shutting down and abandoning module SmartSnapping (460)
[2018.10.16-19.42.30:060][167]LogModuleManager: Shutting down and abandoning module SessionServices (458)
[2018.10.16-19.42.30:060][167]LogModuleManager: Shutting down and abandoning module ViewportSnapping (456)
[2018.10.16-19.42.30:060][167]LogModuleManager: Shutting down and abandoning module ViewportInteraction (454)
[2018.10.16-19.42.30:060][167]LogModuleManager: Shutting down and abandoning module ClothPainter (452)
[2018.10.16-19.42.30:063][167]LogModuleManager: Shutting down and abandoning module LogVisualizer (450)
[2018.10.16-19.42.30:064][167]LogModuleManager: Shutting down and abandoning module IntroTutorials (448)
[2018.10.16-19.42.30:066][167]LogModuleManager: Shutting down and abandoning module GameProjectGeneration (447)
[2018.10.16-19.42.30:067][167]LogModuleManager: Shutting down and abandoning module EditorLiveStreaming (444)
[2018.10.16-19.42.30:067][167]LogModuleManager: Shutting down and abandoning module IOSPlatformEditor (442)
[2018.10.16-19.42.30:067][167]LogModuleManager: Shutting down and abandoning module HTML5PlatformEditor (440)
[2018.10.16-19.42.30:067][167]LogModuleManager: Shutting down and abandoning module AndroidPlatformEditor (438)
[2018.10.16-19.42.30:067][167]LogModuleManager: Shutting down and abandoning module AndroidDeviceDetection (437)
[2018.10.16-19.42.30:711][167]LogModuleManager: Shutting down and abandoning module IOSRuntimeSettings (434)
[2018.10.16-19.42.30:711][167]LogModuleManager: Shutting down and abandoning module AndroidRuntimeSettings (432)
[2018.10.16-19.42.30:711][167]LogModuleManager: Shutting down and abandoning module InputBindingEditor (430)
[2018.10.16-19.42.30:711][167]LogModuleManager: Shutting down and abandoning module MergeActors (428)
[2018.10.16-19.42.30:716][167]LogModuleManager: Shutting down and abandoning module SizeMap (426)
[2018.10.16-19.42.30:716][167]LogModuleManager: Shutting down and abandoning module TreeMap (424)
[2018.10.16-19.42.30:716][167]LogModuleManager: Shutting down and abandoning module ReferenceViewer (422)
[2018.10.16-19.42.30:716][167]LogModuleManager: Shutting down and abandoning module LocalizationDashboard (420)
[2018.10.16-19.42.30:718][167]LogModuleManager: Shutting down and abandoning module LocalizationService (419)
[2018.10.16-19.42.30:718][167]LogModuleManager: Shutting down and abandoning module HardwareTargeting (416)
[2018.10.16-19.42.30:718][167]LogModuleManager: Shutting down and abandoning module DeviceProfileEditor (414)
[2018.10.16-19.42.30:719][167]LogModuleManager: Shutting down and abandoning module UndoHistory (412)
[2018.10.16-19.42.30:719][167]LogModuleManager: Shutting down and abandoning module UserFeedback (410)
[2018.10.16-19.42.30:719][167]LogModuleManager: Shutting down and abandoning module XmlParser (408)
[2018.10.16-19.42.30:719][167]LogModuleManager: Shutting down and abandoning module Blutility (406)
[2018.10.16-19.42.30:720][167]LogModuleManager: Shutting down and abandoning module ProjectSettingsViewer (404)
[2018.10.16-19.42.30:720][167]LogModuleManager: Shutting down and abandoning module ProjectTargetPlatformEditor (403)
[2018.10.16-19.42.30:720][167]LogModuleManager: Shutting down and abandoning module EditorSettingsViewer (400)
[2018.10.16-19.42.30:720][167]LogModuleManager: Shutting down and abandoning module SettingsEditor (398)
[2018.10.16-19.42.30:720][167]LogModuleManager: Shutting down and abandoning module ProjectLauncher (396)
[2018.10.16-19.42.30:721][167]LogModuleManager: Shutting down and abandoning module SessionFrontend (394)
[2018.10.16-19.42.30:722][167]LogModuleManager: Shutting down and abandoning module ProfilerClient (392)
[2018.10.16-19.42.30:723][167]LogModuleManager: Shutting down and abandoning module DeviceManager (390)
[2018.10.16-19.42.30:724][167]LogModuleManager: Shutting down and abandoning module TargetDeviceServices (389)
[2018.10.16-19.42.30:804][167]LogModuleManager: Shutting down and abandoning module AutomationController (386)
[2018.10.16-19.42.30:804][167]LogModuleManager: Shutting down and abandoning module AutomationWindow (384)
[2018.10.16-19.42.30:806][167]LogModuleManager: Shutting down and abandoning module Layers (382)
[2018.10.16-19.42.30:808][167]LogModuleManager: Shutting down and abandoning module ComponentVisualizers (380)
[2018.10.16-19.42.30:808][167]LogModuleManager: Shutting down and abandoning module DetailCustomizations (378)
[2018.10.16-19.42.30:809][167]LogModuleManager: Shutting down and abandoning module PackagesDialog (376)
[2018.10.16-19.42.30:809][167]LogModuleManager: Shutting down and abandoning module Persona (374)
[2018.10.16-19.42.30:811][167]LogModuleManager: Shutting down and abandoning module AdvancedPreviewScene (373)
[2018.10.16-19.42.30:811][167]LogModuleManager: Shutting down and abandoning module AnimGraph (371)
[2018.10.16-19.42.30:811][167]LogModuleManager: Shutting down and abandoning module Kismet (368)
[2018.10.16-19.42.30:819][167]LogModuleManager: Shutting down and abandoning module ClassViewer (366)
[2018.10.16-19.42.30:819][167]LogModuleManager: Shutting down and abandoning module Toolbox (364)
[2018.10.16-19.42.30:820][167]LogModuleManager: Shutting down and abandoning module ModuleUI (362)
[2018.10.16-19.42.30:822][167]LogModuleManager: Shutting down and abandoning module MovieSceneTools (360)
[2018.10.16-19.42.30:823][167]LogModuleManager: Shutting down and abandoning module OutputLog (358)
[2018.10.16-19.42.30:824][167]LogModuleManager: Shutting down and abandoning module GammaUI (356)
[2018.10.16-19.42.30:824][167]LogModuleManager: Shutting down and abandoning module Documentation (354)
[2018.10.16-19.42.30:824][167]LogModuleManager: Shutting down and abandoning module MovieSceneTracks (352)
[2018.10.16-19.42.30:824][167]LogModuleManager: Shutting down and abandoning module MovieScene (350)
[2018.10.16-19.42.30:824][167]LogModuleManager: Shutting down and abandoning module Niagara (348)
[2018.10.16-19.42.30:824][167]LogModuleManager: Shutting down and abandoning module NiagaraEditor (347)
[2018.10.16-19.42.30:828][167]LogModuleManager: Shutting down and abandoning module StreamingPauseRendering (344)
[2018.10.16-19.42.30:828][167]LogModuleManager: Shutting down and abandoning module AnalyticsET (342)
[2018.10.16-19.42.30:828][167]LogModuleManager: Shutting down and abandoning module PortalServices (340)
[2018.10.16-19.42.30:828][167]LogModuleManager: Shutting down and abandoning module PortalRpc (338)
[2018.10.16-19.42.30:828][167]LogModuleManager: Shutting down and abandoning module MessagingRpc (336)
[2018.10.16-19.42.30:828][167]LogModuleManager: Shutting down and abandoning module AIModule (334)
[2018.10.16-19.42.30:828][167]LogModuleManager: Shutting down and abandoning module GameplayDebugger (333)
[2018.10.16-19.42.30:828][167]LogModuleManager: Shutting down and abandoning module AITestSuite (331)
[2018.10.16-19.42.30:830][167]LogModuleManager: Shutting down and abandoning module ProfilerService (328)
[2018.10.16-19.42.30:866][167]LogModuleManager: Shutting down and abandoning module TaskGraph (326)
[2018.10.16-19.42.30:868][167]LogModuleManager: Shutting down and abandoning module SteamVRController (324)
[2018.10.16-19.42.30:868][167]LogModuleManager: Shutting down and abandoning module SteamVR (322)
[2018.10.16-19.42.30:868][167]LogModuleManager: Shutting down and abandoning module ProceduralMeshComponentEditor (320)
[2018.10.16-19.42.30:869][167]LogModuleManager: Shutting down and abandoning module ProceduralMeshComponent (318)
[2018.10.16-19.42.30:869][167]LogModuleManager: Shutting down and abandoning module OculusLibrary (316)
[2018.10.16-19.42.30:869][167]LogModuleManager: Shutting down and abandoning module OculusInput (314)
[2018.10.16-19.42.30:869][167]LogModuleManager: Shutting down and abandoning module MobilePatchingUtils (312)
[2018.10.16-19.42.30:869][167]LogModuleManager: Shutting down and abandoning module CustomMeshComponent (310)
[2018.10.16-19.42.30:869][167]LogModuleManager: Shutting down and abandoning module CableComponent (308)
[2018.10.16-19.42.30:869][167]LogModuleManager: Shutting down and abandoning module ArchVisCharacter (306)
[2018.10.16-19.42.30:869][167]LogModuleManager: Shutting down and abandoning module AndroidPermission (304)
[2018.10.16-19.42.30:869][167]LogModuleManager: Shutting down and abandoning module MediaPlayerEditor (300)
[2018.10.16-19.42.30:871][167]LogModuleManager: Shutting down and abandoning module HTML5Networking (298)
[2018.10.16-19.42.30:871][167]LogModuleManager: Shutting down and abandoning module AlembicImporter (296)
[2018.10.16-19.42.30:872][167]LogModuleManager: Shutting down and abandoning module AlembicLibrary (295)
[2018.10.16-19.42.30:872][167]LogModuleManager: Shutting down and abandoning module GeometryCache (294)
[2018.10.16-19.42.30:872][167]LogModuleManager: Shutting down and abandoning module GeometryCacheEd (293)
[2018.10.16-19.42.30:872][167]LogModuleManager: Shutting down and abandoning module SuperSearchEditor (288)
[2018.10.16-19.42.30:872][167]LogModuleManager: Shutting down and abandoning module SuperSearch (287)
[2018.10.16-19.42.30:872][167]LogModuleManager: Shutting down and abandoning module SpeedTreeImporter (284)
[2018.10.16-19.42.30:872][167]LogModuleManager: Shutting down and abandoning module PluginBrowser (282)
[2018.10.16-19.42.30:874][167]LogModuleManager: Shutting down and abandoning module MobileLauncherProfileWizard (280)
[2018.10.16-19.42.30:875][167]LogModuleManager: Shutting down and abandoning module VisualStudioSourceCodeAccess (278)
[2018.10.16-19.42.30:875][167]LogModuleManager: Shutting down and abandoning module DesktopPlatform (277)
[2018.10.16-19.42.30:875][167]LogModuleManager: Shutting down and abandoning module UObjectPlugin (274)
[2018.10.16-19.42.30:875][167]LogModuleManager: Shutting down and abandoning module SubversionSourceControl (272)
[2018.10.16-19.42.30:876][167]LogModuleManager: Shutting down and abandoning module PerforceSourceControl (270)
[2018.10.16-19.42.30:877][167]LogModuleManager: Shutting down and abandoning module GitSourceControl (268)
[2018.10.16-19.42.30:877][167]LogModuleManager: Shutting down and abandoning module SourceControl (267)
[2018.10.16-19.42.30:878][167]LogModuleManager: Shutting down and abandoning module LightPropagationVolumeEditor (264)
[2018.10.16-19.42.30:878][167]LogModuleManager: Shutting down and abandoning module PaperTiledImporter (262)
[2018.10.16-19.42.30:878][167]LogModuleManager: Shutting down and abandoning module PaperSpriteSheetImporter (260)
[2018.10.16-19.42.30:878][167]LogModuleManager: Shutting down and abandoning module Paper2DEditor (258)
[2018.10.16-19.42.30:878][167]LogModuleManager: Shutting down and abandoning module MeshPaint (257)
[2018.10.16-19.42.30:878][167]LogModuleManager: Shutting down and abandoning module LevelEditor (255)
[2018.10.16-19.42.30:879][167]LogModuleManager: Shutting down and abandoning module PixelInspectorModule (254)
[2018.10.16-19.42.30:880][167]LogModuleManager: Shutting down and abandoning module MainFrame (252)
[2018.10.16-19.42.30:880][167]LogModuleManager: Shutting down and abandoning module HotReload (251)
[2018.10.16-19.42.30:882][167]LogModuleManager: Shutting down and abandoning module PhysXVehiclesEditor (246)
[2018.10.16-19.42.30:882][167]LogModuleManager: Shutting down and abandoning module PhysXVehicles (244)
[2018.10.16-19.42.30:882][167]LogModuleManager: Shutting down and abandoning module LocationServicesBPLibrary (242)
[2018.10.16-19.42.30:882][167]LogModuleManager: Shutting down and abandoning module ImmediatePhysicsEditor (240)
[2018.10.16-19.42.30:882][167]LogModuleManager: Shutting down and abandoning module ImmediatePhysics (238)
[2018.10.16-19.42.30:883][167]LogModuleManager: Shutting down and abandoning module UdpMessaging (236)
[2018.10.16-19.42.30:985][167]LogModuleManager: Shutting down and abandoning module TcpMessaging (234)
[2018.10.16-19.42.31:104][167]LogModuleManager: Shutting down and abandoning module GameplayTagsEditor (232)
[2018.10.16-19.42.31:109][167]LogModuleManager: Shutting down and abandoning module FacialAnimationEditor (230)
[2018.10.16-19.42.31:109][167]LogModuleManager: Shutting down and abandoning module FacialAnimation (228)
[2018.10.16-19.42.31:109][167]LogModuleManager: Shutting down and abandoning module AssetManagerEditor (226)
[2018.10.16-19.42.31:111][167]LogModuleManager: Shutting down and abandoning module GraphEditor (225)
[2018.10.16-19.42.31:111][167]LogModuleManager: Shutting down and abandoning module ContentBrowser (223)
[2018.10.16-19.42.31:114][167]LogModuleManager: Shutting down and abandoning module LightPropagationVolumeRuntime (220)
[2018.10.16-19.42.31:114][167]LogModuleManager: Shutting down and abandoning module Paper2D (218)
[2018.10.16-19.42.31:114][167]LogModuleManager: Shutting down and abandoning module WindowsMoviePlayer (216)
[2018.10.16-19.42.31:115][167]LogModuleManager: Shutting down and abandoning module WmfMedia (214)
[2018.10.16-19.42.31:120][167]LogModuleManager: Shutting down and abandoning module ClothingSystemEditor (212)
[2018.10.16-19.42.31:132][167]LogModuleManager: Shutting down and abandoning module ClothingSystemRuntime (210)
[2018.10.16-19.42.31:139][167]LogModuleManager: Shutting down and abandoning module MediaAssets (208)
[2018.10.16-19.42.31:139][167]LogModuleManager: Shutting down and abandoning module GameLiveStreaming (206)
[2018.10.16-19.42.31:140][167]LogModuleManager: Shutting down and abandoning module VREditor (204)
[2018.10.16-19.42.31:140][167]LogModuleManager: Shutting down and abandoning module StringTableEditor (202)
[2018.10.16-19.42.31:142][167]LogModuleManager: Shutting down and abandoning module GameplayTasksEditor (200)
[2018.10.16-19.42.31:142][167]LogModuleManager: Shutting down and abandoning module BehaviorTreeEditor (198)
[2018.10.16-19.42.31:146][167]LogModuleManager: Shutting down and abandoning module FunctionalTesting (196)
[2018.10.16-19.42.31:146][167]LogModuleManager: Shutting down and abandoning module CollisionAnalyzer (194)
[2018.10.16-19.42.31:148][167]LogModuleManager: Shutting down and abandoning module UMG (192)
[2018.10.16-19.42.31:148][167]LogModuleManager: Shutting down and abandoning module UMGEditor (191)
[2018.10.16-19.42.31:152][167]LogModuleManager: Shutting down and abandoning module Sequencer (190)
[2018.10.16-19.42.31:155][167]LogModuleManager: Shutting down and abandoning module AssetTools (188)
[2018.10.16-19.42.31:159][167]LogModuleManager: Shutting down and abandoning module MessageLog (187)
[2018.10.16-19.42.31:159][167]LogModuleManager: Shutting down and abandoning module WorkspaceMenuStructure (186)
[2018.10.16-19.42.31:159][167]LogModuleManager: Shutting down and abandoning module SlateReflector (180)
[2018.10.16-19.42.31:162][167]LogModuleManager: Shutting down and abandoning module Slate (178)
[2018.10.16-19.42.31:162][167]LogModuleManager: Shutting down and abandoning module EditorStyle (176)
[2018.10.16-19.42.31:172][167]LogModuleManager: Shutting down and abandoning module SourceCodeAccess (174)
[2018.10.16-19.42.31:172][167]LogModuleManager: Shutting down and abandoning module HeadMountedDisplay (172)
[2018.10.16-19.42.31:172][167]LogModuleManager: Shutting down and abandoning module XAudio2 (170)
[2018.10.16-19.42.31:172][167]LogModuleManager: Shutting down and abandoning module Networking (168)
[2018.10.16-19.42.31:172][167]LogModuleManager: Shutting down and abandoning module Core (164)
[2018.10.16-19.42.31:172][167]LogModuleManager: Shutting down and abandoning module AssetRegistry (162)
[2018.10.16-19.42.31:275][167]LogDirectoryWatcher: A directory notification for '../../../Engine/Content/' was aborted.
[2018.10.16-19.42.31:275][167]LogDirectoryWatcher: A directory notification for 'E:/Project2/GITHUB DESKTOP/Bio/Bio/Content/' was aborted.
[2018.10.16-19.42.31:275][167]LogDirectoryWatcher: A directory notification for '../../../Engine/Plugins/2D/Paper2D/Content/' was aborted.
[2018.10.16-19.42.31:275][167]LogDirectoryWatcher: A directory notification for '../../../Engine/Plugins/Runtime/GearVR/Content/' was aborted.
[2018.10.16-19.42.31:280][167]LogModuleManager: Shutting down and abandoning module DirectoryWatcher (161)
[2018.10.16-19.42.31:285][167]LogModuleManager: Shutting down and abandoning module KismetCompiler (158)
[2018.10.16-19.42.31:285][167]LogModuleManager: Shutting down and abandoning module LevelSequence (156)
[2018.10.16-19.42.31:285][167]LogModuleManager: Shutting down and abandoning module PhysXFormats (154)
[2018.10.16-19.42.31:285][167]LogModuleManager: Shutting down and abandoning module MeshUtilities (152)
[2018.10.16-19.42.31:288][167]LogModuleManager: Shutting down and abandoning module SimplygonSwarm (151)
[2018.10.16-19.42.31:290][167]LogModuleManager: Shutting down and abandoning module SimplygonMeshReduction (149)
[2018.10.16-19.42.31:290][167]LogModuleManager: Shutting down and abandoning module QuadricMeshReduction (147)
[2018.10.16-19.42.31:292][167]LogModuleManager: Shutting down and abandoning module DerivedDataCache (144)
[2018.10.16-19.42.31:342][167]LogDerivedDataCache: Shutdown
[2018.10.16-19.42.31:342][167]LogModuleManager: Shutting down and abandoning module TargetPlatform (142)
[2018.10.16-19.42.31:342][167]LogModuleManager: Shutting down and abandoning module VulkanShaderFormat (141)
[2018.10.16-19.42.31:344][167]LogModuleManager: Shutting down and abandoning module ShaderFormatVectorVM (139)
[2018.10.16-19.42.31:344][167]LogModuleManager: Shutting down and abandoning module ShaderFormatOpenGL (137)
[2018.10.16-19.42.31:345][167]LogModuleManager: Shutting down and abandoning module ShaderFormatD3D (135)
[2018.10.16-19.42.31:345][167]LogModuleManager: Shutting down and abandoning module MetalShaderFormat (133)
[2018.10.16-19.42.31:346][167]LogModuleManager: Shutting down and abandoning module TextureFormatUncompressed (131)
[2018.10.16-19.42.31:346][167]LogModuleManager: Shutting down and abandoning module TextureFormatPVR (129)
[2018.10.16-19.42.31:346][167]LogModuleManager: Shutting down and abandoning module TextureFormatDXT (127)
[2018.10.16-19.42.31:346][167]LogModuleManager: Shutting down and abandoning module TextureFormatIntelISPCTexComp (125)
[2018.10.16-19.42.31:346][167]LogModuleManager: Shutting down and abandoning module TextureFormatASTC (123)
[2018.10.16-19.42.31:346][167]LogModuleManager: Shutting down and abandoning module ImageWrapper (122)
[2018.10.16-19.42.31:346][167]LogModuleManager: Shutting down and abandoning module TextureFormatAndroid (119)
[2018.10.16-19.42.31:346][167]LogModuleManager: Shutting down and abandoning module AudioFormatOpus (117)
[2018.10.16-19.42.31:347][167]LogModuleManager: Shutting down and abandoning module AudioFormatOgg (115)
[2018.10.16-19.42.31:347][167]LogModuleManager: Shutting down and abandoning module AudioFormatADPCM (113)
[2018.10.16-19.42.31:347][167]LogModuleManager: Shutting down and abandoning module LinuxTargetPlatform (111)
[2018.10.16-19.42.31:347][167]LogModuleManager: Shutting down and abandoning module LinuxServerTargetPlatform (109)
[2018.10.16-19.42.31:347][167]LogModuleManager: Shutting down and abandoning module LinuxNoEditorTargetPlatform (107)
[2018.10.16-19.42.31:347][167]LogModuleManager: Shutting down and abandoning module LinuxClientTargetPlatform (105)
[2018.10.16-19.42.31:347][167]LogModuleManager: Shutting down and abandoning module TVOSTargetPlatform (103)
[2018.10.16-19.42.31:347][167]LogModuleManager: Shutting down and abandoning module Messaging (101)
[2018.10.16-19.42.31:347][167]LogModuleManager: Shutting down and abandoning module IOSTargetPlatform (99)
[2018.10.16-19.42.31:347][167]LogModuleManager: Shutting down and abandoning module HTML5TargetPlatform (97)
[2018.10.16-19.42.31:347][167]LogModuleManager: Shutting down and abandoning module Android_PVRTCTargetPlatform (95)
[2018.10.16-19.42.31:347][167]LogModuleManager: Shutting down and abandoning module Android_MultiTargetPlatform (93)
[2018.10.16-19.42.31:347][167]LogModuleManager: Shutting down and abandoning module Android_ETC2TargetPlatform (91)
[2018.10.16-19.42.31:347][167]LogModuleManager: Shutting down and abandoning module Android_ETC1TargetPlatform (89)
[2018.10.16-19.42.31:348][167]LogModuleManager: Shutting down and abandoning module Android_DXTTargetPlatform (87)
[2018.10.16-19.42.31:348][167]LogModuleManager: Shutting down and abandoning module Android_ATCTargetPlatform (85)
[2018.10.16-19.42.31:348][167]LogModuleManager: Shutting down and abandoning module Android_ASTCTargetPlatform (83)
[2018.10.16-19.42.31:348][167]LogModuleManager: Shutting down and abandoning module AndroidTargetPlatform (81)
[2018.10.16-19.42.31:349][167]LogModuleManager: Shutting down and abandoning module WindowsTargetPlatform (79)
[2018.10.16-19.42.31:349][167]LogModuleManager: Shutting down and abandoning module WindowsServerTargetPlatform (77)
[2018.10.16-19.42.31:349][167]LogModuleManager: Shutting down and abandoning module WindowsNoEditorTargetPlatform (75)
[2018.10.16-19.42.31:349][167]LogModuleManager: Shutting down and abandoning module WindowsClientTargetPlatform (73)
[2018.10.16-19.42.31:349][167]LogModuleManager: Shutting down and abandoning module MacTargetPlatform (71)
[2018.10.16-19.42.31:349][167]LogModuleManager: Shutting down and abandoning module MacServerTargetPlatform (69)
[2018.10.16-19.42.31:349][167]LogModuleManager: Shutting down and abandoning module MacNoEditorTargetPlatform (67)
[2018.10.16-19.42.31:349][167]LogModuleManager: Shutting down and abandoning module MacClientTargetPlatform (65)
[2018.10.16-19.42.31:349][167]LogModuleManager: Shutting down and abandoning module AllDesktopTargetPlatform (63)
[2018.10.16-19.42.31:349][167]LogModuleManager: Shutting down and abandoning module InputCore (60)
[2018.10.16-19.42.31:349][167]LogModuleManager: Shutting down and abandoning module Settings (58)
[2018.10.16-19.42.31:349][167]LogModuleManager: Shutting down and abandoning module OculusRift (56)
[2018.10.16-19.42.31:349][167]LogModuleManager: Shutting down and abandoning module GearVRController (54)
[2018.10.16-19.42.31:349][167]LogModuleManager: Shutting down and abandoning module GearVR (52)
[2018.10.16-19.42.31:350][167]LogModuleManager: Shutting down and abandoning module ExampleDeviceProfileSelector (50)
[2018.10.16-19.42.31:350][167]LogModuleManager: Shutting down and abandoning module OnlineBlueprintSupport (48)
[2018.10.16-19.42.31:350][167]LogModuleManager: Shutting down and abandoning module OnlineSubsystem (44)
[2018.10.16-19.42.31:350][167]LogOnline:Display: Unloading online subsystem: NULL
[2018.10.16-19.42.31:353][167]LogModuleManager: Shutting down and abandoning module XMPP (43)
[2018.10.16-19.42.31:355][167]LogModuleManager: Shutting down and abandoning module HTTP (41)
[2018.10.16-19.42.31:355][167]LogHttp:Display: Http module shutting down, but needs to wait on 1 outstanding Http requests:
[2018.10.16-19.42.31:355][167]LogHttp:Display: 	verb=[POST] url=[https://datarouter.ol.epicgames.com/datarouter/api/v1/public/data?SessionID=%7B6F95B875-4A85-F64F-EBC3-F79A04954348%7D&AppID=UEEditor.Rocket.Release&AppVersion=4.16.3-3561208%2B%2B%2BUE4%2BRelease-4.16&UserID=db30d1214a05cc8a77efc199493ec53c%7C3df5c5e5213741b78f1090120462d5c5%7C16c13bbc-3406-4982-a6ac-5380e1ba7082&AppEnvironment=datacollector-binary&UploadType=eteventstream] status=Processing
[2018.10.16-19.42.31:392][167]LogModuleManager: Shutting down and abandoning module SSL (40)
[2018.10.16-19.42.31:395][167]LogModuleManager: Shutting down and abandoning module HTTPChunkInstaller (36)
[2018.10.16-19.42.31:404][167]LogModuleManager: Shutting down and abandoning module AnimationModifiers (34)
[2018.10.16-19.42.31:408][167]LogModuleManager: Shutting down and abandoning module PropertyEditor (33)
[2018.10.16-19.42.31:408][167]LogModuleManager: Shutting down and abandoning module AudioEditor (30)
[2018.10.16-19.42.31:410][167]LogModuleManager: Shutting down and abandoning module TextureCompressor (28)
[2018.10.16-19.42.31:410][167]LogModuleManager: Shutting down and abandoning module ShaderCore (26)
[2018.10.16-19.42.31:410][167]LogModuleManager: Shutting down and abandoning module Landscape (24)
[2018.10.16-19.42.31:410][167]LogModuleManager: Shutting down and abandoning module SlateRHIRenderer (22)
[2018.10.16-19.42.31:414][167]LogModuleManager: Shutting down and abandoning module OpenGLDrv (20)
[2018.10.16-19.42.31:416][167]LogModuleManager: Shutting down and abandoning module D3D11RHI (18)
[2018.10.16-19.42.31:416][167]LogModuleManager: Shutting down and abandoning module AnimGraphRuntime (16)
[2018.10.16-19.42.31:417][167]LogModuleManager: Shutting down and abandoning module Renderer (14)
[2018.10.16-19.42.31:417][167]LogModuleManager: Shutting down and abandoning module Engine (12)
[2018.10.16-19.42.31:417][167]LogModuleManager: Shutting down and abandoning module CoreUObject (10)
[2018.10.16-19.42.31:417][167]LogModuleManager: Shutting down and abandoning module NetworkFile (8)
[2018.10.16-19.42.31:418][167]LogModuleManager: Shutting down and abandoning module StreamingFile (6)
[2018.10.16-19.42.31:424][167]LogModuleManager: Shutting down and abandoning module SandboxFile (4)
[2018.10.16-19.42.31:424][167]LogModuleManager: Shutting down and abandoning module PakFile (2)
[2018.10.16-19.42.31:430][167]LogExit: Exiting.
[2018.10.16-19.42.31:447][167]Log file closed, 10/16/18 21:42:31
