Log file open, 10/21/18 16:10:03
LogInit:Display: Running engine for game: Bio
LogPlatformFile: Not using cached read wrapper
LogInit:Display: RandInit(1517462407) SRandInit(1517462407).
LogTaskGraph: Started task graph with 5 named threads and 8 total threads with 1 sets of task threads.
LogStats: Stats thread started at 0.174144
LogInit: Using libcurl 7.47.1
LogInit:  - built for x86_64-pc-win32
LogInit:  - supports SSL with OpenSSL/1.0.2g
LogInit:  - supports HTTP deflate (compression) using libz 1.2.8
LogInit:  - other features:
LogInit:      CURL_VERSION_SSL
LogInit:      CURL_VERSION_LIBZ
LogInit:      CURL_VERSION_IPV6
LogInit:      CURL_VERSION_ASYNCHDNS
LogInit:      CURL_VERSION_LARGEFILE
LogInit:      CURL_VERSION_IDN
LogInit:  CurlRequestOptions (configurable via config and command line):
LogInit:  - bVerifyPeer = false  - Libcurl will NOT verify peer certificate
LogInit:  - bUseHttpProxy = false  - Libcurl will NOT use HTTP proxy
LogInit:  - bDontReuseConnections = false  - Libcurl will reuse connections
LogInit:  - CertBundlePath = nullptr  - Libcurl will use whatever was configured at build time.
LogInit: Build: ++UE4+Release-4.16-CL-3561208
LogInit: Engine Version: 4.16.3-3561208+++UE4+Release-4.16
LogInit: Compatible Engine Version: 4.16.0-3452394+++UE4+Release-4.16
LogInit: Net CL: 3452394
LogDevObjectVersion: Number of dev versions registered: 16
LogDevObjectVersion:   Dev-Blueprints (B0D832E4-1F89-4F0D-ACCF-7EB736FD4AA2): 9
LogDevObjectVersion:   Dev-Build (E1C64328-A22C-4D53-A36C-8E866417BD8C): 0
LogDevObjectVersion:   Dev-Core (375EC13C-06E4-48FB-B500-84F0262A717E): 2
LogDevObjectVersion:   Dev-Editor (E4B068ED-F494-42E9-A231-DA0B2E46BB41): 17
LogDevObjectVersion:   Dev-Framework (CFFC743F-43B0-4480-9391-14DF171D2073): 23
LogDevObjectVersion:   Dev-Mobile (B02B49B5-BB20-44E9-A304-32B752E40360): 0
LogDevObjectVersion:   Dev-Networking (A4E4105C-59A1-49B5-A7C5-40C4547EDFEE): 0
LogDevObjectVersion:   Dev-Online (39C831C9-5AE6-47DC-9A44-9C173E1C8E7C): 0
LogDevObjectVersion:   Dev-Physics (78F01B33-EBEA-4F98-B9B4-84EACCB95AA2): 0
LogDevObjectVersion:   Dev-Platform (6631380F-2D4D-43E0-8009-CF276956A95A): 0
LogDevObjectVersion:   Dev-Rendering (12F88B9F-8875-4AFC-A67C-D90C383ABD29): 15
LogDevObjectVersion:   Dev-Sequencer (7B5AE74C-D270-4C10-A958-57980B212A5A): 4
LogDevObjectVersion:   Dev-VR (D7296918-1DD6-4BDD-9DE2-64A83CC13884): 0
LogDevObjectVersion:   Dev-LoadTimes (C2A15278-BFE7-4AFE-6C17-90FF531DF755): 1
LogDevObjectVersion:   Private-Geometry (6EACA3D4-40EC-4CC1-B786-8BED09428FC5): 1
LogDevObjectVersion:   Dev-AnimPhys (29E575DD-E0A3-4627-9D10-D276232CDCEA): 3
LogInit: Compiled (64-bit): Jul 28 2017 11:49:47
LogInit: Compiled with Visual C++: 19.00.24215.01
LogInit: Build Configuration: Development
LogInit: Branch Name: ++UE4+Release-4.16
LogInit: Command line: 
LogInit: Base directory: C:/Program Files/Epic Games/UE_4.16/Engine/Binaries/Win64/
LogInit: Installed Engine Build: 1
LogInit: Presizing for max 8388607 objects, including 0 objects not considered by GC, pre-allocating 0 bytes for permanent pool.
LogInit: Object subsystem initialized
[2018.10.21-14.10.05:808][  0]LogInit: Selected Device Profile: [Windows]
[2018.10.21-14.10.05:808][  0]LogInit: Applying CVar settings loaded from the selected device profile: [Windows]
[2018.10.21-14.10.05:870][  0]LogInit: Computer: DESKTOP-KR2EHTK
[2018.10.21-14.10.05:870][  0]LogInit: User: Ferran
[2018.10.21-14.10.05:870][  0]LogInit: CPU Page size=4096, Cores=4
[2018.10.21-14.10.05:870][  0]LogInit: High frequency timer resolution =3.349781 MHz
[2018.10.21-14.10.05:871][  0]LogMemory: Memory total: Physical=8.0GB (8GB approx)
[2018.10.21-14.10.05:871][  0]LogMemory: Platform Memory Stats for Windows
[2018.10.21-14.10.05:871][  0]LogMemory: Process Physical Memory: 272.08 MB used, 272.08 MB peak
[2018.10.21-14.10.05:871][  0]LogMemory: Process Virtual Memory: 258.65 MB used, 258.65 MB peak
[2018.10.21-14.10.05:871][  0]LogMemory: Physical Memory: 3957.18 MB used,  4197.07 MB free, 8154.25 MB total
[2018.10.21-14.10.05:871][  0]LogMemory: Virtual Memory: 4766.37 MB used,  4197.07 MB free, 134217728.00 MB total
[2018.10.21-14.10.06:567][  0]LogInit: Overriding language with editor language configuration option (en).
[2018.10.21-14.10.06:567][  0]LogInit: Overriding locale with editor locale configuration option (en).
[2018.10.21-14.10.11:176][  0]LogD3D11RHI: D3D11 adapters:
[2018.10.21-14.10.11:204][  0]LogD3D11RHI:    0. 'AMD Radeon HD 7900 Series' (Feature Level 11_0)
[2018.10.21-14.10.11:204][  0]LogD3D11RHI:       3052/0/4077 MB DedicatedVideo/DedicatedSystem/SharedSystem, Outputs:2, VendorId:0x1002
[2018.10.21-14.10.11:208][  0]LogD3D11RHI:    1. 'Microsoft Basic Render Driver' (Feature Level 11_0)
[2018.10.21-14.10.11:208][  0]LogD3D11RHI:       0/0/4077 MB DedicatedVideo/DedicatedSystem/SharedSystem, Outputs:0, VendorId:0x1414
[2018.10.21-14.10.11:208][  0]LogD3D11RHI: Chosen D3D11 Adapter: 0
[2018.10.21-14.10.11:215][  0]LogD3D11RHI: Creating new Direct3DDevice
[2018.10.21-14.10.11:215][  0]LogD3D11RHI:     GPU DeviceId: 0x679a (for the marketing name, search the web for "GPU Device Id")
[2018.10.21-14.10.11:215][  0]LogWindows: EnumDisplayDevices:
[2018.10.21-14.10.11:215][  0]LogWindows:    0. 'AMD Radeon HD 7900 Series' (P:0 D:1)
[2018.10.21-14.10.11:216][  0]LogWindows:    1. 'AMD Radeon HD 7900 Series' (P:1 D:1)
[2018.10.21-14.10.11:217][  0]LogWindows:    2. 'AMD Radeon HD 7900 Series' (P:0 D:0)
[2018.10.21-14.10.11:218][  0]LogWindows:    3. 'AMD Radeon HD 7900 Series' (P:0 D:0)
[2018.10.21-14.10.11:218][  0]LogWindows:    4. 'AMD Radeon HD 7900 Series' (P:0 D:0)
[2018.10.21-14.10.11:219][  0]LogWindows:    5. 'AMD Radeon HD 7900 Series' (P:0 D:0)
[2018.10.21-14.10.11:220][  0]LogWindows: DebugString: GetVideoDriverDetailsInvalid PrimaryIsNotTheChoosenAdapter GetVideoDriverDetailsInvalid PrimaryIsNotTheChoosenAdapter GetVideoDriverDetailsInvalid PrimaryIsNotTheChoosenAdapter GetVideoDriverDetailsInvalid PrimaryIsNotTheChoosenAdapter GetVideoDriverDetailsInvalid PrimaryIsNotTheChoosenAdapter GetVideoDriverDetailsInvalid PrimaryIsNotTheChoosenAdapter FoundDriverCount:0 
[2018.10.21-14.10.11:220][  0]LogD3D11RHI:     Adapter Name: AMD Radeon HD 7900 Series
[2018.10.21-14.10.11:220][  0]LogD3D11RHI:   Driver Version: Unknown (internal:Unknown, unified:Unknown)
[2018.10.21-14.10.11:220][  0]LogD3D11RHI:      Driver Date: Unknown
[2018.10.21-14.10.11:220][  0]LogRHI: Texture pool is 1361 MB (70% of 1945 MB)
[2018.10.21-14.10.12:299][  0]LogD3D11RHI: Async texture creation enabled
[2018.10.21-14.10.12:322][  0]LogD3D11RHI: GPU Timing Frequency: 27.000000 (Debug: 2 1)
[2018.10.21-14.10.12:327][  0]LogShaderCompilers: Guid format shader working directory is 13 characters bigger than the processId version (E:/Project2/GITHUB DESKTOP/Bio/Bio/Intermediate/Shaders/WorkingDirectory/9964/).
[2018.10.21-14.10.12:328][  0]LogShaderCompilers: Cleaned the shader compiler working directory 'C:/Users/Ferran/AppData/Local/Temp/UnrealShaderWorkingDir/07F7197C4BA196E6479508A2318CE201/'.
[2018.10.21-14.10.12:328][  0]LogShaderCompilers:Display: Using Local Shader Compiler.
[2018.10.21-14.10.16:479][  0]LogTemp:Display: Loaded TP AllDesktopTargetPlatform
[2018.10.21-14.10.16:852][  0]LogTemp:Display: Loaded TP MacClientTargetPlatform
[2018.10.21-14.10.17:319][  0]LogTemp:Display: Loaded TP MacNoEditorTargetPlatform
[2018.10.21-14.10.17:777][  0]LogTemp:Display: Loaded TP MacServerTargetPlatform
[2018.10.21-14.10.18:156][  0]LogTemp:Display: Loaded TP MacTargetPlatform
[2018.10.21-14.10.18:496][  0]LogTemp:Display: Loaded TP WindowsClientTargetPlatform
[2018.10.21-14.10.18:840][  0]LogTemp:Display: Loaded TP WindowsNoEditorTargetPlatform
[2018.10.21-14.10.19:186][  0]LogTemp:Display: Loaded TP WindowsServerTargetPlatform
[2018.10.21-14.10.19:526][  0]LogTemp:Display: Loaded TP WindowsTargetPlatform
[2018.10.21-14.10.19:868][  0]LogTemp:Display: Loaded TP AndroidTargetPlatform
[2018.10.21-14.10.20:201][  0]LogTemp:Display: Loaded TP Android_ASTCTargetPlatform
[2018.10.21-14.10.20:548][  0]LogTemp:Display: Loaded TP Android_ATCTargetPlatform
[2018.10.21-14.10.20:914][  0]LogTemp:Display: Loaded TP Android_DXTTargetPlatform
[2018.10.21-14.10.21:270][  0]LogTemp:Display: Loaded TP Android_ETC1TargetPlatform
[2018.10.21-14.10.21:604][  0]LogTemp:Display: Loaded TP Android_ETC2TargetPlatform
[2018.10.21-14.10.22:332][  0]LogTemp:Display: Loaded TP Android_MultiTargetPlatform
[2018.10.21-14.10.22:332][  0]LogTemp:Display: Loaded TP Android_PVRTCTargetPlatform
[2018.10.21-14.10.22:680][  0]LogTemp:Display: Loaded TP HTML5TargetPlatform
[2018.10.21-14.10.23:282][  0]LogTemp:Display: Loaded TP IOSTargetPlatform
[2018.10.21-14.10.23:500][  0]LogTemp:Display: Loaded TP TVOSTargetPlatform
[2018.10.21-14.10.23:847][  0]LogTemp:Display: Loaded TP LinuxClientTargetPlatform
[2018.10.21-14.10.24:245][  0]LogTemp:Display: Loaded TP LinuxNoEditorTargetPlatform
[2018.10.21-14.10.24:725][  0]LogTemp:Display: Loaded TP LinuxServerTargetPlatform
[2018.10.21-14.10.25:115][  0]LogTemp:Display: Loaded TP LinuxTargetPlatform
[2018.10.21-14.10.25:115][  0]LogTargetPlatformManager:Display: Building Assets For Windows
[2018.10.21-14.10.29:701][  0]LogDerivedDataCache:Display: Max Cache Size: 512 MB
[2018.10.21-14.10.30:283][  0]LogDerivedDataCache: Loaded boot cache 0.58s 90MB C:/Users/Ferran/AppData/Local/UnrealEngine/4.16/DerivedDataCache/Boot.ddc.
[2018.10.21-14.10.30:283][  0]LogDerivedDataCache:Display: Loaded Boot cache: C:/Users/Ferran/AppData/Local/UnrealEngine/4.16/DerivedDataCache/Boot.ddc
[2018.10.21-14.10.30:284][  0]LogDerivedDataCache: FDerivedDataBackendGraph:  Pak pak cache file E:/Project2/GITHUB DESKTOP/Bio/Bio/DerivedDataCache/DDC.ddp not found, will not use a pak cache.
[2018.10.21-14.10.30:284][  0]LogDerivedDataCache: Unable to find inner node Pak for hierarchical cache Hierarchy.
[2018.10.21-14.10.30:284][  0]LogDerivedDataCache: FDerivedDataBackendGraph:  CompressedPak pak cache file E:/Project2/GITHUB DESKTOP/Bio/Bio/DerivedDataCache/Compressed.ddp not found, will not use a pak cache.
[2018.10.21-14.10.30:284][  0]LogDerivedDataCache: Unable to find inner node CompressedPak for hierarchical cache Hierarchy.
[2018.10.21-14.10.30:306][  0]LogDerivedDataCache:Display: Pak cache opened for reading ../../../Engine/DerivedDataCache/Compressed.ddp.
[2018.10.21-14.10.30:321][  0]LogDerivedDataCache: Using Local data cache path C:/Users/Ferran/AppData/Local/UnrealEngine/Common/DerivedDataCache: Writable
[2018.10.21-14.10.30:333][  0]LogMaterial: Verifying Global Shaders for PCD3D_SM5
[2018.10.21-14.10.30:336][  0]LogSlate: Using Freetype 2.6.0
[2018.10.21-14.10.30:349][  0]LogSlate: SlateFontCache - WITH_FREETYPE: 1, WITH_HARFBUZZ: 1
[2018.10.21-14.10.30:349][  0]LogSlate: SlateFontCache - WITH_FREETYPE: 1, WITH_HARFBUZZ: 1
[2018.10.21-14.10.31:666][  0]LogInit: Selected Device Profile: [Windows]
[2018.10.21-14.10.31:791][  0]LogContentStreaming: Texture pool size is 0.00 MB
[2018.10.21-14.10.32:530][  0]LogMeshUtilities: Using QuadricMeshReduction for automatic static mesh reduction
[2018.10.21-14.10.32:899][  0]LogSimplygon: Simplygon DLL not present - disabling.
[2018.10.21-14.10.33:263][  0]LogMeshUtilities: Using SimplygonSwarm for distributed automatic mesh merging
[2018.10.21-14.10.33:263][  0]LogMeshUtilities: No automatic skeletal mesh reduction module available
[2018.10.21-14.10.33:263][  0]LogMeshUtilities: No automatic mesh merging module available
[2018.10.21-14.10.35:449][  0]LogNetVersion: Bio , NetCL: 3452394, EngineNetVer: 2, GameNetVer: 0 (Checksum: 343922727)
[2018.10.21-14.10.35:692][  0]LogAssetRegistry: FAssetRegistry took 0.0271 seconds to start up
[2018.10.21-14.10.35:918][  0]LogPackageLocalizationCache: Processed 4 localized package path(s) for 1 prioritized culture(s) in 0.029083 seconds
[2018.10.21-14.10.35:924][  0]LogUObjectArray: 34194 objects as part of root set at end of initial load.
[2018.10.21-14.10.35:924][  0]LogUObjectAllocator: 7260424 out of 0 bytes used by permanent object pool.
[2018.10.21-14.10.35:924][  0]LogUObjectArray: CloseDisregardForGC: 0/0 objects in disregard for GC pool
[2018.10.21-14.10.36:515][  0]LogInit: WinSock: version 1.1 (2.2), MaxSocks=32767, MaxUdp=65467
[2018.10.21-14.10.51:094][  0]LogTcpMessaging: Initializing TcpMessaging bridge
[2018.10.21-14.10.51:370][  0]LogUdpMessaging: Initializing bridge on interface 0.0.0.0:0 to multicast group 230.0.0.1:6666.
[2018.10.21-14.10.54:800][  0]LogMaterial: Uniform references updated for custom material expression Custom.
[2018.10.21-14.10.57:391][  0]SourceControl: Info Source control is disabled
[2018.10.21-14.10.57:530][  0]SourceControl: Info Source control is disabled
[2018.10.21-14.10.57:902][  0]SourceControl: Info Source control is disabled
[2018.10.21-14.10.58:267][  0]SourceControl: Info Source control is disabled
[2018.10.21-14.11.03:613][  0]LogAndroidPermission: UAndroidPermissionCallbackProxy::GetInstance
[2018.10.21-14.11.08:081][  0]LogEngine: Initializing Engine...
[2018.10.21-14.11.08:485][  0]LogHMD: Failed to initialize OpenVR with code 108
[2018.10.21-14.11.08:715][  0]LogStats: UGameplayTagsManager::ConstructGameplayTagTree: Construct from data asset -  0.000 s
[2018.10.21-14.11.08:715][  0]LogStats: UGameplayTagsManager::ConstructGameplayTagTree: GameplayTagTreeChangedEvent.Broadcast -  0.000 s
[2018.10.21-14.11.09:766][  0]LogAIModule: Creating AISystem for world Untitled
[2018.10.21-14.11.09:915][  0]LogInit: XAudio2 using 'Altavoces (VIA HD Audio)' : 2 channels at 48 kHz using 32 bits per sample (channel mask 0x3)
[2018.10.21-14.11.09:964][  0]LogInit: FAudioDevice initialized.
[2018.10.21-14.11.10:015][  0]LogDerivedDataCache: Saved boot cache 0.05s 90MB C:/Users/Ferran/AppData/Local/UnrealEngine/4.16/DerivedDataCache/Boot.ddc.
[2018.10.21-14.11.10:030][  0]LogInit: Texture streaming: Enabled
[2018.10.21-14.11.10:909][  0]LogEngineSessionManager: EngineSessionManager initialized
[2018.10.21-14.11.10:911][  0]LogEngineSessionManager: EngineSessionManager sent abnormal shutdown report. Type=Crashed, SessionId={8AE1B3AF-42FD-270A-CCA9-16B24620A340}
[2018.10.21-14.11.12:682][  0]LogInit: Transaction tracking system initialized
[2018.10.21-14.11.15:231][  0]BlueprintLog: New page: Editor Load
[2018.10.21-14.11.23:503][  0]LocalizationService: Info Localization service is disabled
[2018.10.21-14.11.29:464][  0]LogConsoleResponse:Display: 
[2018.10.21-14.11.29:918][  0]LogCook:Display: Max memory allowance for cook 16384mb min free memory 0mb
[2018.10.21-14.11.29:918][  0]LogCook:Display: Mobile HDR setting 1
[2018.10.21-14.11.31:177][  0]LogFileCache: Scanning file cache for directory 'E:/Project2/GITHUB DESKTOP/Bio/Bio/Content/' took 0.02s
[2018.10.21-14.11.38:755][  0]SourceControl: Info Source control is disabled
[2018.10.21-14.11.38:756][  0]Cmd: MAP LOAD FILE="../../../Engine/Content/Maps/Templates/Template_Default.umap" TEMPLATE=1 SHOWPROGRESS=1 FEATURELEVEL=3
[2018.10.21-14.11.38:766][  0]LightingResults: New page: Lighting Build
[2018.10.21-14.11.39:136][  0]MapCheck: New page: Map Check
[2018.10.21-14.11.39:136][  0]LightingResults: New page: Lighting Build
[2018.10.21-14.11.39:353][  0]LogAIModule: Creating AISystem for world Untitled_1
[2018.10.21-14.11.39:354][  0]LogActorComponent: RegisterComponentWithWorld: (/Temp/Untitled_1.Untitled_1:PersistentLevel.WorldSettings_1.StaticMeshComponent0) Trying to register component with IsPendingKill() == true. Aborting.
[2018.10.21-14.11.39:363][  0]LogEditorServer: Finished looking for orphan Actors (0.000 secs)
[2018.10.21-14.11.39:380][  0]Cmd: MAP CHECKDEP NOCLEARLOG
[2018.10.21-14.11.39:619][  0]MapCheck: Info Map check complete: 0 Error(s), 0 Warning(s), took 238.442ms to complete.
[2018.10.21-14.11.39:619][  0]LogFileHelpers: Loading map 'Template_Default' took 0.863
[2018.10.21-14.11.40:460][  0]LogCollectionManager: Loaded 0 collections in 0.003819 seconds
[2018.10.21-14.11.40:856][  0]LogFileCache: Scanning file cache for directory 'E:/Project2/GITHUB DESKTOP/Bio/Bio/Saved/Collections/' took 0.01s
[2018.10.21-14.11.40:856][  0]LogFileCache: Scanning file cache for directory 'E:/Project2/GITHUB DESKTOP/Bio/Bio/Content/Developers/Ferran/Collections/' took 0.01s
[2018.10.21-14.11.40:856][  0]LogFileCache: Scanning file cache for directory 'E:/Project2/GITHUB DESKTOP/Bio/Bio/Content/Collections/' took 0.01s
[2018.10.21-14.11.40:856][  0]LogCollectionManager: Rebuilt the GUID cache for 0 collections in 0.000004 seconds
[2018.10.21-14.11.40:870][  0]LogContentBrowser: Native class hierarchy populated in 0.0124 seconds. Added 2330 classes and 494 folders.
[2018.10.21-14.11.41:453][  0]LogContentBrowser: Native class hierarchy updated for 'WidgetCarousel' in 0.0007 seconds. Added 0 classes and 0 folders.
[2018.10.21-14.11.42:045][  0]LogContentBrowser: Native class hierarchy updated for 'AddContentDialog' in 0.0022 seconds. Added 0 classes and 0 folders.
[2018.10.21-14.11.42:452][  0]LogContentBrowser: Native class hierarchy updated for 'SceneOutliner' in 0.0008 seconds. Added 1 classes and 2 folders.
[2018.10.21-14.11.42:767][  0]LogCrashTracker: Crashtracker disabled due to settings.
[2018.10.21-14.11.42:790][  0]LogSlate: Took 0.011666 seconds to synchronously load lazily loaded font '../../../Engine/Content/Slate/Fonts/Roboto-Regular.ttf' (155K)
[2018.10.21-14.11.42:799][  0]LogSlate: Took 0.007295 seconds to synchronously load lazily loaded font '../../../Engine/Content/Slate/Fonts/Roboto-Bold.ttf' (160K)
[2018.10.21-14.11.42:813][  0]LogSlate: Took 0.007841 seconds to synchronously load lazily loaded font '../../../Engine/Content/Editor/Slate/Fonts/FontAwesome.ttf' (139K)
[2018.10.21-14.11.42:965][  0]LogRenderer: Reallocating scene render targets to support 1108x660 NumSamples 1 (Frame:1).
[2018.10.21-14.11.43:077][  0]LogUObjectGlobals:Warning: Failed to find object 'Class None.'
[2018.10.21-14.11.43:458][  0]LogContentBrowser: Native class hierarchy updated for 'HierarchicalLODOutliner' in 0.0009 seconds. Added 1 classes and 2 folders.
[2018.10.21-14.11.43:459][  0]LogLoad: (Engine Initialization) Total time: 104.88 seconds
[2018.10.21-14.11.43:459][  0]LogLoad: (Engine Initialization) Total Blueprint compile time: 0.46 seconds
[2018.10.21-14.11.43:459][  0]LogExternalProfiler: No external profilers were discovered.  External profiling features will not be available.
[2018.10.21-14.11.43:793][  0]LogWindowsTextInputMethodSystem:Display: IME system now deactivated.
[2018.10.21-14.11.43:799][  0]LogOcInput: OculusInput pre-init called
[2018.10.21-14.11.43:799][  0]LogHMD: Starting GearVRController plugin
[2018.10.21-14.11.43:824][  0]LogContentStreaming: Texture pool size now 1000 MB
[2018.10.21-14.11.44:179][  1]LogAssetRegistry: Asset discovery search completed in 68.5090 seconds
[2018.10.21-14.11.44:180][  1]LogCollectionManager: Rebuilt the object cache for 0 collections in 0.000001 seconds (found 0 objects)
[2018.10.21-14.11.44:180][  1]LogCollectionManager: Fixed up redirectors for 0 collections in 0.000068 seconds (updated 0 objects)
[2018.10.21-14.11.44:503][ 34]LogSlate: Took 0.006092 seconds to synchronously load lazily loaded font '../../../Engine/Content/Slate/Fonts/Roboto-Light.ttf' (159K)
[2018.10.21-14.11.45:820][179]LogSlate: Took 0.000571 seconds to synchronously load lazily loaded font '../../../Engine/Content/Slate/Fonts/Roboto-Light.ttf' (159K)
[2018.10.21-14.11.49:819][594]LogSlate: Took 0.000315 seconds to synchronously load lazily loaded font '../../../Engine/Content/Slate/Fonts/Roboto-Light.ttf' (159K)
[2018.10.21-14.11.50:878][594]LogContentBrowser: Native class hierarchy updated for 'BlueprintGraph' in 0.0012 seconds. Added 112 classes and 0 folders.
[2018.10.21-14.11.53:885][594]LogSlate: Took 0.006295 seconds to synchronously load lazily loaded font '../../../Engine/Content/Editor/Slate/Fonts/Roboto-BoldCondensed.ttf' (158K)
[2018.10.21-14.11.54:169][595]LogSlate: Took 0.006062 seconds to synchronously load lazily loaded font '../../../Engine/Content/Editor/Slate/Fonts/Roboto-Italic.ttf' (157K)
[2018.10.21-14.12.05:649][924]LogAIModule: Creating AISystem for world TempleRun
[2018.10.21-14.12.05:683][924]Cmd: MAP LOAD FILE="E:/Project2/GITHUB DESKTOP/Bio/Bio/Content/Levels/TempleRun/TempleRun.umap" TEMPLATE=0 SHOWPROGRESS=1 FEATURELEVEL=3
[2018.10.21-14.12.05:683][924]LightingResults: New page: Lighting Build
[2018.10.21-14.12.05:684][924]LoadErrors: New page: Loading map: TempleRun.umap
[2018.10.21-14.12.05:686][924]MapCheck: New page: Map Check
[2018.10.21-14.12.05:686][924]LightingResults: New page: Lighting Build
[2018.10.21-14.12.05:772][924]LogEditorServer: Finished looking for orphan Actors (0.000 secs)
[2018.10.21-14.12.05:822][924]Cmd: MAP CHECKDEP NOCLEARLOG
[2018.10.21-14.12.06:070][924]MapCheck: Info Map check complete: 0 Error(s), 0 Warning(s), took 247.548ms to complete.
[2018.10.21-14.12.06:071][924]LogFileHelpers: Loading map 'TempleRun' took 0.390
[2018.10.21-14.12.09:476][141]LogTemp: Repeting last play command: Selected Viewport
[2018.10.21-14.12.09:549][141]LogBlueprintUserMessages: Early PlayInEditor Detection: Level '/Game/Levels/TempleRun/TempleRun.TempleRun:PersistentLevel' has LevelScriptBlueprint '/Game/Levels/TempleRun/TempleRun.TempleRun:PersistentLevel.TempleRun' with GeneratedClass '/Game/Levels/TempleRun/TempleRun.TempleRun_C' with ClassGeneratedBy '/Game/Levels/TempleRun/TempleRun.TempleRun:PersistentLevel.TempleRun'
[2018.10.21-14.12.09:549][141]LogPlayLevel: PlayLevel: No blueprints needed recompiling
[2018.10.21-14.12.09:550][141]PIE: New page: PIE session: TempleRun (Oct 21, 2018, 6:12:09 PM)
[2018.10.21-14.12.09:551][141]LogPlayLevel: Creating play world package: /Game/Levels/TempleRun/UEDPIE_0_TempleRun
[2018.10.21-14.12.09:553][141]LogPlayLevel: PIE: StaticDuplicateObject took: (0.002297s)
[2018.10.21-14.12.09:554][141]LogAIModule: Creating AISystem for world TempleRun
[2018.10.21-14.12.09:554][141]LogPlayLevel: PIE: World Init took: (0.000960s)
[2018.10.21-14.12.09:554][141]LogPlayLevel: PIE: Created PIE world by copying editor world from /Game/Levels/TempleRun/TempleRun.TempleRun to /Game/Levels/TempleRun/UEDPIE_0_TempleRun.TempleRun (0.003512s)
[2018.10.21-14.12.09:713][141]LogInit: XAudio2 using 'Altavoces (VIA HD Audio)' : 2 channels at 48 kHz using 32 bits per sample (channel mask 0x3)
[2018.10.21-14.12.09:749][141]LogInit: FAudioDevice initialized.
[2018.10.21-14.12.09:792][141]LogLoad: Game class is 'ThirdPersonGameMode_C'
[2018.10.21-14.12.09:794][141]LogWorld: Bringing World /Game/Levels/TempleRun/UEDPIE_0_TempleRun.TempleRun up for play (max tick rate 0) at 2018.10.21-16.12.09
[2018.10.21-14.12.09:794][141]LogWorld: Bringing up level for play took: 0.000903
[2018.10.21-14.12.10:126][141]LogContentBrowser: Native class hierarchy updated for 'MovieSceneCapture' in 0.0008 seconds. Added 11 classes and 0 folders.
[2018.10.21-14.12.10:156][141]PIE: Info Play in editor start time for /Game/Levels/TempleRun/UEDPIE_0_TempleRun 0.019
[2018.10.21-14.12.10:156][141]LogBlueprintUserMessages: Late PlayInEditor Detection: Level '/Game/Levels/TempleRun/TempleRun.TempleRun:PersistentLevel' has LevelScriptBlueprint '/Game/Levels/TempleRun/TempleRun.TempleRun:PersistentLevel.TempleRun' with GeneratedClass '/Game/Levels/TempleRun/TempleRun.TempleRun_C' with ClassGeneratedBy '/Game/Levels/TempleRun/TempleRun.TempleRun:PersistentLevel.TempleRun'
[2018.10.21-14.12.10:199][142]LogCharacterMovement:Warning: GetSimulationTimeStep() - Max iterations 8 hit while remaining time 0.070443 > MaxSimulationTimeStep (0.050) for 'ThirdPersonCharacter_C_0', movement 'Walking'
[2018.10.21-14.12.11:105][198]LogBlueprintUserMessages: [ThirdPersonCharacter_C_0] left
[2018.10.21-14.12.11:123][199]LogBlueprintUserMessages: [ThirdPersonCharacter_C_0] left
[2018.10.21-14.12.11:142][200]LogBlueprintUserMessages: [ThirdPersonCharacter_C_0] left
[2018.10.21-14.12.11:439][218]LogBlueprintUserMessages: [ThirdPersonCharacter_C_0] right
[2018.10.21-14.12.11:457][219]LogBlueprintUserMessages: [ThirdPersonCharacter_C_0] right
[2018.10.21-14.12.11:474][220]LogBlueprintUserMessages: [ThirdPersonCharacter_C_0] right
[2018.10.21-14.12.12:501][279]LogBlueprintUserMessages: Early EndPlayMap Detection: Level '/Game/Levels/TempleRun/TempleRun.TempleRun:PersistentLevel' has LevelScriptBlueprint '/Game/Levels/TempleRun/TempleRun.TempleRun:PersistentLevel.TempleRun' with GeneratedClass '/Game/Levels/TempleRun/TempleRun.TempleRun_C' with ClassGeneratedBy '/Game/Levels/TempleRun/TempleRun.TempleRun:PersistentLevel.TempleRun'
[2018.10.21-14.12.12:563][279]LogBlueprintUserMessages: Late EndPlayMap Detection: Level '/Game/Levels/TempleRun/TempleRun.TempleRun:PersistentLevel' has LevelScriptBlueprint '/Game/Levels/TempleRun/TempleRun.TempleRun:PersistentLevel.TempleRun' with GeneratedClass '/Game/Levels/TempleRun/TempleRun.TempleRun_C' with ClassGeneratedBy '/Game/Levels/TempleRun/TempleRun.TempleRun:PersistentLevel.TempleRun'
[2018.10.21-14.12.20:978][968]BlueprintLog: New page: Compile Item
[2018.10.21-14.12.21:462][998]Cmd: OBJ SAVEPACKAGE PACKAGE="/Game/Temple_RunLVL/Item" FILE="E:/Project2/GITHUB DESKTOP/Bio/Bio/Content/Temple_RunLVL/Item.uasset" SILENT=true
[2018.10.21-14.12.21:515][998]LogSavePackage: Save=37.16ms
[2018.10.21-14.12.21:515][998]LogSavePackage: Moving 'E:/Project2/GITHUB DESKTOP/Bio/Bio/Saved/Item38DFC87540D17C220E9448B90C1FCB1A.tmp' to 'E:/Project2/GITHUB DESKTOP/Bio/Bio/Content/Temple_RunLVL/Item.uasset'
[2018.10.21-14.12.21:519][998]LogSavePackage:Display: Finished SavePackage E:/Project2/GITHUB DESKTOP/Bio/Bio/Content/Temple_RunLVL/Item.uasset
[2018.10.21-14.12.22:493][ 94]LogTemp: Repeting last play command: Selected Viewport
[2018.10.21-14.12.22:521][ 94]LogBlueprintUserMessages: Early PlayInEditor Detection: Level '/Game/Levels/TempleRun/TempleRun.TempleRun:PersistentLevel' has LevelScriptBlueprint '/Game/Levels/TempleRun/TempleRun.TempleRun:PersistentLevel.TempleRun' with GeneratedClass '/Game/Levels/TempleRun/TempleRun.TempleRun_C' with ClassGeneratedBy '/Game/Levels/TempleRun/TempleRun.TempleRun:PersistentLevel.TempleRun'
[2018.10.21-14.12.22:521][ 94]LogPlayLevel: PlayLevel: No blueprints needed recompiling
[2018.10.21-14.12.22:521][ 94]PIE: New page: PIE session: TempleRun (Oct 21, 2018, 6:12:22 PM)
[2018.10.21-14.12.22:521][ 94]LogPlayLevel: Creating play world package: /Game/Levels/TempleRun/UEDPIE_0_TempleRun
[2018.10.21-14.12.22:523][ 94]LogPlayLevel: PIE: StaticDuplicateObject took: (0.001920s)
[2018.10.21-14.12.22:524][ 94]LogAIModule: Creating AISystem for world TempleRun
[2018.10.21-14.12.22:524][ 94]LogPlayLevel: PIE: World Init took: (0.000859s)
[2018.10.21-14.12.22:524][ 94]LogPlayLevel: PIE: Created PIE world by copying editor world from /Game/Levels/TempleRun/TempleRun.TempleRun to /Game/Levels/TempleRun/UEDPIE_0_TempleRun.TempleRun (0.003065s)
[2018.10.21-14.12.22:688][ 94]LogInit: XAudio2 using 'Altavoces (VIA HD Audio)' : 2 channels at 48 kHz using 32 bits per sample (channel mask 0x3)
[2018.10.21-14.12.22:716][ 94]LogInit: FAudioDevice initialized.
[2018.10.21-14.12.22:749][ 94]LogLoad: Game class is 'ThirdPersonGameMode_C'
[2018.10.21-14.12.22:751][ 94]LogWorld: Bringing World /Game/Levels/TempleRun/UEDPIE_0_TempleRun.TempleRun up for play (max tick rate 0) at 2018.10.21-16.12.22
[2018.10.21-14.12.22:751][ 94]LogWorld: Bringing up level for play took: 0.000877
[2018.10.21-14.12.22:772][ 94]PIE: Info Play in editor start time for /Game/Levels/TempleRun/UEDPIE_0_TempleRun 0.636
[2018.10.21-14.12.22:773][ 94]LogBlueprintUserMessages: Late PlayInEditor Detection: Level '/Game/Levels/TempleRun/TempleRun.TempleRun:PersistentLevel' has LevelScriptBlueprint '/Game/Levels/TempleRun/TempleRun.TempleRun:PersistentLevel.TempleRun' with GeneratedClass '/Game/Levels/TempleRun/TempleRun.TempleRun_C' with ClassGeneratedBy '/Game/Levels/TempleRun/TempleRun.TempleRun:PersistentLevel.TempleRun'
[2018.10.21-14.12.23:210][133]LogBlueprintUserMessages: [ThirdPersonCharacter_C_0] right
[2018.10.21-14.12.23:221][134]LogBlueprintUserMessages: [ThirdPersonCharacter_C_0] right
[2018.10.21-14.12.23:231][135]LogBlueprintUserMessages: [ThirdPersonCharacter_C_0] right
[2018.10.21-14.12.23:241][136]LogBlueprintUserMessages: [ThirdPersonCharacter_C_0] right
[2018.10.21-14.12.23:251][137]LogBlueprintUserMessages: [ThirdPersonCharacter_C_0] right
[2018.10.21-14.12.23:262][138]LogBlueprintUserMessages: [ThirdPersonCharacter_C_0] right
[2018.10.21-14.12.23:272][139]LogBlueprintUserMessages: [ThirdPersonCharacter_C_0] right
[2018.10.21-14.12.23:282][140]LogBlueprintUserMessages: [ThirdPersonCharacter_C_0] right
[2018.10.21-14.12.23:293][141]LogBlueprintUserMessages: [ThirdPersonCharacter_C_0] right
[2018.10.21-14.12.23:304][142]LogBlueprintUserMessages: [ThirdPersonCharacter_C_0] right
[2018.10.21-14.12.23:315][143]LogBlueprintUserMessages: [ThirdPersonCharacter_C_0] right
[2018.10.21-14.12.23:325][144]LogBlueprintUserMessages: [ThirdPersonCharacter_C_0] right
[2018.10.21-14.12.23:335][145]LogBlueprintUserMessages: [ThirdPersonCharacter_C_0] right
[2018.10.21-14.12.23:345][146]LogBlueprintUserMessages: [ThirdPersonCharacter_C_0] right
[2018.10.21-14.12.23:356][147]LogBlueprintUserMessages: [ThirdPersonCharacter_C_0] right
[2018.10.21-14.12.23:366][148]LogBlueprintUserMessages: [ThirdPersonCharacter_C_0] right
[2018.10.21-14.12.23:377][149]LogBlueprintUserMessages: [ThirdPersonCharacter_C_0] right
[2018.10.21-14.12.23:388][150]LogBlueprintUserMessages: [ThirdPersonCharacter_C_0] right
[2018.10.21-14.12.23:398][151]LogBlueprintUserMessages: [ThirdPersonCharacter_C_0] right
[2018.10.21-14.12.23:409][152]LogBlueprintUserMessages: [ThirdPersonCharacter_C_0] right
[2018.10.21-14.12.23:419][153]LogBlueprintUserMessages: [ThirdPersonCharacter_C_0] right
[2018.10.21-14.12.23:430][154]LogBlueprintUserMessages: [ThirdPersonCharacter_C_0] right
[2018.10.21-14.12.23:440][155]LogBlueprintUserMessages: [ThirdPersonCharacter_C_0] right
[2018.10.21-14.12.23:451][156]LogBlueprintUserMessages: [ThirdPersonCharacter_C_0] right
[2018.10.21-14.12.23:748][183]LogBlueprintUserMessages: [ThirdPersonCharacter_C_0] left
[2018.10.21-14.12.23:759][184]LogBlueprintUserMessages: [ThirdPersonCharacter_C_0] left
[2018.10.21-14.12.23:771][185]LogBlueprintUserMessages: [ThirdPersonCharacter_C_0] left
[2018.10.21-14.12.23:781][186]LogBlueprintUserMessages: [ThirdPersonCharacter_C_0] left
[2018.10.21-14.12.23:792][187]LogBlueprintUserMessages: [ThirdPersonCharacter_C_0] left
[2018.10.21-14.12.23:802][188]LogBlueprintUserMessages: [ThirdPersonCharacter_C_0] left
[2018.10.21-14.12.23:814][189]LogBlueprintUserMessages: [ThirdPersonCharacter_C_0] left
[2018.10.21-14.12.23:824][190]LogBlueprintUserMessages: [ThirdPersonCharacter_C_0] left
[2018.10.21-14.12.23:835][191]LogBlueprintUserMessages: [ThirdPersonCharacter_C_0] left
[2018.10.21-14.12.23:845][192]LogBlueprintUserMessages: [ThirdPersonCharacter_C_0] left
[2018.10.21-14.12.23:856][193]LogBlueprintUserMessages: [ThirdPersonCharacter_C_0] left
[2018.10.21-14.12.23:867][194]LogBlueprintUserMessages: [ThirdPersonCharacter_C_0] left
[2018.10.21-14.12.23:878][195]LogBlueprintUserMessages: [ThirdPersonCharacter_C_0] left
[2018.10.21-14.12.23:889][196]LogBlueprintUserMessages: [ThirdPersonCharacter_C_0] left
[2018.10.21-14.12.26:136][403]Cmd: RestartLevel
[2018.10.21-14.12.26:149][404]LogNet: Browse: /Game/Levels/TempleRun/TempleRun?restart
[2018.10.21-14.12.26:152][404]LogLoad: LoadMap: /Game/Levels/TempleRun/TempleRun
[2018.10.21-14.12.26:177][404]Cmd: MEM
[2018.10.21-14.12.26:195][404]LogMemory: Platform Memory Stats for Windows
[2018.10.21-14.12.26:195][404]LogMemory: Process Physical Memory: 1492.62 MB used, 1492.62 MB peak
[2018.10.21-14.12.26:195][404]LogMemory: Process Virtual Memory: 2484.60 MB used, 2484.66 MB peak
[2018.10.21-14.12.26:195][404]LogMemory: Physical Memory: 5662.40 MB used,  2491.85 MB free, 8154.25 MB total
[2018.10.21-14.12.26:195][404]LogMemory: Virtual Memory: 7409.02 MB used,  2491.85 MB free, 134217728.00 MB total
[2018.10.21-14.12.26:195][404]LogMemory: 
[2018.10.21-14.12.26:195][404]Allocator Stats for TBB: (not implemented)
[2018.10.21-14.12.26:196][404]LogPlayLevel: Creating play world package: /Game/Levels/TempleRun/UEDPIE_0_TempleRun
[2018.10.21-14.12.26:197][404]LogPlayLevel: PIE: StaticDuplicateObject took: (0.001751s)
[2018.10.21-14.12.26:198][404]LogAIModule: Creating AISystem for world TempleRun
[2018.10.21-14.12.26:198][404]LogPlayLevel: PIE: World Init took: (0.000756s)
[2018.10.21-14.12.26:198][404]LogPlayLevel: PIE: Created PIE world by copying editor world from /Game/Levels/TempleRun/TempleRun.TempleRun to /Game/Levels/TempleRun/UEDPIE_0_TempleRun.TempleRun (0.002763s)
[2018.10.21-14.12.26:198][404]LogLoad: Game class is 'ThirdPersonGameMode_C'
[2018.10.21-14.12.26:201][404]LogWorld: Bringing World /Game/Levels/TempleRun/UEDPIE_0_TempleRun.TempleRun up for play (max tick rate 0) at 2018.10.21-16.12.26
[2018.10.21-14.12.26:201][404]LogWorld: Bringing up level for play took: 0.000824
[2018.10.21-14.12.26:229][404]LogLoad: Took 0.076579 seconds to LoadMap(/Game/Levels/TempleRun/UEDPIE_0_TempleRun)
[2018.10.21-14.12.26:899][446]LogBlueprintUserMessages: [ThirdPersonCharacter_C_0] right
[2018.10.21-14.12.26:916][447]LogBlueprintUserMessages: [ThirdPersonCharacter_C_0] right
[2018.10.21-14.12.26:932][448]LogBlueprintUserMessages: [ThirdPersonCharacter_C_0] right
[2018.10.21-14.12.26:950][449]LogBlueprintUserMessages: [ThirdPersonCharacter_C_0] right
[2018.10.21-14.12.26:967][450]LogBlueprintUserMessages: [ThirdPersonCharacter_C_0] right
[2018.10.21-14.12.26:984][451]LogBlueprintUserMessages: [ThirdPersonCharacter_C_0] right
[2018.10.21-14.12.27:342][471]LogBlueprintUserMessages: [ThirdPersonCharacter_C_0] left
[2018.10.21-14.12.27:361][472]LogBlueprintUserMessages: [ThirdPersonCharacter_C_0] left
[2018.10.21-14.12.27:380][473]LogBlueprintUserMessages: [ThirdPersonCharacter_C_0] left
[2018.10.21-14.12.27:403][474]LogBlueprintUserMessages: [ThirdPersonCharacter_C_0] left
[2018.10.21-14.12.27:422][475]LogBlueprintUserMessages: [ThirdPersonCharacter_C_0] left
[2018.10.21-14.12.27:442][476]LogBlueprintUserMessages: [ThirdPersonCharacter_C_0] left
[2018.10.21-14.12.27:460][477]LogBlueprintUserMessages: [ThirdPersonCharacter_C_0] left
[2018.10.21-14.12.27:479][478]LogBlueprintUserMessages: [ThirdPersonCharacter_C_0] left
[2018.10.21-14.12.27:498][479]LogBlueprintUserMessages: [ThirdPersonCharacter_C_0] left
[2018.10.21-14.12.27:516][480]LogBlueprintUserMessages: [ThirdPersonCharacter_C_0] left
[2018.10.21-14.12.27:536][481]LogBlueprintUserMessages: [ThirdPersonCharacter_C_0] left
[2018.10.21-14.12.28:024][510]LogBlueprintUserMessages: [ThirdPersonCharacter_C_0] right
[2018.10.21-14.12.28:040][511]LogBlueprintUserMessages: [ThirdPersonCharacter_C_0] right
[2018.10.21-14.12.28:056][512]LogBlueprintUserMessages: [ThirdPersonCharacter_C_0] right
[2018.10.21-14.12.28:071][513]LogBlueprintUserMessages: [ThirdPersonCharacter_C_0] right
[2018.10.21-14.12.28:087][514]LogBlueprintUserMessages: [ThirdPersonCharacter_C_0] right
[2018.10.21-14.12.29:715][628]LogBlueprintUserMessages: [ThirdPersonCharacter_C_0] right
[2018.10.21-14.12.29:726][629]LogBlueprintUserMessages: [ThirdPersonCharacter_C_0] right
[2018.10.21-14.12.29:738][630]LogBlueprintUserMessages: [ThirdPersonCharacter_C_0] right
[2018.10.21-14.12.29:752][631]LogBlueprintUserMessages: [ThirdPersonCharacter_C_0] right
[2018.10.21-14.12.29:765][632]LogBlueprintUserMessages: [ThirdPersonCharacter_C_0] right
[2018.10.21-14.12.29:779][633]LogBlueprintUserMessages: [ThirdPersonCharacter_C_0] right
[2018.10.21-14.12.29:793][634]LogBlueprintUserMessages: [ThirdPersonCharacter_C_0] right
[2018.10.21-14.12.29:820][635]LogBlueprintUserMessages: [ThirdPersonCharacter_C_0] right
[2018.10.21-14.12.29:831][636]LogBlueprintUserMessages: [ThirdPersonCharacter_C_0] right
[2018.10.21-14.12.31:346][742]LogBlueprintUserMessages: Early EndPlayMap Detection: Level '/Game/Levels/TempleRun/TempleRun.TempleRun:PersistentLevel' has LevelScriptBlueprint '/Game/Levels/TempleRun/TempleRun.TempleRun:PersistentLevel.TempleRun' with GeneratedClass '/Game/Levels/TempleRun/TempleRun.TempleRun_C' with ClassGeneratedBy '/Game/Levels/TempleRun/TempleRun.TempleRun:PersistentLevel.TempleRun'
[2018.10.21-14.12.31:403][742]LogBlueprintUserMessages: Late EndPlayMap Detection: Level '/Game/Levels/TempleRun/TempleRun.TempleRun:PersistentLevel' has LevelScriptBlueprint '/Game/Levels/TempleRun/TempleRun.TempleRun:PersistentLevel.TempleRun' with GeneratedClass '/Game/Levels/TempleRun/TempleRun.TempleRun_C' with ClassGeneratedBy '/Game/Levels/TempleRun/TempleRun.TempleRun:PersistentLevel.TempleRun'
[2018.10.21-14.12.48:739][309]LogRenderer: Reallocating scene render targets to support 1108x688 NumSamples 1 (Frame:1).
[2018.10.21-14.13.47:370][609]BlueprintLog: New page: Compile ThirdPersonCharacter
[2018.10.21-14.13.47:592][609]LogActorComponent: RegisterComponentWithWorld: (/Engine/Transient.World_2:PersistentLevel.DESTROYED_Blocker_C_CHILDACTOR_3.DefaultSceneRoot) Trying to register component with IsPendingKill() == true. Aborting.
[2018.10.21-14.13.47:622][609]LogActorComponent: RegisterComponentWithWorld: (/Engine/Transient.World_2:PersistentLevel.DESTROYED_Blocker_C_CHILDACTOR_10.DefaultSceneRoot) Trying to register component with IsPendingKill() == true. Aborting.
[2018.10.21-14.13.47:631][609]LogActorComponent: RegisterComponentWithWorld: (/Engine/Transient.World_2:PersistentLevel.DESTROYED_Item_C_CHILDACTOR_24.Scene) Trying to register component with IsPendingKill() == true. Aborting.
[2018.10.21-14.13.47:632][609]LogActorComponent: RegisterComponentWithWorld: (/Engine/Transient.World_2:PersistentLevel.DESTROYED_Item_C_CHILDACTOR_25.Scene) Trying to register component with IsPendingKill() == true. Aborting.
[2018.10.21-14.13.47:632][609]LogActorComponent: RegisterComponentWithWorld: (/Engine/Transient.World_2:PersistentLevel.DESTROYED_Item_C_CHILDACTOR_26.Scene) Trying to register component with IsPendingKill() == true. Aborting.
[2018.10.21-14.13.47:632][609]LogActorComponent: RegisterComponentWithWorld: (/Engine/Transient.World_2:PersistentLevel.DESTROYED_Item_C_CHILDACTOR_27.Scene) Trying to register component with IsPendingKill() == true. Aborting.
[2018.10.21-14.13.48:828][669]LogSavePackage: Save=299.38ms
[2018.10.21-14.13.48:828][669]LogSavePackage: Moving 'E:/Project2/GITHUB DESKTOP/Bio/Bio/Saved/ThirdPersonCharacterD1CE64B24CFD7E30AFEB3FA59C57CA06.tmp' to 'E:/Project2/GITHUB DESKTOP/Bio/Bio/Content/Temple_RunLVL/ThirdPersonBP/Blueprints/ThirdPersonCharacter.uasset'
[2018.10.21-14.13.48:833][669]LogSavePackage:Display: Finished SavePackage E:/Project2/GITHUB DESKTOP/Bio/Bio/Content/Temple_RunLVL/ThirdPersonBP/Blueprints/ThirdPersonCharacter.uasset
[2018.10.21-14.14.06:412][888]LogTemp: Repeting last play command: Selected Viewport
[2018.10.21-14.14.06:444][888]LogBlueprintUserMessages: Early PlayInEditor Detection: Level '/Game/Levels/TempleRun/TempleRun.TempleRun:PersistentLevel' has LevelScriptBlueprint '/Game/Levels/TempleRun/TempleRun.TempleRun:PersistentLevel.TempleRun' with GeneratedClass '/Game/Levels/TempleRun/TempleRun.TempleRun_C' with ClassGeneratedBy '/Game/Levels/TempleRun/TempleRun.TempleRun:PersistentLevel.TempleRun'
[2018.10.21-14.14.06:444][888]LogPlayLevel: PlayLevel: No blueprints needed recompiling
[2018.10.21-14.14.06:444][888]PIE: New page: PIE session: TempleRun (Oct 21, 2018, 6:14:06 PM)
[2018.10.21-14.14.06:444][888]LogPlayLevel: Creating play world package: /Game/Levels/TempleRun/UEDPIE_0_TempleRun
[2018.10.21-14.14.06:446][888]LogPlayLevel: PIE: StaticDuplicateObject took: (0.001988s)
[2018.10.21-14.14.06:447][888]LogAIModule: Creating AISystem for world TempleRun
[2018.10.21-14.14.06:447][888]LogPlayLevel: PIE: World Init took: (0.000853s)
[2018.10.21-14.14.06:447][888]LogPlayLevel: PIE: Created PIE world by copying editor world from /Game/Levels/TempleRun/TempleRun.TempleRun to /Game/Levels/TempleRun/UEDPIE_0_TempleRun.TempleRun (0.003059s)
[2018.10.21-14.14.06:605][888]LogInit: XAudio2 using 'Altavoces (VIA HD Audio)' : 2 channels at 48 kHz using 32 bits per sample (channel mask 0x3)
[2018.10.21-14.14.06:634][888]LogInit: FAudioDevice initialized.
[2018.10.21-14.14.06:665][888]LogLoad: Game class is 'ThirdPersonGameMode_C'
[2018.10.21-14.14.06:667][888]LogWorld: Bringing World /Game/Levels/TempleRun/UEDPIE_0_TempleRun.TempleRun up for play (max tick rate 0) at 2018.10.21-16.14.06
[2018.10.21-14.14.06:668][888]LogWorld: Bringing up level for play took: 0.000849
[2018.10.21-14.14.06:695][888]PIE: Info Play in editor start time for /Game/Levels/TempleRun/UEDPIE_0_TempleRun 0.559
[2018.10.21-14.14.06:695][888]LogBlueprintUserMessages: Late PlayInEditor Detection: Level '/Game/Levels/TempleRun/TempleRun.TempleRun:PersistentLevel' has LevelScriptBlueprint '/Game/Levels/TempleRun/TempleRun.TempleRun:PersistentLevel.TempleRun' with GeneratedClass '/Game/Levels/TempleRun/TempleRun.TempleRun_C' with ClassGeneratedBy '/Game/Levels/TempleRun/TempleRun.TempleRun:PersistentLevel.TempleRun'
[2018.10.21-14.14.15:697][477]LogBlueprintUserMessages: Early EndPlayMap Detection: Level '/Game/Levels/TempleRun/TempleRun.TempleRun:PersistentLevel' has LevelScriptBlueprint '/Game/Levels/TempleRun/TempleRun.TempleRun:PersistentLevel.TempleRun' with GeneratedClass '/Game/Levels/TempleRun/TempleRun.TempleRun_C' with ClassGeneratedBy '/Game/Levels/TempleRun/TempleRun.TempleRun:PersistentLevel.TempleRun'
[2018.10.21-14.14.15:735][477]LogBlueprintUserMessages: Late EndPlayMap Detection: Level '/Game/Levels/TempleRun/TempleRun.TempleRun:PersistentLevel' has LevelScriptBlueprint '/Game/Levels/TempleRun/TempleRun.TempleRun:PersistentLevel.TempleRun' with GeneratedClass '/Game/Levels/TempleRun/TempleRun.TempleRun_C' with ClassGeneratedBy '/Game/Levels/TempleRun/TempleRun.TempleRun:PersistentLevel.TempleRun'
[2018.10.21-14.14.39:606][297]BlueprintLog: New page: Compile FloorTile
[2018.10.21-14.14.40:148][322]Cmd: OBJ SAVEPACKAGE PACKAGE="/Game/Temple_RunLVL/FloorTile" FILE="E:/Project2/GITHUB DESKTOP/Bio/Bio/Content/Temple_RunLVL/FloorTile.uasset" SILENT=true
[2018.10.21-14.14.40:267][322]LogSavePackage: Save=105.50ms
[2018.10.21-14.14.40:267][322]LogSavePackage: Moving 'E:/Project2/GITHUB DESKTOP/Bio/Bio/Saved/FloorTile6597502849B60CCE1A77E2856639C485.tmp' to 'E:/Project2/GITHUB DESKTOP/Bio/Bio/Content/Temple_RunLVL/FloorTile.uasset'
[2018.10.21-14.14.40:271][322]LogSavePackage:Display: Finished SavePackage E:/Project2/GITHUB DESKTOP/Bio/Bio/Content/Temple_RunLVL/FloorTile.uasset
[2018.10.21-14.14.41:566][420]LogTemp: Repeting last play command: Selected Viewport
[2018.10.21-14.14.41:592][420]LogBlueprintUserMessages: Early PlayInEditor Detection: Level '/Game/Levels/TempleRun/TempleRun.TempleRun:PersistentLevel' has LevelScriptBlueprint '/Game/Levels/TempleRun/TempleRun.TempleRun:PersistentLevel.TempleRun' with GeneratedClass '/Game/Levels/TempleRun/TempleRun.TempleRun_C' with ClassGeneratedBy '/Game/Levels/TempleRun/TempleRun.TempleRun:PersistentLevel.TempleRun'
[2018.10.21-14.14.41:592][420]LogPlayLevel: PlayLevel: No blueprints needed recompiling
[2018.10.21-14.14.41:592][420]PIE: New page: PIE session: TempleRun (Oct 21, 2018, 6:14:41 PM)
[2018.10.21-14.14.41:592][420]LogPlayLevel: Creating play world package: /Game/Levels/TempleRun/UEDPIE_0_TempleRun
[2018.10.21-14.14.41:594][420]LogPlayLevel: PIE: StaticDuplicateObject took: (0.002027s)
[2018.10.21-14.14.41:595][420]LogAIModule: Creating AISystem for world TempleRun
[2018.10.21-14.14.41:595][420]LogPlayLevel: PIE: World Init took: (0.000798s)
[2018.10.21-14.14.41:595][420]LogPlayLevel: PIE: Created PIE world by copying editor world from /Game/Levels/TempleRun/TempleRun.TempleRun to /Game/Levels/TempleRun/UEDPIE_0_TempleRun.TempleRun (0.003066s)
[2018.10.21-14.14.41:782][420]LogInit: XAudio2 using 'Altavoces (VIA HD Audio)' : 2 channels at 48 kHz using 32 bits per sample (channel mask 0x3)
[2018.10.21-14.14.41:814][420]LogInit: FAudioDevice initialized.
[2018.10.21-14.14.41:847][420]LogLoad: Game class is 'ThirdPersonGameMode_C'
[2018.10.21-14.14.41:849][420]LogWorld: Bringing World /Game/Levels/TempleRun/UEDPIE_0_TempleRun.TempleRun up for play (max tick rate 0) at 2018.10.21-16.14.41
[2018.10.21-14.14.41:850][420]LogWorld: Bringing up level for play took: 0.000893
[2018.10.21-14.14.41:875][420]PIE: Info Play in editor start time for /Game/Levels/TempleRun/UEDPIE_0_TempleRun -0.261
[2018.10.21-14.14.41:875][420]LogBlueprintUserMessages: Late PlayInEditor Detection: Level '/Game/Levels/TempleRun/TempleRun.TempleRun:PersistentLevel' has LevelScriptBlueprint '/Game/Levels/TempleRun/TempleRun.TempleRun:PersistentLevel.TempleRun' with GeneratedClass '/Game/Levels/TempleRun/TempleRun.TempleRun_C' with ClassGeneratedBy '/Game/Levels/TempleRun/TempleRun.TempleRun:PersistentLevel.TempleRun'
[2018.10.21-14.14.55:298][316]Cmd: RestartLevel
[2018.10.21-14.14.55:312][317]LogNet: Browse: /Game/Levels/TempleRun/TempleRun?restart
[2018.10.21-14.14.55:314][317]LogLoad: LoadMap: /Game/Levels/TempleRun/TempleRun
[2018.10.21-14.14.55:337][317]Cmd: MEM
[2018.10.21-14.14.55:354][317]LogMemory: Platform Memory Stats for Windows
[2018.10.21-14.14.55:354][317]LogMemory: Process Physical Memory: 1581.41 MB used, 1584.37 MB peak
[2018.10.21-14.14.55:354][317]LogMemory: Process Virtual Memory: 2738.39 MB used, 2738.39 MB peak
[2018.10.21-14.14.55:354][317]LogMemory: Physical Memory: 5621.14 MB used,  2533.10 MB free, 8154.25 MB total
[2018.10.21-14.14.55:354][317]LogMemory: Virtual Memory: 7674.71 MB used,  2533.10 MB free, 134217728.00 MB total
[2018.10.21-14.14.55:354][317]LogMemory: 
[2018.10.21-14.14.55:354][317]Allocator Stats for TBB: (not implemented)
[2018.10.21-14.14.55:354][317]LogPlayLevel: Creating play world package: /Game/Levels/TempleRun/UEDPIE_0_TempleRun
[2018.10.21-14.14.55:356][317]LogPlayLevel: PIE: StaticDuplicateObject took: (0.001748s)
[2018.10.21-14.14.55:356][317]LogAIModule: Creating AISystem for world TempleRun
[2018.10.21-14.14.55:356][317]LogPlayLevel: PIE: World Init took: (0.000712s)
[2018.10.21-14.14.55:356][317]LogPlayLevel: PIE: Created PIE world by copying editor world from /Game/Levels/TempleRun/TempleRun.TempleRun to /Game/Levels/TempleRun/UEDPIE_0_TempleRun.TempleRun (0.002682s)
[2018.10.21-14.14.55:356][317]LogLoad: Game class is 'ThirdPersonGameMode_C'
[2018.10.21-14.14.55:358][317]LogWorld: Bringing World /Game/Levels/TempleRun/UEDPIE_0_TempleRun.TempleRun up for play (max tick rate 0) at 2018.10.21-16.14.55
[2018.10.21-14.14.55:358][317]LogWorld: Bringing up level for play took: 0.000839
[2018.10.21-14.14.55:383][317]LogLoad: Took 0.069074 seconds to LoadMap(/Game/Levels/TempleRun/UEDPIE_0_TempleRun)
[2018.10.21-14.14.58:212][517]Cmd: RestartLevel
[2018.10.21-14.14.58:225][518]LogNet: Browse: /Game/Levels/TempleRun/TempleRun?restart
[2018.10.21-14.14.58:228][518]LogLoad: LoadMap: /Game/Levels/TempleRun/TempleRun
[2018.10.21-14.14.58:257][518]Cmd: MEM
[2018.10.21-14.14.58:273][518]LogMemory: Platform Memory Stats for Windows
[2018.10.21-14.14.58:273][518]LogMemory: Process Physical Memory: 1581.48 MB used, 1584.37 MB peak
[2018.10.21-14.14.58:273][518]LogMemory: Process Virtual Memory: 2816.21 MB used, 2816.21 MB peak
[2018.10.21-14.14.58:273][518]LogMemory: Physical Memory: 5621.79 MB used,  2532.46 MB free, 8154.25 MB total
[2018.10.21-14.14.58:273][518]LogMemory: Virtual Memory: 7762.71 MB used,  2532.46 MB free, 134217728.00 MB total
[2018.10.21-14.14.58:273][518]LogMemory: 
[2018.10.21-14.14.58:273][518]Allocator Stats for TBB: (not implemented)
[2018.10.21-14.14.58:274][518]LogPlayLevel: Creating play world package: /Game/Levels/TempleRun/UEDPIE_0_TempleRun
[2018.10.21-14.14.58:275][518]LogPlayLevel: PIE: StaticDuplicateObject took: (0.001745s)
[2018.10.21-14.14.58:276][518]LogAIModule: Creating AISystem for world TempleRun
[2018.10.21-14.14.58:276][518]LogPlayLevel: PIE: World Init took: (0.000786s)
[2018.10.21-14.14.58:276][518]LogPlayLevel: PIE: Created PIE world by copying editor world from /Game/Levels/TempleRun/TempleRun.TempleRun to /Game/Levels/TempleRun/UEDPIE_0_TempleRun.TempleRun (0.002769s)
[2018.10.21-14.14.58:276][518]LogLoad: Game class is 'ThirdPersonGameMode_C'
[2018.10.21-14.14.58:278][518]LogWorld: Bringing World /Game/Levels/TempleRun/UEDPIE_0_TempleRun.TempleRun up for play (max tick rate 0) at 2018.10.21-16.14.58
[2018.10.21-14.14.58:278][518]LogWorld: Bringing up level for play took: 0.000802
[2018.10.21-14.14.58:306][518]LogLoad: Took 0.077791 seconds to LoadMap(/Game/Levels/TempleRun/UEDPIE_0_TempleRun)
[2018.10.21-14.15.03:908][881]Cmd: RestartLevel
[2018.10.21-14.15.03:921][882]LogNet: Browse: /Game/Levels/TempleRun/TempleRun?restart
[2018.10.21-14.15.03:923][882]LogLoad: LoadMap: /Game/Levels/TempleRun/TempleRun
[2018.10.21-14.15.03:948][882]Cmd: MEM
[2018.10.21-14.15.03:965][882]LogMemory: Platform Memory Stats for Windows
[2018.10.21-14.15.03:965][882]LogMemory: Process Physical Memory: 1582.16 MB used, 1584.37 MB peak
[2018.10.21-14.15.03:965][882]LogMemory: Process Virtual Memory: 2808.85 MB used, 2816.21 MB peak
[2018.10.21-14.15.03:965][882]LogMemory: Physical Memory: 5623.06 MB used,  2531.19 MB free, 8154.25 MB total
[2018.10.21-14.15.03:965][882]LogMemory: Virtual Memory: 7786.71 MB used,  2531.19 MB free, 134217728.00 MB total
[2018.10.21-14.15.03:965][882]LogMemory: 
[2018.10.21-14.15.03:965][882]Allocator Stats for TBB: (not implemented)
[2018.10.21-14.15.03:965][882]LogPlayLevel: Creating play world package: /Game/Levels/TempleRun/UEDPIE_0_TempleRun
[2018.10.21-14.15.03:967][882]LogPlayLevel: PIE: StaticDuplicateObject took: (0.001864s)
[2018.10.21-14.15.03:968][882]LogAIModule: Creating AISystem for world TempleRun
[2018.10.21-14.15.03:968][882]LogPlayLevel: PIE: World Init took: (0.000702s)
[2018.10.21-14.15.03:968][882]LogPlayLevel: PIE: Created PIE world by copying editor world from /Game/Levels/TempleRun/TempleRun.TempleRun to /Game/Levels/TempleRun/UEDPIE_0_TempleRun.TempleRun (0.002814s)
[2018.10.21-14.15.03:968][882]LogLoad: Game class is 'ThirdPersonGameMode_C'
[2018.10.21-14.15.03:970][882]LogWorld: Bringing World /Game/Levels/TempleRun/UEDPIE_0_TempleRun.TempleRun up for play (max tick rate 0) at 2018.10.21-16.15.03
[2018.10.21-14.15.03:970][882]LogWorld: Bringing up level for play took: 0.000892
[2018.10.21-14.15.03:994][882]LogLoad: Took 0.070970 seconds to LoadMap(/Game/Levels/TempleRun/UEDPIE_0_TempleRun)
[2018.10.21-14.15.09:997][299]LogBlueprintUserMessages: Early EndPlayMap Detection: Level '/Game/Levels/TempleRun/TempleRun.TempleRun:PersistentLevel' has LevelScriptBlueprint '/Game/Levels/TempleRun/TempleRun.TempleRun:PersistentLevel.TempleRun' with GeneratedClass '/Game/Levels/TempleRun/TempleRun.TempleRun_C' with ClassGeneratedBy '/Game/Levels/TempleRun/TempleRun.TempleRun:PersistentLevel.TempleRun'
[2018.10.21-14.15.10:041][299]LogBlueprintUserMessages: Late EndPlayMap Detection: Level '/Game/Levels/TempleRun/TempleRun.TempleRun:PersistentLevel' has LevelScriptBlueprint '/Game/Levels/TempleRun/TempleRun.TempleRun:PersistentLevel.TempleRun' with GeneratedClass '/Game/Levels/TempleRun/TempleRun.TempleRun_C' with ClassGeneratedBy '/Game/Levels/TempleRun/TempleRun.TempleRun:PersistentLevel.TempleRun'
[2018.10.21-14.15.37:190][149]BlueprintLog: New page: Compile ThirdPersonCharacter
[2018.10.21-14.15.37:640][149]LogActorComponent: RegisterComponentWithWorld: (/Engine/Transient.World_2:PersistentLevel.DESTROYED_Blocker_C_CHILDACTOR_14.DefaultSceneRoot) Trying to register component with IsPendingKill() == true. Aborting.
[2018.10.21-14.15.37:645][149]LogActorComponent: RegisterComponentWithWorld: (/Engine/Transient.World_9:PersistentLevel.DESTROYED_Blocker_C_CHILDACTOR_16.DefaultSceneRoot) Trying to register component with IsPendingKill() == true. Aborting.
[2018.10.21-14.15.37:654][149]LogActorComponent: RegisterComponentWithWorld: (/Engine/Transient.World_9:PersistentLevel.DESTROYED_Item_C_CHILDACTOR_74.Scene) Trying to register component with IsPendingKill() == true. Aborting.
[2018.10.21-14.15.37:655][149]LogActorComponent: RegisterComponentWithWorld: (/Engine/Transient.World_9:PersistentLevel.DESTROYED_Item_C_CHILDACTOR_73.Scene) Trying to register component with IsPendingKill() == true. Aborting.
[2018.10.21-14.15.37:655][149]LogActorComponent: RegisterComponentWithWorld: (/Engine/Transient.World_9:PersistentLevel.DESTROYED_Item_C_CHILDACTOR_71.Scene) Trying to register component with IsPendingKill() == true. Aborting.
[2018.10.21-14.15.37:656][149]LogActorComponent: RegisterComponentWithWorld: (/Engine/Transient.World_9:PersistentLevel.DESTROYED_Item_C_CHILDACTOR_72.Scene) Trying to register component with IsPendingKill() == true. Aborting.
[2018.10.21-14.15.38:054][149]LogSavePackage: Save=304.07ms
[2018.10.21-14.15.38:054][149]LogSavePackage: Moving 'E:/Project2/GITHUB DESKTOP/Bio/Bio/Saved/ThirdPersonCharacter09D103904D4998EC20E67EA462C76479.tmp' to 'E:/Project2/GITHUB DESKTOP/Bio/Bio/Content/Temple_RunLVL/ThirdPersonBP/Blueprints/ThirdPersonCharacter.uasset'
[2018.10.21-14.15.38:058][149]LogSavePackage:Display: Finished SavePackage E:/Project2/GITHUB DESKTOP/Bio/Bio/Content/Temple_RunLVL/ThirdPersonBP/Blueprints/ThirdPersonCharacter.uasset
[2018.10.21-14.15.40:731][304]LogTemp: Repeting last play command: Selected Viewport
[2018.10.21-14.15.40:756][304]LogBlueprintUserMessages: Early PlayInEditor Detection: Level '/Game/Levels/TempleRun/TempleRun.TempleRun:PersistentLevel' has LevelScriptBlueprint '/Game/Levels/TempleRun/TempleRun.TempleRun:PersistentLevel.TempleRun' with GeneratedClass '/Game/Levels/TempleRun/TempleRun.TempleRun_C' with ClassGeneratedBy '/Game/Levels/TempleRun/TempleRun.TempleRun:PersistentLevel.TempleRun'
[2018.10.21-14.15.40:757][304]LogPlayLevel: PlayLevel: No blueprints needed recompiling
[2018.10.21-14.15.40:757][304]PIE: New page: PIE session: TempleRun (Oct 21, 2018, 6:15:40 PM)
[2018.10.21-14.15.40:757][304]LogPlayLevel: Creating play world package: /Game/Levels/TempleRun/UEDPIE_0_TempleRun
[2018.10.21-14.15.40:759][304]LogPlayLevel: PIE: StaticDuplicateObject took: (0.001963s)
[2018.10.21-14.15.40:759][304]LogAIModule: Creating AISystem for world TempleRun
[2018.10.21-14.15.40:760][304]LogPlayLevel: PIE: World Init took: (0.000823s)
[2018.10.21-14.15.40:760][304]LogPlayLevel: PIE: Created PIE world by copying editor world from /Game/Levels/TempleRun/TempleRun.TempleRun to /Game/Levels/TempleRun/UEDPIE_0_TempleRun.TempleRun (0.003038s)
[2018.10.21-14.15.40:913][304]LogInit: XAudio2 using 'Altavoces (VIA HD Audio)' : 2 channels at 48 kHz using 32 bits per sample (channel mask 0x3)
[2018.10.21-14.15.40:942][304]LogInit: FAudioDevice initialized.
[2018.10.21-14.15.40:974][304]LogLoad: Game class is 'ThirdPersonGameMode_C'
[2018.10.21-14.15.40:976][304]LogWorld: Bringing World /Game/Levels/TempleRun/UEDPIE_0_TempleRun.TempleRun up for play (max tick rate 0) at 2018.10.21-16.15.40
[2018.10.21-14.15.40:977][304]LogWorld: Bringing up level for play took: 0.001010
[2018.10.21-14.15.41:004][304]PIE: Info Play in editor start time for /Game/Levels/TempleRun/UEDPIE_0_TempleRun 0.867
[2018.10.21-14.15.41:004][304]LogBlueprintUserMessages: Late PlayInEditor Detection: Level '/Game/Levels/TempleRun/TempleRun.TempleRun:PersistentLevel' has LevelScriptBlueprint '/Game/Levels/TempleRun/TempleRun.TempleRun:PersistentLevel.TempleRun' with GeneratedClass '/Game/Levels/TempleRun/TempleRun.TempleRun_C' with ClassGeneratedBy '/Game/Levels/TempleRun/TempleRun.TempleRun:PersistentLevel.TempleRun'
[2018.10.21-14.15.43:003][440]LogBlueprintUserMessages: Early EndPlayMap Detection: Level '/Game/Levels/TempleRun/TempleRun.TempleRun:PersistentLevel' has LevelScriptBlueprint '/Game/Levels/TempleRun/TempleRun.TempleRun:PersistentLevel.TempleRun' with GeneratedClass '/Game/Levels/TempleRun/TempleRun.TempleRun_C' with ClassGeneratedBy '/Game/Levels/TempleRun/TempleRun.TempleRun:PersistentLevel.TempleRun'
[2018.10.21-14.15.43:046][440]LogBlueprintUserMessages: Late EndPlayMap Detection: Level '/Game/Levels/TempleRun/TempleRun.TempleRun:PersistentLevel' has LevelScriptBlueprint '/Game/Levels/TempleRun/TempleRun.TempleRun:PersistentLevel.TempleRun' with GeneratedClass '/Game/Levels/TempleRun/TempleRun.TempleRun_C' with ClassGeneratedBy '/Game/Levels/TempleRun/TempleRun.TempleRun:PersistentLevel.TempleRun'
[2018.10.21-14.15.44:173][523]LogTemp: Repeting last play command: Selected Viewport
[2018.10.21-14.15.44:198][523]LogBlueprintUserMessages: Early PlayInEditor Detection: Level '/Game/Levels/TempleRun/TempleRun.TempleRun:PersistentLevel' has LevelScriptBlueprint '/Game/Levels/TempleRun/TempleRun.TempleRun:PersistentLevel.TempleRun' with GeneratedClass '/Game/Levels/TempleRun/TempleRun.TempleRun_C' with ClassGeneratedBy '/Game/Levels/TempleRun/TempleRun.TempleRun:PersistentLevel.TempleRun'
[2018.10.21-14.15.44:198][523]LogPlayLevel: PlayLevel: No blueprints needed recompiling
[2018.10.21-14.15.44:199][523]PIE: New page: PIE session: TempleRun (Oct 21, 2018, 6:15:44 PM)
[2018.10.21-14.15.44:199][523]LogPlayLevel: Creating play world package: /Game/Levels/TempleRun/UEDPIE_0_TempleRun
[2018.10.21-14.15.44:201][523]LogPlayLevel: PIE: StaticDuplicateObject took: (0.001896s)
[2018.10.21-14.15.44:201][523]LogAIModule: Creating AISystem for world TempleRun
[2018.10.21-14.15.44:201][523]LogPlayLevel: PIE: World Init took: (0.000780s)
[2018.10.21-14.15.44:202][523]LogPlayLevel: PIE: Created PIE world by copying editor world from /Game/Levels/TempleRun/TempleRun.TempleRun to /Game/Levels/TempleRun/UEDPIE_0_TempleRun.TempleRun (0.002953s)
[2018.10.21-14.15.44:364][523]LogInit: XAudio2 using 'Altavoces (VIA HD Audio)' : 2 channels at 48 kHz using 32 bits per sample (channel mask 0x3)
[2018.10.21-14.15.44:392][523]LogInit: FAudioDevice initialized.
[2018.10.21-14.15.44:426][523]LogLoad: Game class is 'ThirdPersonGameMode_C'
[2018.10.21-14.15.44:428][523]LogWorld: Bringing World /Game/Levels/TempleRun/UEDPIE_0_TempleRun.TempleRun up for play (max tick rate 0) at 2018.10.21-16.15.44
[2018.10.21-14.15.44:428][523]LogWorld: Bringing up level for play took: 0.000866
[2018.10.21-14.15.44:452][523]PIE: Info Play in editor start time for /Game/Levels/TempleRun/UEDPIE_0_TempleRun 0.316
[2018.10.21-14.15.44:452][523]LogBlueprintUserMessages: Late PlayInEditor Detection: Level '/Game/Levels/TempleRun/TempleRun.TempleRun:PersistentLevel' has LevelScriptBlueprint '/Game/Levels/TempleRun/TempleRun.TempleRun:PersistentLevel.TempleRun' with GeneratedClass '/Game/Levels/TempleRun/TempleRun.TempleRun_C' with ClassGeneratedBy '/Game/Levels/TempleRun/TempleRun.TempleRun:PersistentLevel.TempleRun'
[2018.10.21-14.15.44:893][553]LogBlueprintUserMessages: Early EndPlayMap Detection: Level '/Game/Levels/TempleRun/TempleRun.TempleRun:PersistentLevel' has LevelScriptBlueprint '/Game/Levels/TempleRun/TempleRun.TempleRun:PersistentLevel.TempleRun' with GeneratedClass '/Game/Levels/TempleRun/TempleRun.TempleRun_C' with ClassGeneratedBy '/Game/Levels/TempleRun/TempleRun.TempleRun:PersistentLevel.TempleRun'
[2018.10.21-14.15.44:931][553]LogBlueprintUserMessages: Late EndPlayMap Detection: Level '/Game/Levels/TempleRun/TempleRun.TempleRun:PersistentLevel' has LevelScriptBlueprint '/Game/Levels/TempleRun/TempleRun.TempleRun:PersistentLevel.TempleRun' with GeneratedClass '/Game/Levels/TempleRun/TempleRun.TempleRun_C' with ClassGeneratedBy '/Game/Levels/TempleRun/TempleRun.TempleRun:PersistentLevel.TempleRun'
[2018.10.21-14.15.48:746][844]LogEditorViewport: Clicking on Actor (LMB): PlayerStart (PlayerStart)
[2018.10.21-14.15.51:179][991]LogNavigationPoint: PostEditMove Clear paths rebuilt
[2018.10.21-14.15.52:499][ 57]LogNavigationPoint: PostEditMove Clear paths rebuilt
[2018.10.21-14.15.53:176][100]LogTemp: Repeting last play command: Selected Viewport
[2018.10.21-14.15.53:204][100]LogBlueprintUserMessages: Early PlayInEditor Detection: Level '/Game/Levels/TempleRun/TempleRun.TempleRun:PersistentLevel' has LevelScriptBlueprint '/Game/Levels/TempleRun/TempleRun.TempleRun:PersistentLevel.TempleRun' with GeneratedClass '/Game/Levels/TempleRun/TempleRun.TempleRun_C' with ClassGeneratedBy '/Game/Levels/TempleRun/TempleRun.TempleRun:PersistentLevel.TempleRun'
[2018.10.21-14.15.53:204][100]LogPlayLevel: PlayLevel: No blueprints needed recompiling
[2018.10.21-14.15.53:204][100]PIE: New page: PIE session: TempleRun (Oct 21, 2018, 6:15:53 PM)
[2018.10.21-14.15.53:204][100]LogPlayLevel: Creating play world package: /Game/Levels/TempleRun/UEDPIE_0_TempleRun
[2018.10.21-14.15.53:206][100]LogPlayLevel: PIE: StaticDuplicateObject took: (0.001942s)
[2018.10.21-14.15.53:207][100]LogAIModule: Creating AISystem for world TempleRun
[2018.10.21-14.15.53:207][100]LogPlayLevel: PIE: World Init took: (0.000750s)
[2018.10.21-14.15.53:207][100]LogPlayLevel: PIE: Created PIE world by copying editor world from /Game/Levels/TempleRun/TempleRun.TempleRun to /Game/Levels/TempleRun/UEDPIE_0_TempleRun.TempleRun (0.002924s)
[2018.10.21-14.15.53:359][100]LogInit: XAudio2 using 'Altavoces (VIA HD Audio)' : 2 channels at 48 kHz using 32 bits per sample (channel mask 0x3)
[2018.10.21-14.15.53:387][100]LogInit: FAudioDevice initialized.
[2018.10.21-14.15.53:416][100]LogLoad: Game class is 'ThirdPersonGameMode_C'
[2018.10.21-14.15.53:418][100]LogWorld: Bringing World /Game/Levels/TempleRun/UEDPIE_0_TempleRun.TempleRun up for play (max tick rate 0) at 2018.10.21-16.15.53
[2018.10.21-14.15.53:419][100]LogWorld: Bringing up level for play took: 0.001056
[2018.10.21-14.15.53:442][100]PIE: Info Play in editor start time for /Game/Levels/TempleRun/UEDPIE_0_TempleRun -0.695
[2018.10.21-14.15.53:442][100]LogBlueprintUserMessages: Late PlayInEditor Detection: Level '/Game/Levels/TempleRun/TempleRun.TempleRun:PersistentLevel' has LevelScriptBlueprint '/Game/Levels/TempleRun/TempleRun.TempleRun:PersistentLevel.TempleRun' with GeneratedClass '/Game/Levels/TempleRun/TempleRun.TempleRun_C' with ClassGeneratedBy '/Game/Levels/TempleRun/TempleRun.TempleRun:PersistentLevel.TempleRun'
[2018.10.21-14.15.57:705][393]Cmd: RestartLevel
[2018.10.21-14.15.57:719][394]LogNet: Browse: /Game/Levels/TempleRun/TempleRun?restart
[2018.10.21-14.15.57:721][394]LogLoad: LoadMap: /Game/Levels/TempleRun/TempleRun
[2018.10.21-14.15.57:746][394]Cmd: MEM
[2018.10.21-14.15.57:763][394]LogMemory: Platform Memory Stats for Windows
[2018.10.21-14.15.57:763][394]LogMemory: Process Physical Memory: 1590.72 MB used, 1594.79 MB peak
[2018.10.21-14.15.57:763][394]LogMemory: Process Virtual Memory: 2697.12 MB used, 2871.49 MB peak
[2018.10.21-14.15.57:763][394]LogMemory: Physical Memory: 5816.90 MB used,  2337.34 MB free, 8154.25 MB total
[2018.10.21-14.15.57:763][394]LogMemory: Virtual Memory: 7741.18 MB used,  2337.34 MB free, 134217728.00 MB total
[2018.10.21-14.15.57:763][394]LogMemory: 
[2018.10.21-14.15.57:763][394]Allocator Stats for TBB: (not implemented)
[2018.10.21-14.15.57:763][394]LogPlayLevel: Creating play world package: /Game/Levels/TempleRun/UEDPIE_0_TempleRun
[2018.10.21-14.15.57:765][394]LogPlayLevel: PIE: StaticDuplicateObject took: (0.001894s)
[2018.10.21-14.15.57:766][394]LogAIModule: Creating AISystem for world TempleRun
[2018.10.21-14.15.57:766][394]LogPlayLevel: PIE: World Init took: (0.000728s)
[2018.10.21-14.15.57:766][394]LogPlayLevel: PIE: Created PIE world by copying editor world from /Game/Levels/TempleRun/TempleRun.TempleRun to /Game/Levels/TempleRun/UEDPIE_0_TempleRun.TempleRun (0.002861s)
[2018.10.21-14.15.57:766][394]LogLoad: Game class is 'ThirdPersonGameMode_C'
[2018.10.21-14.15.57:768][394]LogWorld: Bringing World /Game/Levels/TempleRun/UEDPIE_0_TempleRun.TempleRun up for play (max tick rate 0) at 2018.10.21-16.15.57
[2018.10.21-14.15.57:768][394]LogWorld: Bringing up level for play took: 0.000972
[2018.10.21-14.15.57:791][394]LogLoad: Took 0.070294 seconds to LoadMap(/Game/Levels/TempleRun/UEDPIE_0_TempleRun)
[2018.10.21-14.16.15:175][586]LogBlueprintUserMessages: Early EndPlayMap Detection: Level '/Game/Levels/TempleRun/TempleRun.TempleRun:PersistentLevel' has LevelScriptBlueprint '/Game/Levels/TempleRun/TempleRun.TempleRun:PersistentLevel.TempleRun' with GeneratedClass '/Game/Levels/TempleRun/TempleRun.TempleRun_C' with ClassGeneratedBy '/Game/Levels/TempleRun/TempleRun.TempleRun:PersistentLevel.TempleRun'
[2018.10.21-14.16.15:235][586]LogBlueprintUserMessages: Late EndPlayMap Detection: Level '/Game/Levels/TempleRun/TempleRun.TempleRun:PersistentLevel' has LevelScriptBlueprint '/Game/Levels/TempleRun/TempleRun.TempleRun:PersistentLevel.TempleRun' with GeneratedClass '/Game/Levels/TempleRun/TempleRun.TempleRun_C' with ClassGeneratedBy '/Game/Levels/TempleRun/TempleRun.TempleRun:PersistentLevel.TempleRun'
[2018.10.21-14.16.18:786][822]Cmd: OBJ SAVEPACKAGE PACKAGE="/Game/Levels/TempleRun/TempleRun" FILE="E:/Project2/GITHUB DESKTOP/Bio/Bio/Content/Levels/TempleRun/TempleRun.umap" SILENT=true AUTOSAVING=false KEEPDIRTY=false
[2018.10.21-14.16.18:940][822]LogSavePackage: Save=122.10ms
[2018.10.21-14.16.18:940][822]LogSavePackage: Moving 'E:/Project2/GITHUB DESKTOP/Bio/Bio/Saved/TempleRun14F2DAF24EE4C4E328034A89F785DD39.tmp' to 'E:/Project2/GITHUB DESKTOP/Bio/Bio/Content/Levels/TempleRun/TempleRun.umap'
[2018.10.21-14.16.18:944][822]LogSavePackage:Display: Finished SavePackage E:/Project2/GITHUB DESKTOP/Bio/Bio/Content/Levels/TempleRun/TempleRun.umap
[2018.10.21-14.16.25:102][172]LogActorComponent: UnregisterComponent: (/Engine/Transient.EditorFloorComp) Not registered. Aborting.
[2018.10.21-14.16.25:168][172]LogActorComponent: UnregisterComponent: (/Engine/Transient.EditorFloorComp) Not registered. Aborting.
[2018.10.21-14.16.25:232][172]LogActorComponent: UnregisterComponent: (/Engine/Transient.EditorFloorComp) Not registered. Aborting.
