Log file open, 10/21/18 18:39:48
LogInit:Display: Running engine for game: Bio
LogPlatformFile: Not using cached read wrapper
LogInit:Display: RandInit(-1007091293) SRandInit(-1007091293).
LogTaskGraph: Started task graph with 5 named threads and 8 total threads with 1 sets of task threads.
LogStats: Stats thread started at 0.162381
LogInit: Using libcurl 7.47.1
LogInit:  - built for x86_64-pc-win32
LogInit:  - supports SSL with OpenSSL/1.0.2g
LogInit:  - supports HTTP deflate (compression) using libz 1.2.8
LogInit:  - other features:
LogInit:      CURL_VERSION_SSL
LogInit:      CURL_VERSION_LIBZ
LogInit:      CURL_VERSION_IPV6
LogInit:      CURL_VERSION_ASYNCHDNS
LogInit:      CURL_VERSION_LARGEFILE
LogInit:      CURL_VERSION_IDN
LogInit:  CurlRequestOptions (configurable via config and command line):
LogInit:  - bVerifyPeer = false  - Libcurl will NOT verify peer certificate
LogInit:  - bUseHttpProxy = false  - Libcurl will NOT use HTTP proxy
LogInit:  - bDontReuseConnections = false  - Libcurl will reuse connections
LogInit:  - CertBundlePath = nullptr  - Libcurl will use whatever was configured at build time.
LogInit: Build: ++UE4+Release-4.16-CL-3561208
LogInit: Engine Version: 4.16.3-3561208+++UE4+Release-4.16
LogInit: Compatible Engine Version: 4.16.0-3452394+++UE4+Release-4.16
LogInit: Net CL: 3452394
LogDevObjectVersion: Number of dev versions registered: 16
LogDevObjectVersion:   Dev-Blueprints (B0D832E4-1F89-4F0D-ACCF-7EB736FD4AA2): 9
LogDevObjectVersion:   Dev-Build (E1C64328-A22C-4D53-A36C-8E866417BD8C): 0
LogDevObjectVersion:   Dev-Core (375EC13C-06E4-48FB-B500-84F0262A717E): 2
LogDevObjectVersion:   Dev-Editor (E4B068ED-F494-42E9-A231-DA0B2E46BB41): 17
LogDevObjectVersion:   Dev-Framework (CFFC743F-43B0-4480-9391-14DF171D2073): 23
LogDevObjectVersion:   Dev-Mobile (B02B49B5-BB20-44E9-A304-32B752E40360): 0
LogDevObjectVersion:   Dev-Networking (A4E4105C-59A1-49B5-A7C5-40C4547EDFEE): 0
LogDevObjectVersion:   Dev-Online (39C831C9-5AE6-47DC-9A44-9C173E1C8E7C): 0
LogDevObjectVersion:   Dev-Physics (78F01B33-EBEA-4F98-B9B4-84EACCB95AA2): 0
LogDevObjectVersion:   Dev-Platform (6631380F-2D4D-43E0-8009-CF276956A95A): 0
LogDevObjectVersion:   Dev-Rendering (12F88B9F-8875-4AFC-A67C-D90C383ABD29): 15
LogDevObjectVersion:   Dev-Sequencer (7B5AE74C-D270-4C10-A958-57980B212A5A): 4
LogDevObjectVersion:   Dev-VR (D7296918-1DD6-4BDD-9DE2-64A83CC13884): 0
LogDevObjectVersion:   Dev-LoadTimes (C2A15278-BFE7-4AFE-6C17-90FF531DF755): 1
LogDevObjectVersion:   Private-Geometry (6EACA3D4-40EC-4CC1-B786-8BED09428FC5): 1
LogDevObjectVersion:   Dev-AnimPhys (29E575DD-E0A3-4627-9D10-D276232CDCEA): 3
LogInit: Compiled (64-bit): Jul 28 2017 11:49:47
LogInit: Compiled with Visual C++: 19.00.24215.01
LogInit: Build Configuration: Development
LogInit: Branch Name: ++UE4+Release-4.16
LogInit: Command line:  /Temp/Autosaves/Game/Levels/TempleRun/UEDPCTempleRun -game -PIEVIACONSOLE -ResX=1280 -ResY=720  -Multiprocess -messaging -SessionName="Play in Standalone Game" -featureleveles2 -faketouches -windowed 
LogInit: Base directory: C:/Program Files/Epic Games/UE_4.16/Engine/Binaries/Win64/
LogInit: Installed Engine Build: 1
LogInit: Presizing for max 8388607 objects, including 0 objects not considered by GC, pre-allocating 0 bytes for permanent pool.
LogInit: Object subsystem initialized
[2018.10.21-16.39.51:625][  0]LogInit: Selected Device Profile: [Windows]
[2018.10.21-16.39.51:625][  0]LogInit: Applying CVar settings loaded from the selected device profile: [Windows]
[2018.10.21-16.39.51:632][  0]LogInit: Computer: DESKTOP-KR2EHTK
[2018.10.21-16.39.51:632][  0]LogInit: User: Ferran
[2018.10.21-16.39.51:632][  0]LogInit: CPU Page size=4096, Cores=4
[2018.10.21-16.39.51:632][  0]LogInit: High frequency timer resolution =3.349777 MHz
[2018.10.21-16.39.51:633][  0]LogMemory: Memory total: Physical=8.0GB (8GB approx)
[2018.10.21-16.39.51:633][  0]LogMemory: Platform Memory Stats for Windows
[2018.10.21-16.39.51:633][  0]LogMemory: Process Physical Memory: 275.49 MB used, 275.49 MB peak
[2018.10.21-16.39.51:633][  0]LogMemory: Process Virtual Memory: 266.71 MB used, 266.71 MB peak
[2018.10.21-16.39.51:633][  0]LogMemory: Physical Memory: 5934.50 MB used,  2219.75 MB free, 8154.25 MB total
[2018.10.21-16.39.51:633][  0]LogMemory: Virtual Memory: 4774.91 MB used,  2219.75 MB free, 134217728.00 MB total
[2018.10.21-16.39.52:381][  0]LogInit: Using OS detected language (es-ES).
[2018.10.21-16.39.52:381][  0]LogInit: Using OS detected locale (es-ES).
[2018.10.21-16.39.52:391][  0]LogTextLocalizationManager: No specific localization for 'es-ES' exists, so the 'es' localization will be used.
[2018.10.21-16.39.53:441][  0]LogD3D11RHI: D3D11 adapters:
[2018.10.21-16.39.53:473][  0]LogD3D11RHI:    0. 'AMD Radeon HD 7900 Series' (Feature Level 11_0)
[2018.10.21-16.39.53:473][  0]LogD3D11RHI:       3052/0/4077 MB DedicatedVideo/DedicatedSystem/SharedSystem, Outputs:2, VendorId:0x1002
[2018.10.21-16.39.53:478][  0]LogD3D11RHI:    1. 'Microsoft Basic Render Driver' (Feature Level 11_0)
[2018.10.21-16.39.53:478][  0]LogD3D11RHI:       0/0/4077 MB DedicatedVideo/DedicatedSystem/SharedSystem, Outputs:0, VendorId:0x1414
[2018.10.21-16.39.53:478][  0]LogD3D11RHI: Chosen D3D11 Adapter: 0
[2018.10.21-16.39.53:483][  0]LogD3D11RHI: Creating new Direct3DDevice
[2018.10.21-16.39.53:483][  0]LogD3D11RHI:     GPU DeviceId: 0x679a (for the marketing name, search the web for "GPU Device Id")
[2018.10.21-16.39.53:483][  0]LogWindows: EnumDisplayDevices:
[2018.10.21-16.39.53:484][  0]LogWindows:    0. 'AMD Radeon HD 7900 Series' (P:0 D:1)
[2018.10.21-16.39.53:485][  0]LogWindows:    1. 'AMD Radeon HD 7900 Series' (P:1 D:1)
[2018.10.21-16.39.53:486][  0]LogWindows:    2. 'AMD Radeon HD 7900 Series' (P:0 D:0)
[2018.10.21-16.39.53:487][  0]LogWindows:    3. 'AMD Radeon HD 7900 Series' (P:0 D:0)
[2018.10.21-16.39.53:487][  0]LogWindows:    4. 'AMD Radeon HD 7900 Series' (P:0 D:0)
[2018.10.21-16.39.53:488][  0]LogWindows:    5. 'AMD Radeon HD 7900 Series' (P:0 D:0)
[2018.10.21-16.39.53:489][  0]LogWindows: DebugString: GetVideoDriverDetailsInvalid PrimaryIsNotTheChoosenAdapter GetVideoDriverDetailsInvalid PrimaryIsNotTheChoosenAdapter GetVideoDriverDetailsInvalid PrimaryIsNotTheChoosenAdapter GetVideoDriverDetailsInvalid PrimaryIsNotTheChoosenAdapter GetVideoDriverDetailsInvalid PrimaryIsNotTheChoosenAdapter GetVideoDriverDetailsInvalid PrimaryIsNotTheChoosenAdapter FoundDriverCount:0 
[2018.10.21-16.39.53:489][  0]LogD3D11RHI:     Adapter Name: AMD Radeon HD 7900 Series
[2018.10.21-16.39.53:489][  0]LogD3D11RHI:   Driver Version: Unknown (internal:Unknown, unified:Unknown)
[2018.10.21-16.39.53:489][  0]LogD3D11RHI:      Driver Date: Unknown
[2018.10.21-16.39.53:489][  0]LogRHI: Texture pool is 1361 MB (70% of 1945 MB)
[2018.10.21-16.39.53:554][  0]LogD3D11RHI: Async texture creation enabled
[2018.10.21-16.39.53:564][  0]LogD3D11RHI: GPU Timing Frequency: 27.000000 (Debug: 2 1)
[2018.10.21-16.39.53:565][  0]LogShaderCompilers: Guid format shader working directory is 12 characters bigger than the processId version (E:/Project2/GITHUB DESKTOP/Bio/Bio/Intermediate/Shaders/WorkingDirectory/12612/).
[2018.10.21-16.39.53:566][  0]LogShaderCompilers: Cleaned the shader compiler working directory 'C:/Users/Ferran/AppData/Local/Temp/UnrealShaderWorkingDir/A016D0594D503ABF92571DBD3C70D68B/'.
[2018.10.21-16.39.53:566][  0]LogShaderCompilers:Display: Using Local Shader Compiler.
[2018.10.21-16.39.55:628][  0]LogTemp:Display: Loaded TP WindowsClientTargetPlatform
[2018.10.21-16.39.55:959][  0]LogTemp:Display: Loaded TP WindowsNoEditorTargetPlatform
[2018.10.21-16.39.56:297][  0]LogTemp:Display: Loaded TP WindowsServerTargetPlatform
[2018.10.21-16.39.56:619][  0]LogTemp:Display: Loaded TP WindowsTargetPlatform
[2018.10.21-16.39.56:619][  0]LogTargetPlatformManager:Display: Building Assets For Windows
[2018.10.21-16.40.00:434][  0]LogDerivedDataCache:Display: Max Cache Size: 512 MB
[2018.10.21-16.40.00:511][  0]LogDerivedDataCache: Loaded boot cache 0.08s 90MB C:/Users/Ferran/AppData/Local/UnrealEngine/4.16/DerivedDataCache/Boot.ddc.
[2018.10.21-16.40.00:511][  0]LogDerivedDataCache:Display: Loaded Boot cache: C:/Users/Ferran/AppData/Local/UnrealEngine/4.16/DerivedDataCache/Boot.ddc
[2018.10.21-16.40.00:511][  0]LogDerivedDataCache: FDerivedDataBackendGraph:  Pak pak cache file E:/Project2/GITHUB DESKTOP/Bio/Bio/DerivedDataCache/DDC.ddp not found, will not use a pak cache.
[2018.10.21-16.40.00:511][  0]LogDerivedDataCache: Unable to find inner node Pak for hierarchical cache Hierarchy.
[2018.10.21-16.40.00:511][  0]LogDerivedDataCache: FDerivedDataBackendGraph:  CompressedPak pak cache file E:/Project2/GITHUB DESKTOP/Bio/Bio/DerivedDataCache/Compressed.ddp not found, will not use a pak cache.
[2018.10.21-16.40.00:511][  0]LogDerivedDataCache: Unable to find inner node CompressedPak for hierarchical cache Hierarchy.
[2018.10.21-16.40.00:527][  0]LogDerivedDataCache:Display: Pak cache opened for reading ../../../Engine/DerivedDataCache/Compressed.ddp.
[2018.10.21-16.40.00:541][  0]LogDerivedDataCache: Using Local data cache path C:/Users/Ferran/AppData/Local/UnrealEngine/Common/DerivedDataCache: Writable
[2018.10.21-16.40.00:546][  0]LogMaterial: Verifying Global Shaders for PCD3D_ES2
[2018.10.21-16.40.00:546][  0]LogSlate: Using Freetype 2.6.0
[2018.10.21-16.40.00:547][  0]LogSlate: SlateFontCache - WITH_FREETYPE: 1, WITH_HARFBUZZ: 1
[2018.10.21-16.40.00:547][  0]LogSlate: SlateFontCache - WITH_FREETYPE: 1, WITH_HARFBUZZ: 1
[2018.10.21-16.40.01:125][  0]LogAssetRegistry: FAssetRegistry took 0.0051 seconds to start up
[2018.10.21-16.40.01:134][  0]LogPackageLocalizationCache: Processed 4 localized package path(s) for 2 prioritized culture(s) in 0.008572 seconds
[2018.10.21-16.40.01:268][  0]LogInit: Selected Device Profile: [Windows]
[2018.10.21-16.40.01:351][  0]LogContentStreaming: Texture pool size is 1000.00 MB
[2018.10.21-16.40.01:960][  0]LogMeshUtilities: Using QuadricMeshReduction for automatic static mesh reduction
[2018.10.21-16.40.02:296][  0]LogSimplygon: Simplygon DLL not present - disabling.
[2018.10.21-16.40.02:634][  0]LogMeshUtilities: Using SimplygonSwarm for distributed automatic mesh merging
[2018.10.21-16.40.02:634][  0]LogMeshUtilities: No automatic skeletal mesh reduction module available
[2018.10.21-16.40.02:634][  0]LogMeshUtilities: No automatic mesh merging module available
[2018.10.21-16.40.04:487][  0]LogNetVersion: Bio , NetCL: 3452394, EngineNetVer: 2, GameNetVer: 0 (Checksum: 343922727)
[2018.10.21-16.40.05:065][  0]LogInit: WinSock: version 1.1 (2.2), MaxSocks=32767, MaxUdp=65467
