Log file open, 10/20/18 22:35:05
LogInit:Display: Running engine for game: Bio
LogPlatformFile: Not using cached read wrapper
LogInit:Display: RandInit(-63231705) SRandInit(-63231705).
LogTaskGraph: Started task graph with 5 named threads and 8 total threads with 1 sets of task threads.
LogStats: Stats thread started at 0.159627
LogInit: Using libcurl 7.47.1
LogInit:  - built for x86_64-pc-win32
LogInit:  - supports SSL with OpenSSL/1.0.2g
LogInit:  - supports HTTP deflate (compression) using libz 1.2.8
LogInit:  - other features:
LogInit:      CURL_VERSION_SSL
LogInit:      CURL_VERSION_LIBZ
LogInit:      CURL_VERSION_IPV6
LogInit:      CURL_VERSION_ASYNCHDNS
LogInit:      CURL_VERSION_LARGEFILE
LogInit:      CURL_VERSION_IDN
LogInit:  CurlRequestOptions (configurable via config and command line):
LogInit:  - bVerifyPeer = false  - Libcurl will NOT verify peer certificate
LogInit:  - bUseHttpProxy = false  - Libcurl will NOT use HTTP proxy
LogInit:  - bDontReuseConnections = false  - Libcurl will reuse connections
LogInit:  - CertBundlePath = nullptr  - Libcurl will use whatever was configured at build time.
LogInit: Build: ++UE4+Release-4.16-CL-3561208
LogInit: Engine Version: 4.16.3-3561208+++UE4+Release-4.16
LogInit: Compatible Engine Version: 4.16.0-3452394+++UE4+Release-4.16
LogInit: Net CL: 3452394
LogDevObjectVersion: Number of dev versions registered: 16
LogDevObjectVersion:   Dev-Blueprints (B0D832E4-1F89-4F0D-ACCF-7EB736FD4AA2): 9
LogDevObjectVersion:   Dev-Build (E1C64328-A22C-4D53-A36C-8E866417BD8C): 0
LogDevObjectVersion:   Dev-Core (375EC13C-06E4-48FB-B500-84F0262A717E): 2
LogDevObjectVersion:   Dev-Editor (E4B068ED-F494-42E9-A231-DA0B2E46BB41): 17
LogDevObjectVersion:   Dev-Framework (CFFC743F-43B0-4480-9391-14DF171D2073): 23
LogDevObjectVersion:   Dev-Mobile (B02B49B5-BB20-44E9-A304-32B752E40360): 0
LogDevObjectVersion:   Dev-Networking (A4E4105C-59A1-49B5-A7C5-40C4547EDFEE): 0
LogDevObjectVersion:   Dev-Online (39C831C9-5AE6-47DC-9A44-9C173E1C8E7C): 0
LogDevObjectVersion:   Dev-Physics (78F01B33-EBEA-4F98-B9B4-84EACCB95AA2): 0
LogDevObjectVersion:   Dev-Platform (6631380F-2D4D-43E0-8009-CF276956A95A): 0
LogDevObjectVersion:   Dev-Rendering (12F88B9F-8875-4AFC-A67C-D90C383ABD29): 15
LogDevObjectVersion:   Dev-Sequencer (7B5AE74C-D270-4C10-A958-57980B212A5A): 4
LogDevObjectVersion:   Dev-VR (D7296918-1DD6-4BDD-9DE2-64A83CC13884): 0
LogDevObjectVersion:   Dev-LoadTimes (C2A15278-BFE7-4AFE-6C17-90FF531DF755): 1
LogDevObjectVersion:   Private-Geometry (6EACA3D4-40EC-4CC1-B786-8BED09428FC5): 1
LogDevObjectVersion:   Dev-AnimPhys (29E575DD-E0A3-4627-9D10-D276232CDCEA): 3
LogInit: Compiled (64-bit): Jul 28 2017 11:49:47
LogInit: Compiled with Visual C++: 19.00.24215.01
LogInit: Build Configuration: Development
LogInit: Branch Name: ++UE4+Release-4.16
LogInit: Command line:  /Temp/Autosaves/Game/Levels/TempleRun/UEDPCTempleRun -game -PIEVIACONSOLE -ResX=1280 -ResY=720  -Multiprocess -messaging -SessionName="Play in Standalone Game" -featureleveles2 -faketouches -windowed 
LogInit: Base directory: C:/Program Files/Epic Games/UE_4.16/Engine/Binaries/Win64/
LogInit: Installed Engine Build: 1
LogInit: Presizing for max 8388607 objects, including 0 objects not considered by GC, pre-allocating 0 bytes for permanent pool.
LogInit: Object subsystem initialized
[2018.10.20-20.35.08:419][  0]LogInit: Selected Device Profile: [Windows]
[2018.10.20-20.35.08:419][  0]LogInit: Applying CVar settings loaded from the selected device profile: [Windows]
[2018.10.20-20.35.08:446][  0]LogInit: Computer: DESKTOP-KR2EHTK
[2018.10.20-20.35.08:446][  0]LogInit: User: Ferran
[2018.10.20-20.35.08:446][  0]LogInit: CPU Page size=4096, Cores=4
[2018.10.20-20.35.08:446][  0]LogInit: High frequency timer resolution =3.349781 MHz
[2018.10.20-20.35.08:446][  0]LogMemory: Memory total: Physical=8.0GB (8GB approx)
[2018.10.20-20.35.08:446][  0]LogMemory: Platform Memory Stats for Windows
[2018.10.20-20.35.08:446][  0]LogMemory: Process Physical Memory: 272.54 MB used, 272.54 MB peak
[2018.10.20-20.35.08:446][  0]LogMemory: Process Virtual Memory: 266.57 MB used, 266.57 MB peak
[2018.10.20-20.35.08:446][  0]LogMemory: Physical Memory: 6917.78 MB used,  1236.46 MB free, 8154.25 MB total
[2018.10.20-20.35.08:446][  0]LogMemory: Virtual Memory: 4774.37 MB used,  1236.46 MB free, 134217728.00 MB total
[2018.10.20-20.35.09:215][  0]LogInit: Using OS detected language (es-ES).
[2018.10.20-20.35.09:215][  0]LogInit: Using OS detected locale (es-ES).
[2018.10.20-20.35.09:296][  0]LogTextLocalizationManager: No specific localization for 'es-ES' exists, so the 'es' localization will be used.
[2018.10.20-20.35.10:705][  0]LogD3D11RHI: D3D11 adapters:
[2018.10.20-20.35.10:738][  0]LogD3D11RHI:    0. 'AMD Radeon HD 7900 Series' (Feature Level 11_0)
[2018.10.20-20.35.10:738][  0]LogD3D11RHI:       3052/0/4077 MB DedicatedVideo/DedicatedSystem/SharedSystem, Outputs:2, VendorId:0x1002
[2018.10.20-20.35.10:743][  0]LogD3D11RHI:    1. 'Microsoft Basic Render Driver' (Feature Level 11_0)
[2018.10.20-20.35.10:743][  0]LogD3D11RHI:       0/0/4077 MB DedicatedVideo/DedicatedSystem/SharedSystem, Outputs:0, VendorId:0x1414
[2018.10.20-20.35.10:743][  0]LogD3D11RHI: Chosen D3D11 Adapter: 0
[2018.10.20-20.35.10:750][  0]LogD3D11RHI: Creating new Direct3DDevice
[2018.10.20-20.35.10:750][  0]LogD3D11RHI:     GPU DeviceId: 0x679a (for the marketing name, search the web for "GPU Device Id")
[2018.10.20-20.35.10:750][  0]LogWindows: EnumDisplayDevices:
[2018.10.20-20.35.10:751][  0]LogWindows:    0. 'AMD Radeon HD 7900 Series' (P:0 D:1)
[2018.10.20-20.35.10:752][  0]LogWindows:    1. 'AMD Radeon HD 7900 Series' (P:1 D:1)
[2018.10.20-20.35.10:753][  0]LogWindows:    2. 'AMD Radeon HD 7900 Series' (P:0 D:0)
[2018.10.20-20.35.10:754][  0]LogWindows:    3. 'AMD Radeon HD 7900 Series' (P:0 D:0)
[2018.10.20-20.35.10:756][  0]LogWindows:    4. 'AMD Radeon HD 7900 Series' (P:0 D:0)
[2018.10.20-20.35.10:757][  0]LogWindows:    5. 'AMD Radeon HD 7900 Series' (P:0 D:0)
[2018.10.20-20.35.10:757][  0]LogWindows: DebugString: GetVideoDriverDetailsInvalid PrimaryIsNotTheChoosenAdapter GetVideoDriverDetailsInvalid PrimaryIsNotTheChoosenAdapter GetVideoDriverDetailsInvalid PrimaryIsNotTheChoosenAdapter GetVideoDriverDetailsInvalid PrimaryIsNotTheChoosenAdapter GetVideoDriverDetailsInvalid PrimaryIsNotTheChoosenAdapter GetVideoDriverDetailsInvalid PrimaryIsNotTheChoosenAdapter FoundDriverCount:0 
[2018.10.20-20.35.10:758][  0]LogD3D11RHI:     Adapter Name: AMD Radeon HD 7900 Series
[2018.10.20-20.35.10:758][  0]LogD3D11RHI:   Driver Version: Unknown (internal:Unknown, unified:Unknown)
[2018.10.20-20.35.10:758][  0]LogD3D11RHI:      Driver Date: Unknown
[2018.10.20-20.35.10:758][  0]LogRHI: Texture pool is 1361 MB (70% of 1945 MB)
[2018.10.20-20.35.11:397][  0]LogD3D11RHI: Async texture creation enabled
[2018.10.20-20.35.11:414][  0]LogD3D11RHI: GPU Timing Frequency: 27.000000 (Debug: 2 1)
[2018.10.20-20.35.11:417][  0]LogShaderCompilers: Guid format shader working directory is 13 characters bigger than the processId version (E:/Project2/GITHUB DESKTOP/Bio/Bio/Intermediate/Shaders/WorkingDirectory/4912/).
[2018.10.20-20.35.11:418][  0]LogShaderCompilers: Cleaned the shader compiler working directory 'C:/Users/Ferran/AppData/Local/Temp/UnrealShaderWorkingDir/236B274849E964458781659B7241FE39/'.
[2018.10.20-20.35.11:418][  0]LogShaderCompilers:Display: Using Local Shader Compiler.
[2018.10.20-20.35.15:125][  0]LogTemp:Display: Loaded TP WindowsClientTargetPlatform
[2018.10.20-20.35.15:465][  0]LogTemp:Display: Loaded TP WindowsNoEditorTargetPlatform
[2018.10.20-20.35.15:802][  0]LogTemp:Display: Loaded TP WindowsServerTargetPlatform
