Log file open, 10/22/18 10:20:39
LogInit:Display: Running engine for game: Bio
LogPlatformFile: Not using cached read wrapper
LogInit:Display: RandInit(-888417021) SRandInit(-888417021).
LogTaskGraph: Started task graph with 5 named threads and 8 total threads with 1 sets of task threads.
LogStats: Stats thread started at 0.150533
LogInit: Using libcurl 7.47.1
LogInit:  - built for x86_64-pc-win32
LogInit:  - supports SSL with OpenSSL/1.0.2g
LogInit:  - supports HTTP deflate (compression) using libz 1.2.8
LogInit:  - other features:
LogInit:      CURL_VERSION_SSL
LogInit:      CURL_VERSION_LIBZ
LogInit:      CURL_VERSION_IPV6
LogInit:      CURL_VERSION_ASYNCHDNS
LogInit:      CURL_VERSION_LARGEFILE
LogInit:      CURL_VERSION_IDN
LogInit:  CurlRequestOptions (configurable via config and command line):
LogInit:  - bVerifyPeer = false  - Libcurl will NOT verify peer certificate
LogInit:  - bUseHttpProxy = false  - Libcurl will NOT use HTTP proxy
LogInit:  - bDontReuseConnections = false  - Libcurl will reuse connections
LogInit:  - CertBundlePath = nullptr  - Libcurl will use whatever was configured at build time.
LogInit: Build: ++UE4+Release-4.16-CL-3561208
LogInit: Engine Version: 4.16.3-3561208+++UE4+Release-4.16
LogInit: Compatible Engine Version: 4.16.0-3452394+++UE4+Release-4.16
LogInit: Net CL: 3452394
LogDevObjectVersion: Number of dev versions registered: 16
LogDevObjectVersion:   Dev-Blueprints (B0D832E4-1F89-4F0D-ACCF-7EB736FD4AA2): 9
LogDevObjectVersion:   Dev-Build (E1C64328-A22C-4D53-A36C-8E866417BD8C): 0
LogDevObjectVersion:   Dev-Core (375EC13C-06E4-48FB-B500-84F0262A717E): 2
LogDevObjectVersion:   Dev-Editor (E4B068ED-F494-42E9-A231-DA0B2E46BB41): 17
LogDevObjectVersion:   Dev-Framework (CFFC743F-43B0-4480-9391-14DF171D2073): 23
LogDevObjectVersion:   Dev-Mobile (B02B49B5-BB20-44E9-A304-32B752E40360): 0
LogDevObjectVersion:   Dev-Networking (A4E4105C-59A1-49B5-A7C5-40C4547EDFEE): 0
LogDevObjectVersion:   Dev-Online (39C831C9-5AE6-47DC-9A44-9C173E1C8E7C): 0
LogDevObjectVersion:   Dev-Physics (78F01B33-EBEA-4F98-B9B4-84EACCB95AA2): 0
LogDevObjectVersion:   Dev-Platform (6631380F-2D4D-43E0-8009-CF276956A95A): 0
LogDevObjectVersion:   Dev-Rendering (12F88B9F-8875-4AFC-A67C-D90C383ABD29): 15
LogDevObjectVersion:   Dev-Sequencer (7B5AE74C-D270-4C10-A958-57980B212A5A): 4
LogDevObjectVersion:   Dev-VR (D7296918-1DD6-4BDD-9DE2-64A83CC13884): 0
LogDevObjectVersion:   Dev-LoadTimes (C2A15278-BFE7-4AFE-6C17-90FF531DF755): 1
LogDevObjectVersion:   Private-Geometry (6EACA3D4-40EC-4CC1-B786-8BED09428FC5): 1
LogDevObjectVersion:   Dev-AnimPhys (29E575DD-E0A3-4627-9D10-D276232CDCEA): 3
LogInit: Compiled (64-bit): Jul 28 2017 11:49:47
LogInit: Compiled with Visual C++: 19.00.24215.01
LogInit: Build Configuration: Development
LogInit: Branch Name: ++UE4+Release-4.16
LogInit: Command line:  /Temp/Autosaves/Game/Levels/TempleRun/UEDPCTempleRun -game -PIEVIACONSOLE -ResX=1280 -ResY=720  -Multiprocess -messaging -SessionName="Play in Standalone Game" -featureleveles2 -faketouches -windowed 
LogInit: Base directory: C:/Program Files/Epic Games/UE_4.16/Engine/Binaries/Win64/
LogInit: Installed Engine Build: 1
LogInit: Presizing for max 8388607 objects, including 0 objects not considered by GC, pre-allocating 0 bytes for permanent pool.
LogInit: Object subsystem initialized
[2018.10.22-08.20.41:678][  0]LogInit: Selected Device Profile: [Windows]
[2018.10.22-08.20.41:678][  0]LogInit: Applying CVar settings loaded from the selected device profile: [Windows]
[2018.10.22-08.20.41:685][  0]LogInit: Computer: DESKTOP-KR2EHTK
[2018.10.22-08.20.41:685][  0]LogInit: User: Ferran
[2018.10.22-08.20.41:685][  0]LogInit: CPU Page size=4096, Cores=4
[2018.10.22-08.20.41:685][  0]LogInit: High frequency timer resolution =3.349777 MHz
[2018.10.22-08.20.41:686][  0]LogMemory: Memory total: Physical=8.0GB (8GB approx)
[2018.10.22-08.20.41:686][  0]LogMemory: Platform Memory Stats for Windows
[2018.10.22-08.20.41:686][  0]LogMemory: Process Physical Memory: 273.24 MB used, 273.24 MB peak
[2018.10.22-08.20.41:686][  0]LogMemory: Process Virtual Memory: 266.82 MB used, 266.82 MB peak
[2018.10.22-08.20.41:686][  0]LogMemory: Physical Memory: 6574.58 MB used,  1579.67 MB free, 8154.25 MB total
[2018.10.22-08.20.41:686][  0]LogMemory: Virtual Memory: 4774.37 MB used,  1579.67 MB free, 134217728.00 MB total
[2018.10.22-08.20.42:251][  0]LogInit: Using OS detected language (es-ES).
[2018.10.22-08.20.42:251][  0]LogInit: Using OS detected locale (es-ES).
[2018.10.22-08.20.42:258][  0]LogTextLocalizationManager: No specific localization for 'es-ES' exists, so the 'es' localization will be used.
[2018.10.22-08.20.43:355][  0]LogD3D11RHI: D3D11 adapters:
[2018.10.22-08.20.43:380][  0]LogD3D11RHI:    0. 'AMD Radeon HD 7900 Series' (Feature Level 11_0)
[2018.10.22-08.20.43:380][  0]LogD3D11RHI:       3052/0/4077 MB DedicatedVideo/DedicatedSystem/SharedSystem, Outputs:2, VendorId:0x1002
[2018.10.22-08.20.43:384][  0]LogD3D11RHI:    1. 'Microsoft Basic Render Driver' (Feature Level 11_0)
[2018.10.22-08.20.43:384][  0]LogD3D11RHI:       0/0/4077 MB DedicatedVideo/DedicatedSystem/SharedSystem, Outputs:0, VendorId:0x1414
[2018.10.22-08.20.43:384][  0]LogD3D11RHI: Chosen D3D11 Adapter: 0
[2018.10.22-08.20.43:389][  0]LogD3D11RHI: Creating new Direct3DDevice
[2018.10.22-08.20.43:389][  0]LogD3D11RHI:     GPU DeviceId: 0x679a (for the marketing name, search the web for "GPU Device Id")
[2018.10.22-08.20.43:389][  0]LogWindows: EnumDisplayDevices:
[2018.10.22-08.20.43:389][  0]LogWindows:    0. 'AMD Radeon HD 7900 Series' (P:0 D:1)
[2018.10.22-08.20.43:390][  0]LogWindows:    1. 'AMD Radeon HD 7900 Series' (P:1 D:1)
[2018.10.22-08.20.43:391][  0]LogWindows:    2. 'AMD Radeon HD 7900 Series' (P:0 D:0)
[2018.10.22-08.20.43:392][  0]LogWindows:    3. 'AMD Radeon HD 7900 Series' (P:0 D:0)
[2018.10.22-08.20.43:393][  0]LogWindows:    4. 'AMD Radeon HD 7900 Series' (P:0 D:0)
[2018.10.22-08.20.43:394][  0]LogWindows:    5. 'AMD Radeon HD 7900 Series' (P:0 D:0)
[2018.10.22-08.20.43:394][  0]LogWindows: DebugString: GetVideoDriverDetailsInvalid PrimaryIsNotTheChoosenAdapter GetVideoDriverDetailsInvalid PrimaryIsNotTheChoosenAdapter GetVideoDriverDetailsInvalid PrimaryIsNotTheChoosenAdapter GetVideoDriverDetailsInvalid PrimaryIsNotTheChoosenAdapter GetVideoDriverDetailsInvalid PrimaryIsNotTheChoosenAdapter GetVideoDriverDetailsInvalid PrimaryIsNotTheChoosenAdapter FoundDriverCount:0 
[2018.10.22-08.20.43:394][  0]LogD3D11RHI:     Adapter Name: AMD Radeon HD 7900 Series
[2018.10.22-08.20.43:394][  0]LogD3D11RHI:   Driver Version: Unknown (internal:Unknown, unified:Unknown)
[2018.10.22-08.20.43:394][  0]LogD3D11RHI:      Driver Date: Unknown
[2018.10.22-08.20.43:394][  0]LogRHI: Texture pool is 1361 MB (70% of 1945 MB)
[2018.10.22-08.20.43:479][  0]LogD3D11RHI: Async texture creation enabled
[2018.10.22-08.20.43:489][  0]LogD3D11RHI: GPU Timing Frequency: 27.000000 (Debug: 2 1)
[2018.10.22-08.20.43:491][  0]LogShaderCompilers: Guid format shader working directory is 12 characters bigger than the processId version (E:/Project2/GITHUB DESKTOP/Bio/Bio/Intermediate/Shaders/WorkingDirectory/12764/).
[2018.10.22-08.20.43:491][  0]LogShaderCompilers: Cleaned the shader compiler working directory 'C:/Users/Ferran/AppData/Local/Temp/UnrealShaderWorkingDir/011DF5D44D55AC9497F1E09D3B173039/'.
[2018.10.22-08.20.43:491][  0]LogShaderCompilers:Display: Using Local Shader Compiler.
[2018.10.22-08.20.45:272][  0]LogTemp:Display: Loaded TP WindowsClientTargetPlatform
[2018.10.22-08.20.45:586][  0]LogTemp:Display: Loaded TP WindowsNoEditorTargetPlatform
[2018.10.22-08.20.45:901][  0]LogTemp:Display: Loaded TP WindowsServerTargetPlatform
[2018.10.22-08.20.46:211][  0]LogTemp:Display: Loaded TP WindowsTargetPlatform
[2018.10.22-08.20.46:211][  0]LogTargetPlatformManager:Display: Building Assets For Windows
[2018.10.22-08.20.50:393][  0]LogDerivedDataCache:Display: Max Cache Size: 512 MB
[2018.10.22-08.20.51:026][  0]LogDerivedDataCache: Loaded boot cache 0.63s 90MB C:/Users/Ferran/AppData/Local/UnrealEngine/4.16/DerivedDataCache/Boot.ddc.
[2018.10.22-08.20.51:027][  0]LogDerivedDataCache:Display: Loaded Boot cache: C:/Users/Ferran/AppData/Local/UnrealEngine/4.16/DerivedDataCache/Boot.ddc
[2018.10.22-08.20.51:027][  0]LogDerivedDataCache: FDerivedDataBackendGraph:  Pak pak cache file E:/Project2/GITHUB DESKTOP/Bio/Bio/DerivedDataCache/DDC.ddp not found, will not use a pak cache.
[2018.10.22-08.20.51:027][  0]LogDerivedDataCache: Unable to find inner node Pak for hierarchical cache Hierarchy.
[2018.10.22-08.20.51:027][  0]LogDerivedDataCache: FDerivedDataBackendGraph:  CompressedPak pak cache file E:/Project2/GITHUB DESKTOP/Bio/Bio/DerivedDataCache/Compressed.ddp not found, will not use a pak cache.
[2018.10.22-08.20.51:027][  0]LogDerivedDataCache: Unable to find inner node CompressedPak for hierarchical cache Hierarchy.
[2018.10.22-08.20.51:044][  0]LogDerivedDataCache:Display: Pak cache opened for reading ../../../Engine/DerivedDataCache/Compressed.ddp.
[2018.10.22-08.20.51:059][  0]LogDerivedDataCache: Using Local data cache path C:/Users/Ferran/AppData/Local/UnrealEngine/Common/DerivedDataCache: Writable
[2018.10.22-08.20.51:068][  0]LogMaterial: Verifying Global Shaders for PCD3D_ES2
[2018.10.22-08.20.51:068][  0]LogSlate: Using Freetype 2.6.0
[2018.10.22-08.20.51:081][  0]LogSlate: SlateFontCache - WITH_FREETYPE: 1, WITH_HARFBUZZ: 1
[2018.10.22-08.20.51:081][  0]LogSlate: SlateFontCache - WITH_FREETYPE: 1, WITH_HARFBUZZ: 1
[2018.10.22-08.20.52:282][  0]LogAssetRegistry: FAssetRegistry took 0.0079 seconds to start up
[2018.10.22-08.20.52:291][  0]LogPackageLocalizationCache: Processed 4 localized package path(s) for 2 prioritized culture(s) in 0.008511 seconds
[2018.10.22-08.20.52:457][  0]LogInit: Selected Device Profile: [Windows]
[2018.10.22-08.20.52:554][  0]LogContentStreaming: Texture pool size is 1000.00 MB
[2018.10.22-08.20.53:319][  0]LogMeshUtilities: Using QuadricMeshReduction for automatic static mesh reduction
[2018.10.22-08.20.53:717][  0]LogSimplygon: Simplygon DLL not present - disabling.
[2018.10.22-08.20.54:119][  0]LogMeshUtilities: Using SimplygonSwarm for distributed automatic mesh merging
[2018.10.22-08.20.54:119][  0]LogMeshUtilities: No automatic skeletal mesh reduction module available
[2018.10.22-08.20.54:119][  0]LogMeshUtilities: No automatic mesh merging module available
[2018.10.22-08.20.56:530][  0]LogNetVersion: Bio , NetCL: 3452394, EngineNetVer: 2, GameNetVer: 0 (Checksum: 343922727)
[2018.10.22-08.20.57:242][  0]LogInit: WinSock: version 1.1 (2.2), MaxSocks=32767, MaxUdp=65467
[2018.10.22-08.21.06:217][  0]LogMoviePlayer: Initializing movie player
[2018.10.22-08.21.08:005][  0]LogCollectionManager: Loaded 0 collections in 0.003428 seconds
[2018.10.22-08.21.08:222][  0]LogFileCache: Scanning file cache for directory 'E:/Project2/GITHUB DESKTOP/Bio/Bio/Saved/Collections/' took 0.01s
[2018.10.22-08.21.08:222][  0]LogFileCache: Scanning file cache for directory 'E:/Project2/GITHUB DESKTOP/Bio/Bio/Content/Developers/Ferran/Collections/' took 0.01s
[2018.10.22-08.21.08:222][  0]LogFileCache: Scanning file cache for directory 'E:/Project2/GITHUB DESKTOP/Bio/Bio/Content/Collections/' took 0.01s
[2018.10.22-08.21.08:222][  0]LogCollectionManager: Rebuilt the object cache for 0 collections in 0.000002 seconds (found 0 objects)
[2018.10.22-08.21.08:222][  0]LogCollectionManager: Fixed up redirectors for 0 collections in 0.000052 seconds (updated 0 objects)
[2018.10.22-08.21.09:405][  0]LogTcpMessaging: Initializing TcpMessaging bridge
[2018.10.22-08.21.09:618][  0]LogUdpMessaging: Initializing bridge on interface 0.0.0.0:0 to multicast group 230.0.0.1:6666.
[2018.10.22-08.21.11:968][  0]SourceControl: Información El control de código fuente está desactivado
[2018.10.22-08.21.11:968][  0]SourceControl: Información El control de código fuente está desactivado
[2018.10.22-08.21.12:295][  0]SourceControl: Información El control de código fuente está desactivado
[2018.10.22-08.21.14:176][  0]LogAndroidPermission: UAndroidPermissionCallbackProxy::GetInstance
[2018.10.22-08.21.17:181][  0]LogUObjectArray: 37220 objects as part of root set at end of initial load.
[2018.10.22-08.21.17:181][  0]LogUObjectAllocator: 8398840 out of 0 bytes used by permanent object pool.
[2018.10.22-08.21.17:181][  0]LogUObjectArray: CloseDisregardForGC: 0/0 objects in disregard for GC pool
[2018.10.22-08.21.17:728][  0]LogEngine: Initializing Engine...
[2018.10.22-08.21.17:735][  0]LogHMD: Failed to initialize OpenVR with code 100
[2018.10.22-08.21.18:055][  0]LogStats: UGameplayTagsManager::ConstructGameplayTagTree: Construct from data asset -  0.000 s
[2018.10.22-08.21.18:055][  0]LogStats: UGameplayTagsManager::ConstructGameplayTagTree: GameplayTagTreeChangedEvent.Broadcast -  0.000 s
[2018.10.22-08.21.18:200][  0]LogInit: XAudio2 using 'Altavoces (VIA HD Audio)' : 2 channels at 48 kHz using 32 bits per sample (channel mask 0x3)
[2018.10.22-08.21.18:246][  0]LogInit: FAudioDevice initialized.
[2018.10.22-08.21.18:268][  0]LogInit: Texture streaming: Enabled
[2018.10.22-08.21.18:271][  0]LogMaterial: Missing cached shader map for material BaseColor, compiling. 
[2018.10.22-08.21.18:274][  0]LogMaterial:Warning: Failed to compile Material /Engine/BufferVisualization/BaseColor.BaseColor for platform PCD3D_ES2, Default Material will be used in game.
[2018.10.22-08.21.18:274][  0]LogMaterial:Warning: 	(Node FeatureLevelSwitch) Feature Level switch missing default input
[2018.10.22-08.21.18:295][  0]LogMaterial: Uniform references updated for custom material expression Custom.
[2018.10.22-08.21.18:395][  0]LogMaterial: Missing cached shader map for material Specular, compiling. 
[2018.10.22-08.21.18:395][  0]LogMaterial:Warning: Failed to compile Material /Engine/BufferVisualization/Specular.Specular for platform PCD3D_ES2, Default Material will be used in game.
[2018.10.22-08.21.18:395][  0]LogMaterial:Warning: 	(Node FeatureLevelSwitch) Feature Level switch missing default input
[2018.10.22-08.21.19:885][  0]LogSlateStyle:Warning: No pudo encontrar el estilo del widget del cuadro 'NormalText'. Utilizando FTextBlockStyle predeterminado en su lugar.
[2018.10.22-08.21.19:885][  0]LogSlateStyle:Warning: No pudo encontrar el estilo del widget del cuadro 'SpinBox'. Utilizando FSpinBoxStyle predeterminado en su lugar.
[2018.10.22-08.21.21:412][  0]LogInit:Display: Game Engine Initialized.
[2018.10.22-08.21.22:552][  0]LogInit:Display: Starting Game.
[2018.10.22-08.21.22:552][  0]LogNet: Browse: /Temp/Autosaves/Game/Levels/TempleRun/UEDPCTempleRun?Name=Player
[2018.10.22-08.21.22:553][  0]LogLoad: LoadMap: /Temp/Autosaves/Game/Levels/TempleRun/UEDPCTempleRun?Name=Player
[2018.10.22-08.21.22:571][  0]LogMemory: Platform Memory Stats for Windows
[2018.10.22-08.21.22:571][  0]LogMemory: Process Physical Memory: 728.95 MB used, 839.23 MB peak
[2018.10.22-08.21.22:571][  0]LogMemory: Process Virtual Memory: 895.23 MB used, 955.41 MB peak
[2018.10.22-08.21.22:571][  0]LogMemory: Physical Memory: 7027.03 MB used,  1127.21 MB free, 8154.25 MB total
[2018.10.22-08.21.22:571][  0]LogMemory: Virtual Memory: 5649.82 MB used,  1127.21 MB free, 134217728.00 MB total
[2018.10.22-08.21.22:571][  0]LogMemory: 
[2018.10.22-08.21.22:571][  0]Allocator Stats for TBB: (not implemented)
[2018.10.22-08.21.23:268][  0]LogMaterial: Missing cached shader map for material M_Basic_Wall, compiling. 
[2018.10.22-08.21.23:388][  0]LogMaterial: Missing cached shader map for material M_Ground_Moss, compiling. 
[2018.10.22-08.21.24:462][  0]LogAIModule: Creating AISystem for world TempleRun
[2018.10.22-08.21.24:462][  0]LogLoad: Game class is 'ThirdPersonGameMode_C'
[2018.10.22-08.21.24:465][  0]LogWorld: Bringing World /Temp/Autosaves/Game/Levels/TempleRun/UEDPCTempleRun.TempleRun up for play (max tick rate 0) at 2018.10.22-10.21.24
[2018.10.22-08.21.24:465][  0]LogWorld: Bringing up level for play took: 0.001393
[2018.10.22-08.21.24:507][  0]LogLoad: Took 1.954770 seconds to LoadMap(/Temp/Autosaves/Game/Levels/TempleRun/UEDPCTempleRun)
[2018.10.22-08.21.25:844][  0]LogRenderer: Reallocating scene render targets to support 1280x720 NumSamples 1 (Frame:1).
[2018.10.22-08.21.25:844][  0]LogLoad: (Engine Initialization) Total time: 49.94 seconds
[2018.10.22-08.21.25:844][  0]LogLoad: (Engine Initialization) Total Blueprint compile time: 0.62 seconds
[2018.10.22-08.21.25:844][  0]LogExternalProfiler: No external profilers were discovered.  External profiling features will not be available.
[2018.10.22-08.21.25:863][  0]LogOcInput: OculusInput pre-init called
[2018.10.22-08.21.25:863][  0]LogHMD: Starting GearVRController plugin
[2018.10.22-08.21.25:888][  1]LogAudio:Warning: Detected orphaned looping sound 'Starter_Music_Cue'.
[2018.10.22-08.21.28:743][165]LogNet: Browse: /Temp/Autosaves/Game/Levels/TempleRun/UEDPCTempleRun?Name=Player?restart
[2018.10.22-08.21.28:743][165]LogLoad: LoadMap: /Temp/Autosaves/Game/Levels/TempleRun/UEDPCTempleRun?Name=Player
[2018.10.22-08.21.28:788][165]LogMemory: Platform Memory Stats for Windows
[2018.10.22-08.21.28:788][165]LogMemory: Process Physical Memory: 830.18 MB used, 839.23 MB peak
[2018.10.22-08.21.28:788][165]LogMemory: Process Virtual Memory: 1060.98 MB used, 1065.29 MB peak
[2018.10.22-08.21.28:788][165]LogMemory: Physical Memory: 6970.65 MB used,  1183.60 MB free, 8154.25 MB total
[2018.10.22-08.21.28:788][165]LogMemory: Virtual Memory: 5857.07 MB used,  1183.60 MB free, 134217728.00 MB total
[2018.10.22-08.21.28:788][165]LogMemory: 
[2018.10.22-08.21.28:788][165]Allocator Stats for TBB: (not implemented)
[2018.10.22-08.21.29:834][165]LogAIModule: Creating AISystem for world TempleRun
[2018.10.22-08.21.29:834][165]LogLoad: Game class is 'ThirdPersonGameMode_C'
[2018.10.22-08.21.29:862][165]LogWorld: Bringing World /Temp/Autosaves/Game/Levels/TempleRun/UEDPCTempleRun.TempleRun up for play (max tick rate 0) at 2018.10.22-10.21.29
[2018.10.22-08.21.29:863][165]LogWorld: Bringing up level for play took: 0.001977
[2018.10.22-08.21.29:888][165]LogLoad: Took 1.144957 seconds to LoadMap(/Temp/Autosaves/Game/Levels/TempleRun/UEDPCTempleRun)
[2018.10.22-08.21.29:890][166]LogAudio:Warning: Detected orphaned looping sound 'Starter_Music_Cue'.
[2018.10.22-08.21.29:893][166]LogCharacterMovement:Warning: GetSimulationTimeStep() - Max iterations 8 hit while remaining time 0.057696 > MaxSimulationTimeStep (0.050) for 'ThirdPersonCharacter_C_0', movement 'Walking'
[2018.10.22-08.21.38:357][680]LogNet: Browse: /Temp/Autosaves/Game/Levels/TempleRun/UEDPCTempleRun?Name=Player?restart
[2018.10.22-08.21.38:357][680]LogLoad: LoadMap: /Temp/Autosaves/Game/Levels/TempleRun/UEDPCTempleRun?Name=Player
[2018.10.22-08.21.38:395][680]LogMemory: Platform Memory Stats for Windows
[2018.10.22-08.21.38:395][680]LogMemory: Process Physical Memory: 849.77 MB used, 864.23 MB peak
[2018.10.22-08.21.38:395][680]LogMemory: Process Virtual Memory: 1092.93 MB used, 1101.87 MB peak
[2018.10.22-08.21.38:395][680]LogMemory: Physical Memory: 6953.81 MB used,  1200.43 MB free, 8154.25 MB total
[2018.10.22-08.21.38:395][680]LogMemory: Virtual Memory: 5873.82 MB used,  1200.43 MB free, 134217728.00 MB total
[2018.10.22-08.21.38:395][680]LogMemory: 
[2018.10.22-08.21.38:395][680]Allocator Stats for TBB: (not implemented)
[2018.10.22-08.21.39:025][680]LogAIModule: Creating AISystem for world TempleRun
[2018.10.22-08.21.39:025][680]LogLoad: Game class is 'ThirdPersonGameMode_C'
[2018.10.22-08.21.39:028][680]LogWorld: Bringing World /Temp/Autosaves/Game/Levels/TempleRun/UEDPCTempleRun.TempleRun up for play (max tick rate 0) at 2018.10.22-10.21.39
[2018.10.22-08.21.39:028][680]LogWorld: Bringing up level for play took: 0.000988
[2018.10.22-08.21.39:051][680]LogLoad: Took 0.693284 seconds to LoadMap(/Temp/Autosaves/Game/Levels/TempleRun/UEDPCTempleRun)
[2018.10.22-08.21.39:053][681]LogAudio:Warning: Detected orphaned looping sound 'Starter_Music_Cue'.
[2018.10.22-08.21.39:054][681]LogCharacterMovement:Warning: GetSimulationTimeStep() - Max iterations 8 hit while remaining time 0.057037 > MaxSimulationTimeStep (0.050) for 'ThirdPersonCharacter_C_0', movement 'Walking'
[2018.10.22-08.21.45:844][102]LogNet: Browse: /Temp/Autosaves/Game/Levels/TempleRun/UEDPCTempleRun?Name=Player?restart
[2018.10.22-08.21.45:844][102]LogLoad: LoadMap: /Temp/Autosaves/Game/Levels/TempleRun/UEDPCTempleRun?Name=Player
[2018.10.22-08.21.45:894][102]LogMemory: Platform Memory Stats for Windows
[2018.10.22-08.21.45:894][102]LogMemory: Process Physical Memory: 860.77 MB used, 864.23 MB peak
[2018.10.22-08.21.45:894][102]LogMemory: Process Virtual Memory: 1112.80 MB used, 1114.79 MB peak
[2018.10.22-08.21.45:894][102]LogMemory: Physical Memory: 6954.53 MB used,  1199.71 MB free, 8154.25 MB total
[2018.10.22-08.21.45:894][102]LogMemory: Virtual Memory: 5914.26 MB used,  1199.71 MB free, 134217728.00 MB total
[2018.10.22-08.21.45:894][102]LogMemory: 
[2018.10.22-08.21.45:894][102]Allocator Stats for TBB: (not implemented)
[2018.10.22-08.21.46:520][102]LogAIModule: Creating AISystem for world TempleRun
[2018.10.22-08.21.46:520][102]LogLoad: Game class is 'ThirdPersonGameMode_C'
[2018.10.22-08.21.46:522][102]LogWorld: Bringing World /Temp/Autosaves/Game/Levels/TempleRun/UEDPCTempleRun.TempleRun up for play (max tick rate 0) at 2018.10.22-10.21.46
[2018.10.22-08.21.46:522][102]LogWorld: Bringing up level for play took: 0.001031
[2018.10.22-08.21.46:546][102]LogLoad: Took 0.701237 seconds to LoadMap(/Temp/Autosaves/Game/Levels/TempleRun/UEDPCTempleRun)
[2018.10.22-08.21.46:548][103]LogAudio:Warning: Detected orphaned looping sound 'Starter_Music_Cue'.
[2018.10.22-08.21.46:549][103]LogCharacterMovement:Warning: GetSimulationTimeStep() - Max iterations 8 hit while remaining time 0.057038 > MaxSimulationTimeStep (0.050) for 'ThirdPersonCharacter_C_0', movement 'Walking'
[2018.10.22-08.21.50:159][320]LogWindowsTextInputMethodSystem:Display: IME system now deactivated.
[2018.10.22-08.21.50:164][320]LogEngine: All Windows Closed
[2018.10.22-08.21.50:164][320]LogWindows: FPlatformMisc::RequestExit(0)
[2018.10.22-08.21.50:772][321]LogExit: Preparing to exit.
[2018.10.22-08.21.50:772][321]LogMoviePlayer: Shutting down movie player
[2018.10.22-08.21.51:814][321]LogExit: Game engine shut down
[2018.10.22-08.21.51:916][321]LogObj: Freed 0b from 0 cluster array pools.
[2018.10.22-08.21.51:916][321]LogExit: Object subsystem successfully closed.
[2018.10.22-08.21.51:946][321]LogD3D11RHI: Shutdown
[2018.10.22-08.21.51:946][321]LogD3D11RHI: CleanupD3DDevice
[2018.10.22-08.21.51:974][321]LogD3D11RHI: ~FD3D11DynamicRHI
[2018.10.22-08.21.52:035][321]LogModuleManager: Shutting down and abandoning module SequenceRecorderSections (296)
[2018.10.22-08.21.52:035][321]LogModuleManager: Shutting down and abandoning module SequenceRecorder (294)
[2018.10.22-08.21.52:035][321]LogModuleManager: Shutting down and abandoning module AutomationController (292)
[2018.10.22-08.21.52:036][321]LogModuleManager: Shutting down and abandoning module AutomationWorker (290)
[2018.10.22-08.21.52:037][321]LogModuleManager: Shutting down and abandoning module AIModule (288)
[2018.10.22-08.21.52:037][321]LogModuleManager: Shutting down and abandoning module GameplayDebugger (287)
[2018.10.22-08.21.52:037][321]LogModuleManager: Shutting down and abandoning module AITestSuite (285)
[2018.10.22-08.21.52:037][321]LogModuleManager: Shutting down and abandoning module WmfMediaFactory (282)
[2018.10.22-08.21.52:037][321]LogModuleManager: Shutting down and abandoning module AvfMediaFactory (280)
[2018.10.22-08.21.52:037][321]LogModuleManager: Shutting down and abandoning module AndroidMediaFactory (278)
[2018.10.22-08.21.52:038][321]LogModuleManager: Shutting down and abandoning module Media (277)
[2018.10.22-08.21.52:038][321]LogModuleManager: Shutting down and abandoning module CharacterAI (274)
[2018.10.22-08.21.52:038][321]LogModuleManager: Shutting down and abandoning module SessionServices (272)
[2018.10.22-08.21.52:038][321]LogModuleManager: Shutting down and abandoning module MovieSceneCapture (270)
[2018.10.22-08.21.52:038][321]LogModuleManager: Shutting down and abandoning module MovieSceneTracks (268)
[2018.10.22-08.21.52:038][321]LogModuleManager: Shutting down and abandoning module MovieScene (266)
[2018.10.22-08.21.52:038][321]LogModuleManager: Shutting down and abandoning module GeometryCache (264)
[2018.10.22-08.21.52:038][321]LogModuleManager: Shutting down and abandoning module GeometryCacheEd (263)
[2018.10.22-08.21.52:038][321]LogModuleManager: Shutting down and abandoning module Niagara (260)
[2018.10.22-08.21.52:038][321]LogModuleManager: Shutting down and abandoning module NiagaraEditor (259)
[2018.10.22-08.21.52:041][321]LogModuleManager: Shutting down and abandoning module StreamingPauseRendering (256)
[2018.10.22-08.21.52:041][321]LogModuleManager: Shutting down and abandoning module PortalServices (254)
[2018.10.22-08.21.52:041][321]LogModuleManager: Shutting down and abandoning module PortalRpc (252)
[2018.10.22-08.21.52:041][321]LogModuleManager: Shutting down and abandoning module MessagingRpc (250)
[2018.10.22-08.21.52:041][321]LogModuleManager: Shutting down and abandoning module ProfilerService (248)
[2018.10.22-08.21.52:285][321]LogModuleManager: Shutting down and abandoning module TaskGraph (246)
[2018.10.22-08.21.52:290][321]LogModuleManager: Shutting down and abandoning module SteamVRController (244)
[2018.10.22-08.21.52:290][321]LogModuleManager: Shutting down and abandoning module SteamVR (242)
[2018.10.22-08.21.52:290][321]LogModuleManager: Shutting down and abandoning module ProceduralMeshComponent (240)
[2018.10.22-08.21.52:291][321]LogModuleManager: Shutting down and abandoning module OculusLibrary (238)
[2018.10.22-08.21.52:291][321]LogModuleManager: Shutting down and abandoning module OculusInput (236)
[2018.10.22-08.21.52:291][321]LogModuleManager: Shutting down and abandoning module MobilePatchingUtils (234)
[2018.10.22-08.21.52:291][321]LogModuleManager: Shutting down and abandoning module CustomMeshComponent (232)
[2018.10.22-08.21.52:291][321]LogModuleManager: Shutting down and abandoning module CableComponent (230)
[2018.10.22-08.21.52:291][321]LogModuleManager: Shutting down and abandoning module ArchVisCharacter (228)
[2018.10.22-08.21.52:291][321]LogModuleManager: Shutting down and abandoning module AndroidPermission (226)
[2018.10.22-08.21.52:291][321]LogModuleManager: Shutting down and abandoning module HTML5Networking (222)
[2018.10.22-08.21.52:291][321]LogModuleManager: Shutting down and abandoning module VisualStudioSourceCodeAccess (220)
[2018.10.22-08.21.52:291][321]LogModuleManager: Shutting down and abandoning module DesktopPlatform (219)
[2018.10.22-08.21.52:291][321]LogModuleManager: Shutting down and abandoning module HotReload (217)
[2018.10.22-08.21.52:292][321]LogModuleManager: Shutting down and abandoning module UObjectPlugin (214)
[2018.10.22-08.21.52:292][321]LogModuleManager: Shutting down and abandoning module SubversionSourceControl (212)
[2018.10.22-08.21.52:293][321]LogModuleManager: Shutting down and abandoning module PerforceSourceControl (210)
[2018.10.22-08.21.52:294][321]LogModuleManager: Shutting down and abandoning module SourceControl (209)
[2018.10.22-08.21.52:295][321]LogModuleManager: Shutting down and abandoning module PhysXVehiclesEditor (206)
[2018.10.22-08.21.52:295][321]LogModuleManager: Shutting down and abandoning module PhysXVehicles (204)
[2018.10.22-08.21.52:295][321]LogModuleManager: Shutting down and abandoning module LocationServicesBPLibrary (202)
[2018.10.22-08.21.52:295][321]LogModuleManager: Shutting down and abandoning module ImmediatePhysicsEditor (200)
[2018.10.22-08.21.52:295][321]LogModuleManager: Shutting down and abandoning module ImmediatePhysics (198)
[2018.10.22-08.21.52:296][321]LogModuleManager: Shutting down and abandoning module UdpMessaging (196)
[2018.10.22-08.21.52:397][321]LogModuleManager: Shutting down and abandoning module TcpMessaging (194)
[2018.10.22-08.21.52:498][321]LogModuleManager: Shutting down and abandoning module GameplayTagsEditor (192)
[2018.10.22-08.21.52:498][321]LogModuleManager: Shutting down and abandoning module FacialAnimation (190)
[2018.10.22-08.21.52:499][321]LogModuleManager: Shutting down and abandoning module AssetManagerEditor (188)
[2018.10.22-08.21.52:500][321]LogModuleManager: Shutting down and abandoning module GraphEditor (187)
[2018.10.22-08.21.52:500][321]LogModuleManager: Shutting down and abandoning module ContentBrowser (185)
[2018.10.22-08.21.52:501][321]LogModuleManager: Shutting down and abandoning module CollectionManager (184)
[2018.10.22-08.21.52:501][321]LogDirectoryWatcher: A directory notification for 'E:/Project2/GITHUB DESKTOP/Bio/Bio/Content/Collections/' was aborted.
[2018.10.22-08.21.52:501][321]LogDirectoryWatcher: A directory notification for 'E:/Project2/GITHUB DESKTOP/Bio/Bio/Content/Developers/Ferran/Collections/' was aborted.
[2018.10.22-08.21.52:501][321]LogDirectoryWatcher: A directory notification for 'E:/Project2/GITHUB DESKTOP/Bio/Bio/Saved/Collections/' was aborted.
[2018.10.22-08.21.52:502][321]LogModuleManager: Shutting down and abandoning module DirectoryWatcher (183)
[2018.10.22-08.21.52:502][321]LogModuleManager: Shutting down and abandoning module LightPropagationVolumeRuntime (178)
[2018.10.22-08.21.52:502][321]LogModuleManager: Shutting down and abandoning module Paper2D (176)
[2018.10.22-08.21.52:502][321]LogModuleManager: Shutting down and abandoning module WindowsMoviePlayer (174)
[2018.10.22-08.21.52:502][321]LogModuleManager: Shutting down and abandoning module WmfMedia (172)
[2018.10.22-08.21.52:506][321]LogModuleManager: Shutting down and abandoning module ClothingSystemEditor (170)
[2018.10.22-08.21.52:506][321]LogModuleManager: Shutting down and abandoning module ClothingSystemRuntime (168)
[2018.10.22-08.21.52:507][321]LogModuleManager: Shutting down and abandoning module MediaAssets (166)
[2018.10.22-08.21.52:507][321]LogModuleManager: Shutting down and abandoning module GameLiveStreaming (164)
[2018.10.22-08.21.52:508][321]LogModuleManager: Shutting down and abandoning module VREditor (162)
[2018.10.22-08.21.52:508][321]LogModuleManager: Shutting down and abandoning module StringTableEditor (160)
[2018.10.22-08.21.52:509][321]LogModuleManager: Shutting down and abandoning module GameplayTasksEditor (158)
[2018.10.22-08.21.52:509][321]LogModuleManager: Shutting down and abandoning module BehaviorTreeEditor (156)
[2018.10.22-08.21.52:511][321]LogModuleManager: Shutting down and abandoning module FunctionalTesting (154)
[2018.10.22-08.21.52:511][321]LogModuleManager: Shutting down and abandoning module CollisionAnalyzer (152)
[2018.10.22-08.21.52:513][321]LogModuleManager: Shutting down and abandoning module UMG (150)
[2018.10.22-08.21.52:513][321]LogModuleManager: Shutting down and abandoning module UMGEditor (149)
[2018.10.22-08.21.52:517][321]LogModuleManager: Shutting down and abandoning module Sequencer (148)
[2018.10.22-08.21.52:518][321]LogModuleManager: Shutting down and abandoning module AssetTools (146)
[2018.10.22-08.21.52:523][321]LogModuleManager: Shutting down and abandoning module MessageLog (145)
[2018.10.22-08.21.52:523][321]LogModuleManager: Shutting down and abandoning module WorkspaceMenuStructure (144)
[2018.10.22-08.21.52:523][321]LogModuleManager: Shutting down and abandoning module SlateReflector (138)
[2018.10.22-08.21.52:526][321]LogModuleManager: Shutting down and abandoning module Slate (136)
[2018.10.22-08.21.52:526][321]LogModuleManager: Shutting down and abandoning module EditorStyle (134)
[2018.10.22-08.21.52:538][321]LogModuleManager: Shutting down and abandoning module Messaging (132)
[2018.10.22-08.21.52:538][321]LogModuleManager: Shutting down and abandoning module SourceCodeAccess (130)
[2018.10.22-08.21.52:538][321]LogModuleManager: Shutting down and abandoning module HeadMountedDisplay (128)
[2018.10.22-08.21.52:538][321]LogModuleManager: Shutting down and abandoning module XAudio2 (126)
[2018.10.22-08.21.52:538][321]LogModuleManager: Shutting down and abandoning module Networking (124)
[2018.10.22-08.21.52:538][321]LogModuleManager: Shutting down and abandoning module Core (120)
[2018.10.22-08.21.52:538][321]LogModuleManager: Shutting down and abandoning module KismetCompiler (118)
[2018.10.22-08.21.52:538][321]LogModuleManager: Shutting down and abandoning module LevelSequence (116)
[2018.10.22-08.21.52:538][321]LogModuleManager: Shutting down and abandoning module PhysXFormats (114)
[2018.10.22-08.21.52:538][321]LogModuleManager: Shutting down and abandoning module MeshUtilities (112)
[2018.10.22-08.21.52:540][321]LogModuleManager: Shutting down and abandoning module SimplygonSwarm (111)
[2018.10.22-08.21.52:541][321]LogModuleManager: Shutting down and abandoning module SimplygonMeshReduction (109)
[2018.10.22-08.21.52:541][321]LogModuleManager: Shutting down and abandoning module QuadricMeshReduction (107)
[2018.10.22-08.21.52:542][321]LogModuleManager: Shutting down and abandoning module AssetRegistry (104)
[2018.10.22-08.21.52:542][321]LogModuleManager: Shutting down and abandoning module DerivedDataCache (102)
[2018.10.22-08.21.52:651][321]LogDerivedDataCache: Shutdown
[2018.10.22-08.21.52:651][321]LogModuleManager: Shutting down and abandoning module TargetPlatform (100)
[2018.10.22-08.21.52:651][321]LogModuleManager: Shutting down and abandoning module VulkanShaderFormat (99)
[2018.10.22-08.21.52:653][321]LogModuleManager: Shutting down and abandoning module ShaderFormatVectorVM (97)
[2018.10.22-08.21.52:654][321]LogModuleManager: Shutting down and abandoning module ShaderFormatOpenGL (95)
[2018.10.22-08.21.52:654][321]LogModuleManager: Shutting down and abandoning module ShaderFormatD3D (93)
[2018.10.22-08.21.52:655][321]LogModuleManager: Shutting down and abandoning module MetalShaderFormat (91)
[2018.10.22-08.21.52:656][321]LogModuleManager: Shutting down and abandoning module TextureFormatUncompressed (89)
[2018.10.22-08.21.52:656][321]LogModuleManager: Shutting down and abandoning module TextureFormatPVR (87)
[2018.10.22-08.21.52:656][321]LogModuleManager: Shutting down and abandoning module TextureFormatDXT (85)
[2018.10.22-08.21.52:656][321]LogModuleManager: Shutting down and abandoning module TextureFormatIntelISPCTexComp (83)
[2018.10.22-08.21.52:657][321]LogModuleManager: Shutting down and abandoning module TextureFormatASTC (81)
[2018.10.22-08.21.52:657][321]LogModuleManager: Shutting down and abandoning module ImageWrapper (80)
[2018.10.22-08.21.52:657][321]LogModuleManager: Shutting down and abandoning module TextureFormatAndroid (77)
[2018.10.22-08.21.52:657][321]LogModuleManager: Shutting down and abandoning module AudioFormatOpus (75)
[2018.10.22-08.21.52:657][321]LogModuleManager: Shutting down and abandoning module AudioFormatOgg (73)
[2018.10.22-08.21.52:657][321]LogModuleManager: Shutting down and abandoning module AudioFormatADPCM (71)
[2018.10.22-08.21.52:657][321]LogModuleManager: Shutting down and abandoning module WindowsTargetPlatform (69)
[2018.10.22-08.21.52:657][321]LogModuleManager: Shutting down and abandoning module WindowsServerTargetPlatform (67)
[2018.10.22-08.21.52:657][321]LogModuleManager: Shutting down and abandoning module WindowsNoEditorTargetPlatform (65)
[2018.10.22-08.21.52:657][321]LogModuleManager: Shutting down and abandoning module WindowsClientTargetPlatform (63)
[2018.10.22-08.21.52:657][321]LogModuleManager: Shutting down and abandoning module InputCore (60)
[2018.10.22-08.21.52:657][321]LogModuleManager: Shutting down and abandoning module Settings (58)
[2018.10.22-08.21.52:657][321]LogModuleManager: Shutting down and abandoning module OculusRift (56)
[2018.10.22-08.21.52:657][321]LogModuleManager: Shutting down and abandoning module GearVRController (54)
[2018.10.22-08.21.52:657][321]LogModuleManager: Shutting down and abandoning module GearVR (52)
[2018.10.22-08.21.52:658][321]LogModuleManager: Shutting down and abandoning module ExampleDeviceProfileSelector (50)
[2018.10.22-08.21.52:658][321]LogModuleManager: Shutting down and abandoning module OnlineBlueprintSupport (48)
[2018.10.22-08.21.52:658][321]LogModuleManager: Shutting down and abandoning module OnlineSubsystem (44)
[2018.10.22-08.21.52:658][321]LogOnline:Display: Unloading online subsystem: NULL
[2018.10.22-08.21.52:660][321]LogModuleManager: Shutting down and abandoning module XMPP (43)
[2018.10.22-08.21.52:662][321]LogModuleManager: Shutting down and abandoning module HTTP (41)
[2018.10.22-08.21.52:673][321]LogModuleManager: Shutting down and abandoning module SSL (40)
[2018.10.22-08.21.52:676][321]LogModuleManager: Shutting down and abandoning module HTTPChunkInstaller (36)
[2018.10.22-08.21.52:677][321]LogModuleManager: Shutting down and abandoning module AnimationModifiers (34)
[2018.10.22-08.21.52:678][321]LogModuleManager: Shutting down and abandoning module PropertyEditor (33)
[2018.10.22-08.21.52:678][321]LogModuleManager: Shutting down and abandoning module AudioEditor (30)
[2018.10.22-08.21.52:680][321]LogModuleManager: Shutting down and abandoning module TextureCompressor (28)
[2018.10.22-08.21.52:680][321]LogModuleManager: Shutting down and abandoning module ShaderCore (26)
[2018.10.22-08.21.52:680][321]LogModuleManager: Shutting down and abandoning module Landscape (24)
[2018.10.22-08.21.52:680][321]LogModuleManager: Shutting down and abandoning module SlateRHIRenderer (22)
[2018.10.22-08.21.52:681][321]LogModuleManager: Shutting down and abandoning module OpenGLDrv (20)
[2018.10.22-08.21.52:682][321]LogModuleManager: Shutting down and abandoning module D3D11RHI (18)
[2018.10.22-08.21.52:682][321]LogModuleManager: Shutting down and abandoning module AnimGraphRuntime (16)
[2018.10.22-08.21.52:682][321]LogModuleManager: Shutting down and abandoning module Renderer (14)
[2018.10.22-08.21.52:682][321]LogModuleManager: Shutting down and abandoning module Engine (12)
[2018.10.22-08.21.52:682][321]LogModuleManager: Shutting down and abandoning module CoreUObject (10)
[2018.10.22-08.21.52:682][321]LogModuleManager: Shutting down and abandoning module NetworkFile (8)
[2018.10.22-08.21.52:683][321]LogModuleManager: Shutting down and abandoning module StreamingFile (6)
[2018.10.22-08.21.52:683][321]LogModuleManager: Shutting down and abandoning module SandboxFile (4)
[2018.10.22-08.21.52:683][321]LogModuleManager: Shutting down and abandoning module PakFile (2)
[2018.10.22-08.21.52:686][321]LogExit: Exiting.
[2018.10.22-08.21.52:689][321]Log file closed, 10/22/18 10:21:52
