Log file open, 10/21/18 16:21:01
LogInit:Display: Running engine for game: Bio
LogPlatformFile: Not using cached read wrapper
LogInit:Display: RandInit(-569839809) SRandInit(-569839809).
LogTaskGraph: Started task graph with 5 named threads and 8 total threads with 1 sets of task threads.
LogStats: Stats thread started at 0.159087
LogInit: Using libcurl 7.47.1
LogInit:  - built for x86_64-pc-win32
LogInit:  - supports SSL with OpenSSL/1.0.2g
LogInit:  - supports HTTP deflate (compression) using libz 1.2.8
LogInit:  - other features:
LogInit:      CURL_VERSION_SSL
LogInit:      CURL_VERSION_LIBZ
LogInit:      CURL_VERSION_IPV6
LogInit:      CURL_VERSION_ASYNCHDNS
LogInit:      CURL_VERSION_LARGEFILE
LogInit:      CURL_VERSION_IDN
LogInit:  CurlRequestOptions (configurable via config and command line):
LogInit:  - bVerifyPeer = false  - Libcurl will NOT verify peer certificate
LogInit:  - bUseHttpProxy = false  - Libcurl will NOT use HTTP proxy
LogInit:  - bDontReuseConnections = false  - Libcurl will reuse connections
LogInit:  - CertBundlePath = nullptr  - Libcurl will use whatever was configured at build time.
LogInit: Build: ++UE4+Release-4.16-CL-3561208
LogInit: Engine Version: 4.16.3-3561208+++UE4+Release-4.16
LogInit: Compatible Engine Version: 4.16.0-3452394+++UE4+Release-4.16
LogInit: Net CL: 3452394
LogDevObjectVersion: Number of dev versions registered: 16
LogDevObjectVersion:   Dev-Blueprints (B0D832E4-1F89-4F0D-ACCF-7EB736FD4AA2): 9
LogDevObjectVersion:   Dev-Build (E1C64328-A22C-4D53-A36C-8E866417BD8C): 0
LogDevObjectVersion:   Dev-Core (375EC13C-06E4-48FB-B500-84F0262A717E): 2
LogDevObjectVersion:   Dev-Editor (E4B068ED-F494-42E9-A231-DA0B2E46BB41): 17
LogDevObjectVersion:   Dev-Framework (CFFC743F-43B0-4480-9391-14DF171D2073): 23
LogDevObjectVersion:   Dev-Mobile (B02B49B5-BB20-44E9-A304-32B752E40360): 0
LogDevObjectVersion:   Dev-Networking (A4E4105C-59A1-49B5-A7C5-40C4547EDFEE): 0
LogDevObjectVersion:   Dev-Online (39C831C9-5AE6-47DC-9A44-9C173E1C8E7C): 0
LogDevObjectVersion:   Dev-Physics (78F01B33-EBEA-4F98-B9B4-84EACCB95AA2): 0
LogDevObjectVersion:   Dev-Platform (6631380F-2D4D-43E0-8009-CF276956A95A): 0
LogDevObjectVersion:   Dev-Rendering (12F88B9F-8875-4AFC-A67C-D90C383ABD29): 15
LogDevObjectVersion:   Dev-Sequencer (7B5AE74C-D270-4C10-A958-57980B212A5A): 4
LogDevObjectVersion:   Dev-VR (D7296918-1DD6-4BDD-9DE2-64A83CC13884): 0
LogDevObjectVersion:   Dev-LoadTimes (C2A15278-BFE7-4AFE-6C17-90FF531DF755): 1
LogDevObjectVersion:   Private-Geometry (6EACA3D4-40EC-4CC1-B786-8BED09428FC5): 1
LogDevObjectVersion:   Dev-AnimPhys (29E575DD-E0A3-4627-9D10-D276232CDCEA): 3
LogInit: Compiled (64-bit): Jul 28 2017 11:49:47
LogInit: Compiled with Visual C++: 19.00.24215.01
LogInit: Build Configuration: Development
LogInit: Branch Name: ++UE4+Release-4.16
LogInit: Command line:  /Temp/Autosaves/Game/Levels/TempleRun/UEDPCTempleRun -game -PIEVIACONSOLE -ResX=1280 -ResY=720  -Multiprocess -messaging -SessionName="Play in Standalone Game" -featureleveles2 -faketouches -windowed 
LogInit: Base directory: C:/Program Files/Epic Games/UE_4.16/Engine/Binaries/Win64/
LogInit: Installed Engine Build: 1
LogInit: Presizing for max 8388607 objects, including 0 objects not considered by GC, pre-allocating 0 bytes for permanent pool.
LogInit: Object subsystem initialized
[2018.10.21-14.21.04:714][  0]LogInit: Selected Device Profile: [Windows]
[2018.10.21-14.21.04:714][  0]LogInit: Applying CVar settings loaded from the selected device profile: [Windows]
[2018.10.21-14.21.04:721][  0]LogInit: Computer: DESKTOP-KR2EHTK
[2018.10.21-14.21.04:721][  0]LogInit: User: Ferran
[2018.10.21-14.21.04:721][  0]LogInit: CPU Page size=4096, Cores=4
[2018.10.21-14.21.04:721][  0]LogInit: High frequency timer resolution =3.349781 MHz
[2018.10.21-14.21.04:721][  0]LogMemory: Memory total: Physical=8.0GB (8GB approx)
[2018.10.21-14.21.04:721][  0]LogMemory: Platform Memory Stats for Windows
[2018.10.21-14.21.04:721][  0]LogMemory: Process Physical Memory: 273.16 MB used, 273.16 MB peak
[2018.10.21-14.21.04:721][  0]LogMemory: Process Virtual Memory: 266.70 MB used, 266.70 MB peak
[2018.10.21-14.21.04:721][  0]LogMemory: Physical Memory: 7186.32 MB used,  967.93 MB free, 8154.25 MB total
[2018.10.21-14.21.04:721][  0]LogMemory: Virtual Memory: 4774.37 MB used,  967.93 MB free, 134217728.00 MB total
[2018.10.21-14.21.05:378][  0]LogInit: Using OS detected language (es-ES).
[2018.10.21-14.21.05:378][  0]LogInit: Using OS detected locale (es-ES).
[2018.10.21-14.21.05:387][  0]LogTextLocalizationManager: No specific localization for 'es-ES' exists, so the 'es' localization will be used.
[2018.10.21-14.21.06:623][  0]LogD3D11RHI: D3D11 adapters:
[2018.10.21-14.21.06:655][  0]LogD3D11RHI:    0. 'AMD Radeon HD 7900 Series' (Feature Level 11_0)
[2018.10.21-14.21.06:655][  0]LogD3D11RHI:       3052/0/4077 MB DedicatedVideo/DedicatedSystem/SharedSystem, Outputs:2, VendorId:0x1002
[2018.10.21-14.21.06:660][  0]LogD3D11RHI:    1. 'Microsoft Basic Render Driver' (Feature Level 11_0)
[2018.10.21-14.21.06:660][  0]LogD3D11RHI:       0/0/4077 MB DedicatedVideo/DedicatedSystem/SharedSystem, Outputs:0, VendorId:0x1414
[2018.10.21-14.21.06:660][  0]LogD3D11RHI: Chosen D3D11 Adapter: 0
[2018.10.21-14.21.06:666][  0]LogD3D11RHI: Creating new Direct3DDevice
[2018.10.21-14.21.06:666][  0]LogD3D11RHI:     GPU DeviceId: 0x679a (for the marketing name, search the web for "GPU Device Id")
[2018.10.21-14.21.06:666][  0]LogWindows: EnumDisplayDevices:
[2018.10.21-14.21.06:666][  0]LogWindows:    0. 'AMD Radeon HD 7900 Series' (P:0 D:1)
[2018.10.21-14.21.06:668][  0]LogWindows:    1. 'AMD Radeon HD 7900 Series' (P:1 D:1)
[2018.10.21-14.21.06:669][  0]LogWindows:    2. 'AMD Radeon HD 7900 Series' (P:0 D:0)
[2018.10.21-14.21.06:670][  0]LogWindows:    3. 'AMD Radeon HD 7900 Series' (P:0 D:0)
[2018.10.21-14.21.06:671][  0]LogWindows:    4. 'AMD Radeon HD 7900 Series' (P:0 D:0)
[2018.10.21-14.21.06:672][  0]LogWindows:    5. 'AMD Radeon HD 7900 Series' (P:0 D:0)
[2018.10.21-14.21.06:672][  0]LogWindows: DebugString: GetVideoDriverDetailsInvalid PrimaryIsNotTheChoosenAdapter GetVideoDriverDetailsInvalid PrimaryIsNotTheChoosenAdapter GetVideoDriverDetailsInvalid PrimaryIsNotTheChoosenAdapter GetVideoDriverDetailsInvalid PrimaryIsNotTheChoosenAdapter GetVideoDriverDetailsInvalid PrimaryIsNotTheChoosenAdapter GetVideoDriverDetailsInvalid PrimaryIsNotTheChoosenAdapter FoundDriverCount:0 
[2018.10.21-14.21.06:672][  0]LogD3D11RHI:     Adapter Name: AMD Radeon HD 7900 Series
[2018.10.21-14.21.06:672][  0]LogD3D11RHI:   Driver Version: Unknown (internal:Unknown, unified:Unknown)
[2018.10.21-14.21.06:672][  0]LogD3D11RHI:      Driver Date: Unknown
[2018.10.21-14.21.06:672][  0]LogRHI: Texture pool is 1361 MB (70% of 1945 MB)
[2018.10.21-14.21.06:742][  0]LogD3D11RHI: Async texture creation enabled
[2018.10.21-14.21.06:754][  0]LogD3D11RHI: GPU Timing Frequency: 27.000000 (Debug: 2 1)
[2018.10.21-14.21.06:756][  0]LogShaderCompilers: Guid format shader working directory is 12 characters bigger than the processId version (E:/Project2/GITHUB DESKTOP/Bio/Bio/Intermediate/Shaders/WorkingDirectory/11752/).
[2018.10.21-14.21.06:756][  0]LogShaderCompilers: Cleaned the shader compiler working directory 'C:/Users/Ferran/AppData/Local/Temp/UnrealShaderWorkingDir/CAB65E5E46DD5375CEA6B1B2A460AFAC/'.
[2018.10.21-14.21.06:756][  0]LogShaderCompilers:Display: Using Local Shader Compiler.
[2018.10.21-14.21.09:155][  0]LogTemp:Display: Loaded TP WindowsClientTargetPlatform
[2018.10.21-14.21.09:581][  0]LogTemp:Display: Loaded TP WindowsNoEditorTargetPlatform
[2018.10.21-14.21.09:976][  0]LogTemp:Display: Loaded TP WindowsServerTargetPlatform
[2018.10.21-14.21.10:383][  0]LogTemp:Display: Loaded TP WindowsTargetPlatform
[2018.10.21-14.21.10:383][  0]LogTargetPlatformManager:Display: Building Assets For Windows
[2018.10.21-14.21.15:292][  0]LogDerivedDataCache:Display: Max Cache Size: 512 MB
[2018.10.21-14.21.15:397][  0]LogDerivedDataCache: Loaded boot cache 0.10s 90MB C:/Users/Ferran/AppData/Local/UnrealEngine/4.16/DerivedDataCache/Boot.ddc.
[2018.10.21-14.21.15:398][  0]LogDerivedDataCache:Display: Loaded Boot cache: C:/Users/Ferran/AppData/Local/UnrealEngine/4.16/DerivedDataCache/Boot.ddc
[2018.10.21-14.21.15:398][  0]LogDerivedDataCache: FDerivedDataBackendGraph:  Pak pak cache file E:/Project2/GITHUB DESKTOP/Bio/Bio/DerivedDataCache/DDC.ddp not found, will not use a pak cache.
[2018.10.21-14.21.15:398][  0]LogDerivedDataCache: Unable to find inner node Pak for hierarchical cache Hierarchy.
[2018.10.21-14.21.15:398][  0]LogDerivedDataCache: FDerivedDataBackendGraph:  CompressedPak pak cache file E:/Project2/GITHUB DESKTOP/Bio/Bio/DerivedDataCache/Compressed.ddp not found, will not use a pak cache.
[2018.10.21-14.21.15:398][  0]LogDerivedDataCache: Unable to find inner node CompressedPak for hierarchical cache Hierarchy.
[2018.10.21-14.21.15:415][  0]LogDerivedDataCache:Display: Pak cache opened for reading ../../../Engine/DerivedDataCache/Compressed.ddp.
[2018.10.21-14.21.15:429][  0]LogDerivedDataCache: Using Local data cache path C:/Users/Ferran/AppData/Local/UnrealEngine/Common/DerivedDataCache: Writable
[2018.10.21-14.21.15:474][  0]LogMaterial: Verifying Global Shaders for PCD3D_ES2
[2018.10.21-14.21.15:474][  0]LogSlate: Using Freetype 2.6.0
[2018.10.21-14.21.15:475][  0]LogSlate: SlateFontCache - WITH_FREETYPE: 1, WITH_HARFBUZZ: 1
[2018.10.21-14.21.15:475][  0]LogSlate: SlateFontCache - WITH_FREETYPE: 1, WITH_HARFBUZZ: 1
[2018.10.21-14.21.16:168][  0]LogAssetRegistry: FAssetRegistry took 0.0057 seconds to start up
[2018.10.21-14.21.16:177][  0]LogPackageLocalizationCache: Processed 4 localized package path(s) for 2 prioritized culture(s) in 0.009019 seconds
[2018.10.21-14.21.16:333][  0]LogInit: Selected Device Profile: [Windows]
[2018.10.21-14.21.16:429][  0]LogContentStreaming: Texture pool size is 1000.00 MB
[2018.10.21-14.21.17:170][  0]LogMeshUtilities: Using QuadricMeshReduction for automatic static mesh reduction
[2018.10.21-14.21.17:549][  0]LogSimplygon: Simplygon DLL not present - disabling.
[2018.10.21-14.21.17:910][  0]LogMeshUtilities: Using SimplygonSwarm for distributed automatic mesh merging
[2018.10.21-14.21.17:910][  0]LogMeshUtilities: No automatic skeletal mesh reduction module available
[2018.10.21-14.21.17:910][  0]LogMeshUtilities: No automatic mesh merging module available
[2018.10.21-14.21.19:614][  0]LogMaterial: Missing cached shader map for material LandscapeGizmo_Mat, compiling. 
[2018.10.21-14.21.19:649][  0]LogMaterial: Missing cached shader map for material LandscapeGizmoHeight_Mat, compiling. 
[2018.10.21-14.21.19:832][  0]LogMaterial: Missing cached shader map for material SplineEditorMeshMat, compiling. 
[2018.10.21-14.21.19:862][  0]LogMaterial: Missing cached shader map for material HelpActorMaterial, compiling. 
[2018.10.21-14.21.20:346][  0]LogMaterial: Missing cached shader map for material DefaultTextMaterialOpaque, compiling. 
[2018.10.21-14.21.20:431][  0]LogNetVersion: Bio , NetCL: 3452394, EngineNetVer: 2, GameNetVer: 0 (Checksum: 343922727)
[2018.10.21-14.21.20:447][  0]LogMaterial: Missing cached shader map for material GearVRControllerMaterial, compiling. 
[2018.10.21-14.21.21:129][  0]LogInit: WinSock: version 1.1 (2.2), MaxSocks=32767, MaxUdp=65467
[2018.10.21-14.21.28:414][  0]LogMaterial: Missing cached shader map for material GenericHMDMaterial, compiling. 
[2018.10.21-14.21.28:445][  0]LogMaterial: Missing cached shader map for material FlattenHeightMat, compiling. 
[2018.10.21-14.21.28:457][  0]LogMaterial: Missing cached shader map for material M_ContentWindow, compiling. 
[2018.10.21-14.21.28:495][  0]LogMaterial: Missing cached shader map for material KeyDiskMaterial, compiling. 
[2018.10.21-14.21.28:504][  0]LogMaterial: Missing cached shader map for material ArrowMaterial, compiling. 
[2018.10.21-14.21.28:539][  0]LogMaterial: Missing cached shader map for material LaserPointerMaterial, compiling. 
[2018.10.21-14.21.28:553][  0]LogMaterial: Missing cached shader map for material VivePreControllerMaterial, compiling. 
[2018.10.21-14.21.28:586][  0]LogMaterial: Missing cached shader map for material OculusControllerMaterial, compiling. 
[2018.10.21-14.21.28:621][  0]LogMaterial: Missing cached shader map for material TeleportDirectionMaterial, compiling. 
[2018.10.21-14.21.28:674][  0]LogMaterial: Missing cached shader map for material VRTextMaterial, compiling. 
[2018.10.21-14.21.28:684][  0]LogMaterial: Missing cached shader map for material GridPostProcess, compiling. 
[2018.10.21-14.21.28:693][  0]LogMaterial: Missing cached shader map for material LaserPointerMaterial, compiling. 
[2018.10.21-14.21.28:708][  0]LogMaterial: Missing cached shader map for material GridMaterial, compiling. 
[2018.10.21-14.21.28:735][  0]LogMaterial: Missing cached shader map for material LineMaterial, compiling. 
[2018.10.21-14.21.28:747][  0]LogMaterial: Missing cached shader map for material VRTextMaterial, compiling. 
[2018.10.21-14.21.31:109][  0]LogMoviePlayer: Initializing movie player
[2018.10.21-14.21.31:699][  0]LogMaterial: Missing cached shader map for material DefaultSpriteMaterial, compiling. 
[2018.10.21-14.21.31:712][  0]LogMaterial: Missing cached shader map for material DefaultSpriteMaterial, compiling. 
[2018.10.21-14.21.33:200][  0]LogCollectionManager: Loaded 0 collections in 0.003610 seconds
[2018.10.21-14.21.33:465][  0]LogFileCache: Scanning file cache for directory 'E:/Project2/GITHUB DESKTOP/Bio/Bio/Saved/Collections/' took 0.02s
[2018.10.21-14.21.33:465][  0]LogFileCache: Scanning file cache for directory 'E:/Project2/GITHUB DESKTOP/Bio/Bio/Content/Developers/Ferran/Collections/' took 0.01s
[2018.10.21-14.21.33:465][  0]LogCollectionManager: Rebuilt the object cache for 0 collections in 0.000002 seconds (found 0 objects)
[2018.10.21-14.21.33:465][  0]LogCollectionManager: Fixed up redirectors for 0 collections in 0.000054 seconds (updated 0 objects)
[2018.10.21-14.21.34:905][  0]LogFileCache: Scanning file cache for directory 'E:/Project2/GITHUB DESKTOP/Bio/Bio/Content/Collections/' took 0.01s
[2018.10.21-14.21.34:905][  0]LogTcpMessaging: Initializing TcpMessaging bridge
[2018.10.21-14.21.35:182][  0]LogUdpMessaging: Initializing bridge on interface 0.0.0.0:0 to multicast group 230.0.0.1:6666.
[2018.10.21-14.21.36:896][  0]LogMaterial: Missing cached shader map for material DefaultMaterial, compiling. 
[2018.10.21-14.21.38:262][  0]SourceControl: Información El control de código fuente está desactivado
[2018.10.21-14.21.38:262][  0]SourceControl: Información El control de código fuente está desactivado
[2018.10.21-14.21.38:751][  0]SourceControl: Información El control de código fuente está desactivado
[2018.10.21-14.21.41:574][  0]LogAndroidPermission: UAndroidPermissionCallbackProxy::GetInstance
[2018.10.21-14.21.46:035][  0]LogUObjectArray: 37220 objects as part of root set at end of initial load.
[2018.10.21-14.21.46:035][  0]LogUObjectAllocator: 8398848 out of 0 bytes used by permanent object pool.
[2018.10.21-14.21.46:035][  0]LogUObjectArray: CloseDisregardForGC: 0/0 objects in disregard for GC pool
[2018.10.21-14.21.46:750][  0]LogMaterial: Missing cached shader map for material HighResScreenshot, compiling. 
[2018.10.21-14.21.46:762][  0]LogMaterial: Missing cached shader map for material HighResScreenshotMask, compiling. 
[2018.10.21-14.21.46:779][  0]LogMaterial: Missing cached shader map for material HighResScreenshotCaptureRegion, compiling. 
[2018.10.21-14.21.46:803][  0]LogEngine: Initializing Engine...
[2018.10.21-14.21.48:325][  0]LogHMD: Failed to initialize OpenVR with code 108
[2018.10.21-14.21.48:342][  0]LogMaterial: Missing cached shader map for material WireframeMaterial, compiling. Is special engine material.
[2018.10.21-14.21.48:447][  0]LogMaterial: Missing cached shader map for material LevelColorationLitMaterial, compiling. Is special engine material.
[2018.10.21-14.21.48:970][  0]LogMaterial: Missing cached shader map for material LevelColorationUnlitMaterial, compiling. Is special engine material.
[2018.10.21-14.21.49:057][  0]LogMaterial: Missing cached shader map for material MAT_LevelColorationLitLightmapUV, compiling. Is special engine material.
[2018.10.21-14.21.49:682][  0]LogMaterial: Missing cached shader map for material ShadedLevelColorationLitMaterial, compiling. Is special engine material.
[2018.10.21-14.21.50:352][  0]LogMaterial: Missing cached shader map for material ShadedLevelColorationUnlitMateri, compiling. Is special engine material.
[2018.10.21-14.21.50:435][  0]LogMaterial: Missing cached shader map for material VertexColorMaterial, compiling. 
[2018.10.21-14.21.50:601][  0]LogMaterial: Missing cached shader map for material VertexColorViewMode_ColorOnly, compiling. 
[2018.10.21-14.21.50:633][  0]LogMaterial: Missing cached shader map for material VertexColorViewMode_AlphaAsColor, compiling. 
[2018.10.21-14.21.50:657][  0]LogMaterial: Missing cached shader map for material VertexColorViewMode_RedOnly, compiling. 
[2018.10.21-14.21.50:690][  0]LogMaterial: Missing cached shader map for material VertexColorViewMode_GreenOnly, compiling. 
[2018.10.21-14.21.50:719][  0]LogMaterial: Missing cached shader map for material VertexColorViewMode_BlueOnly, compiling. 
[2018.10.21-14.21.50:756][  0]LogMaterial: Missing cached shader map for material RemoveSurfaceMaterial, compiling. 
[2018.10.21-14.21.50:776][  0]LogMaterial: Missing cached shader map for material DebugMeshMaterial, compiling. 
[2018.10.21-14.21.50:817][  0]LogMaterial: Missing cached shader map for material M_InvalidLightmapSettings, compiling. 
[2018.10.21-14.21.50:988][  0]LogMaterial: Missing cached shader map for material GizmoMaterial, compiling. 
[2018.10.21-14.21.51:011][  0]LogMaterial: Missing cached shader map for material PhAT_JointLimitMaterial, compiling. 
[2018.10.21-14.21.51:430][  0]LogStats: UGameplayTagsManager::ConstructGameplayTagTree: Construct from data asset -  0.000 s
[2018.10.21-14.21.51:431][  0]LogStats: UGameplayTagsManager::ConstructGameplayTagTree: GameplayTagTreeChangedEvent.Broadcast -  0.000 s
[2018.10.21-14.21.51:784][  0]LogInit: XAudio2 using 'Altavoces (VIA HD Audio)' : 2 channels at 48 kHz using 32 bits per sample (channel mask 0x3)
[2018.10.21-14.21.51:986][  0]LogInit: FAudioDevice initialized.
[2018.10.21-14.21.52:166][  0]LogInit: Texture streaming: Enabled
[2018.10.21-14.21.52:201][  0]LogMaterial: Missing cached shader map for material BaseColor, compiling. 
[2018.10.21-14.21.52:208][  0]LogMaterial:Warning: Failed to compile Material /Engine/BufferVisualization/BaseColor.BaseColor for platform PCD3D_ES2, Default Material will be used in game.
[2018.10.21-14.21.52:208][  0]LogMaterial:Warning: 	(Node FeatureLevelSwitch) Feature Level switch missing default input
[2018.10.21-14.21.52:242][  0]LogMaterial: Missing cached shader map for material CustomDepth, compiling. 
[2018.10.21-14.21.52:327][  0]LogMaterial: Uniform references updated for custom material expression Custom.
[2018.10.21-14.21.52:334][  0]LogMaterial: Missing cached shader map for material CustomStencil, compiling. 
[2018.10.21-14.21.52:345][  0]LogMaterial: Missing cached shader map for material FinalImage, compiling. 
[2018.10.21-14.21.52:356][  0]LogMaterial: Missing cached shader map for material LightingModel, compiling. 
[2018.10.21-14.21.52:366][  0]LogMaterial: Missing cached shader map for material MaterialAO, compiling. 
[2018.10.21-14.21.52:377][  0]LogMaterial: Missing cached shader map for material Metallic, compiling. 
[2018.10.21-14.21.52:389][  0]LogMaterial: Missing cached shader map for material Opacity, compiling. 
[2018.10.21-14.21.52:397][  0]LogMaterial: Missing cached shader map for material Roughness, compiling. 
[2018.10.21-14.21.52:408][  0]LogMaterial: Missing cached shader map for material SceneColor, compiling. 
[2018.10.21-14.21.52:416][  0]LogMaterial: Missing cached shader map for material SceneDepth, compiling. 
[2018.10.21-14.21.52:425][  0]LogMaterial: Missing cached shader map for material SeparateTranslucencyRGB, compiling. 
[2018.10.21-14.21.52:433][  0]LogMaterial: Missing cached shader map for material SeparateTranslucencyA, compiling. 
[2018.10.21-14.21.52:444][  0]LogMaterial: Missing cached shader map for material Specular, compiling. 
[2018.10.21-14.21.52:445][  0]LogMaterial:Warning: Failed to compile Material /Engine/BufferVisualization/Specular.Specular for platform PCD3D_ES2, Default Material will be used in game.
[2018.10.21-14.21.52:445][  0]LogMaterial:Warning: 	(Node FeatureLevelSwitch) Feature Level switch missing default input
[2018.10.21-14.21.52:449][  0]LogMaterial: Missing cached shader map for material SubsurfaceColor, compiling. 
[2018.10.21-14.21.52:457][  0]LogMaterial: Missing cached shader map for material WorldNormal, compiling. 
[2018.10.21-14.21.52:465][  0]LogMaterial: Missing cached shader map for material AmbientOcclusion, compiling. 
[2018.10.21-14.21.52:481][  0]LogMaterial: Missing cached shader map for material CustomDepthWorldUnits, compiling. 
[2018.10.21-14.21.52:489][  0]LogMaterial: Missing cached shader map for material SceneDepthWorldUnits, compiling. 
[2018.10.21-14.21.52:498][  0]LogMaterial: Missing cached shader map for material PreTonemapHDRColor, compiling. 
[2018.10.21-14.21.52:509][  0]LogMaterial: Missing cached shader map for material PostTonemapHDRColor, compiling. 
[2018.10.21-14.21.54:408][  0]LogSlateStyle:Warning: No pudo encontrar el estilo del widget del cuadro 'NormalText'. Utilizando FTextBlockStyle predeterminado en su lugar.
[2018.10.21-14.21.54:408][  0]LogSlateStyle:Warning: No pudo encontrar el estilo del widget del cuadro 'SpinBox'. Utilizando FSpinBoxStyle predeterminado en su lugar.
[2018.10.21-14.21.56:360][  0]LogInit:Display: Game Engine Initialized.
[2018.10.21-14.21.57:774][  0]LogInit:Display: Starting Game.
[2018.10.21-14.21.57:776][  0]LogNet: Browse: /Temp/Autosaves/Game/Levels/TempleRun/UEDPCTempleRun?Name=Player
[2018.10.21-14.21.57:777][  0]LogLoad: LoadMap: /Temp/Autosaves/Game/Levels/TempleRun/UEDPCTempleRun?Name=Player
[2018.10.21-14.21.57:830][  0]LogMemory: Platform Memory Stats for Windows
[2018.10.21-14.21.57:830][  0]LogMemory: Process Physical Memory: 404.49 MB used, 928.75 MB peak
[2018.10.21-14.21.57:830][  0]LogMemory: Process Virtual Memory: 1325.68 MB used, 1364.68 MB peak
[2018.10.21-14.21.57:830][  0]LogMemory: Physical Memory: 7853.77 MB used,  300.47 MB free, 8154.25 MB total
[2018.10.21-14.21.57:830][  0]LogMemory: Virtual Memory: 6085.49 MB used,  300.47 MB free, 134217728.00 MB total
[2018.10.21-14.21.57:830][  0]LogMemory: 
[2018.10.21-14.21.57:830][  0]Allocator Stats for TBB: (not implemented)
[2018.10.21-14.21.58:723][  0]LogMaterial: Missing cached shader map for material m_flare_01, compiling. 
[2018.10.21-14.21.58:750][  0]LogMaterial: Missing cached shader map for material M_radial_ramp, compiling. 
[2018.10.21-14.21.58:773][  0]LogMaterial: Missing cached shader map for material M_explosion_subUV, compiling. 
[2018.10.21-14.21.58:801][  0]LogMaterial: Missing cached shader map for material M_Burst, compiling. 
[2018.10.21-14.21.58:830][  0]LogMaterial: Missing cached shader map for material M_smoke_subUV, compiling. 
[2018.10.21-14.21.58:977][  0]LogMaterial: Missing cached shader map for material M_Brick_Clay_Old, compiling. 
[2018.10.21-14.21.59:054][  0]LogMaterial: Missing cached shader map for material M_Rock_Basalt, compiling. 
[2018.10.21-14.21.59:110][  0]LogMaterial: Missing cached shader map for material CubeMaterial, compiling. 
[2018.10.21-14.21.59:179][  0]LogMaterial: Missing cached shader map for material M_Metal_Gold, compiling. 
[2018.10.21-14.21.59:237][  0]LogMaterial: Missing cached shader map for material M_UE4Man_Body, compiling. 
[2018.10.21-14.21.59:318][  0]LogMaterial: Missing cached shader map for material M_UE4Man_Body, compiling. 
[2018.10.21-14.21.59:397][  0]LogMaterial: Missing cached shader map for material M_Sky_Panning_Clouds2, compiling. 
[2018.10.21-14.22.00:561][  0]LogAIModule: Creating AISystem for world TempleRun
[2018.10.21-14.22.00:561][  0]LogLoad: Game class is 'ThirdPersonGameMode_C'
[2018.10.21-14.22.00:631][  0]LogWorld: Bringing World /Temp/Autosaves/Game/Levels/TempleRun/UEDPCTempleRun.TempleRun up for play (max tick rate 0) at 2018.10.21-16.22.00
[2018.10.21-14.22.00:631][  0]LogWorld: Bringing up level for play took: 0.002079
[2018.10.21-14.22.00:684][  0]LogLoad: Took 2.906707 seconds to LoadMap(/Temp/Autosaves/Game/Levels/TempleRun/UEDPCTempleRun)
[2018.10.21-14.22.02:171][  0]LogRenderer: Reallocating scene render targets to support 1280x720 NumSamples 1 (Frame:1).
[2018.10.21-14.22.02:171][  0]LogLoad: (Engine Initialization) Total time: 64.53 seconds
[2018.10.21-14.22.02:171][  0]LogLoad: (Engine Initialization) Total Blueprint compile time: 0.76 seconds
[2018.10.21-14.22.02:171][  0]LogExternalProfiler: No external profilers were discovered.  External profiling features will not be available.
[2018.10.21-14.22.02:189][  0]LogOcInput: OculusInput pre-init called
[2018.10.21-14.22.02:189][  0]LogHMD: Starting GearVRController plugin
[2018.10.21-14.22.05:259][181]LogNet: Browse: /Temp/Autosaves/Game/Levels/TempleRun/UEDPCTempleRun?Name=Player?restart
[2018.10.21-14.22.05:259][181]LogLoad: LoadMap: /Temp/Autosaves/Game/Levels/TempleRun/UEDPCTempleRun?Name=Player
[2018.10.21-14.22.05:307][181]LogMemory: Platform Memory Stats for Windows
[2018.10.21-14.22.05:307][181]LogMemory: Process Physical Memory: 642.69 MB used, 928.75 MB peak
[2018.10.21-14.22.05:307][181]LogMemory: Process Virtual Memory: 1554.09 MB used, 1554.61 MB peak
[2018.10.21-14.22.05:307][181]LogMemory: Physical Memory: 7501.73 MB used,  652.52 MB free, 8154.25 MB total
[2018.10.21-14.22.05:307][181]LogMemory: Virtual Memory: 6348.74 MB used,  652.52 MB free, 134217728.00 MB total
[2018.10.21-14.22.05:307][181]LogMemory: 
[2018.10.21-14.22.05:307][181]Allocator Stats for TBB: (not implemented)
[2018.10.21-14.22.06:061][181]LogAIModule: Creating AISystem for world TempleRun
[2018.10.21-14.22.06:061][181]LogLoad: Game class is 'ThirdPersonGameMode_C'
[2018.10.21-14.22.06:065][181]LogWorld: Bringing World /Temp/Autosaves/Game/Levels/TempleRun/UEDPCTempleRun.TempleRun up for play (max tick rate 0) at 2018.10.21-16.22.06
[2018.10.21-14.22.06:065][181]LogWorld: Bringing up level for play took: 0.001155
[2018.10.21-14.22.06:089][181]LogLoad: Took 0.831233 seconds to LoadMap(/Temp/Autosaves/Game/Levels/TempleRun/UEDPCTempleRun)
[2018.10.21-14.22.06:122][182]LogCharacterMovement:Warning: GetSimulationTimeStep() - Max iterations 8 hit while remaining time 0.085812 > MaxSimulationTimeStep (0.050) for 'ThirdPersonCharacter_C_0', movement 'Walking'
[2018.10.21-14.22.11:434][492]LogNet: Browse: /Temp/Autosaves/Game/Levels/TempleRun/UEDPCTempleRun?Name=Player?restart
[2018.10.21-14.22.11:434][492]LogLoad: LoadMap: /Temp/Autosaves/Game/Levels/TempleRun/UEDPCTempleRun?Name=Player
[2018.10.21-14.22.11:480][492]LogMemory: Platform Memory Stats for Windows
[2018.10.21-14.22.11:480][492]LogMemory: Process Physical Memory: 678.61 MB used, 928.75 MB peak
[2018.10.21-14.22.11:480][492]LogMemory: Process Virtual Memory: 1582.04 MB used, 1583.10 MB peak
[2018.10.21-14.22.11:480][492]LogMemory: Physical Memory: 7644.03 MB used,  510.22 MB free, 8154.25 MB total
[2018.10.21-14.22.11:481][492]LogMemory: Virtual Memory: 6360.93 MB used,  510.22 MB free, 134217728.00 MB total
[2018.10.21-14.22.11:481][492]LogMemory: 
[2018.10.21-14.22.11:481][492]Allocator Stats for TBB: (not implemented)
[2018.10.21-14.22.12:341][492]LogAIModule: Creating AISystem for world TempleRun
[2018.10.21-14.22.12:341][492]LogLoad: Game class is 'ThirdPersonGameMode_C'
[2018.10.21-14.22.12:374][492]LogWorld: Bringing World /Temp/Autosaves/Game/Levels/TempleRun/UEDPCTempleRun.TempleRun up for play (max tick rate 0) at 2018.10.21-16.22.12
[2018.10.21-14.22.12:374][492]LogWorld: Bringing up level for play took: 0.001355
[2018.10.21-14.22.12:399][492]LogLoad: Took 0.966101 seconds to LoadMap(/Temp/Autosaves/Game/Levels/TempleRun/UEDPCTempleRun)
[2018.10.21-14.22.12:403][493]LogCharacterMovement:Warning: GetSimulationTimeStep() - Max iterations 8 hit while remaining time 0.086185 > MaxSimulationTimeStep (0.050) for 'ThirdPersonCharacter_C_0', movement 'Walking'
[2018.10.21-14.22.17:026][754]LogNet: Browse: /Temp/Autosaves/Game/Levels/TempleRun/UEDPCTempleRun?Name=Player?restart
[2018.10.21-14.22.17:027][754]LogLoad: LoadMap: /Temp/Autosaves/Game/Levels/TempleRun/UEDPCTempleRun?Name=Player
[2018.10.21-14.22.17:064][754]LogMemory: Platform Memory Stats for Windows
[2018.10.21-14.22.17:064][754]LogMemory: Process Physical Memory: 692.88 MB used, 928.75 MB peak
[2018.10.21-14.22.17:064][754]LogMemory: Process Virtual Memory: 1595.20 MB used, 1595.20 MB peak
[2018.10.21-14.22.17:064][754]LogMemory: Physical Memory: 7570.82 MB used,  583.43 MB free, 8154.25 MB total
[2018.10.21-14.22.17:064][754]LogMemory: Virtual Memory: 6396.99 MB used,  583.43 MB free, 134217728.00 MB total
[2018.10.21-14.22.17:064][754]LogMemory: 
[2018.10.21-14.22.17:064][754]Allocator Stats for TBB: (not implemented)
[2018.10.21-14.22.17:852][754]LogAIModule: Creating AISystem for world TempleRun
[2018.10.21-14.22.17:852][754]LogLoad: Game class is 'ThirdPersonGameMode_C'
[2018.10.21-14.22.17:855][754]LogWorld: Bringing World /Temp/Autosaves/Game/Levels/TempleRun/UEDPCTempleRun.TempleRun up for play (max tick rate 0) at 2018.10.21-16.22.17
[2018.10.21-14.22.17:855][754]LogWorld: Bringing up level for play took: 0.001235
[2018.10.21-14.22.17:882][754]LogLoad: Took 0.854751 seconds to LoadMap(/Temp/Autosaves/Game/Levels/TempleRun/UEDPCTempleRun)
[2018.10.21-14.22.17:885][755]LogCharacterMovement:Warning: GetSimulationTimeStep() - Max iterations 8 hit while remaining time 0.085316 > MaxSimulationTimeStep (0.050) for 'ThirdPersonCharacter_C_0', movement 'Walking'
[2018.10.21-14.22.27:181][307]LogNet: Browse: /Temp/Autosaves/Game/Levels/TempleRun/UEDPCTempleRun?Name=Player?restart
[2018.10.21-14.22.27:181][307]LogLoad: LoadMap: /Temp/Autosaves/Game/Levels/TempleRun/UEDPCTempleRun?Name=Player
[2018.10.21-14.22.27:232][307]LogMemory: Platform Memory Stats for Windows
[2018.10.21-14.22.27:232][307]LogMemory: Process Physical Memory: 699.16 MB used, 928.75 MB peak
[2018.10.21-14.22.27:232][307]LogMemory: Process Virtual Memory: 1652.61 MB used, 1657.54 MB peak
[2018.10.21-14.22.27:232][307]LogMemory: Physical Memory: 7048.15 MB used,  1106.10 MB free, 8154.25 MB total
[2018.10.21-14.22.27:232][307]LogMemory: Virtual Memory: 6456.05 MB used,  1106.10 MB free, 134217728.00 MB total
[2018.10.21-14.22.27:232][307]LogMemory: 
[2018.10.21-14.22.27:232][307]Allocator Stats for TBB: (not implemented)
[2018.10.21-14.22.27:979][307]LogAIModule: Creating AISystem for world TempleRun
[2018.10.21-14.22.27:979][307]LogLoad: Game class is 'ThirdPersonGameMode_C'
[2018.10.21-14.22.27:982][307]LogWorld: Bringing World /Temp/Autosaves/Game/Levels/TempleRun/UEDPCTempleRun.TempleRun up for play (max tick rate 0) at 2018.10.21-16.22.27
[2018.10.21-14.22.27:982][307]LogWorld: Bringing up level for play took: 0.001064
[2018.10.21-14.22.28:010][307]LogLoad: Took 0.829895 seconds to LoadMap(/Temp/Autosaves/Game/Levels/TempleRun/UEDPCTempleRun)
[2018.10.21-14.22.28:013][308]LogCharacterMovement:Warning: GetSimulationTimeStep() - Max iterations 8 hit while remaining time 0.085379 > MaxSimulationTimeStep (0.050) for 'ThirdPersonCharacter_C_0', movement 'Walking'
[2018.10.21-14.22.37:312][858]LogNet: Browse: /Temp/Autosaves/Game/Levels/TempleRun/UEDPCTempleRun?Name=Player?restart
[2018.10.21-14.22.37:313][858]LogLoad: LoadMap: /Temp/Autosaves/Game/Levels/TempleRun/UEDPCTempleRun?Name=Player
[2018.10.21-14.22.37:357][858]LogMemory: Platform Memory Stats for Windows
[2018.10.21-14.22.37:357][858]LogMemory: Process Physical Memory: 707.28 MB used, 928.75 MB peak
[2018.10.21-14.22.37:357][858]LogMemory: Process Virtual Memory: 1697.01 MB used, 1697.59 MB peak
[2018.10.21-14.22.37:357][858]LogMemory: Physical Memory: 7016.79 MB used,  1137.45 MB free, 8154.25 MB total
[2018.10.21-14.22.37:357][858]LogMemory: Virtual Memory: 6513.74 MB used,  1137.45 MB free, 134217728.00 MB total
[2018.10.21-14.22.37:357][858]LogMemory: 
[2018.10.21-14.22.37:357][858]Allocator Stats for TBB: (not implemented)
[2018.10.21-14.22.38:108][858]LogAIModule: Creating AISystem for world TempleRun
[2018.10.21-14.22.38:109][858]LogLoad: Game class is 'ThirdPersonGameMode_C'
[2018.10.21-14.22.38:111][858]LogWorld: Bringing World /Temp/Autosaves/Game/Levels/TempleRun/UEDPCTempleRun.TempleRun up for play (max tick rate 0) at 2018.10.21-16.22.38
[2018.10.21-14.22.38:111][858]LogWorld: Bringing up level for play took: 0.001108
[2018.10.21-14.22.38:141][858]LogLoad: Took 0.828290 seconds to LoadMap(/Temp/Autosaves/Game/Levels/TempleRun/UEDPCTempleRun)
[2018.10.21-14.22.38:144][859]LogCharacterMovement:Warning: GetSimulationTimeStep() - Max iterations 8 hit while remaining time 0.085313 > MaxSimulationTimeStep (0.050) for 'ThirdPersonCharacter_C_0', movement 'Walking'
