Log file open, 10/21/18 18:34:19
LogInit:Display: Running engine for game: Bio
LogPlatformFile: Not using cached read wrapper
LogInit:Display: RandInit(-2110271718) SRandInit(-2110271718).
LogTaskGraph: Started task graph with 5 named threads and 8 total threads with 1 sets of task threads.
LogStats: Stats thread started at 0.161542
LogInit: Using libcurl 7.47.1
LogInit:  - built for x86_64-pc-win32
LogInit:  - supports SSL with OpenSSL/1.0.2g
LogInit:  - supports HTTP deflate (compression) using libz 1.2.8
LogInit:  - other features:
LogInit:      CURL_VERSION_SSL
LogInit:      CURL_VERSION_LIBZ
LogInit:      CURL_VERSION_IPV6
LogInit:      CURL_VERSION_ASYNCHDNS
LogInit:      CURL_VERSION_LARGEFILE
LogInit:      CURL_VERSION_IDN
LogInit:  CurlRequestOptions (configurable via config and command line):
LogInit:  - bVerifyPeer = false  - Libcurl will NOT verify peer certificate
LogInit:  - bUseHttpProxy = false  - Libcurl will NOT use HTTP proxy
LogInit:  - bDontReuseConnections = false  - Libcurl will reuse connections
LogInit:  - CertBundlePath = nullptr  - Libcurl will use whatever was configured at build time.
LogInit: Build: ++UE4+Release-4.16-CL-3561208
LogInit: Engine Version: 4.16.3-3561208+++UE4+Release-4.16
LogInit: Compatible Engine Version: 4.16.0-3452394+++UE4+Release-4.16
LogInit: Net CL: 3452394
LogDevObjectVersion: Number of dev versions registered: 16
LogDevObjectVersion:   Dev-Blueprints (B0D832E4-1F89-4F0D-ACCF-7EB736FD4AA2): 9
LogDevObjectVersion:   Dev-Build (E1C64328-A22C-4D53-A36C-8E866417BD8C): 0
LogDevObjectVersion:   Dev-Core (375EC13C-06E4-48FB-B500-84F0262A717E): 2
LogDevObjectVersion:   Dev-Editor (E4B068ED-F494-42E9-A231-DA0B2E46BB41): 17
LogDevObjectVersion:   Dev-Framework (CFFC743F-43B0-4480-9391-14DF171D2073): 23
LogDevObjectVersion:   Dev-Mobile (B02B49B5-BB20-44E9-A304-32B752E40360): 0
LogDevObjectVersion:   Dev-Networking (A4E4105C-59A1-49B5-A7C5-40C4547EDFEE): 0
LogDevObjectVersion:   Dev-Online (39C831C9-5AE6-47DC-9A44-9C173E1C8E7C): 0
LogDevObjectVersion:   Dev-Physics (78F01B33-EBEA-4F98-B9B4-84EACCB95AA2): 0
LogDevObjectVersion:   Dev-Platform (6631380F-2D4D-43E0-8009-CF276956A95A): 0
LogDevObjectVersion:   Dev-Rendering (12F88B9F-8875-4AFC-A67C-D90C383ABD29): 15
LogDevObjectVersion:   Dev-Sequencer (7B5AE74C-D270-4C10-A958-57980B212A5A): 4
LogDevObjectVersion:   Dev-VR (D7296918-1DD6-4BDD-9DE2-64A83CC13884): 0
LogDevObjectVersion:   Dev-LoadTimes (C2A15278-BFE7-4AFE-6C17-90FF531DF755): 1
LogDevObjectVersion:   Private-Geometry (6EACA3D4-40EC-4CC1-B786-8BED09428FC5): 1
LogDevObjectVersion:   Dev-AnimPhys (29E575DD-E0A3-4627-9D10-D276232CDCEA): 3
LogInit: Compiled (64-bit): Jul 28 2017 11:49:47
LogInit: Compiled with Visual C++: 19.00.24215.01
LogInit: Build Configuration: Development
LogInit: Branch Name: ++UE4+Release-4.16
LogInit: Command line:  /Temp/Autosaves/Game/Levels/TempleRun/UEDPCTempleRun -game -PIEVIACONSOLE -ResX=1280 -ResY=720  -Multiprocess -messaging -SessionName="Play in Standalone Game" -featureleveles2 -faketouches -windowed 
LogInit: Base directory: C:/Program Files/Epic Games/UE_4.16/Engine/Binaries/Win64/
LogInit: Installed Engine Build: 1
LogInit: Presizing for max 8388607 objects, including 0 objects not considered by GC, pre-allocating 0 bytes for permanent pool.
LogInit: Object subsystem initialized
[2018.10.21-16.34.22:564][  0]LogInit: Selected Device Profile: [Windows]
[2018.10.21-16.34.22:564][  0]LogInit: Applying CVar settings loaded from the selected device profile: [Windows]
[2018.10.21-16.34.22:571][  0]LogInit: Computer: DESKTOP-KR2EHTK
[2018.10.21-16.34.22:571][  0]LogInit: User: Ferran
[2018.10.21-16.34.22:571][  0]LogInit: CPU Page size=4096, Cores=4
[2018.10.21-16.34.22:571][  0]LogInit: High frequency timer resolution =3.349777 MHz
[2018.10.21-16.34.22:571][  0]LogMemory: Memory total: Physical=8.0GB (8GB approx)
[2018.10.21-16.34.22:571][  0]LogMemory: Platform Memory Stats for Windows
[2018.10.21-16.34.22:571][  0]LogMemory: Process Physical Memory: 275.53 MB used, 275.53 MB peak
[2018.10.21-16.34.22:571][  0]LogMemory: Process Virtual Memory: 266.75 MB used, 266.75 MB peak
[2018.10.21-16.34.22:571][  0]LogMemory: Physical Memory: 5674.60 MB used,  2479.64 MB free, 8154.25 MB total
[2018.10.21-16.34.22:571][  0]LogMemory: Virtual Memory: 4774.91 MB used,  2479.64 MB free, 134217728.00 MB total
[2018.10.21-16.34.23:189][  0]LogInit: Using OS detected language (es-ES).
[2018.10.21-16.34.23:189][  0]LogInit: Using OS detected locale (es-ES).
[2018.10.21-16.34.23:270][  0]LogTextLocalizationManager: No specific localization for 'es-ES' exists, so the 'es' localization will be used.
[2018.10.21-16.34.24:509][  0]LogD3D11RHI: D3D11 adapters:
[2018.10.21-16.34.24:536][  0]LogD3D11RHI:    0. 'AMD Radeon HD 7900 Series' (Feature Level 11_0)
[2018.10.21-16.34.24:536][  0]LogD3D11RHI:       3052/0/4077 MB DedicatedVideo/DedicatedSystem/SharedSystem, Outputs:2, VendorId:0x1002
[2018.10.21-16.34.24:543][  0]LogD3D11RHI:    1. 'Microsoft Basic Render Driver' (Feature Level 11_0)
[2018.10.21-16.34.24:543][  0]LogD3D11RHI:       0/0/4077 MB DedicatedVideo/DedicatedSystem/SharedSystem, Outputs:0, VendorId:0x1414
[2018.10.21-16.34.24:543][  0]LogD3D11RHI: Chosen D3D11 Adapter: 0
[2018.10.21-16.34.24:547][  0]LogD3D11RHI: Creating new Direct3DDevice
[2018.10.21-16.34.24:548][  0]LogD3D11RHI:     GPU DeviceId: 0x679a (for the marketing name, search the web for "GPU Device Id")
[2018.10.21-16.34.24:548][  0]LogWindows: EnumDisplayDevices:
[2018.10.21-16.34.24:548][  0]LogWindows:    0. 'AMD Radeon HD 7900 Series' (P:0 D:1)
[2018.10.21-16.34.24:549][  0]LogWindows:    1. 'AMD Radeon HD 7900 Series' (P:1 D:1)
[2018.10.21-16.34.24:550][  0]LogWindows:    2. 'AMD Radeon HD 7900 Series' (P:0 D:0)
[2018.10.21-16.34.24:550][  0]LogWindows:    3. 'AMD Radeon HD 7900 Series' (P:0 D:0)
[2018.10.21-16.34.24:551][  0]LogWindows:    4. 'AMD Radeon HD 7900 Series' (P:0 D:0)
[2018.10.21-16.34.24:552][  0]LogWindows:    5. 'AMD Radeon HD 7900 Series' (P:0 D:0)
[2018.10.21-16.34.24:553][  0]LogWindows: DebugString: GetVideoDriverDetailsInvalid PrimaryIsNotTheChoosenAdapter GetVideoDriverDetailsInvalid PrimaryIsNotTheChoosenAdapter GetVideoDriverDetailsInvalid PrimaryIsNotTheChoosenAdapter GetVideoDriverDetailsInvalid PrimaryIsNotTheChoosenAdapter GetVideoDriverDetailsInvalid PrimaryIsNotTheChoosenAdapter GetVideoDriverDetailsInvalid PrimaryIsNotTheChoosenAdapter FoundDriverCount:0 
[2018.10.21-16.34.24:553][  0]LogD3D11RHI:     Adapter Name: AMD Radeon HD 7900 Series
[2018.10.21-16.34.24:553][  0]LogD3D11RHI:   Driver Version: Unknown (internal:Unknown, unified:Unknown)
[2018.10.21-16.34.24:553][  0]LogD3D11RHI:      Driver Date: Unknown
[2018.10.21-16.34.24:553][  0]LogRHI: Texture pool is 1361 MB (70% of 1945 MB)
[2018.10.21-16.34.24:611][  0]LogD3D11RHI: Async texture creation enabled
[2018.10.21-16.34.24:622][  0]LogD3D11RHI: GPU Timing Frequency: 27.000000 (Debug: 2 1)
[2018.10.21-16.34.24:623][  0]LogShaderCompilers: Guid format shader working directory is 12 characters bigger than the processId version (E:/Project2/GITHUB DESKTOP/Bio/Bio/Intermediate/Shaders/WorkingDirectory/13588/).
[2018.10.21-16.34.24:624][  0]LogShaderCompilers: Cleaned the shader compiler working directory 'C:/Users/Ferran/AppData/Local/Temp/UnrealShaderWorkingDir/C8D23DEF495C016E2E9047B2932C76EA/'.
[2018.10.21-16.34.24:624][  0]LogShaderCompilers:Display: Using Local Shader Compiler.
[2018.10.21-16.34.26:448][  0]LogTemp:Display: Loaded TP WindowsClientTargetPlatform
[2018.10.21-16.34.26:769][  0]LogTemp:Display: Loaded TP WindowsNoEditorTargetPlatform
[2018.10.21-16.34.27:093][  0]LogTemp:Display: Loaded TP WindowsServerTargetPlatform
[2018.10.21-16.34.27:411][  0]LogTemp:Display: Loaded TP WindowsTargetPlatform
[2018.10.21-16.34.27:411][  0]LogTargetPlatformManager:Display: Building Assets For Windows
[2018.10.21-16.34.31:229][  0]LogDerivedDataCache:Display: Max Cache Size: 512 MB
[2018.10.21-16.34.31:822][  0]LogDerivedDataCache: Loaded boot cache 0.59s 90MB C:/Users/Ferran/AppData/Local/UnrealEngine/4.16/DerivedDataCache/Boot.ddc.
[2018.10.21-16.34.31:822][  0]LogDerivedDataCache:Display: Loaded Boot cache: C:/Users/Ferran/AppData/Local/UnrealEngine/4.16/DerivedDataCache/Boot.ddc
[2018.10.21-16.34.31:822][  0]LogDerivedDataCache: FDerivedDataBackendGraph:  Pak pak cache file E:/Project2/GITHUB DESKTOP/Bio/Bio/DerivedDataCache/DDC.ddp not found, will not use a pak cache.
[2018.10.21-16.34.31:822][  0]LogDerivedDataCache: Unable to find inner node Pak for hierarchical cache Hierarchy.
[2018.10.21-16.34.31:822][  0]LogDerivedDataCache: FDerivedDataBackendGraph:  CompressedPak pak cache file E:/Project2/GITHUB DESKTOP/Bio/Bio/DerivedDataCache/Compressed.ddp not found, will not use a pak cache.
[2018.10.21-16.34.31:822][  0]LogDerivedDataCache: Unable to find inner node CompressedPak for hierarchical cache Hierarchy.
[2018.10.21-16.34.31:838][  0]LogDerivedDataCache:Display: Pak cache opened for reading ../../../Engine/DerivedDataCache/Compressed.ddp.
[2018.10.21-16.34.31:853][  0]LogDerivedDataCache: Using Local data cache path C:/Users/Ferran/AppData/Local/UnrealEngine/Common/DerivedDataCache: Writable
[2018.10.21-16.34.31:861][  0]LogMaterial: Verifying Global Shaders for PCD3D_ES2
[2018.10.21-16.34.31:861][  0]LogSlate: Using Freetype 2.6.0
[2018.10.21-16.34.31:875][  0]LogSlate: SlateFontCache - WITH_FREETYPE: 1, WITH_HARFBUZZ: 1
[2018.10.21-16.34.31:875][  0]LogSlate: SlateFontCache - WITH_FREETYPE: 1, WITH_HARFBUZZ: 1
[2018.10.21-16.34.32:696][  0]LogAssetRegistry: FAssetRegistry took 0.0050 seconds to start up
[2018.10.21-16.34.32:703][  0]LogPackageLocalizationCache: Processed 4 localized package path(s) for 2 prioritized culture(s) in 0.007235 seconds
[2018.10.21-16.34.32:837][  0]LogInit: Selected Device Profile: [Windows]
[2018.10.21-16.34.32:927][  0]LogContentStreaming: Texture pool size is 1000.00 MB
[2018.10.21-16.34.33:601][  0]LogMeshUtilities: Using QuadricMeshReduction for automatic static mesh reduction
[2018.10.21-16.34.33:936][  0]LogSimplygon: Simplygon DLL not present - disabling.
[2018.10.21-16.34.34:277][  0]LogMeshUtilities: Using SimplygonSwarm for distributed automatic mesh merging
[2018.10.21-16.34.34:277][  0]LogMeshUtilities: No automatic skeletal mesh reduction module available
[2018.10.21-16.34.34:277][  0]LogMeshUtilities: No automatic mesh merging module available
[2018.10.21-16.34.36:281][  0]LogNetVersion: Bio , NetCL: 3452394, EngineNetVer: 2, GameNetVer: 0 (Checksum: 343922727)
[2018.10.21-16.34.36:843][  0]LogInit: WinSock: version 1.1 (2.2), MaxSocks=32767, MaxUdp=65467
[2018.10.21-16.34.44:069][  0]LogMoviePlayer: Initializing movie player
[2018.10.21-16.34.45:702][  0]LogCollectionManager: Loaded 0 collections in 0.003139 seconds
[2018.10.21-16.34.45:914][  0]LogFileCache: Scanning file cache for directory 'E:/Project2/GITHUB DESKTOP/Bio/Bio/Saved/Collections/' took 0.01s
[2018.10.21-16.34.45:914][  0]LogFileCache: Scanning file cache for directory 'E:/Project2/GITHUB DESKTOP/Bio/Bio/Content/Developers/Ferran/Collections/' took 0.01s
[2018.10.21-16.34.45:914][  0]LogFileCache: Scanning file cache for directory 'E:/Project2/GITHUB DESKTOP/Bio/Bio/Content/Collections/' took 0.01s
[2018.10.21-16.34.45:914][  0]LogCollectionManager: Rebuilt the object cache for 0 collections in 0.000002 seconds (found 0 objects)
[2018.10.21-16.34.45:914][  0]LogCollectionManager: Fixed up redirectors for 0 collections in 0.000036 seconds (updated 0 objects)
[2018.10.21-16.34.47:096][  0]LogTcpMessaging: Initializing TcpMessaging bridge
[2018.10.21-16.34.47:314][  0]LogUdpMessaging: Initializing bridge on interface 0.0.0.0:0 to multicast group 230.0.0.1:6666.
[2018.10.21-16.34.49:733][  0]SourceControl: Información El control de código fuente está desactivado
[2018.10.21-16.34.49:733][  0]SourceControl: Información El control de código fuente está desactivado
[2018.10.21-16.34.50:066][  0]SourceControl: Información El control de código fuente está desactivado
[2018.10.21-16.34.51:974][  0]LogAndroidPermission: UAndroidPermissionCallbackProxy::GetInstance
[2018.10.21-16.34.55:023][  0]LogUObjectArray: 37220 objects as part of root set at end of initial load.
[2018.10.21-16.34.55:023][  0]LogUObjectAllocator: 8398848 out of 0 bytes used by permanent object pool.
[2018.10.21-16.34.55:023][  0]LogUObjectArray: CloseDisregardForGC: 0/0 objects in disregard for GC pool
[2018.10.21-16.34.55:592][  0]LogEngine: Initializing Engine...
[2018.10.21-16.34.55:600][  0]LogHMD: Failed to initialize OpenVR with code 100
[2018.10.21-16.34.55:669][  0]LogMaterial: Missing cached shader map for material MAT_LevelColorationLitLightmapUV, compiling. Is special engine material.
[2018.10.21-16.34.56:191][  0]LogMaterial: Missing cached shader map for material ShadedLevelColorationLitMaterial, compiling. Is special engine material.
[2018.10.21-16.34.56:653][  0]LogMaterial: Missing cached shader map for material ShadedLevelColorationUnlitMateri, compiling. Is special engine material.
[2018.10.21-16.34.56:715][  0]LogMaterial: Missing cached shader map for material VertexColorMaterial, compiling. 
[2018.10.21-16.34.56:805][  0]LogMaterial: Missing cached shader map for material VertexColorViewMode_ColorOnly, compiling. 
[2018.10.21-16.34.56:816][  0]LogMaterial: Missing cached shader map for material VertexColorViewMode_AlphaAsColor, compiling. 
[2018.10.21-16.34.56:828][  0]LogMaterial: Missing cached shader map for material VertexColorViewMode_RedOnly, compiling. 
[2018.10.21-16.34.56:840][  0]LogMaterial: Missing cached shader map for material VertexColorViewMode_GreenOnly, compiling. 
[2018.10.21-16.34.56:853][  0]LogMaterial: Missing cached shader map for material VertexColorViewMode_BlueOnly, compiling. 
[2018.10.21-16.34.56:864][  0]LogMaterial: Missing cached shader map for material RemoveSurfaceMaterial, compiling. 
[2018.10.21-16.34.56:869][  0]LogMaterial: Missing cached shader map for material DebugMeshMaterial, compiling. 
[2018.10.21-16.34.56:885][  0]LogMaterial: Missing cached shader map for material M_InvalidLightmapSettings, compiling. 
[2018.10.21-16.34.56:943][  0]LogMaterial: Missing cached shader map for material GizmoMaterial, compiling. 
[2018.10.21-16.34.56:952][  0]LogMaterial: Missing cached shader map for material PhAT_JointLimitMaterial, compiling. 
[2018.10.21-16.34.57:043][  0]LogStats: UGameplayTagsManager::ConstructGameplayTagTree: Construct from data asset -  0.000 s
[2018.10.21-16.34.57:043][  0]LogStats: UGameplayTagsManager::ConstructGameplayTagTree: GameplayTagTreeChangedEvent.Broadcast -  0.000 s
[2018.10.21-16.34.57:207][  0]LogInit: XAudio2 using 'Altavoces (VIA HD Audio)' : 2 channels at 48 kHz using 32 bits per sample (channel mask 0x3)
[2018.10.21-16.34.57:277][  0]LogInit: FAudioDevice initialized.
[2018.10.21-16.34.57:301][  0]LogInit: Texture streaming: Enabled
[2018.10.21-16.34.57:304][  0]LogMaterial: Missing cached shader map for material BaseColor, compiling. 
[2018.10.21-16.34.57:304][  0]LogMaterial:Warning: Failed to compile Material /Engine/BufferVisualization/BaseColor.BaseColor for platform PCD3D_ES2, Default Material will be used in game.
[2018.10.21-16.34.57:304][  0]LogMaterial:Warning: 	(Node FeatureLevelSwitch) Feature Level switch missing default input
[2018.10.21-16.34.57:308][  0]LogMaterial: Missing cached shader map for material CustomDepth, compiling. 
[2018.10.21-16.34.57:328][  0]LogMaterial: Uniform references updated for custom material expression Custom.
[2018.10.21-16.34.57:332][  0]LogMaterial: Missing cached shader map for material CustomStencil, compiling. 
[2018.10.21-16.34.57:342][  0]LogMaterial: Missing cached shader map for material FinalImage, compiling. 
[2018.10.21-16.34.57:349][  0]LogMaterial: Missing cached shader map for material LightingModel, compiling. 
[2018.10.21-16.34.57:356][  0]LogMaterial: Missing cached shader map for material MaterialAO, compiling. 
[2018.10.21-16.34.57:363][  0]LogMaterial: Missing cached shader map for material Metallic, compiling. 
[2018.10.21-16.34.57:370][  0]LogMaterial: Missing cached shader map for material Opacity, compiling. 
[2018.10.21-16.34.57:377][  0]LogMaterial: Missing cached shader map for material Roughness, compiling. 
[2018.10.21-16.34.57:384][  0]LogMaterial: Missing cached shader map for material SceneColor, compiling. 
[2018.10.21-16.34.57:391][  0]LogMaterial: Missing cached shader map for material SceneDepth, compiling. 
[2018.10.21-16.34.57:399][  0]LogMaterial: Missing cached shader map for material SeparateTranslucencyRGB, compiling. 
[2018.10.21-16.34.57:406][  0]LogMaterial: Missing cached shader map for material SeparateTranslucencyA, compiling. 
[2018.10.21-16.34.57:413][  0]LogMaterial: Missing cached shader map for material Specular, compiling. 
[2018.10.21-16.34.57:413][  0]LogMaterial:Warning: Failed to compile Material /Engine/BufferVisualization/Specular.Specular for platform PCD3D_ES2, Default Material will be used in game.
[2018.10.21-16.34.57:413][  0]LogMaterial:Warning: 	(Node FeatureLevelSwitch) Feature Level switch missing default input
[2018.10.21-16.34.57:417][  0]LogMaterial: Missing cached shader map for material SubsurfaceColor, compiling. 
[2018.10.21-16.34.57:424][  0]LogMaterial: Missing cached shader map for material WorldNormal, compiling. 
[2018.10.21-16.34.57:431][  0]LogMaterial: Missing cached shader map for material AmbientOcclusion, compiling. 
[2018.10.21-16.34.57:444][  0]LogMaterial: Missing cached shader map for material CustomDepthWorldUnits, compiling. 
[2018.10.21-16.34.57:451][  0]LogMaterial: Missing cached shader map for material SceneDepthWorldUnits, compiling. 
[2018.10.21-16.34.57:459][  0]LogMaterial: Missing cached shader map for material PreTonemapHDRColor, compiling. 
[2018.10.21-16.34.57:467][  0]LogMaterial: Missing cached shader map for material PostTonemapHDRColor, compiling. 
[2018.10.21-16.34.59:081][  0]LogSlateStyle:Warning: No pudo encontrar el estilo del widget del cuadro 'NormalText'. Utilizando FTextBlockStyle predeterminado en su lugar.
[2018.10.21-16.34.59:081][  0]LogSlateStyle:Warning: No pudo encontrar el estilo del widget del cuadro 'SpinBox'. Utilizando FSpinBoxStyle predeterminado en su lugar.
[2018.10.21-16.35.00:773][  0]LogInit:Display: Game Engine Initialized.
[2018.10.21-16.35.02:029][  0]LogInit:Display: Starting Game.
[2018.10.21-16.35.02:030][  0]LogNet: Browse: /Temp/Autosaves/Game/Levels/TempleRun/UEDPCTempleRun?Name=Player
[2018.10.21-16.35.02:031][  0]LogLoad: LoadMap: /Temp/Autosaves/Game/Levels/TempleRun/UEDPCTempleRun?Name=Player
[2018.10.21-16.35.02:063][  0]LogMemory: Platform Memory Stats for Windows
[2018.10.21-16.35.02:063][  0]LogMemory: Process Physical Memory: 961.03 MB used, 1051.55 MB peak
[2018.10.21-16.35.02:063][  0]LogMemory: Process Virtual Memory: 1118.53 MB used, 1163.33 MB peak
[2018.10.21-16.35.02:063][  0]LogMemory: Physical Memory: 6400.49 MB used,  1753.76 MB free, 8154.25 MB total
[2018.10.21-16.35.02:063][  0]LogMemory: Virtual Memory: 5872.63 MB used,  1753.76 MB free, 134217728.00 MB total
[2018.10.21-16.35.02:063][  0]LogMemory: 
[2018.10.21-16.35.02:063][  0]Allocator Stats for TBB: (not implemented)
[2018.10.21-16.35.02:906][  0]LogMaterial: Missing cached shader map for material M_Brick_Clay_Old, compiling. 
[2018.10.21-16.35.02:970][  0]LogMaterial: Missing cached shader map for material M_Rock_Basalt, compiling. 
[2018.10.21-16.35.03:044][  0]LogMaterial: Missing cached shader map for material m_flare_01, compiling. 
[2018.10.21-16.35.03:064][  0]LogMaterial: Missing cached shader map for material M_radial_ramp, compiling. 
[2018.10.21-16.35.03:083][  0]LogMaterial: Missing cached shader map for material M_explosion_subUV, compiling. 
[2018.10.21-16.35.03:102][  0]LogMaterial: Missing cached shader map for material M_Burst, compiling. 
[2018.10.21-16.35.03:124][  0]LogMaterial: Missing cached shader map for material M_smoke_subUV, compiling. 
[2018.10.21-16.35.03:214][  0]LogMaterial: Missing cached shader map for material M_Metal_Gold, compiling. 
[2018.10.21-16.35.03:265][  0]LogMaterial: Missing cached shader map for material M_UE4Man_Body, compiling. 
[2018.10.21-16.35.03:334][  0]LogMaterial: Missing cached shader map for material M_UE4Man_Body, compiling. 
[2018.10.21-16.35.03:409][  0]LogMaterial: Missing cached shader map for material CubeMaterial, compiling. 
[2018.10.21-16.35.03:463][  0]LogMaterial: Missing cached shader map for material M_Sky_Panning_Clouds2, compiling. 
[2018.10.21-16.35.04:462][  0]LogAIModule: Creating AISystem for world TempleRun
[2018.10.21-16.35.04:463][  0]LogLoad: Game class is 'ThirdPersonGameMode_C'
[2018.10.21-16.35.04:466][  0]LogWorld: Bringing World /Temp/Autosaves/Game/Levels/TempleRun/UEDPCTempleRun.TempleRun up for play (max tick rate 0) at 2018.10.21-18.35.04
[2018.10.21-16.35.04:467][  0]LogWorld: Bringing up level for play took: 0.001963
[2018.10.21-16.35.04:634][  0]LogLoad: Took 2.603130 seconds to LoadMap(/Temp/Autosaves/Game/Levels/TempleRun/UEDPCTempleRun)
[2018.10.21-16.35.05:910][  0]LogRenderer: Reallocating scene render targets to support 1280x720 NumSamples 1 (Frame:1).
[2018.10.21-16.35.05:910][  0]LogLoad: (Engine Initialization) Total time: 50.04 seconds
[2018.10.21-16.35.05:910][  0]LogLoad: (Engine Initialization) Total Blueprint compile time: 0.54 seconds
[2018.10.21-16.35.05:910][  0]LogExternalProfiler: No external profilers were discovered.  External profiling features will not be available.
[2018.10.21-16.35.05:930][  0]LogOcInput: OculusInput pre-init called
[2018.10.21-16.35.05:930][  0]LogHMD: Starting GearVRController plugin
[2018.10.21-16.35.10:337][264]LogNet: Browse: /Temp/Autosaves/Game/Levels/TempleRun/UEDPCTempleRun?Name=Player?restart
[2018.10.21-16.35.10:337][264]LogLoad: LoadMap: /Temp/Autosaves/Game/Levels/TempleRun/UEDPCTempleRun?Name=Player
[2018.10.21-16.35.10:382][264]LogMemory: Platform Memory Stats for Windows
[2018.10.21-16.35.10:382][264]LogMemory: Process Physical Memory: 1130.12 MB used, 1130.12 MB peak
[2018.10.21-16.35.10:382][264]LogMemory: Process Virtual Memory: 1354.95 MB used, 1356.41 MB peak
[2018.10.21-16.35.10:382][264]LogMemory: Physical Memory: 6534.68 MB used,  1619.57 MB free, 8154.25 MB total
[2018.10.21-16.35.10:382][264]LogMemory: Virtual Memory: 6148.00 MB used,  1619.57 MB free, 134217728.00 MB total
[2018.10.21-16.35.10:382][264]LogMemory: 
[2018.10.21-16.35.10:382][264]Allocator Stats for TBB: (not implemented)
[2018.10.21-16.35.11:166][264]LogAIModule: Creating AISystem for world TempleRun
[2018.10.21-16.35.11:166][264]LogLoad: Game class is 'ThirdPersonGameMode_C'
[2018.10.21-16.35.11:168][264]LogWorld: Bringing World /Temp/Autosaves/Game/Levels/TempleRun/UEDPCTempleRun.TempleRun up for play (max tick rate 0) at 2018.10.21-18.35.11
[2018.10.21-16.35.11:169][264]LogWorld: Bringing up level for play took: 0.001139
[2018.10.21-16.35.11:198][264]LogLoad: Took 0.862013 seconds to LoadMap(/Temp/Autosaves/Game/Levels/TempleRun/UEDPCTempleRun)
[2018.10.21-16.35.11:202][265]LogCharacterMovement:Warning: GetSimulationTimeStep() - Max iterations 8 hit while remaining time 0.086060 > MaxSimulationTimeStep (0.050) for 'ThirdPersonCharacter_C_0', movement 'Walking'
[2018.10.21-16.36.07:285][628]LogNet: Browse: /Temp/Autosaves/Game/Levels/TempleRun/UEDPCTempleRun?Name=Player?restart
[2018.10.21-16.36.07:285][628]LogLoad: LoadMap: /Temp/Autosaves/Game/Levels/TempleRun/UEDPCTempleRun?Name=Player
[2018.10.21-16.36.07:332][628]LogMemory: Platform Memory Stats for Windows
[2018.10.21-16.36.07:332][628]LogMemory: Process Physical Memory: 1158.84 MB used, 1161.72 MB peak
[2018.10.21-16.36.07:332][628]LogMemory: Process Virtual Memory: 1380.92 MB used, 1384.42 MB peak
[2018.10.21-16.36.07:332][628]LogMemory: Physical Memory: 6509.96 MB used,  1644.29 MB free, 8154.25 MB total
[2018.10.21-16.36.07:332][628]LogMemory: Virtual Memory: 6153.25 MB used,  1644.29 MB free, 134217728.00 MB total
[2018.10.21-16.36.07:332][628]LogMemory: 
[2018.10.21-16.36.07:332][628]Allocator Stats for TBB: (not implemented)
[2018.10.21-16.36.08:128][628]LogAIModule: Creating AISystem for world TempleRun
[2018.10.21-16.36.08:128][628]LogLoad: Game class is 'ThirdPersonGameMode_C'
[2018.10.21-16.36.08:130][628]LogWorld: Bringing World /Temp/Autosaves/Game/Levels/TempleRun/UEDPCTempleRun.TempleRun up for play (max tick rate 0) at 2018.10.21-18.36.08
[2018.10.21-16.36.08:130][628]LogWorld: Bringing up level for play took: 0.001047
[2018.10.21-16.36.08:152][628]LogLoad: Took 0.867747 seconds to LoadMap(/Temp/Autosaves/Game/Levels/TempleRun/UEDPCTempleRun)
[2018.10.21-16.36.08:154][629]LogCharacterMovement:Warning: GetSimulationTimeStep() - Max iterations 8 hit while remaining time 0.085316 > MaxSimulationTimeStep (0.050) for 'ThirdPersonCharacter_C_0', movement 'Walking'
[2018.10.21-16.36.10:801][788]LogNet: Browse: /Temp/Autosaves/Game/Levels/TempleRun/UEDPCTempleRun?Name=Player?restart
[2018.10.21-16.36.10:801][788]LogLoad: LoadMap: /Temp/Autosaves/Game/Levels/TempleRun/UEDPCTempleRun?Name=Player
[2018.10.21-16.36.10:836][788]LogMemory: Platform Memory Stats for Windows
[2018.10.21-16.36.10:836][788]LogMemory: Process Physical Memory: 1162.42 MB used, 1164.97 MB peak
[2018.10.21-16.36.10:836][788]LogMemory: Process Virtual Memory: 1391.91 MB used, 1391.91 MB peak
[2018.10.21-16.36.10:836][788]LogMemory: Physical Memory: 6626.32 MB used,  1527.93 MB free, 8154.25 MB total
[2018.10.21-16.36.10:836][788]LogMemory: Virtual Memory: 6155.75 MB used,  1527.93 MB free, 134217728.00 MB total
[2018.10.21-16.36.10:836][788]LogMemory: 
[2018.10.21-16.36.10:836][788]Allocator Stats for TBB: (not implemented)
[2018.10.21-16.36.11:515][788]LogAIModule: Creating AISystem for world TempleRun
[2018.10.21-16.36.11:516][788]LogLoad: Game class is 'ThirdPersonGameMode_C'
[2018.10.21-16.36.11:518][788]LogWorld: Bringing World /Temp/Autosaves/Game/Levels/TempleRun/UEDPCTempleRun.TempleRun up for play (max tick rate 0) at 2018.10.21-18.36.11
[2018.10.21-16.36.11:518][788]LogWorld: Bringing up level for play took: 0.001145
[2018.10.21-16.36.11:540][788]LogLoad: Took 0.738721 seconds to LoadMap(/Temp/Autosaves/Game/Levels/TempleRun/UEDPCTempleRun)
[2018.10.21-16.36.11:543][789]LogCharacterMovement:Warning: GetSimulationTimeStep() - Max iterations 8 hit while remaining time 0.085622 > MaxSimulationTimeStep (0.050) for 'ThirdPersonCharacter_C_0', movement 'Walking'
[2018.10.21-16.36.15:672][  2]LogNet: Browse: /Temp/Autosaves/Game/Levels/TempleRun/UEDPCTempleRun?Name=Player?restart
[2018.10.21-16.36.15:672][  2]LogLoad: LoadMap: /Temp/Autosaves/Game/Levels/TempleRun/UEDPCTempleRun?Name=Player
[2018.10.21-16.36.15:708][  2]LogMemory: Platform Memory Stats for Windows
[2018.10.21-16.36.15:708][  2]LogMemory: Process Physical Memory: 1164.03 MB used, 1165.31 MB peak
[2018.10.21-16.36.15:708][  2]LogMemory: Process Virtual Memory: 1455.98 MB used, 1455.98 MB peak
[2018.10.21-16.36.15:708][  2]LogMemory: Physical Memory: 6601.01 MB used,  1553.23 MB free, 8154.25 MB total
[2018.10.21-16.36.15:708][  2]LogMemory: Virtual Memory: 6241.13 MB used,  1553.23 MB free, 134217728.00 MB total
[2018.10.21-16.36.15:708][  2]LogMemory: 
[2018.10.21-16.36.15:708][  2]Allocator Stats for TBB: (not implemented)
[2018.10.21-16.36.16:394][  2]LogAIModule: Creating AISystem for world TempleRun
[2018.10.21-16.36.16:394][  2]LogLoad: Game class is 'ThirdPersonGameMode_C'
[2018.10.21-16.36.16:396][  2]LogWorld: Bringing World /Temp/Autosaves/Game/Levels/TempleRun/UEDPCTempleRun.TempleRun up for play (max tick rate 0) at 2018.10.21-18.36.16
[2018.10.21-16.36.16:396][  2]LogWorld: Bringing up level for play took: 0.001090
[2018.10.21-16.36.16:422][  2]LogLoad: Took 0.749636 seconds to LoadMap(/Temp/Autosaves/Game/Levels/TempleRun/UEDPCTempleRun)
[2018.10.21-16.36.16:425][  3]LogCharacterMovement:Warning: GetSimulationTimeStep() - Max iterations 8 hit while remaining time 0.085997 > MaxSimulationTimeStep (0.050) for 'ThirdPersonCharacter_C_0', movement 'Walking'
[2018.10.21-16.36.24:384][478]LogNet: Browse: /Temp/Autosaves/Game/Levels/TempleRun/UEDPCTempleRun?Name=Player?restart
[2018.10.21-16.36.24:384][478]LogLoad: LoadMap: /Temp/Autosaves/Game/Levels/TempleRun/UEDPCTempleRun?Name=Player
[2018.10.21-16.36.24:421][478]LogMemory: Platform Memory Stats for Windows
[2018.10.21-16.36.24:421][478]LogMemory: Process Physical Memory: 1164.86 MB used, 1167.51 MB peak
[2018.10.21-16.36.24:421][478]LogMemory: Process Virtual Memory: 1492.59 MB used, 1492.59 MB peak
[2018.10.21-16.36.24:421][478]LogMemory: Physical Memory: 6682.51 MB used,  1471.74 MB free, 8154.25 MB total
[2018.10.21-16.36.24:421][478]LogMemory: Virtual Memory: 6277.13 MB used,  1471.74 MB free, 134217728.00 MB total
[2018.10.21-16.36.24:421][478]LogMemory: 
[2018.10.21-16.36.24:421][478]Allocator Stats for TBB: (not implemented)
[2018.10.21-16.36.25:294][478]LogAIModule: Creating AISystem for world TempleRun
[2018.10.21-16.36.25:294][478]LogLoad: Game class is 'ThirdPersonGameMode_C'
[2018.10.21-16.36.25:296][478]LogWorld: Bringing World /Temp/Autosaves/Game/Levels/TempleRun/UEDPCTempleRun.TempleRun up for play (max tick rate 0) at 2018.10.21-18.36.25
[2018.10.21-16.36.25:296][478]LogWorld: Bringing up level for play took: 0.001086
[2018.10.21-16.36.25:326][478]LogLoad: Took 0.941626 seconds to LoadMap(/Temp/Autosaves/Game/Levels/TempleRun/UEDPCTempleRun)
[2018.10.21-16.36.25:329][479]LogCharacterMovement:Warning: GetSimulationTimeStep() - Max iterations 8 hit while remaining time 0.085307 > MaxSimulationTimeStep (0.050) for 'ThirdPersonCharacter_C_0', movement 'Walking'
[2018.10.21-16.36.32:627][916]LogNet: Browse: /Temp/Autosaves/Game/Levels/TempleRun/UEDPCTempleRun?Name=Player?restart
[2018.10.21-16.36.32:627][916]LogLoad: LoadMap: /Temp/Autosaves/Game/Levels/TempleRun/UEDPCTempleRun?Name=Player
[2018.10.21-16.36.32:669][916]LogMemory: Platform Memory Stats for Windows
[2018.10.21-16.36.32:669][916]LogMemory: Process Physical Memory: 1165.69 MB used, 1168.40 MB peak
[2018.10.21-16.36.32:669][916]LogMemory: Process Virtual Memory: 1525.20 MB used, 1528.25 MB peak
[2018.10.21-16.36.32:669][916]LogMemory: Physical Memory: 6676.99 MB used,  1477.25 MB free, 8154.25 MB total
[2018.10.21-16.36.32:669][916]LogMemory: Virtual Memory: 6313.13 MB used,  1477.25 MB free, 134217728.00 MB total
[2018.10.21-16.36.32:669][916]LogMemory: 
[2018.10.21-16.36.32:669][916]Allocator Stats for TBB: (not implemented)
[2018.10.21-16.36.33:520][916]LogAIModule: Creating AISystem for world TempleRun
[2018.10.21-16.36.33:520][916]LogLoad: Game class is 'ThirdPersonGameMode_C'
[2018.10.21-16.36.33:522][916]LogWorld: Bringing World /Temp/Autosaves/Game/Levels/TempleRun/UEDPCTempleRun.TempleRun up for play (max tick rate 0) at 2018.10.21-18.36.33
[2018.10.21-16.36.33:522][916]LogWorld: Bringing up level for play took: 0.001195
[2018.10.21-16.36.33:547][916]LogLoad: Took 0.919339 seconds to LoadMap(/Temp/Autosaves/Game/Levels/TempleRun/UEDPCTempleRun)
[2018.10.21-16.36.33:549][917]LogCharacterMovement:Warning: GetSimulationTimeStep() - Max iterations 8 hit while remaining time 0.085909 > MaxSimulationTimeStep (0.050) for 'ThirdPersonCharacter_C_0', movement 'Walking'
[2018.10.21-16.36.36:182][ 74]LogNet: Browse: /Temp/Autosaves/Game/Levels/TempleRun/UEDPCTempleRun?Name=Player?restart
[2018.10.21-16.36.36:182][ 74]LogLoad: LoadMap: /Temp/Autosaves/Game/Levels/TempleRun/UEDPCTempleRun?Name=Player
[2018.10.21-16.36.36:220][ 74]LogMemory: Platform Memory Stats for Windows
[2018.10.21-16.36.36:220][ 74]LogMemory: Process Physical Memory: 1166.66 MB used, 1168.40 MB peak
[2018.10.21-16.36.36:220][ 74]LogMemory: Process Virtual Memory: 1534.11 MB used, 1535.47 MB peak
[2018.10.21-16.36.36:220][ 74]LogMemory: Physical Memory: 6667.95 MB used,  1486.30 MB free, 8154.25 MB total
[2018.10.21-16.36.36:220][ 74]LogMemory: Virtual Memory: 6314.57 MB used,  1486.30 MB free, 134217728.00 MB total
[2018.10.21-16.36.36:220][ 74]LogMemory: 
[2018.10.21-16.36.36:220][ 74]Allocator Stats for TBB: (not implemented)
[2018.10.21-16.36.37:053][ 74]LogAIModule: Creating AISystem for world TempleRun
[2018.10.21-16.36.37:053][ 74]LogLoad: Game class is 'ThirdPersonGameMode_C'
[2018.10.21-16.36.37:055][ 74]LogWorld: Bringing World /Temp/Autosaves/Game/Levels/TempleRun/UEDPCTempleRun.TempleRun up for play (max tick rate 0) at 2018.10.21-18.36.37
[2018.10.21-16.36.37:055][ 74]LogWorld: Bringing up level for play took: 0.000979
[2018.10.21-16.36.37:086][ 74]LogLoad: Took 0.905267 seconds to LoadMap(/Temp/Autosaves/Game/Levels/TempleRun/UEDPCTempleRun)
[2018.10.21-16.36.37:089][ 75]LogCharacterMovement:Warning: GetSimulationTimeStep() - Max iterations 8 hit while remaining time 0.085902 > MaxSimulationTimeStep (0.050) for 'ThirdPersonCharacter_C_0', movement 'Walking'
[2018.10.21-16.36.52:395][990]LogNet: Browse: /Temp/Autosaves/Game/Levels/TempleRun/UEDPCTempleRun?Name=Player?restart
[2018.10.21-16.36.52:395][990]LogLoad: LoadMap: /Temp/Autosaves/Game/Levels/TempleRun/UEDPCTempleRun?Name=Player
[2018.10.21-16.36.52:434][990]LogMemory: Platform Memory Stats for Windows
[2018.10.21-16.36.52:434][990]LogMemory: Process Physical Memory: 1169.16 MB used, 1175.71 MB peak
[2018.10.21-16.36.52:434][990]LogMemory: Process Virtual Memory: 1529.84 MB used, 1543.24 MB peak
[2018.10.21-16.36.52:434][990]LogMemory: Physical Memory: 6688.97 MB used,  1465.27 MB free, 8154.25 MB total
[2018.10.21-16.36.52:434][990]LogMemory: Virtual Memory: 6311.50 MB used,  1465.27 MB free, 134217728.00 MB total
[2018.10.21-16.36.52:434][990]LogMemory: 
[2018.10.21-16.36.52:434][990]Allocator Stats for TBB: (not implemented)
[2018.10.21-16.36.53:284][990]LogAIModule: Creating AISystem for world TempleRun
[2018.10.21-16.36.53:284][990]LogLoad: Game class is 'ThirdPersonGameMode_C'
[2018.10.21-16.36.53:287][990]LogWorld: Bringing World /Temp/Autosaves/Game/Levels/TempleRun/UEDPCTempleRun.TempleRun up for play (max tick rate 0) at 2018.10.21-18.36.53
[2018.10.21-16.36.53:287][990]LogWorld: Bringing up level for play took: 0.001262
[2018.10.21-16.36.53:307][990]LogLoad: Took 0.911624 seconds to LoadMap(/Temp/Autosaves/Game/Levels/TempleRun/UEDPCTempleRun)
[2018.10.21-16.36.53:310][991]LogCharacterMovement:Warning: GetSimulationTimeStep() - Max iterations 8 hit while remaining time 0.085765 > MaxSimulationTimeStep (0.050) for 'ThirdPersonCharacter_C_0', movement 'Walking'
[2018.10.21-16.36.56:602][188]LogNet: Browse: /Temp/Autosaves/Game/Levels/TempleRun/UEDPCTempleRun?Name=Player?restart
[2018.10.21-16.36.56:602][188]LogLoad: LoadMap: /Temp/Autosaves/Game/Levels/TempleRun/UEDPCTempleRun?Name=Player
[2018.10.21-16.36.56:640][188]LogMemory: Platform Memory Stats for Windows
[2018.10.21-16.36.56:640][188]LogMemory: Process Physical Memory: 1166.32 MB used, 1175.71 MB peak
[2018.10.21-16.36.56:640][188]LogMemory: Process Virtual Memory: 1495.95 MB used, 1543.24 MB peak
[2018.10.21-16.36.56:640][188]LogMemory: Physical Memory: 6696.05 MB used,  1458.20 MB free, 8154.25 MB total
[2018.10.21-16.36.56:640][188]LogMemory: Virtual Memory: 6296.38 MB used,  1458.20 MB free, 134217728.00 MB total
[2018.10.21-16.36.56:640][188]LogMemory: 
[2018.10.21-16.36.56:640][188]Allocator Stats for TBB: (not implemented)
[2018.10.21-16.36.57:491][188]LogAIModule: Creating AISystem for world TempleRun
[2018.10.21-16.36.57:491][188]LogLoad: Game class is 'ThirdPersonGameMode_C'
[2018.10.21-16.36.57:493][188]LogWorld: Bringing World /Temp/Autosaves/Game/Levels/TempleRun/UEDPCTempleRun.TempleRun up for play (max tick rate 0) at 2018.10.21-18.36.57
[2018.10.21-16.36.57:494][188]LogWorld: Bringing up level for play took: 0.001398
[2018.10.21-16.36.57:525][188]LogLoad: Took 0.922715 seconds to LoadMap(/Temp/Autosaves/Game/Levels/TempleRun/UEDPCTempleRun)
[2018.10.21-16.36.57:528][189]LogCharacterMovement:Warning: GetSimulationTimeStep() - Max iterations 8 hit while remaining time 0.085378 > MaxSimulationTimeStep (0.050) for 'ThirdPersonCharacter_C_0', movement 'Walking'
[2018.10.21-16.37.00:823][386]LogNet: Browse: /Temp/Autosaves/Game/Levels/TempleRun/UEDPCTempleRun?Name=Player?restart
[2018.10.21-16.37.00:823][386]LogLoad: LoadMap: /Temp/Autosaves/Game/Levels/TempleRun/UEDPCTempleRun?Name=Player
[2018.10.21-16.37.00:859][386]LogMemory: Platform Memory Stats for Windows
[2018.10.21-16.37.00:859][386]LogMemory: Process Physical Memory: 1166.12 MB used, 1175.71 MB peak
[2018.10.21-16.37.00:859][386]LogMemory: Process Virtual Memory: 1522.27 MB used, 1543.24 MB peak
[2018.10.21-16.37.00:859][386]LogMemory: Physical Memory: 6699.52 MB used,  1454.72 MB free, 8154.25 MB total
[2018.10.21-16.37.00:859][386]LogMemory: Virtual Memory: 6296.38 MB used,  1454.72 MB free, 134217728.00 MB total
[2018.10.21-16.37.00:859][386]LogMemory: 
[2018.10.21-16.37.00:859][386]Allocator Stats for TBB: (not implemented)
[2018.10.21-16.37.01:695][386]LogAIModule: Creating AISystem for world TempleRun
[2018.10.21-16.37.01:695][386]LogLoad: Game class is 'ThirdPersonGameMode_C'
[2018.10.21-16.37.01:697][386]LogWorld: Bringing World /Temp/Autosaves/Game/Levels/TempleRun/UEDPCTempleRun.TempleRun up for play (max tick rate 0) at 2018.10.21-18.37.01
[2018.10.21-16.37.01:697][386]LogWorld: Bringing up level for play took: 0.001084
[2018.10.21-16.37.01:721][386]LogLoad: Took 0.899314 seconds to LoadMap(/Temp/Autosaves/Game/Levels/TempleRun/UEDPCTempleRun)
[2018.10.21-16.37.01:724][387]LogCharacterMovement:Warning: GetSimulationTimeStep() - Max iterations 8 hit while remaining time 0.085426 > MaxSimulationTimeStep (0.050) for 'ThirdPersonCharacter_C_0', movement 'Walking'
[2018.10.21-16.37.07:028][705]LogNet: Browse: /Temp/Autosaves/Game/Levels/TempleRun/UEDPCTempleRun?Name=Player?restart
[2018.10.21-16.37.07:029][705]LogLoad: LoadMap: /Temp/Autosaves/Game/Levels/TempleRun/UEDPCTempleRun?Name=Player
[2018.10.21-16.37.07:069][705]LogMemory: Platform Memory Stats for Windows
[2018.10.21-16.37.07:069][705]LogMemory: Process Physical Memory: 1166.34 MB used, 1175.71 MB peak
[2018.10.21-16.37.07:069][705]LogMemory: Process Virtual Memory: 1517.28 MB used, 1543.24 MB peak
[2018.10.21-16.37.07:069][705]LogMemory: Physical Memory: 6693.47 MB used,  1460.78 MB free, 8154.25 MB total
[2018.10.21-16.37.07:069][705]LogMemory: Virtual Memory: 6312.38 MB used,  1460.78 MB free, 134217728.00 MB total
[2018.10.21-16.37.07:069][705]LogMemory: 
[2018.10.21-16.37.07:069][705]Allocator Stats for TBB: (not implemented)
[2018.10.21-16.37.07:943][705]LogAIModule: Creating AISystem for world TempleRun
[2018.10.21-16.37.07:943][705]LogLoad: Game class is 'ThirdPersonGameMode_C'
[2018.10.21-16.37.07:962][705]LogWorld: Bringing World /Temp/Autosaves/Game/Levels/TempleRun/UEDPCTempleRun.TempleRun up for play (max tick rate 0) at 2018.10.21-18.37.07
[2018.10.21-16.37.07:962][705]LogWorld: Bringing up level for play took: 0.001232
[2018.10.21-16.37.07:992][705]LogLoad: Took 0.963796 seconds to LoadMap(/Temp/Autosaves/Game/Levels/TempleRun/UEDPCTempleRun)
[2018.10.21-16.37.07:996][706]LogCharacterMovement:Warning: GetSimulationTimeStep() - Max iterations 8 hit while remaining time 0.085939 > MaxSimulationTimeStep (0.050) for 'ThirdPersonCharacter_C_0', movement 'Walking'
[2018.10.21-16.37.17:288][263]LogNet: Browse: /Temp/Autosaves/Game/Levels/TempleRun/UEDPCTempleRun?Name=Player?restart
[2018.10.21-16.37.17:288][263]LogLoad: LoadMap: /Temp/Autosaves/Game/Levels/TempleRun/UEDPCTempleRun?Name=Player
[2018.10.21-16.37.17:328][263]LogMemory: Platform Memory Stats for Windows
[2018.10.21-16.37.17:328][263]LogMemory: Process Physical Memory: 1168.70 MB used, 1175.71 MB peak
[2018.10.21-16.37.17:328][263]LogMemory: Process Virtual Memory: 1523.10 MB used, 1543.24 MB peak
[2018.10.21-16.37.17:328][263]LogMemory: Physical Memory: 6680.61 MB used,  1473.64 MB free, 8154.25 MB total
[2018.10.21-16.37.17:328][263]LogMemory: Virtual Memory: 6360.38 MB used,  1473.64 MB free, 134217728.00 MB total
[2018.10.21-16.37.17:328][263]LogMemory: 
[2018.10.21-16.37.17:328][263]Allocator Stats for TBB: (not implemented)
[2018.10.21-16.37.18:224][263]LogAIModule: Creating AISystem for world TempleRun
[2018.10.21-16.37.18:225][263]LogLoad: Game class is 'ThirdPersonGameMode_C'
[2018.10.21-16.37.18:232][263]LogWorld: Bringing World /Temp/Autosaves/Game/Levels/TempleRun/UEDPCTempleRun.TempleRun up for play (max tick rate 0) at 2018.10.21-18.37.18
[2018.10.21-16.37.18:233][263]LogWorld: Bringing up level for play took: 0.001147
[2018.10.21-16.37.18:261][263]LogLoad: Took 0.972194 seconds to LoadMap(/Temp/Autosaves/Game/Levels/TempleRun/UEDPCTempleRun)
[2018.10.21-16.37.18:264][264]LogCharacterMovement:Warning: GetSimulationTimeStep() - Max iterations 8 hit while remaining time 0.085373 > MaxSimulationTimeStep (0.050) for 'ThirdPersonCharacter_C_0', movement 'Walking'
[2018.10.21-16.37.24:912][658]LogNet: Browse: /Temp/Autosaves/Game/Levels/TempleRun/UEDPCTempleRun?Name=Player?restart
[2018.10.21-16.37.24:912][658]LogLoad: LoadMap: /Temp/Autosaves/Game/Levels/TempleRun/UEDPCTempleRun?Name=Player
[2018.10.21-16.37.24:951][658]LogMemory: Platform Memory Stats for Windows
[2018.10.21-16.37.24:951][658]LogMemory: Process Physical Memory: 1168.86 MB used, 1175.71 MB peak
[2018.10.21-16.37.24:951][658]LogMemory: Process Virtual Memory: 1526.00 MB used, 1543.24 MB peak
[2018.10.21-16.37.24:951][658]LogMemory: Physical Memory: 6723.78 MB used,  1430.47 MB free, 8154.25 MB total
[2018.10.21-16.37.24:951][658]LogMemory: Virtual Memory: 6356.38 MB used,  1430.47 MB free, 134217728.00 MB total
[2018.10.21-16.37.24:951][658]LogMemory: 
[2018.10.21-16.37.24:951][658]Allocator Stats for TBB: (not implemented)
[2018.10.21-16.37.25:827][658]LogAIModule: Creating AISystem for world TempleRun
[2018.10.21-16.37.25:827][658]LogLoad: Game class is 'ThirdPersonGameMode_C'
[2018.10.21-16.37.25:829][658]LogWorld: Bringing World /Temp/Autosaves/Game/Levels/TempleRun/UEDPCTempleRun.TempleRun up for play (max tick rate 0) at 2018.10.21-18.37.25
[2018.10.21-16.37.25:829][658]LogWorld: Bringing up level for play took: 0.000994
[2018.10.21-16.37.25:856][658]LogLoad: Took 0.945331 seconds to LoadMap(/Temp/Autosaves/Game/Levels/TempleRun/UEDPCTempleRun)
[2018.10.21-16.37.25:859][659]LogCharacterMovement:Warning: GetSimulationTimeStep() - Max iterations 8 hit while remaining time 0.085894 > MaxSimulationTimeStep (0.050) for 'ThirdPersonCharacter_C_0', movement 'Walking'
[2018.10.21-16.37.33:155][ 96]LogNet: Browse: /Temp/Autosaves/Game/Levels/TempleRun/UEDPCTempleRun?Name=Player?restart
[2018.10.21-16.37.33:155][ 96]LogLoad: LoadMap: /Temp/Autosaves/Game/Levels/TempleRun/UEDPCTempleRun?Name=Player
[2018.10.21-16.37.33:190][ 96]LogMemory: Platform Memory Stats for Windows
[2018.10.21-16.37.33:190][ 96]LogMemory: Process Physical Memory: 1169.13 MB used, 1175.71 MB peak
[2018.10.21-16.37.33:190][ 96]LogMemory: Process Virtual Memory: 1487.93 MB used, 1543.24 MB peak
[2018.10.21-16.37.33:190][ 96]LogMemory: Physical Memory: 6671.72 MB used,  1482.52 MB free, 8154.25 MB total
[2018.10.21-16.37.33:190][ 96]LogMemory: Virtual Memory: 6356.38 MB used,  1482.52 MB free, 134217728.00 MB total
[2018.10.21-16.37.33:190][ 96]LogMemory: 
[2018.10.21-16.37.33:190][ 96]Allocator Stats for TBB: (not implemented)
[2018.10.21-16.37.33:919][ 96]LogAIModule: Creating AISystem for world TempleRun
[2018.10.21-16.37.33:919][ 96]LogLoad: Game class is 'ThirdPersonGameMode_C'
[2018.10.21-16.37.33:921][ 96]LogWorld: Bringing World /Temp/Autosaves/Game/Levels/TempleRun/UEDPCTempleRun.TempleRun up for play (max tick rate 0) at 2018.10.21-18.37.33
[2018.10.21-16.37.33:921][ 96]LogWorld: Bringing up level for play took: 0.001102
[2018.10.21-16.37.33:949][ 96]LogLoad: Took 0.795075 seconds to LoadMap(/Temp/Autosaves/Game/Levels/TempleRun/UEDPCTempleRun)
[2018.10.21-16.37.33:952][ 97]LogCharacterMovement:Warning: GetSimulationTimeStep() - Max iterations 8 hit while remaining time 0.086427 > MaxSimulationTimeStep (0.050) for 'ThirdPersonCharacter_C_0', movement 'Walking'
[2018.10.21-16.37.45:918][813]LogNet: Browse: /Temp/Autosaves/Game/Levels/TempleRun/UEDPCTempleRun?Name=Player?restart
[2018.10.21-16.37.45:918][813]LogLoad: LoadMap: /Temp/Autosaves/Game/Levels/TempleRun/UEDPCTempleRun?Name=Player
[2018.10.21-16.37.45:959][813]LogMemory: Platform Memory Stats for Windows
[2018.10.21-16.37.45:959][813]LogMemory: Process Physical Memory: 1169.93 MB used, 1175.71 MB peak
[2018.10.21-16.37.45:959][813]LogMemory: Process Virtual Memory: 1456.40 MB used, 1543.24 MB peak
[2018.10.21-16.37.45:959][813]LogMemory: Physical Memory: 6716.04 MB used,  1438.20 MB free, 8154.25 MB total
[2018.10.21-16.37.45:959][813]LogMemory: Virtual Memory: 6320.38 MB used,  1438.20 MB free, 134217728.00 MB total
[2018.10.21-16.37.45:959][813]LogMemory: 
[2018.10.21-16.37.45:959][813]Allocator Stats for TBB: (not implemented)
[2018.10.21-16.37.46:914][813]LogAIModule: Creating AISystem for world TempleRun
[2018.10.21-16.37.46:914][813]LogLoad: Game class is 'ThirdPersonGameMode_C'
[2018.10.21-16.37.46:916][813]LogWorld: Bringing World /Temp/Autosaves/Game/Levels/TempleRun/UEDPCTempleRun.TempleRun up for play (max tick rate 0) at 2018.10.21-18.37.46
[2018.10.21-16.37.46:916][813]LogWorld: Bringing up level for play took: 0.001064
[2018.10.21-16.37.46:944][813]LogLoad: Took 1.027042 seconds to LoadMap(/Temp/Autosaves/Game/Levels/TempleRun/UEDPCTempleRun)
[2018.10.21-16.37.46:947][814]LogCharacterMovement:Warning: GetSimulationTimeStep() - Max iterations 8 hit while remaining time 0.086138 > MaxSimulationTimeStep (0.050) for 'ThirdPersonCharacter_C_0', movement 'Walking'
[2018.10.21-16.37.53:586][213]LogNet: Browse: /Temp/Autosaves/Game/Levels/TempleRun/UEDPCTempleRun?Name=Player?restart
[2018.10.21-16.37.53:586][213]LogLoad: LoadMap: /Temp/Autosaves/Game/Levels/TempleRun/UEDPCTempleRun?Name=Player
[2018.10.21-16.37.53:628][213]LogMemory: Platform Memory Stats for Windows
[2018.10.21-16.37.53:629][213]LogMemory: Process Physical Memory: 1167.93 MB used, 1175.71 MB peak
[2018.10.21-16.37.53:629][213]LogMemory: Process Virtual Memory: 1455.23 MB used, 1543.24 MB peak
[2018.10.21-16.37.53:629][213]LogMemory: Physical Memory: 6693.41 MB used,  1460.84 MB free, 8154.25 MB total
[2018.10.21-16.37.53:629][213]LogMemory: Virtual Memory: 6319.32 MB used,  1460.84 MB free, 134217728.00 MB total
[2018.10.21-16.37.53:629][213]LogMemory: 
[2018.10.21-16.37.53:629][213]Allocator Stats for TBB: (not implemented)
[2018.10.21-16.37.54:157][213]LogAIModule: Creating AISystem for world TempleRun
[2018.10.21-16.37.54:158][213]LogLoad: Game class is 'ThirdPersonGameMode_C'
[2018.10.21-16.37.54:184][213]LogWorld: Bringing World /Temp/Autosaves/Game/Levels/TempleRun/UEDPCTempleRun.TempleRun up for play (max tick rate 0) at 2018.10.21-18.37.54
[2018.10.21-16.37.54:184][213]LogWorld: Bringing up level for play took: 0.001162
[2018.10.21-16.37.54:208][213]LogLoad: Took 0.623111 seconds to LoadMap(/Temp/Autosaves/Game/Levels/TempleRun/UEDPCTempleRun)
[2018.10.21-16.37.54:211][214]LogCharacterMovement:Warning: GetSimulationTimeStep() - Max iterations 8 hit while remaining time 0.085546 > MaxSimulationTimeStep (0.050) for 'ThirdPersonCharacter_C_0', movement 'Walking'
[2018.10.21-16.38.01:518][667]LogNet: Browse: /Temp/Autosaves/Game/Levels/TempleRun/UEDPCTempleRun?Name=Player?restart
[2018.10.21-16.38.01:519][667]LogLoad: LoadMap: /Temp/Autosaves/Game/Levels/TempleRun/UEDPCTempleRun?Name=Player
[2018.10.21-16.38.01:554][667]LogMemory: Platform Memory Stats for Windows
[2018.10.21-16.38.01:554][667]LogMemory: Process Physical Memory: 1169.19 MB used, 1175.71 MB peak
[2018.10.21-16.38.01:554][667]LogMemory: Process Virtual Memory: 1454.98 MB used, 1543.24 MB peak
[2018.10.21-16.38.01:554][667]LogMemory: Physical Memory: 6669.43 MB used,  1484.81 MB free, 8154.25 MB total
[2018.10.21-16.38.01:554][667]LogMemory: Virtual Memory: 6303.32 MB used,  1484.81 MB free, 134217728.00 MB total
[2018.10.21-16.38.01:554][667]LogMemory: 
[2018.10.21-16.38.01:554][667]Allocator Stats for TBB: (not implemented)
[2018.10.21-16.38.02:066][667]LogAIModule: Creating AISystem for world TempleRun
[2018.10.21-16.38.02:066][667]LogLoad: Game class is 'ThirdPersonGameMode_C'
[2018.10.21-16.38.02:068][667]LogWorld: Bringing World /Temp/Autosaves/Game/Levels/TempleRun/UEDPCTempleRun.TempleRun up for play (max tick rate 0) at 2018.10.21-18.38.02
[2018.10.21-16.38.02:068][667]LogWorld: Bringing up level for play took: 0.000969
[2018.10.21-16.38.02:095][667]LogLoad: Took 0.576876 seconds to LoadMap(/Temp/Autosaves/Game/Levels/TempleRun/UEDPCTempleRun)
[2018.10.21-16.38.02:098][668]LogCharacterMovement:Warning: GetSimulationTimeStep() - Max iterations 8 hit while remaining time 0.085294 > MaxSimulationTimeStep (0.050) for 'ThirdPersonCharacter_C_0', movement 'Walking'
[2018.10.21-16.38.06:727][955]LogNet: Browse: /Temp/Autosaves/Game/Levels/TempleRun/UEDPCTempleRun?Name=Player?restart
[2018.10.21-16.38.06:727][955]LogLoad: LoadMap: /Temp/Autosaves/Game/Levels/TempleRun/UEDPCTempleRun?Name=Player
[2018.10.21-16.38.06:763][955]LogMemory: Platform Memory Stats for Windows
[2018.10.21-16.38.06:763][955]LogMemory: Process Physical Memory: 1168.61 MB used, 1175.71 MB peak
[2018.10.21-16.38.06:763][955]LogMemory: Process Virtual Memory: 1443.87 MB used, 1543.24 MB peak
[2018.10.21-16.38.06:763][955]LogMemory: Physical Memory: 6686.04 MB used,  1468.20 MB free, 8154.25 MB total
[2018.10.21-16.38.06:763][955]LogMemory: Virtual Memory: 6279.32 MB used,  1468.20 MB free, 134217728.00 MB total
[2018.10.21-16.38.06:763][955]LogMemory: 
[2018.10.21-16.38.06:763][955]Allocator Stats for TBB: (not implemented)
[2018.10.21-16.38.07:265][955]LogAIModule: Creating AISystem for world TempleRun
[2018.10.21-16.38.07:266][955]LogLoad: Game class is 'ThirdPersonGameMode_C'
[2018.10.21-16.38.07:268][955]LogWorld: Bringing World /Temp/Autosaves/Game/Levels/TempleRun/UEDPCTempleRun.TempleRun up for play (max tick rate 0) at 2018.10.21-18.38.07
[2018.10.21-16.38.07:268][955]LogWorld: Bringing up level for play took: 0.000969
[2018.10.21-16.38.07:293][955]LogLoad: Took 0.565641 seconds to LoadMap(/Temp/Autosaves/Game/Levels/TempleRun/UEDPCTempleRun)
[2018.10.21-16.38.07:296][956]LogCharacterMovement:Warning: GetSimulationTimeStep() - Max iterations 8 hit while remaining time 0.085294 > MaxSimulationTimeStep (0.050) for 'ThirdPersonCharacter_C_0', movement 'Walking'
[2018.10.21-16.38.37:319][803]LogWindowsTextInputMethodSystem:Display: IME system now deactivated.
[2018.10.21-16.38.37:323][803]LogEngine: All Windows Closed
[2018.10.21-16.38.37:323][803]LogWindows: FPlatformMisc::RequestExit(0)
[2018.10.21-16.38.37:769][804]LogExit: Preparing to exit.
[2018.10.21-16.38.37:769][804]LogMoviePlayer: Shutting down movie player
[2018.10.21-16.38.38:651][804]LogExit: Game engine shut down
[2018.10.21-16.38.38:783][804]LogObj: Freed 0b from 0 cluster array pools.
[2018.10.21-16.38.38:783][804]LogExit: Object subsystem successfully closed.
[2018.10.21-16.38.38:809][804]LogD3D11RHI: Shutdown
[2018.10.21-16.38.38:809][804]LogD3D11RHI: CleanupD3DDevice
[2018.10.21-16.38.38:840][804]LogD3D11RHI: ~FD3D11DynamicRHI
[2018.10.21-16.38.38:901][804]LogModuleManager: Shutting down and abandoning module SequenceRecorderSections (296)
[2018.10.21-16.38.38:902][804]LogModuleManager: Shutting down and abandoning module SequenceRecorder (294)
[2018.10.21-16.38.38:902][804]LogModuleManager: Shutting down and abandoning module AutomationController (292)
[2018.10.21-16.38.38:903][804]LogModuleManager: Shutting down and abandoning module AutomationWorker (290)
[2018.10.21-16.38.38:903][804]LogModuleManager: Shutting down and abandoning module AIModule (288)
[2018.10.21-16.38.38:903][804]LogModuleManager: Shutting down and abandoning module GameplayDebugger (287)
[2018.10.21-16.38.38:903][804]LogModuleManager: Shutting down and abandoning module AITestSuite (285)
[2018.10.21-16.38.38:904][804]LogModuleManager: Shutting down and abandoning module WmfMediaFactory (282)
[2018.10.21-16.38.38:904][804]LogModuleManager: Shutting down and abandoning module AvfMediaFactory (280)
[2018.10.21-16.38.38:904][804]LogModuleManager: Shutting down and abandoning module AndroidMediaFactory (278)
[2018.10.21-16.38.38:904][804]LogModuleManager: Shutting down and abandoning module Media (277)
[2018.10.21-16.38.38:904][804]LogModuleManager: Shutting down and abandoning module CharacterAI (274)
[2018.10.21-16.38.38:904][804]LogModuleManager: Shutting down and abandoning module SessionServices (272)
[2018.10.21-16.38.38:904][804]LogModuleManager: Shutting down and abandoning module MovieSceneCapture (270)
[2018.10.21-16.38.38:904][804]LogModuleManager: Shutting down and abandoning module MovieSceneTracks (268)
[2018.10.21-16.38.38:904][804]LogModuleManager: Shutting down and abandoning module MovieScene (266)
[2018.10.21-16.38.38:904][804]LogModuleManager: Shutting down and abandoning module GeometryCache (264)
[2018.10.21-16.38.38:904][804]LogModuleManager: Shutting down and abandoning module GeometryCacheEd (263)
[2018.10.21-16.38.38:904][804]LogModuleManager: Shutting down and abandoning module Niagara (260)
[2018.10.21-16.38.38:904][804]LogModuleManager: Shutting down and abandoning module NiagaraEditor (259)
[2018.10.21-16.38.38:907][804]LogModuleManager: Shutting down and abandoning module StreamingPauseRendering (256)
[2018.10.21-16.38.38:907][804]LogModuleManager: Shutting down and abandoning module PortalServices (254)
[2018.10.21-16.38.38:907][804]LogModuleManager: Shutting down and abandoning module PortalRpc (252)
[2018.10.21-16.38.38:907][804]LogModuleManager: Shutting down and abandoning module MessagingRpc (250)
[2018.10.21-16.38.38:907][804]LogModuleManager: Shutting down and abandoning module ProfilerService (248)
[2018.10.21-16.38.39:103][804]LogModuleManager: Shutting down and abandoning module TaskGraph (246)
[2018.10.21-16.38.39:104][804]LogModuleManager: Shutting down and abandoning module SteamVRController (244)
[2018.10.21-16.38.39:104][804]LogModuleManager: Shutting down and abandoning module SteamVR (242)
[2018.10.21-16.38.39:104][804]LogModuleManager: Shutting down and abandoning module ProceduralMeshComponent (240)
[2018.10.21-16.38.39:105][804]LogModuleManager: Shutting down and abandoning module OculusLibrary (238)
[2018.10.21-16.38.39:105][804]LogModuleManager: Shutting down and abandoning module OculusInput (236)
[2018.10.21-16.38.39:105][804]LogModuleManager: Shutting down and abandoning module MobilePatchingUtils (234)
[2018.10.21-16.38.39:105][804]LogModuleManager: Shutting down and abandoning module CustomMeshComponent (232)
[2018.10.21-16.38.39:105][804]LogModuleManager: Shutting down and abandoning module CableComponent (230)
[2018.10.21-16.38.39:105][804]LogModuleManager: Shutting down and abandoning module ArchVisCharacter (228)
[2018.10.21-16.38.39:105][804]LogModuleManager: Shutting down and abandoning module AndroidPermission (226)
[2018.10.21-16.38.39:105][804]LogModuleManager: Shutting down and abandoning module HTML5Networking (222)
[2018.10.21-16.38.39:105][804]LogModuleManager: Shutting down and abandoning module VisualStudioSourceCodeAccess (220)
[2018.10.21-16.38.39:105][804]LogModuleManager: Shutting down and abandoning module DesktopPlatform (219)
[2018.10.21-16.38.39:105][804]LogModuleManager: Shutting down and abandoning module HotReload (217)
[2018.10.21-16.38.39:106][804]LogModuleManager: Shutting down and abandoning module UObjectPlugin (214)
[2018.10.21-16.38.39:106][804]LogModuleManager: Shutting down and abandoning module SubversionSourceControl (212)
[2018.10.21-16.38.39:107][804]LogModuleManager: Shutting down and abandoning module PerforceSourceControl (210)
[2018.10.21-16.38.39:108][804]LogModuleManager: Shutting down and abandoning module SourceControl (209)
[2018.10.21-16.38.39:109][804]LogModuleManager: Shutting down and abandoning module PhysXVehiclesEditor (206)
[2018.10.21-16.38.39:109][804]LogModuleManager: Shutting down and abandoning module PhysXVehicles (204)
[2018.10.21-16.38.39:109][804]LogModuleManager: Shutting down and abandoning module LocationServicesBPLibrary (202)
[2018.10.21-16.38.39:109][804]LogModuleManager: Shutting down and abandoning module ImmediatePhysicsEditor (200)
[2018.10.21-16.38.39:109][804]LogModuleManager: Shutting down and abandoning module ImmediatePhysics (198)
[2018.10.21-16.38.39:110][804]LogModuleManager: Shutting down and abandoning module UdpMessaging (196)
[2018.10.21-16.38.39:211][804]LogModuleManager: Shutting down and abandoning module TcpMessaging (194)
[2018.10.21-16.38.39:312][804]LogModuleManager: Shutting down and abandoning module GameplayTagsEditor (192)
[2018.10.21-16.38.39:312][804]LogModuleManager: Shutting down and abandoning module FacialAnimation (190)
[2018.10.21-16.38.39:312][804]LogModuleManager: Shutting down and abandoning module AssetManagerEditor (188)
[2018.10.21-16.38.39:313][804]LogModuleManager: Shutting down and abandoning module GraphEditor (187)
[2018.10.21-16.38.39:316][804]LogModuleManager: Shutting down and abandoning module ContentBrowser (185)
[2018.10.21-16.38.39:317][804]LogModuleManager: Shutting down and abandoning module CollectionManager (184)
[2018.10.21-16.38.39:317][804]LogDirectoryWatcher: A directory notification for 'E:/Project2/GITHUB DESKTOP/Bio/Bio/Content/Collections/' was aborted.
[2018.10.21-16.38.39:318][804]LogDirectoryWatcher: A directory notification for 'E:/Project2/GITHUB DESKTOP/Bio/Bio/Content/Developers/Ferran/Collections/' was aborted.
[2018.10.21-16.38.39:318][804]LogDirectoryWatcher: A directory notification for 'E:/Project2/GITHUB DESKTOP/Bio/Bio/Saved/Collections/' was aborted.
[2018.10.21-16.38.39:318][804]LogModuleManager: Shutting down and abandoning module DirectoryWatcher (183)
[2018.10.21-16.38.39:318][804]LogModuleManager: Shutting down and abandoning module LightPropagationVolumeRuntime (178)
[2018.10.21-16.38.39:318][804]LogModuleManager: Shutting down and abandoning module Paper2D (176)
[2018.10.21-16.38.39:319][804]LogModuleManager: Shutting down and abandoning module WindowsMoviePlayer (174)
[2018.10.21-16.38.39:319][804]LogModuleManager: Shutting down and abandoning module WmfMedia (172)
[2018.10.21-16.38.39:322][804]LogModuleManager: Shutting down and abandoning module ClothingSystemEditor (170)
[2018.10.21-16.38.39:322][804]LogModuleManager: Shutting down and abandoning module ClothingSystemRuntime (168)
[2018.10.21-16.38.39:323][804]LogModuleManager: Shutting down and abandoning module MediaAssets (166)
[2018.10.21-16.38.39:323][804]LogModuleManager: Shutting down and abandoning module GameLiveStreaming (164)
[2018.10.21-16.38.39:324][804]LogModuleManager: Shutting down and abandoning module VREditor (162)
[2018.10.21-16.38.39:324][804]LogModuleManager: Shutting down and abandoning module StringTableEditor (160)
[2018.10.21-16.38.39:325][804]LogModuleManager: Shutting down and abandoning module GameplayTasksEditor (158)
[2018.10.21-16.38.39:325][804]LogModuleManager: Shutting down and abandoning module BehaviorTreeEditor (156)
[2018.10.21-16.38.39:327][804]LogModuleManager: Shutting down and abandoning module FunctionalTesting (154)
[2018.10.21-16.38.39:327][804]LogModuleManager: Shutting down and abandoning module CollisionAnalyzer (152)
[2018.10.21-16.38.39:329][804]LogModuleManager: Shutting down and abandoning module UMG (150)
[2018.10.21-16.38.39:329][804]LogModuleManager: Shutting down and abandoning module UMGEditor (149)
[2018.10.21-16.38.39:333][804]LogModuleManager: Shutting down and abandoning module Sequencer (148)
[2018.10.21-16.38.39:335][804]LogModuleManager: Shutting down and abandoning module AssetTools (146)
[2018.10.21-16.38.39:339][804]LogModuleManager: Shutting down and abandoning module MessageLog (145)
[2018.10.21-16.38.39:339][804]LogModuleManager: Shutting down and abandoning module WorkspaceMenuStructure (144)
[2018.10.21-16.38.39:339][804]LogModuleManager: Shutting down and abandoning module SlateReflector (138)
[2018.10.21-16.38.39:343][804]LogModuleManager: Shutting down and abandoning module Slate (136)
[2018.10.21-16.38.39:343][804]LogModuleManager: Shutting down and abandoning module EditorStyle (134)
[2018.10.21-16.38.39:355][804]LogModuleManager: Shutting down and abandoning module Messaging (132)
[2018.10.21-16.38.39:355][804]LogModuleManager: Shutting down and abandoning module SourceCodeAccess (130)
[2018.10.21-16.38.39:355][804]LogModuleManager: Shutting down and abandoning module HeadMountedDisplay (128)
[2018.10.21-16.38.39:355][804]LogModuleManager: Shutting down and abandoning module XAudio2 (126)
[2018.10.21-16.38.39:355][804]LogModuleManager: Shutting down and abandoning module Networking (124)
[2018.10.21-16.38.39:355][804]LogModuleManager: Shutting down and abandoning module Core (120)
[2018.10.21-16.38.39:355][804]LogModuleManager: Shutting down and abandoning module KismetCompiler (118)
[2018.10.21-16.38.39:355][804]LogModuleManager: Shutting down and abandoning module LevelSequence (116)
[2018.10.21-16.38.39:355][804]LogModuleManager: Shutting down and abandoning module PhysXFormats (114)
[2018.10.21-16.38.39:355][804]LogModuleManager: Shutting down and abandoning module MeshUtilities (112)
[2018.10.21-16.38.39:357][804]LogModuleManager: Shutting down and abandoning module SimplygonSwarm (111)
[2018.10.21-16.38.39:358][804]LogModuleManager: Shutting down and abandoning module SimplygonMeshReduction (109)
[2018.10.21-16.38.39:358][804]LogModuleManager: Shutting down and abandoning module QuadricMeshReduction (107)
[2018.10.21-16.38.39:358][804]LogModuleManager: Shutting down and abandoning module AssetRegistry (104)
[2018.10.21-16.38.39:359][804]LogModuleManager: Shutting down and abandoning module DerivedDataCache (102)
[2018.10.21-16.38.39:436][804]LogDerivedDataCache: Shutdown
[2018.10.21-16.38.39:436][804]LogModuleManager: Shutting down and abandoning module TargetPlatform (100)
[2018.10.21-16.38.39:436][804]LogModuleManager: Shutting down and abandoning module VulkanShaderFormat (99)
[2018.10.21-16.38.39:438][804]LogModuleManager: Shutting down and abandoning module ShaderFormatVectorVM (97)
[2018.10.21-16.38.39:438][804]LogModuleManager: Shutting down and abandoning module ShaderFormatOpenGL (95)
[2018.10.21-16.38.39:439][804]LogModuleManager: Shutting down and abandoning module ShaderFormatD3D (93)
[2018.10.21-16.38.39:440][804]LogModuleManager: Shutting down and abandoning module MetalShaderFormat (91)
[2018.10.21-16.38.39:440][804]LogModuleManager: Shutting down and abandoning module TextureFormatUncompressed (89)
[2018.10.21-16.38.39:440][804]LogModuleManager: Shutting down and abandoning module TextureFormatPVR (87)
[2018.10.21-16.38.39:440][804]LogModuleManager: Shutting down and abandoning module TextureFormatDXT (85)
[2018.10.21-16.38.39:441][804]LogModuleManager: Shutting down and abandoning module TextureFormatIntelISPCTexComp (83)
[2018.10.21-16.38.39:441][804]LogModuleManager: Shutting down and abandoning module TextureFormatASTC (81)
[2018.10.21-16.38.39:441][804]LogModuleManager: Shutting down and abandoning module ImageWrapper (80)
[2018.10.21-16.38.39:441][804]LogModuleManager: Shutting down and abandoning module TextureFormatAndroid (77)
[2018.10.21-16.38.39:441][804]LogModuleManager: Shutting down and abandoning module AudioFormatOpus (75)
[2018.10.21-16.38.39:441][804]LogModuleManager: Shutting down and abandoning module AudioFormatOgg (73)
[2018.10.21-16.38.39:441][804]LogModuleManager: Shutting down and abandoning module AudioFormatADPCM (71)
[2018.10.21-16.38.39:441][804]LogModuleManager: Shutting down and abandoning module WindowsTargetPlatform (69)
[2018.10.21-16.38.39:441][804]LogModuleManager: Shutting down and abandoning module WindowsServerTargetPlatform (67)
[2018.10.21-16.38.39:441][804]LogModuleManager: Shutting down and abandoning module WindowsNoEditorTargetPlatform (65)
[2018.10.21-16.38.39:441][804]LogModuleManager: Shutting down and abandoning module WindowsClientTargetPlatform (63)
[2018.10.21-16.38.39:441][804]LogModuleManager: Shutting down and abandoning module InputCore (60)
[2018.10.21-16.38.39:441][804]LogModuleManager: Shutting down and abandoning module Settings (58)
[2018.10.21-16.38.39:441][804]LogModuleManager: Shutting down and abandoning module OculusRift (56)
[2018.10.21-16.38.39:442][804]LogModuleManager: Shutting down and abandoning module GearVRController (54)
[2018.10.21-16.38.39:442][804]LogModuleManager: Shutting down and abandoning module GearVR (52)
[2018.10.21-16.38.39:443][804]LogModuleManager: Shutting down and abandoning module ExampleDeviceProfileSelector (50)
[2018.10.21-16.38.39:443][804]LogModuleManager: Shutting down and abandoning module OnlineBlueprintSupport (48)
[2018.10.21-16.38.39:443][804]LogModuleManager: Shutting down and abandoning module OnlineSubsystem (44)
[2018.10.21-16.38.39:443][804]LogOnline:Display: Unloading online subsystem: NULL
[2018.10.21-16.38.39:444][804]LogModuleManager: Shutting down and abandoning module XMPP (43)
[2018.10.21-16.38.39:446][804]LogModuleManager: Shutting down and abandoning module HTTP (41)
[2018.10.21-16.38.39:459][804]LogModuleManager: Shutting down and abandoning module SSL (40)
[2018.10.21-16.38.39:462][804]LogModuleManager: Shutting down and abandoning module HTTPChunkInstaller (36)
[2018.10.21-16.38.39:464][804]LogModuleManager: Shutting down and abandoning module AnimationModifiers (34)
[2018.10.21-16.38.39:465][804]LogModuleManager: Shutting down and abandoning module PropertyEditor (33)
[2018.10.21-16.38.39:465][804]LogModuleManager: Shutting down and abandoning module AudioEditor (30)
[2018.10.21-16.38.39:467][804]LogModuleManager: Shutting down and abandoning module TextureCompressor (28)
[2018.10.21-16.38.39:467][804]LogModuleManager: Shutting down and abandoning module ShaderCore (26)
[2018.10.21-16.38.39:467][804]LogModuleManager: Shutting down and abandoning module Landscape (24)
[2018.10.21-16.38.39:467][804]LogModuleManager: Shutting down and abandoning module SlateRHIRenderer (22)
[2018.10.21-16.38.39:469][804]LogModuleManager: Shutting down and abandoning module OpenGLDrv (20)
[2018.10.21-16.38.39:470][804]LogModuleManager: Shutting down and abandoning module D3D11RHI (18)
[2018.10.21-16.38.39:470][804]LogModuleManager: Shutting down and abandoning module AnimGraphRuntime (16)
[2018.10.21-16.38.39:470][804]LogModuleManager: Shutting down and abandoning module Renderer (14)
[2018.10.21-16.38.39:470][804]LogModuleManager: Shutting down and abandoning module Engine (12)
[2018.10.21-16.38.39:470][804]LogModuleManager: Shutting down and abandoning module CoreUObject (10)
[2018.10.21-16.38.39:470][804]LogModuleManager: Shutting down and abandoning module NetworkFile (8)
[2018.10.21-16.38.39:471][804]LogModuleManager: Shutting down and abandoning module StreamingFile (6)
[2018.10.21-16.38.39:471][804]LogModuleManager: Shutting down and abandoning module SandboxFile (4)
[2018.10.21-16.38.39:471][804]LogModuleManager: Shutting down and abandoning module PakFile (2)
[2018.10.21-16.38.39:475][804]LogExit: Exiting.
[2018.10.21-16.38.39:477][804]Log file closed, 10/21/18 18:38:39
